<?xml version="1.0" encoding="UTF-8"?>
<!-- Generated by org.testng.reporters.JUnitXMLReporter -->
<testsuite ignored="0" hostname="ZIL1280" failures="0" tests="3" name="Guest User - Plans Availability" time="1.194" errors="0" timestamp="2023-12-17T22:57:33 IST">
  <testcase classname="com.perficient.util.TestCaseBase" name="@BeforeClass setUpBrowser" time="0.473">
    <failure type="org.openqa.selenium.SessionNotCreatedException" message="Could not start a new session. Possible causes are invalid address of the remote server or browser start-up failure. 
Host info: host: &amp;apos;ZIL1280&amp;apos;, ip: &amp;apos;192.168.29.236&amp;apos;
Build info: version: &amp;apos;4.16.1&amp;apos;, revision: &amp;apos;9b4c83354e&amp;apos;
System info: os.name: &amp;apos;Windows 10&amp;apos;, os.arch: &amp;apos;amd64&amp;apos;, os.version: &amp;apos;10.0&amp;apos;, java.version: &amp;apos;11.0.18&amp;apos;
Driver info: org.openqa.selenium.remote.RemoteWebDriver
Command: [null, newSession {capabilities=[Capabilities {browserName: Chrome, browserVersion: 118, location: US East, platformName: windows, platformVersion: 10, resolution: 1440x900, securityToken: eyJhbGciOiJIUzI1NiIsInR5cCI...}]}]
Capabilities {browserName: Chrome, browserVersion: 118, location: US East, platformName: windows, platformVersion: 10, resolution: 1440x900, securityToken: eyJhbGciOiJIUzI1NiIsInR5cCI...}">
      <![CDATA[org.openqa.selenium.SessionNotCreatedException: Could not start a new session. Possible causes are invalid address of the remote server or browser start-up failure. 
Host info: host: 'ZIL1280', ip: '192.168.29.236'
Build info: version: '4.16.1', revision: '9b4c83354e'
System info: os.name: 'Windows 10', os.arch: 'amd64', os.version: '10.0', java.version: '11.0.18'
Driver info: org.openqa.selenium.remote.RemoteWebDriver
Command: [null, newSession {capabilities=[Capabilities {browserName: Chrome, browserVersion: 118, location: US East, platformName: windows, platformVersion: 10, resolution: 1440x900, securityToken: eyJhbGciOiJIUzI1NiIsInR5cCI...}]}]
Capabilities {browserName: Chrome, browserVersion: 118, location: US East, platformName: windows, platformVersion: 10, resolution: 1440x900, securityToken: eyJhbGciOiJIUzI1NiIsInR5cCI...}
at org.openqa.selenium.remote.RemoteWebDriver.execute(RemoteWebDriver.java:620)
at org.openqa.selenium.remote.RemoteWebDriver.startSession(RemoteWebDriver.java:236)
at org.openqa.selenium.remote.RemoteWebDriver.<init>(RemoteWebDriver.java:163)
at org.openqa.selenium.remote.RemoteWebDriver.<init>(RemoteWebDriver.java:143)
at com.perficient.util.TestCaseBase.setUpChromeWin32Desktop(TestCaseBase.java:799)
at com.perficient.util.TestCaseBase.selectBrowser(TestCaseBase.java:246)
at com.perficient.util.TestCaseBase.setUpBrowser(TestCaseBase.java:166)
at java.base/java.util.ArrayList.forEach(ArrayList.java:1541)
Caused by: java.lang.IllegalArgumentException: Illegal key values seen in w3c capabilities: [location, platformVersion, resolution, securityToken]
at org.openqa.selenium.remote.NewSessionPayload.lambda$validate$4(NewSessionPayload.java:184)
at java.base/java.util.stream.ReferencePipeline$11$1.accept(ReferencePipeline.java:441)
at java.base/java.util.stream.ReferencePipeline$11$1.accept(ReferencePipeline.java:442)
at java.base/java.util.stream.ReferencePipeline$3$1.accept(ReferencePipeline.java:195)
at java.base/java.util.stream.ReferencePipeline$11$1.accept(ReferencePipeline.java:442)
at java.base/java.util.ArrayList$ArrayListSpliterator.forEachRemaining(ArrayList.java:1655)
at java.base/java.util.stream.AbstractPipeline.copyInto(AbstractPipeline.java:484)
at java.base/java.util.stream.AbstractPipeline.wrapAndCopyInto(AbstractPipeline.java:474)
at java.base/java.util.stream.ForEachOps$ForEachOp.evaluateSequential(ForEachOps.java:150)
at java.base/java.util.stream.ForEachOps$ForEachOp$OfRef.evaluateSequential(ForEachOps.java:173)
at java.base/java.util.stream.AbstractPipeline.evaluate(AbstractPipeline.java:234)
at java.base/java.util.stream.ReferencePipeline.forEach(ReferencePipeline.java:497)
at org.openqa.selenium.remote.NewSessionPayload.validate(NewSessionPayload.java:188)
at org.openqa.selenium.remote.NewSessionPayload.<init>(NewSessionPayload.java:91)
at org.openqa.selenium.remote.NewSessionPayload.create(NewSessionPayload.java:127)
at org.openqa.selenium.remote.NewSessionPayload.create(NewSessionPayload.java:111)
at org.openqa.selenium.remote.ProtocolHandshake.createSession(ProtocolHandshake.java:67)
at org.openqa.selenium.remote.HttpCommandExecutor.execute(HttpCommandExecutor.java:163)
at org.openqa.selenium.remote.TracedCommandExecutor.execute(TracedCommandExecutor.java:51)
at org.openqa.selenium.remote.RemoteWebDriver.execute(RemoteWebDriver.java:602)
... 32 more
... Removed 25 stack frames]]>
    </failure>
  </testcase> <!-- @BeforeClass setUpBrowser -->
  <testcase classname="com.perficient.testCases.Desktop.purdy.Verify_Login_Page_with_valid_credentials" name="customerLogin" time="0.0">
    <skipped/>
  </testcase> <!-- customerLogin -->
  <testcase classname="com.perficient.testCases.Desktop.purdy.Verify_Login_Page_with_valid_credentials" name="redirectToLoginPage" time="0.0">
    <skipped/>
  </testcase> <!-- redirectToLoginPage -->
  <testcase classname="com.perficient.testCases.Desktop.purdy.Verify_Login_Page_with_valid_credentials" name="homePageValidationAfterLogin" time="0.0">
    <skipped/>
  </testcase> <!-- homePageValidationAfterLogin -->
</testsuite> <!-- Guest User - Plans Availability -->
