<?xml version="1.0" encoding="UTF-8"?>
<!-- Generated by org.testng.reporters.JUnitXMLReporter -->
<testsuite ignored="0" hostname="ZIL1280" failures="0" tests="3" name="Guest User - Plans Availability-2" time="270.868" errors="0" timestamp="2023-12-18T18:19:31 IST">
  <testcase classname="com.perficient.util.TestCaseBase" name="@BeforeClass setUpBrowser" time="264.896">
    <failure type="org.openqa.selenium.UnsupportedCommandException" message="{&amp;quot;value&amp;quot;:{&amp;quot;error&amp;quot;:&amp;quot;unknown method&amp;quot;,&amp;quot;message&amp;quot;:&amp;quot;Not implemented yet for pageLoad.&amp;quot;,&amp;quot;stacktrace&amp;quot;:&amp;quot;NotImplementedError: Not implemented yet for pageLoad.\n    at AndroidUiautomator2Driver.pageLoadTimeoutW3C (/nix/store/a4f03fnyb1njsg95d11hrirds8hfjsc1-appium-1.17.0/node_modules/appium-uiautomator2-driver/node_modules/appium-base-driver/lib/basedriver/commands/timeout.js:83:9)\n    at AndroidUiautomator2Driver.timeouts (/nix/store/a4f03fnyb1njsg95d11hrirds8hfjsc1-appium-1.17.0/node_modules/appium-uiautomator2-driver/node_modules/appium-base-driver/lib/basedriver/commands/timeout.js:40:16)\n    at commandExecutor (/nix/store/a4f03fnyb1njsg95d11hrirds8hfjsc1-appium-1.17.0/node_modules/appium-uiautomator2-driver/node_modules/appium-base-driver/lib/basedriver/driver.js:330:9)\n    at /nix/store/a4f03fnyb1njsg95d11hrirds8hfjsc1-appium-1.17.0/node_modules/appium-uiautomator2-driver/node_modules/async-lock/lib/index.js:125:12\n    at AsyncLock._promiseTry (/nix/store/a4f03fnyb1njsg95d11hrirds8hfjsc1-appium-1.17.0/node_modules/appium-uiautomator2-driver/node_modules/async-lock/lib/index.js:249:31)\n    at exec (/nix/store/a4f03fnyb1njsg95d11hrirds8hfjsc1-appium-1.17.0/node_modules/appium-uiautomator2-driver/node_modules/async-lock/lib/index.js:124:9)\n    at AsyncLock.acquire (/nix/store/a4f03fnyb1njsg95d11hrirds8hfjsc1-appium-1.17.0/node_modules/appium-uiautomator2-driver/node_modules/async-lock/lib/index.js:140:3)\n    at AndroidUiautomator2Driver.executeCommand (/nix/store/a4f03fnyb1njsg95d11hrirds8hfjsc1-appium-1.17.0/node_modules/appium-uiautomator2-driver/node_modules/appium-base-driver/lib/basedriver/driver.js:343:39)\n    at AppiumDriver.executeCommand (/nix/store/a4f03fnyb1njsg95d11hrirds8hfjsc1-appium-1.17.0/lib/appium.js:534:36)\n    at processTicksAndRejections (internal/process/task_queues.js:97:5)\n    at asyncHandler (/nix/store/a4f03fnyb1njsg95d11hrirds8hfjsc1-appium-1.17.0/node_modules/appium-base-driver/lib/protocol/protocol.js:309:21)&amp;quot;}}
Command duration or timeout: 204 milliseconds
Build info: version: &amp;apos;4.6.0&amp;apos;, revision: &amp;apos;79f1c02ae20&amp;apos;
System info: os.name: &amp;apos;Windows 10&amp;apos;, os.arch: &amp;apos;amd64&amp;apos;, os.version: &amp;apos;10.0&amp;apos;, java.version: &amp;apos;17.0.6&amp;apos;
Driver info: org.openqa.selenium.chrome.ChromeDriver
Command: [a29dd1f03c8c751d9fa76878e8616b899b1a6045, setTimeout {pageLoad=50000}]
Capabilities {acceptInsecureCerts: true, appActivity: org.wikipedia.main.MainActi..., appPackage: org.wikipedia.alpha, automationName: uiautomator2, bstack:options: {appiumVersion: 1.17.0, buildIdentifier: #38, hostName: ZIL1280, localIdentifier: 18_Dec_1814_ZIL1280_HpYf}, chromeOptions: {args: [--no-sandbox, --window-size=1920x1080, --start-maximized, --disable-dev-shm-usage, --disable-popup-blocking, --remote-allow-origins=*, user-agent=test-automation-..., --ignore-certificate-errors]}, chromedriverPort: 8085, chromedriverPorts: [[18155, 18165]], databaseEnabled: false, desired: {acceptInsecureCerts: true, appActivity: org.wikipedia.main.MainActi..., appPackage: org.wikipedia.alpha, automationName: uiautomator2, bstack:options: {appiumVersion: 1.17.0, buildIdentifier: #38, hostName: ZIL1280, localIdentifier: 18_Dec_1814_ZIL1280_HpYf}, chromeOptions: {args: [--no-sandbox, --window-size=1920x1080, --start-maximized, --disable-dev-shm-usage, --disable-popup-blocking, --remote-allow-origins=*, user-agent=test-automation-..., --ignore-certificate-errors]}, chromedriverPort: 8085, chromedriverPorts: [[18155, 18165]], deviceName: Android, disableSuppressAccessibilityService: true, goog:chromeOptions: {args: [--no-sandbox, --window-size=1920x1080, --start-maximized, --disable-dev-shm-usage, --disable-popup-blocking, --remote-allow-origins=*, user-agent=test-automation-..., --ignore-certificate-errors]}, nativeWebScreenshot: true, newCommandTimeout: 0, platformName: Android, skipServerInstallation: true, systemPort: 8205, udid: a68008dd}, deviceApiLevel: 30, deviceManufacturer: OnePlus, deviceModel: LE2113, deviceName: a68008dd, deviceScreenDensity: 450, deviceScreenSize: 1080x2400, deviceUDID: a68008dd, disableSuppressAccessibilityService: true, goog:chromeOptions: {args: [--no-sandbox, --window-size=1920x1080, --start-maximized, --disable-dev-shm-usage, --disable-popup-blocking, --remote-allow-origins=*, user-agent=test-automation-..., --ignore-certificate-errors]}, javascriptEnabled: true, locationContextEnabled: false, nativeWebScreenshot: true, networkConnectionEnabled: true, newCommandTimeout: 0, optimalHubUrl: hub-euw.browserstack.com, pixelRatio: 2.8125, platform: LINUX, platformName: ANDROID, platformVersion: 11, skipServerInstallation: true, statBarHeight: 104, systemPort: 8205, takesScreenshot: true, udid: a68008dd, viewportRect: {height: 2058, left: 0, top: 104, width: 1080}, warnings: {}, webStorageEnabled: false}
Session ID: a29dd1f03c8c751d9fa76878e8616b899b1a6045">
      <![CDATA[org.openqa.selenium.UnsupportedCommandException: {"value":{"error":"unknown method","message":"Not implemented yet for pageLoad.","stacktrace":"NotImplementedError: Not implemented yet for pageLoad.\n    at AndroidUiautomator2Driver.pageLoadTimeoutW3C (/nix/store/a4f03fnyb1njsg95d11hrirds8hfjsc1-appium-1.17.0/node_modules/appium-uiautomator2-driver/node_modules/appium-base-driver/lib/basedriver/commands/timeout.js:83:9)\n    at AndroidUiautomator2Driver.timeouts (/nix/store/a4f03fnyb1njsg95d11hrirds8hfjsc1-appium-1.17.0/node_modules/appium-uiautomator2-driver/node_modules/appium-base-driver/lib/basedriver/commands/timeout.js:40:16)\n    at commandExecutor (/nix/store/a4f03fnyb1njsg95d11hrirds8hfjsc1-appium-1.17.0/node_modules/appium-uiautomator2-driver/node_modules/appium-base-driver/lib/basedriver/driver.js:330:9)\n    at /nix/store/a4f03fnyb1njsg95d11hrirds8hfjsc1-appium-1.17.0/node_modules/appium-uiautomator2-driver/node_modules/async-lock/lib/index.js:125:12\n    at AsyncLock._promiseTry (/nix/store/a4f03fnyb1njsg95d11hrirds8hfjsc1-appium-1.17.0/node_modules/appium-uiautomator2-driver/node_modules/async-lock/lib/index.js:249:31)\n    at exec (/nix/store/a4f03fnyb1njsg95d11hrirds8hfjsc1-appium-1.17.0/node_modules/appium-uiautomator2-driver/node_modules/async-lock/lib/index.js:124:9)\n    at AsyncLock.acquire (/nix/store/a4f03fnyb1njsg95d11hrirds8hfjsc1-appium-1.17.0/node_modules/appium-uiautomator2-driver/node_modules/async-lock/lib/index.js:140:3)\n    at AndroidUiautomator2Driver.executeCommand (/nix/store/a4f03fnyb1njsg95d11hrirds8hfjsc1-appium-1.17.0/node_modules/appium-uiautomator2-driver/node_modules/appium-base-driver/lib/basedriver/driver.js:343:39)\n    at AppiumDriver.executeCommand (/nix/store/a4f03fnyb1njsg95d11hrirds8hfjsc1-appium-1.17.0/lib/appium.js:534:36)\n    at processTicksAndRejections (internal/process/task_queues.js:97:5)\n    at asyncHandler (/nix/store/a4f03fnyb1njsg95d11hrirds8hfjsc1-appium-1.17.0/node_modules/appium-base-driver/lib/protocol/protocol.js:309:21)"}}
Command duration or timeout: 204 milliseconds
Build info: version: '4.6.0', revision: '79f1c02ae20'
System info: os.name: 'Windows 10', os.arch: 'amd64', os.version: '10.0', java.version: '17.0.6'
Driver info: org.openqa.selenium.chrome.ChromeDriver
Command: [a29dd1f03c8c751d9fa76878e8616b899b1a6045, setTimeout {pageLoad=50000}]
Capabilities {acceptInsecureCerts: true, appActivity: org.wikipedia.main.MainActi..., appPackage: org.wikipedia.alpha, automationName: uiautomator2, bstack:options: {appiumVersion: 1.17.0, buildIdentifier: #38, hostName: ZIL1280, localIdentifier: 18_Dec_1814_ZIL1280_HpYf}, chromeOptions: {args: [--no-sandbox, --window-size=1920x1080, --start-maximized, --disable-dev-shm-usage, --disable-popup-blocking, --remote-allow-origins=*, user-agent=test-automation-..., --ignore-certificate-errors]}, chromedriverPort: 8085, chromedriverPorts: [[18155, 18165]], databaseEnabled: false, desired: {acceptInsecureCerts: true, appActivity: org.wikipedia.main.MainActi..., appPackage: org.wikipedia.alpha, automationName: uiautomator2, bstack:options: {appiumVersion: 1.17.0, buildIdentifier: #38, hostName: ZIL1280, localIdentifier: 18_Dec_1814_ZIL1280_HpYf}, chromeOptions: {args: [--no-sandbox, --window-size=1920x1080, --start-maximized, --disable-dev-shm-usage, --disable-popup-blocking, --remote-allow-origins=*, user-agent=test-automation-..., --ignore-certificate-errors]}, chromedriverPort: 8085, chromedriverPorts: [[18155, 18165]], deviceName: Android, disableSuppressAccessibilityService: true, goog:chromeOptions: {args: [--no-sandbox, --window-size=1920x1080, --start-maximized, --disable-dev-shm-usage, --disable-popup-blocking, --remote-allow-origins=*, user-agent=test-automation-..., --ignore-certificate-errors]}, nativeWebScreenshot: true, newCommandTimeout: 0, platformName: Android, skipServerInstallation: true, systemPort: 8205, udid: a68008dd}, deviceApiLevel: 30, deviceManufacturer: OnePlus, deviceModel: LE2113, deviceName: a68008dd, deviceScreenDensity: 450, deviceScreenSize: 1080x2400, deviceUDID: a68008dd, disableSuppressAccessibilityService: true, goog:chromeOptions: {args: [--no-sandbox, --window-size=1920x1080, --start-maximized, --disable-dev-shm-usage, --disable-popup-blocking, --remote-allow-origins=*, user-agent=test-automation-..., --ignore-certificate-errors]}, javascriptEnabled: true, locationContextEnabled: false, nativeWebScreenshot: true, networkConnectionEnabled: true, newCommandTimeout: 0, optimalHubUrl: hub-euw.browserstack.com, pixelRatio: 2.8125, platform: LINUX, platformName: ANDROID, platformVersion: 11, skipServerInstallation: true, statBarHeight: 104, systemPort: 8205, takesScreenshot: true, udid: a68008dd, viewportRect: {height: 2058, left: 0, top: 104, width: 1080}, warnings: {}, webStorageEnabled: false}
Session ID: a29dd1f03c8c751d9fa76878e8616b899b1a6045
at org.openqa.selenium.remote.ErrorHandler.createThrowable(ErrorHandler.java:217)
at org.openqa.selenium.remote.ErrorHandler.throwIfResponseFailed(ErrorHandler.java:169)
at org.openqa.selenium.remote.RemoteWebDriver.execute(RemoteWebDriver.java:576)
at org.openqa.selenium.remote.RemoteWebDriver$RemoteWebDriverOptions$RemoteTimeouts.pageLoadTimeout(RemoteWebDriver.java:897)
at org.openqa.selenium.support.events.EventFiringWebDriver$EventFiringTimeouts.pageLoadTimeout(EventFiringWebDriver.java:704)
at org.openqa.selenium.support.events.EventFiringWebDriver$EventFiringTimeouts.pageLoadTimeout(EventFiringWebDriver.java:699)
at com.perficient.util.TestCaseBase.setUpBrowser(TestCaseBase.java:173)
at java.base/java.util.ArrayList.forEach(ArrayList.java:1511)
at java.base/java.util.concurrent.FutureTask.run(FutureTask.java:264)
at java.base/java.util.concurrent.ThreadPoolExecutor.runWorker(ThreadPoolExecutor.java:1136)
at java.base/java.util.concurrent.ThreadPoolExecutor$Worker.run(ThreadPoolExecutor.java:635)
at java.base/java.lang.Thread.run(Thread.java:833)
... Removed 21 stack frames]]>
    </failure>
  </testcase> <!-- @BeforeClass setUpBrowser -->
  <testcase classname="com.perficient.testCases.Desktop.purdy.Verify_Login_Page_with_valid_credentials" name="customerLogin" time="0.0">
    <skipped/>
  </testcase> <!-- customerLogin -->
  <testcase classname="com.perficient.testCases.Desktop.purdy.Verify_Login_Page_with_valid_credentials" name="redirectToLoginPage" time="0.0">
    <skipped/>
  </testcase> <!-- redirectToLoginPage -->
  <testcase classname="com.perficient.testCases.Desktop.purdy.Verify_Login_Page_with_valid_credentials" name="homePageValidationAfterLogin" time="0.0">
    <skipped/>
  </testcase> <!-- homePageValidationAfterLogin -->
</testsuite> <!-- Guest User - Plans Availability-2 -->
