<!DOCTYPE html>

<html>
  <head>
  <meta charset='utf-8'>
  <title>TestNG reports</title>

    <link type="text/css" href="testng-reports1.css" rel="stylesheet" id="ultra" />
    <link type="text/css" href="testng-reports.css" rel="stylesheet" id="retro" disabled="false"/>
    <script type="text/javascript" src="jquery.min.js"></script>
    <script type="text/javascript" src="testng-reports.js"></script>
    <script type="text/javascript" src="https://www.google.com/jsapi"></script>
    <script type='text/javascript'>
      google.load('visualization', '1', {packages:['table']});
      google.setOnLoadCallback(drawTable);
      var suiteTableInitFunctions = new Array();
      var suiteTableData = new Array();
    </script>
    <!--
      <script type="text/javascript" src="jquery-ui/js/jquery-ui-1.8.16.custom.min.js"></script>
     -->
  </head>

  <body>
    <div class="top-banner-root">
      <span class="top-banner-title-font">Test results</span>
      <button id="button" class="button">Switch Retro Theme</button> <!-- button -->
      <br/>
      <span class="top-banner-font-1">1 suite</span>
    </div> <!-- top-banner-root -->
    <div class="navigator-root">
      <div class="navigator-suite-header">
        <span>All suites</span>
        <a href="#" title="Collapse/expand all the suites" class="collapse-all-link">
          <img src="collapseall.gif" class="collapse-all-icon">
          </img> <!-- collapse-all-icon -->
        </a> <!-- collapse-all-link -->
      </div> <!-- navigator-suite-header -->
      <div class="suite">
        <div class="rounded-window">
          <div class="suite-header light-rounded-window-top">
            <a href="#" panel-name="suite-Suite" class="navigator-link">
              <span class="suite-name border-skipped">Suite</span>
            </a> <!-- navigator-link -->
          </div> <!-- suite-header light-rounded-window-top -->
          <div class="navigator-suite-content">
            <div class="suite-section-title">
              <span>Info</span>
            </div> <!-- suite-section-title -->
            <div class="suite-section-content">
              <ul>
                <li>
                  <a href="#" panel-name="test-xml-Suite" class="navigator-link ">
                    <span>C:\Users\pratik.hood\eclipse-workspace\PurdyTestAutomation\config\Desktop_testngBoost_Functional.xml</span>
                  </a> <!-- navigator-link  -->
                </li>
                <li>
                  <a href="#" panel-name="testlist-Suite" class="navigator-link ">
                    <span class="test-stats">3 tests</span>
                  </a> <!-- navigator-link  -->
                </li>
                <li>
                  <a href="#" panel-name="group-Suite" class="navigator-link ">
                    <span>3 groups</span>
                  </a> <!-- navigator-link  -->
                </li>
                <li>
                  <a href="#" panel-name="times-Suite" class="navigator-link ">
                    <span>Times</span>
                  </a> <!-- navigator-link  -->
                </li>
                <li>
                  <a href="#" panel-name="reporter-Suite" class="navigator-link ">
                    <span>Reporter output</span>
                  </a> <!-- navigator-link  -->
                </li>
                <li>
                  <a href="#" panel-name="ignored-methods-Suite" class="navigator-link ">
                    <span>Ignored methods</span>
                  </a> <!-- navigator-link  -->
                </li>
                <li>
                  <a href="#" panel-name="chronological-Suite" class="navigator-link ">
                    <span>Chronological view</span>
                  </a> <!-- navigator-link  -->
                </li>
              </ul>
            </div> <!-- suite-section-content -->
            <div class="result-section">
              <div class="suite-section-title">
                <span>Results</span>
              </div> <!-- suite-section-title -->
              <div class="suite-section-content">
                <ul>
                  <li>
                    <span class="method-stats">9 methods,  9 skipped,  </span>
                  </li>
                  <li>
                    <span class="method-list-title skipped">Skipped methods</span>
                    <span class="show-or-hide-methods skipped">
                      <a href="#" panel-name="suite-Suite" class="hide-methods skipped suite-Suite"> (hide)</a> <!-- hide-methods skipped suite-Suite -->
                      <a href="#" panel-name="suite-Suite" class="show-methods skipped suite-Suite"> (show)</a> <!-- show-methods skipped suite-Suite -->
                    </span>
                    <div class="method-list-content skipped suite-Suite">
                      <span>
                        <img src="skipped.png" width="3%"/>
                        <a href="#" panel-name="suite-Suite" title="com.perficient.testCases.Desktop.purdy.Verify_Login_Page_with_valid_credentials" class="method navigator-link" hash-for-method="customerLogin({EmailID=pratikhood001@gmail.com, Password=Aali@123, HomePageTitle=Chocolate Shop | Chocolate | Purd...)">customerLogin({EmailID=pratikhood001@gmail.com, Password=Aali@123, HomePageTitle=Chocolate Shop | Chocolate | Purd...)</a> <!-- method navigator-link -->
                      </span>
                      <br/>
                      <span>
                        <img src="skipped.png" width="3%"/>
                        <a href="#" panel-name="suite-Suite" title="com.perficient.testCases.Desktop.purdy.Verify_Login_Page_with_valid_credentials" class="method navigator-link" hash-for-method="customerLogin({EmailID=pratikhood001@gmail.com, Password=Aali@123, HomePageTitle=Chocolate Shop | Chocolate | Purd...)">customerLogin({EmailID=pratikhood001@gmail.com, Password=Aali@123, HomePageTitle=Chocolate Shop | Chocolate | Purd...)</a> <!-- method navigator-link -->
                      </span>
                      <br/>
                      <span>
                        <img src="skipped.png" width="3%"/>
                        <a href="#" panel-name="suite-Suite" title="com.perficient.testCases.Desktop.purdy.Verify_Login_Page_with_valid_credentials" class="method navigator-link" hash-for-method="customerLogin({EmailID=pratikhood001@gmail.com, Password=Aali@123, HomePageTitle=Chocolate Shop | Chocolate | Purd...)">customerLogin({EmailID=pratikhood001@gmail.com, Password=Aali@123, HomePageTitle=Chocolate Shop | Chocolate | Purd...)</a> <!-- method navigator-link -->
                      </span>
                      <br/>
                      <span>
                        <img src="skipped.png" width="3%"/>
                        <a href="#" panel-name="suite-Suite" title="com.perficient.testCases.Desktop.purdy.Verify_Login_Page_with_valid_credentials" class="method navigator-link" hash-for-method="homePageValidationAfterLogin({EmailID=pratikhood001@gmail.com, Password=Aali@123, HomePageTitle=Chocolate Shop | Chocolate | Purd...)">homePageValidationAfterLogin({EmailID=pratikhood001@gmail.com, Password=Aali@123, HomePageTitle=Chocolate Shop | Chocolate | Purd...)</a> <!-- method navigator-link -->
                      </span>
                      <br/>
                      <span>
                        <img src="skipped.png" width="3%"/>
                        <a href="#" panel-name="suite-Suite" title="com.perficient.testCases.Desktop.purdy.Verify_Login_Page_with_valid_credentials" class="method navigator-link" hash-for-method="homePageValidationAfterLogin({EmailID=pratikhood001@gmail.com, Password=Aali@123, HomePageTitle=Chocolate Shop | Chocolate | Purd...)">homePageValidationAfterLogin({EmailID=pratikhood001@gmail.com, Password=Aali@123, HomePageTitle=Chocolate Shop | Chocolate | Purd...)</a> <!-- method navigator-link -->
                      </span>
                      <br/>
                      <span>
                        <img src="skipped.png" width="3%"/>
                        <a href="#" panel-name="suite-Suite" title="com.perficient.testCases.Desktop.purdy.Verify_Login_Page_with_valid_credentials" class="method navigator-link" hash-for-method="homePageValidationAfterLogin({EmailID=pratikhood001@gmail.com, Password=Aali@123, HomePageTitle=Chocolate Shop | Chocolate | Purd...)">homePageValidationAfterLogin({EmailID=pratikhood001@gmail.com, Password=Aali@123, HomePageTitle=Chocolate Shop | Chocolate | Purd...)</a> <!-- method navigator-link -->
                      </span>
                      <br/>
                      <span>
                        <img src="skipped.png" width="3%"/>
                        <a href="#" panel-name="suite-Suite" title="com.perficient.testCases.Desktop.purdy.Verify_Login_Page_with_valid_credentials" class="method navigator-link" hash-for-method="redirectToLoginPage({EmailID=pratikhood001@gmail.com, Password=Aali@123, HomePageTitle=Chocolate Shop | Chocolate | Purd...)">redirectToLoginPage({EmailID=pratikhood001@gmail.com, Password=Aali@123, HomePageTitle=Chocolate Shop | Chocolate | Purd...)</a> <!-- method navigator-link -->
                      </span>
                      <br/>
                      <span>
                        <img src="skipped.png" width="3%"/>
                        <a href="#" panel-name="suite-Suite" title="com.perficient.testCases.Desktop.purdy.Verify_Login_Page_with_valid_credentials" class="method navigator-link" hash-for-method="redirectToLoginPage({EmailID=pratikhood001@gmail.com, Password=Aali@123, HomePageTitle=Chocolate Shop | Chocolate | Purd...)">redirectToLoginPage({EmailID=pratikhood001@gmail.com, Password=Aali@123, HomePageTitle=Chocolate Shop | Chocolate | Purd...)</a> <!-- method navigator-link -->
                      </span>
                      <br/>
                      <span>
                        <img src="skipped.png" width="3%"/>
                        <a href="#" panel-name="suite-Suite" title="com.perficient.testCases.Desktop.purdy.Verify_Login_Page_with_valid_credentials" class="method navigator-link" hash-for-method="redirectToLoginPage({EmailID=pratikhood001@gmail.com, Password=Aali@123, HomePageTitle=Chocolate Shop | Chocolate | Purd...)">redirectToLoginPage({EmailID=pratikhood001@gmail.com, Password=Aali@123, HomePageTitle=Chocolate Shop | Chocolate | Purd...)</a> <!-- method navigator-link -->
                      </span>
                      <br/>
                    </div> <!-- method-list-content skipped suite-Suite -->
                  </li>
                </ul>
              </div> <!-- suite-section-content -->
            </div> <!-- result-section -->
          </div> <!-- navigator-suite-content -->
        </div> <!-- rounded-window -->
      </div> <!-- suite -->
    </div> <!-- navigator-root -->
    <div class="wrapper">
      <div class="main-panel-root">
        <div panel-name="suite-Suite" class="panel Suite">
          <div class="suite-Suite-class-skipped">
            <div class="main-panel-header rounded-window-top">
              <img src="skipped.png"/>
              <span class="class-name">com.perficient.testCases.Desktop.purdy.Verify_Login_Page_with_valid_credentials</span>
            </div> <!-- main-panel-header rounded-window-top -->
            <div class="main-panel-content rounded-window-bottom">
              <div class="method">
                <div class="method-content">
                  <a name="customerLogin({EmailID=pratikhood001@gmail.com, Password=Aali@123, HomePageTitle=Chocolate Shop | Chocolate | Purd...)">
                  </a> <!-- customerLogin({EmailID=pratikhood001@gmail.com, Password=Aali@123, HomePageTitle=Chocolate Shop | Chocolate | Purd...) -->
                  <span class="method-name">customerLogin</span>
                  <span class="parameters">({EmailID=pratikhood001@gmail.com, Password=Aali@123, HomePageTitle=Chocolate Shop | Chocolate | Purdys Chocolatier, LoginPageTitle=Customer Login})</span>
                  <div class="stack-trace">org.openqa.selenium.UnsupportedCommandException: {&quot;value&quot;:{&quot;error&quot;:&quot;unknown method&quot;,&quot;message&quot;:&quot;Not implemented yet for pageLoad.&quot;,&quot;stacktrace&quot;:&quot;NotImplementedError: Not implemented yet for pageLoad.\n    at AndroidUiautomator2Driver.pageLoadTimeoutW3C (/nix/store/a4f03fnyb1njsg95d11hrirds8hfjsc1-appium-1.17.0/node_modules/appium-uiautomator2-driver/node_modules/appium-base-driver/lib/basedriver/commands/timeout.js:83:9)\n    at AndroidUiautomator2Driver.timeouts (/nix/store/a4f03fnyb1njsg95d11hrirds8hfjsc1-appium-1.17.0/node_modules/appium-uiautomator2-driver/node_modules/appium-base-driver/lib/basedriver/commands/timeout.js:40:16)\n    at commandExecutor (/nix/store/a4f03fnyb1njsg95d11hrirds8hfjsc1-appium-1.17.0/node_modules/appium-uiautomator2-driver/node_modules/appium-base-driver/lib/basedriver/driver.js:330:9)\n    at /nix/store/a4f03fnyb1njsg95d11hrirds8hfjsc1-appium-1.17.0/node_modules/appium-uiautomator2-driver/node_modules/async-lock/lib/index.js:125:12\n    at AsyncLock._promiseTry (/nix/store/a4f03fnyb1njsg95d11hrirds8hfjsc1-appium-1.17.0/node_modules/appium-uiautomator2-driver/node_modules/async-lock/lib/index.js:249:31)\n    at exec (/nix/store/a4f03fnyb1njsg95d11hrirds8hfjsc1-appium-1.17.0/node_modules/appium-uiautomator2-driver/node_modules/async-lock/lib/index.js:124:9)\n    at AsyncLock.acquire (/nix/store/a4f03fnyb1njsg95d11hrirds8hfjsc1-appium-1.17.0/node_modules/appium-uiautomator2-driver/node_modules/async-lock/lib/index.js:140:3)\n    at AndroidUiautomator2Driver.executeCommand (/nix/store/a4f03fnyb1njsg95d11hrirds8hfjsc1-appium-1.17.0/node_modules/appium-uiautomator2-driver/node_modules/appium-base-driver/lib/basedriver/driver.js:343:39)\n    at AppiumDriver.executeCommand (/nix/store/a4f03fnyb1njsg95d11hrirds8hfjsc1-appium-1.17.0/lib/appium.js:534:36)\n    at runMicrotasks (&lt;anonymous&gt;)\n    at processTicksAndRejections (internal/process/task_queues.js:97:5)\n    at asyncHandler (/nix/store/a4f03fnyb1njsg95d11hrirds8hfjsc1-appium-1.17.0/node_modules/appium-base-driver/lib/protocol/protocol.js:309:21)&quot;}}
Command duration or timeout: 53 milliseconds
Build info: version: &apos;4.6.0&apos;, revision: &apos;79f1c02ae20&apos;
System info: os.name: &apos;Windows 10&apos;, os.arch: &apos;amd64&apos;, os.version: &apos;10.0&apos;, java.version: &apos;17.0.6&apos;
Driver info: org.openqa.selenium.chrome.ChromeDriver
Command: [307b2860512b0e8748c6346fcecc0cc57a861024, setTimeout {pageLoad=50000}]
Capabilities {acceptInsecureCerts: true, appActivity: org.wikipedia.main.MainActi..., appPackage: org.wikipedia.alpha, automationName: uiautomator2, bstack:options: {appiumVersion: 1.17.0, buildIdentifier: #38, hostName: ZIL1280, localIdentifier: 18_Dec_1814_ZIL1280_HpYf}, chromeOptions: {args: [--no-sandbox, --window-size=1920x1080, --start-maximized, --disable-dev-shm-usage, --disable-popup-blocking, --remote-allow-origins=*, user-agent=test-automation-..., --ignore-certificate-errors]}, chromedriverArgs: [--adb-port=5038], chromedriverPort: 18080, chromedriverPorts: [[18100, 18110]], databaseEnabled: false, desired: {acceptInsecureCerts: true, appActivity: org.wikipedia.main.MainActi..., appPackage: org.wikipedia.alpha, automationName: uiautomator2, bstack:options: {appiumVersion: 1.17.0, buildIdentifier: #38, hostName: ZIL1280, localIdentifier: 18_Dec_1814_ZIL1280_HpYf}, chromeOptions: {args: [--no-sandbox, --window-size=1920x1080, --start-maximized, --disable-dev-shm-usage, --disable-popup-blocking, --remote-allow-origins=*, user-agent=test-automation-..., --ignore-certificate-errors]}, chromedriverArgs: [--adb-port=5038], chromedriverPort: 18080, chromedriverPorts: [[18100, 18110]], deviceName: Android, disableSuppressAccessibilityService: true, goog:chromeOptions: {args: [--no-sandbox, --window-size=1920x1080, --start-maximized, --disable-dev-shm-usage, --disable-popup-blocking, --remote-allow-origins=*, user-agent=test-automation-..., --ignore-certificate-errors]}, nativeWebScreenshot: true, newCommandTimeout: 0, platformName: Android, skipServerInstallation: true, systemPort: 8200, udid: 28201FDH300JRK}, deviceApiLevel: 33, deviceManufacturer: Google, deviceModel: Pixel 7 Pro, deviceName: 28201FDH300JRK, deviceScreenDensity: 420, deviceScreenSize: 1080x2340, deviceUDID: 28201FDH300JRK, disableSuppressAccessibilityService: true, goog:chromeOptions: {args: [--no-sandbox, --window-size=1920x1080, --start-maximized, --disable-dev-shm-usage, --disable-popup-blocking, --remote-allow-origins=*, user-agent=test-automation-..., --ignore-certificate-errors]}, javascriptEnabled: true, locationContextEnabled: false, nativeWebScreenshot: true, networkConnectionEnabled: true, newCommandTimeout: 0, optimalHubUrl: hub-aps.browserstack.com, pixelRatio: 2.625, platform: LINUX, platformName: ANDROID, platformVersion: 13, skipServerInstallation: true, statBarHeight: 130, systemPort: 8200, takesScreenshot: true, udid: 28201FDH300JRK, viewportRect: {height: 2049, left: 0, top: 130, width: 1080}, warnings: {}, webStorageEnabled: false}
Session ID: 307b2860512b0e8748c6346fcecc0cc57a861024
	at org.openqa.selenium.remote.ErrorHandler.createThrowable(ErrorHandler.java:217)
	at org.openqa.selenium.remote.ErrorHandler.throwIfResponseFailed(ErrorHandler.java:169)
	at org.openqa.selenium.remote.RemoteWebDriver.execute(RemoteWebDriver.java:576)
	at org.openqa.selenium.remote.RemoteWebDriver$RemoteWebDriverOptions$RemoteTimeouts.pageLoadTimeout(RemoteWebDriver.java:897)
	at org.openqa.selenium.support.events.EventFiringWebDriver$EventFiringTimeouts.pageLoadTimeout(EventFiringWebDriver.java:704)
	at org.openqa.selenium.support.events.EventFiringWebDriver$EventFiringTimeouts.pageLoadTimeout(EventFiringWebDriver.java:699)
	at com.perficient.util.TestCaseBase.setUpBrowser(TestCaseBase.java:173)
	at java.base/java.util.ArrayList.forEach(ArrayList.java:1511)
	at java.base/java.util.concurrent.FutureTask.run(FutureTask.java:264)
	at java.base/java.util.concurrent.ThreadPoolExecutor.runWorker(ThreadPoolExecutor.java:1136)
	at java.base/java.util.concurrent.ThreadPoolExecutor$Worker.run(ThreadPoolExecutor.java:635)
	at java.base/java.lang.Thread.run(Thread.java:833)
... Removed 21 stack frames
</div> <!-- stack-trace -->
                </div> <!-- method-content -->
              </div> <!-- method -->
              <div class="method">
                <div class="method-content">
                  <a name="customerLogin({EmailID=pratikhood001@gmail.com, Password=Aali@123, HomePageTitle=Chocolate Shop | Chocolate | Purd...)">
                  </a> <!-- customerLogin({EmailID=pratikhood001@gmail.com, Password=Aali@123, HomePageTitle=Chocolate Shop | Chocolate | Purd...) -->
                  <span class="method-name">customerLogin</span>
                  <span class="parameters">({EmailID=pratikhood001@gmail.com, Password=Aali@123, HomePageTitle=Chocolate Shop | Chocolate | Purdys Chocolatier, LoginPageTitle=Customer Login})</span>
                  <div class="stack-trace">org.openqa.selenium.UnsupportedCommandException: {&quot;value&quot;:{&quot;error&quot;:&quot;unknown method&quot;,&quot;message&quot;:&quot;Not implemented yet for pageLoad.&quot;,&quot;stacktrace&quot;:&quot;NotImplementedError: Not implemented yet for pageLoad.\n    at AndroidUiautomator2Driver.pageLoadTimeoutW3C (/nix/store/a4f03fnyb1njsg95d11hrirds8hfjsc1-appium-1.17.0/node_modules/appium-uiautomator2-driver/node_modules/appium-base-driver/lib/basedriver/commands/timeout.js:83:9)\n    at AndroidUiautomator2Driver.timeouts (/nix/store/a4f03fnyb1njsg95d11hrirds8hfjsc1-appium-1.17.0/node_modules/appium-uiautomator2-driver/node_modules/appium-base-driver/lib/basedriver/commands/timeout.js:40:16)\n    at commandExecutor (/nix/store/a4f03fnyb1njsg95d11hrirds8hfjsc1-appium-1.17.0/node_modules/appium-uiautomator2-driver/node_modules/appium-base-driver/lib/basedriver/driver.js:330:9)\n    at /nix/store/a4f03fnyb1njsg95d11hrirds8hfjsc1-appium-1.17.0/node_modules/appium-uiautomator2-driver/node_modules/async-lock/lib/index.js:125:12\n    at AsyncLock._promiseTry (/nix/store/a4f03fnyb1njsg95d11hrirds8hfjsc1-appium-1.17.0/node_modules/appium-uiautomator2-driver/node_modules/async-lock/lib/index.js:249:31)\n    at exec (/nix/store/a4f03fnyb1njsg95d11hrirds8hfjsc1-appium-1.17.0/node_modules/appium-uiautomator2-driver/node_modules/async-lock/lib/index.js:124:9)\n    at AsyncLock.acquire (/nix/store/a4f03fnyb1njsg95d11hrirds8hfjsc1-appium-1.17.0/node_modules/appium-uiautomator2-driver/node_modules/async-lock/lib/index.js:140:3)\n    at AndroidUiautomator2Driver.executeCommand (/nix/store/a4f03fnyb1njsg95d11hrirds8hfjsc1-appium-1.17.0/node_modules/appium-uiautomator2-driver/node_modules/appium-base-driver/lib/basedriver/driver.js:343:39)\n    at AppiumDriver.executeCommand (/nix/store/a4f03fnyb1njsg95d11hrirds8hfjsc1-appium-1.17.0/lib/appium.js:534:36)\n    at runMicrotasks (&lt;anonymous&gt;)\n    at processTicksAndRejections (internal/process/task_queues.js:97:5)\n    at asyncHandler (/nix/store/a4f03fnyb1njsg95d11hrirds8hfjsc1-appium-1.17.0/node_modules/appium-base-driver/lib/protocol/protocol.js:309:21)&quot;}}
Command duration or timeout: 55 milliseconds
Build info: version: &apos;4.6.0&apos;, revision: &apos;79f1c02ae20&apos;
System info: os.name: &apos;Windows 10&apos;, os.arch: &apos;amd64&apos;, os.version: &apos;10.0&apos;, java.version: &apos;17.0.6&apos;
Driver info: org.openqa.selenium.chrome.ChromeDriver
Command: [f4a668b44615bd0b3cf6005311b11cff484bf37b, setTimeout {pageLoad=50000}]
Capabilities {acceptInsecureCerts: true, appActivity: org.wikipedia.main.MainActi..., appPackage: org.wikipedia.alpha, automationName: uiautomator2, bstack:options: {appiumVersion: 1.17.0, buildIdentifier: #38, hostName: ZIL1280, localIdentifier: 18_Dec_1814_ZIL1280_HpYf}, chromeOptions: {args: [--no-sandbox, --window-size=1920x1080, --start-maximized, --disable-dev-shm-usage, --disable-popup-blocking, --remote-allow-origins=*, user-agent=test-automation-..., --ignore-certificate-errors]}, chromedriverPort: 18083, chromedriverPorts: [[18133, 18143]], databaseEnabled: false, desired: {acceptInsecureCerts: true, appActivity: org.wikipedia.main.MainActi..., appPackage: org.wikipedia.alpha, automationName: uiautomator2, bstack:options: {appiumVersion: 1.17.0, buildIdentifier: #38, hostName: ZIL1280, localIdentifier: 18_Dec_1814_ZIL1280_HpYf}, chromeOptions: {args: [--no-sandbox, --window-size=1920x1080, --start-maximized, --disable-dev-shm-usage, --disable-popup-blocking, --remote-allow-origins=*, user-agent=test-automation-..., --ignore-certificate-errors]}, chromedriverPort: 18083, chromedriverPorts: [[18133, 18143]], deviceName: Android, disableSuppressAccessibilityService: true, goog:chromeOptions: {args: [--no-sandbox, --window-size=1920x1080, --start-maximized, --disable-dev-shm-usage, --disable-popup-blocking, --remote-allow-origins=*, user-agent=test-automation-..., --ignore-certificate-errors]}, nativeWebScreenshot: true, newCommandTimeout: 0, platformName: Android, skipServerInstallation: true, systemPort: 8203, udid: R5CT238SA7H}, deviceApiLevel: 31, deviceManufacturer: samsung, deviceModel: SM-S908E, deviceName: R5CT238SA7H, deviceScreenDensity: 450, deviceScreenSize: 1080x2316, deviceUDID: R5CT238SA7H, disableSuppressAccessibilityService: true, goog:chromeOptions: {args: [--no-sandbox, --window-size=1920x1080, --start-maximized, --disable-dev-shm-usage, --disable-popup-blocking, --remote-allow-origins=*, user-agent=test-automation-..., --ignore-certificate-errors]}, javascriptEnabled: true, locationContextEnabled: false, nativeWebScreenshot: true, networkConnectionEnabled: true, newCommandTimeout: 0, optimalHubUrl: hub-aps.browserstack.com, pixelRatio: 2.8125, platform: LINUX, platformName: ANDROID, platformVersion: 12, skipServerInstallation: true, statBarHeight: 75, systemPort: 8203, takesScreenshot: true, udid: R5CT238SA7H, viewportRect: {height: 2031, left: 0, top: 75, width: 1080}, warnings: {}, webStorageEnabled: false}
Session ID: f4a668b44615bd0b3cf6005311b11cff484bf37b
	at org.openqa.selenium.remote.ErrorHandler.createThrowable(ErrorHandler.java:217)
	at org.openqa.selenium.remote.ErrorHandler.throwIfResponseFailed(ErrorHandler.java:169)
	at org.openqa.selenium.remote.RemoteWebDriver.execute(RemoteWebDriver.java:576)
	at org.openqa.selenium.remote.RemoteWebDriver$RemoteWebDriverOptions$RemoteTimeouts.pageLoadTimeout(RemoteWebDriver.java:897)
	at org.openqa.selenium.support.events.EventFiringWebDriver$EventFiringTimeouts.pageLoadTimeout(EventFiringWebDriver.java:704)
	at org.openqa.selenium.support.events.EventFiringWebDriver$EventFiringTimeouts.pageLoadTimeout(EventFiringWebDriver.java:699)
	at com.perficient.util.TestCaseBase.setUpBrowser(TestCaseBase.java:173)
	at java.base/java.util.ArrayList.forEach(ArrayList.java:1511)
	at java.base/java.util.concurrent.FutureTask.run(FutureTask.java:264)
	at java.base/java.util.concurrent.ThreadPoolExecutor.runWorker(ThreadPoolExecutor.java:1136)
	at java.base/java.util.concurrent.ThreadPoolExecutor$Worker.run(ThreadPoolExecutor.java:635)
	at java.base/java.lang.Thread.run(Thread.java:833)
... Removed 21 stack frames
</div> <!-- stack-trace -->
                </div> <!-- method-content -->
              </div> <!-- method -->
              <div class="method">
                <div class="method-content">
                  <a name="customerLogin({EmailID=pratikhood001@gmail.com, Password=Aali@123, HomePageTitle=Chocolate Shop | Chocolate | Purd...)">
                  </a> <!-- customerLogin({EmailID=pratikhood001@gmail.com, Password=Aali@123, HomePageTitle=Chocolate Shop | Chocolate | Purd...) -->
                  <span class="method-name">customerLogin</span>
                  <span class="parameters">({EmailID=pratikhood001@gmail.com, Password=Aali@123, HomePageTitle=Chocolate Shop | Chocolate | Purdys Chocolatier, LoginPageTitle=Customer Login})</span>
                  <div class="stack-trace">org.openqa.selenium.UnsupportedCommandException: {&quot;value&quot;:{&quot;error&quot;:&quot;unknown method&quot;,&quot;message&quot;:&quot;Not implemented yet for pageLoad.&quot;,&quot;stacktrace&quot;:&quot;NotImplementedError: Not implemented yet for pageLoad.\n    at AndroidUiautomator2Driver.pageLoadTimeoutW3C (/nix/store/a4f03fnyb1njsg95d11hrirds8hfjsc1-appium-1.17.0/node_modules/appium-uiautomator2-driver/node_modules/appium-base-driver/lib/basedriver/commands/timeout.js:83:9)\n    at AndroidUiautomator2Driver.timeouts (/nix/store/a4f03fnyb1njsg95d11hrirds8hfjsc1-appium-1.17.0/node_modules/appium-uiautomator2-driver/node_modules/appium-base-driver/lib/basedriver/commands/timeout.js:40:16)\n    at commandExecutor (/nix/store/a4f03fnyb1njsg95d11hrirds8hfjsc1-appium-1.17.0/node_modules/appium-uiautomator2-driver/node_modules/appium-base-driver/lib/basedriver/driver.js:330:9)\n    at /nix/store/a4f03fnyb1njsg95d11hrirds8hfjsc1-appium-1.17.0/node_modules/appium-uiautomator2-driver/node_modules/async-lock/lib/index.js:125:12\n    at AsyncLock._promiseTry (/nix/store/a4f03fnyb1njsg95d11hrirds8hfjsc1-appium-1.17.0/node_modules/appium-uiautomator2-driver/node_modules/async-lock/lib/index.js:249:31)\n    at exec (/nix/store/a4f03fnyb1njsg95d11hrirds8hfjsc1-appium-1.17.0/node_modules/appium-uiautomator2-driver/node_modules/async-lock/lib/index.js:124:9)\n    at AsyncLock.acquire (/nix/store/a4f03fnyb1njsg95d11hrirds8hfjsc1-appium-1.17.0/node_modules/appium-uiautomator2-driver/node_modules/async-lock/lib/index.js:140:3)\n    at AndroidUiautomator2Driver.executeCommand (/nix/store/a4f03fnyb1njsg95d11hrirds8hfjsc1-appium-1.17.0/node_modules/appium-uiautomator2-driver/node_modules/appium-base-driver/lib/basedriver/driver.js:343:39)\n    at AppiumDriver.executeCommand (/nix/store/a4f03fnyb1njsg95d11hrirds8hfjsc1-appium-1.17.0/lib/appium.js:534:36)\n    at processTicksAndRejections (internal/process/task_queues.js:97:5)\n    at asyncHandler (/nix/store/a4f03fnyb1njsg95d11hrirds8hfjsc1-appium-1.17.0/node_modules/appium-base-driver/lib/protocol/protocol.js:309:21)&quot;}}
Command duration or timeout: 204 milliseconds
Build info: version: &apos;4.6.0&apos;, revision: &apos;79f1c02ae20&apos;
System info: os.name: &apos;Windows 10&apos;, os.arch: &apos;amd64&apos;, os.version: &apos;10.0&apos;, java.version: &apos;17.0.6&apos;
Driver info: org.openqa.selenium.chrome.ChromeDriver
Command: [a29dd1f03c8c751d9fa76878e8616b899b1a6045, setTimeout {pageLoad=50000}]
Capabilities {acceptInsecureCerts: true, appActivity: org.wikipedia.main.MainActi..., appPackage: org.wikipedia.alpha, automationName: uiautomator2, bstack:options: {appiumVersion: 1.17.0, buildIdentifier: #38, hostName: ZIL1280, localIdentifier: 18_Dec_1814_ZIL1280_HpYf}, chromeOptions: {args: [--no-sandbox, --window-size=1920x1080, --start-maximized, --disable-dev-shm-usage, --disable-popup-blocking, --remote-allow-origins=*, user-agent=test-automation-..., --ignore-certificate-errors]}, chromedriverPort: 8085, chromedriverPorts: [[18155, 18165]], databaseEnabled: false, desired: {acceptInsecureCerts: true, appActivity: org.wikipedia.main.MainActi..., appPackage: org.wikipedia.alpha, automationName: uiautomator2, bstack:options: {appiumVersion: 1.17.0, buildIdentifier: #38, hostName: ZIL1280, localIdentifier: 18_Dec_1814_ZIL1280_HpYf}, chromeOptions: {args: [--no-sandbox, --window-size=1920x1080, --start-maximized, --disable-dev-shm-usage, --disable-popup-blocking, --remote-allow-origins=*, user-agent=test-automation-..., --ignore-certificate-errors]}, chromedriverPort: 8085, chromedriverPorts: [[18155, 18165]], deviceName: Android, disableSuppressAccessibilityService: true, goog:chromeOptions: {args: [--no-sandbox, --window-size=1920x1080, --start-maximized, --disable-dev-shm-usage, --disable-popup-blocking, --remote-allow-origins=*, user-agent=test-automation-..., --ignore-certificate-errors]}, nativeWebScreenshot: true, newCommandTimeout: 0, platformName: Android, skipServerInstallation: true, systemPort: 8205, udid: a68008dd}, deviceApiLevel: 30, deviceManufacturer: OnePlus, deviceModel: LE2113, deviceName: a68008dd, deviceScreenDensity: 450, deviceScreenSize: 1080x2400, deviceUDID: a68008dd, disableSuppressAccessibilityService: true, goog:chromeOptions: {args: [--no-sandbox, --window-size=1920x1080, --start-maximized, --disable-dev-shm-usage, --disable-popup-blocking, --remote-allow-origins=*, user-agent=test-automation-..., --ignore-certificate-errors]}, javascriptEnabled: true, locationContextEnabled: false, nativeWebScreenshot: true, networkConnectionEnabled: true, newCommandTimeout: 0, optimalHubUrl: hub-euw.browserstack.com, pixelRatio: 2.8125, platform: LINUX, platformName: ANDROID, platformVersion: 11, skipServerInstallation: true, statBarHeight: 104, systemPort: 8205, takesScreenshot: true, udid: a68008dd, viewportRect: {height: 2058, left: 0, top: 104, width: 1080}, warnings: {}, webStorageEnabled: false}
Session ID: a29dd1f03c8c751d9fa76878e8616b899b1a6045
	at org.openqa.selenium.remote.ErrorHandler.createThrowable(ErrorHandler.java:217)
	at org.openqa.selenium.remote.ErrorHandler.throwIfResponseFailed(ErrorHandler.java:169)
	at org.openqa.selenium.remote.RemoteWebDriver.execute(RemoteWebDriver.java:576)
	at org.openqa.selenium.remote.RemoteWebDriver$RemoteWebDriverOptions$RemoteTimeouts.pageLoadTimeout(RemoteWebDriver.java:897)
	at org.openqa.selenium.support.events.EventFiringWebDriver$EventFiringTimeouts.pageLoadTimeout(EventFiringWebDriver.java:704)
	at org.openqa.selenium.support.events.EventFiringWebDriver$EventFiringTimeouts.pageLoadTimeout(EventFiringWebDriver.java:699)
	at com.perficient.util.TestCaseBase.setUpBrowser(TestCaseBase.java:173)
	at java.base/java.util.ArrayList.forEach(ArrayList.java:1511)
	at java.base/java.util.concurrent.FutureTask.run(FutureTask.java:264)
	at java.base/java.util.concurrent.ThreadPoolExecutor.runWorker(ThreadPoolExecutor.java:1136)
	at java.base/java.util.concurrent.ThreadPoolExecutor$Worker.run(ThreadPoolExecutor.java:635)
	at java.base/java.lang.Thread.run(Thread.java:833)
... Removed 21 stack frames
</div> <!-- stack-trace -->
                </div> <!-- method-content -->
              </div> <!-- method -->
              <div class="method">
                <div class="method-content">
                  <a name="homePageValidationAfterLogin({EmailID=pratikhood001@gmail.com, Password=Aali@123, HomePageTitle=Chocolate Shop | Chocolate | Purd...)">
                  </a> <!-- homePageValidationAfterLogin({EmailID=pratikhood001@gmail.com, Password=Aali@123, HomePageTitle=Chocolate Shop | Chocolate | Purd...) -->
                  <span class="method-name">homePageValidationAfterLogin</span>
                  <span class="parameters">({EmailID=pratikhood001@gmail.com, Password=Aali@123, HomePageTitle=Chocolate Shop | Chocolate | Purdys Chocolatier, LoginPageTitle=Customer Login})</span>
                  <div class="stack-trace">org.openqa.selenium.UnsupportedCommandException: {&quot;value&quot;:{&quot;error&quot;:&quot;unknown method&quot;,&quot;message&quot;:&quot;Not implemented yet for pageLoad.&quot;,&quot;stacktrace&quot;:&quot;NotImplementedError: Not implemented yet for pageLoad.\n    at AndroidUiautomator2Driver.pageLoadTimeoutW3C (/nix/store/a4f03fnyb1njsg95d11hrirds8hfjsc1-appium-1.17.0/node_modules/appium-uiautomator2-driver/node_modules/appium-base-driver/lib/basedriver/commands/timeout.js:83:9)\n    at AndroidUiautomator2Driver.timeouts (/nix/store/a4f03fnyb1njsg95d11hrirds8hfjsc1-appium-1.17.0/node_modules/appium-uiautomator2-driver/node_modules/appium-base-driver/lib/basedriver/commands/timeout.js:40:16)\n    at commandExecutor (/nix/store/a4f03fnyb1njsg95d11hrirds8hfjsc1-appium-1.17.0/node_modules/appium-uiautomator2-driver/node_modules/appium-base-driver/lib/basedriver/driver.js:330:9)\n    at /nix/store/a4f03fnyb1njsg95d11hrirds8hfjsc1-appium-1.17.0/node_modules/appium-uiautomator2-driver/node_modules/async-lock/lib/index.js:125:12\n    at AsyncLock._promiseTry (/nix/store/a4f03fnyb1njsg95d11hrirds8hfjsc1-appium-1.17.0/node_modules/appium-uiautomator2-driver/node_modules/async-lock/lib/index.js:249:31)\n    at exec (/nix/store/a4f03fnyb1njsg95d11hrirds8hfjsc1-appium-1.17.0/node_modules/appium-uiautomator2-driver/node_modules/async-lock/lib/index.js:124:9)\n    at AsyncLock.acquire (/nix/store/a4f03fnyb1njsg95d11hrirds8hfjsc1-appium-1.17.0/node_modules/appium-uiautomator2-driver/node_modules/async-lock/lib/index.js:140:3)\n    at AndroidUiautomator2Driver.executeCommand (/nix/store/a4f03fnyb1njsg95d11hrirds8hfjsc1-appium-1.17.0/node_modules/appium-uiautomator2-driver/node_modules/appium-base-driver/lib/basedriver/driver.js:343:39)\n    at AppiumDriver.executeCommand (/nix/store/a4f03fnyb1njsg95d11hrirds8hfjsc1-appium-1.17.0/lib/appium.js:534:36)\n    at runMicrotasks (&lt;anonymous&gt;)\n    at processTicksAndRejections (internal/process/task_queues.js:97:5)\n    at asyncHandler (/nix/store/a4f03fnyb1njsg95d11hrirds8hfjsc1-appium-1.17.0/node_modules/appium-base-driver/lib/protocol/protocol.js:309:21)&quot;}}
Command duration or timeout: 53 milliseconds
Build info: version: &apos;4.6.0&apos;, revision: &apos;79f1c02ae20&apos;
System info: os.name: &apos;Windows 10&apos;, os.arch: &apos;amd64&apos;, os.version: &apos;10.0&apos;, java.version: &apos;17.0.6&apos;
Driver info: org.openqa.selenium.chrome.ChromeDriver
Command: [307b2860512b0e8748c6346fcecc0cc57a861024, setTimeout {pageLoad=50000}]
Capabilities {acceptInsecureCerts: true, appActivity: org.wikipedia.main.MainActi..., appPackage: org.wikipedia.alpha, automationName: uiautomator2, bstack:options: {appiumVersion: 1.17.0, buildIdentifier: #38, hostName: ZIL1280, localIdentifier: 18_Dec_1814_ZIL1280_HpYf}, chromeOptions: {args: [--no-sandbox, --window-size=1920x1080, --start-maximized, --disable-dev-shm-usage, --disable-popup-blocking, --remote-allow-origins=*, user-agent=test-automation-..., --ignore-certificate-errors]}, chromedriverArgs: [--adb-port=5038], chromedriverPort: 18080, chromedriverPorts: [[18100, 18110]], databaseEnabled: false, desired: {acceptInsecureCerts: true, appActivity: org.wikipedia.main.MainActi..., appPackage: org.wikipedia.alpha, automationName: uiautomator2, bstack:options: {appiumVersion: 1.17.0, buildIdentifier: #38, hostName: ZIL1280, localIdentifier: 18_Dec_1814_ZIL1280_HpYf}, chromeOptions: {args: [--no-sandbox, --window-size=1920x1080, --start-maximized, --disable-dev-shm-usage, --disable-popup-blocking, --remote-allow-origins=*, user-agent=test-automation-..., --ignore-certificate-errors]}, chromedriverArgs: [--adb-port=5038], chromedriverPort: 18080, chromedriverPorts: [[18100, 18110]], deviceName: Android, disableSuppressAccessibilityService: true, goog:chromeOptions: {args: [--no-sandbox, --window-size=1920x1080, --start-maximized, --disable-dev-shm-usage, --disable-popup-blocking, --remote-allow-origins=*, user-agent=test-automation-..., --ignore-certificate-errors]}, nativeWebScreenshot: true, newCommandTimeout: 0, platformName: Android, skipServerInstallation: true, systemPort: 8200, udid: 28201FDH300JRK}, deviceApiLevel: 33, deviceManufacturer: Google, deviceModel: Pixel 7 Pro, deviceName: 28201FDH300JRK, deviceScreenDensity: 420, deviceScreenSize: 1080x2340, deviceUDID: 28201FDH300JRK, disableSuppressAccessibilityService: true, goog:chromeOptions: {args: [--no-sandbox, --window-size=1920x1080, --start-maximized, --disable-dev-shm-usage, --disable-popup-blocking, --remote-allow-origins=*, user-agent=test-automation-..., --ignore-certificate-errors]}, javascriptEnabled: true, locationContextEnabled: false, nativeWebScreenshot: true, networkConnectionEnabled: true, newCommandTimeout: 0, optimalHubUrl: hub-aps.browserstack.com, pixelRatio: 2.625, platform: LINUX, platformName: ANDROID, platformVersion: 13, skipServerInstallation: true, statBarHeight: 130, systemPort: 8200, takesScreenshot: true, udid: 28201FDH300JRK, viewportRect: {height: 2049, left: 0, top: 130, width: 1080}, warnings: {}, webStorageEnabled: false}
Session ID: 307b2860512b0e8748c6346fcecc0cc57a861024
	at org.openqa.selenium.remote.ErrorHandler.createThrowable(ErrorHandler.java:217)
	at org.openqa.selenium.remote.ErrorHandler.throwIfResponseFailed(ErrorHandler.java:169)
	at org.openqa.selenium.remote.RemoteWebDriver.execute(RemoteWebDriver.java:576)
	at org.openqa.selenium.remote.RemoteWebDriver$RemoteWebDriverOptions$RemoteTimeouts.pageLoadTimeout(RemoteWebDriver.java:897)
	at org.openqa.selenium.support.events.EventFiringWebDriver$EventFiringTimeouts.pageLoadTimeout(EventFiringWebDriver.java:704)
	at org.openqa.selenium.support.events.EventFiringWebDriver$EventFiringTimeouts.pageLoadTimeout(EventFiringWebDriver.java:699)
	at com.perficient.util.TestCaseBase.setUpBrowser(TestCaseBase.java:173)
	at java.base/java.util.ArrayList.forEach(ArrayList.java:1511)
	at java.base/java.util.concurrent.FutureTask.run(FutureTask.java:264)
	at java.base/java.util.concurrent.ThreadPoolExecutor.runWorker(ThreadPoolExecutor.java:1136)
	at java.base/java.util.concurrent.ThreadPoolExecutor$Worker.run(ThreadPoolExecutor.java:635)
	at java.base/java.lang.Thread.run(Thread.java:833)
... Removed 21 stack frames
</div> <!-- stack-trace -->
                </div> <!-- method-content -->
              </div> <!-- method -->
              <div class="method">
                <div class="method-content">
                  <a name="homePageValidationAfterLogin({EmailID=pratikhood001@gmail.com, Password=Aali@123, HomePageTitle=Chocolate Shop | Chocolate | Purd...)">
                  </a> <!-- homePageValidationAfterLogin({EmailID=pratikhood001@gmail.com, Password=Aali@123, HomePageTitle=Chocolate Shop | Chocolate | Purd...) -->
                  <span class="method-name">homePageValidationAfterLogin</span>
                  <span class="parameters">({EmailID=pratikhood001@gmail.com, Password=Aali@123, HomePageTitle=Chocolate Shop | Chocolate | Purdys Chocolatier, LoginPageTitle=Customer Login})</span>
                  <div class="stack-trace">org.openqa.selenium.UnsupportedCommandException: {&quot;value&quot;:{&quot;error&quot;:&quot;unknown method&quot;,&quot;message&quot;:&quot;Not implemented yet for pageLoad.&quot;,&quot;stacktrace&quot;:&quot;NotImplementedError: Not implemented yet for pageLoad.\n    at AndroidUiautomator2Driver.pageLoadTimeoutW3C (/nix/store/a4f03fnyb1njsg95d11hrirds8hfjsc1-appium-1.17.0/node_modules/appium-uiautomator2-driver/node_modules/appium-base-driver/lib/basedriver/commands/timeout.js:83:9)\n    at AndroidUiautomator2Driver.timeouts (/nix/store/a4f03fnyb1njsg95d11hrirds8hfjsc1-appium-1.17.0/node_modules/appium-uiautomator2-driver/node_modules/appium-base-driver/lib/basedriver/commands/timeout.js:40:16)\n    at commandExecutor (/nix/store/a4f03fnyb1njsg95d11hrirds8hfjsc1-appium-1.17.0/node_modules/appium-uiautomator2-driver/node_modules/appium-base-driver/lib/basedriver/driver.js:330:9)\n    at /nix/store/a4f03fnyb1njsg95d11hrirds8hfjsc1-appium-1.17.0/node_modules/appium-uiautomator2-driver/node_modules/async-lock/lib/index.js:125:12\n    at AsyncLock._promiseTry (/nix/store/a4f03fnyb1njsg95d11hrirds8hfjsc1-appium-1.17.0/node_modules/appium-uiautomator2-driver/node_modules/async-lock/lib/index.js:249:31)\n    at exec (/nix/store/a4f03fnyb1njsg95d11hrirds8hfjsc1-appium-1.17.0/node_modules/appium-uiautomator2-driver/node_modules/async-lock/lib/index.js:124:9)\n    at AsyncLock.acquire (/nix/store/a4f03fnyb1njsg95d11hrirds8hfjsc1-appium-1.17.0/node_modules/appium-uiautomator2-driver/node_modules/async-lock/lib/index.js:140:3)\n    at AndroidUiautomator2Driver.executeCommand (/nix/store/a4f03fnyb1njsg95d11hrirds8hfjsc1-appium-1.17.0/node_modules/appium-uiautomator2-driver/node_modules/appium-base-driver/lib/basedriver/driver.js:343:39)\n    at AppiumDriver.executeCommand (/nix/store/a4f03fnyb1njsg95d11hrirds8hfjsc1-appium-1.17.0/lib/appium.js:534:36)\n    at runMicrotasks (&lt;anonymous&gt;)\n    at processTicksAndRejections (internal/process/task_queues.js:97:5)\n    at asyncHandler (/nix/store/a4f03fnyb1njsg95d11hrirds8hfjsc1-appium-1.17.0/node_modules/appium-base-driver/lib/protocol/protocol.js:309:21)&quot;}}
Command duration or timeout: 55 milliseconds
Build info: version: &apos;4.6.0&apos;, revision: &apos;79f1c02ae20&apos;
System info: os.name: &apos;Windows 10&apos;, os.arch: &apos;amd64&apos;, os.version: &apos;10.0&apos;, java.version: &apos;17.0.6&apos;
Driver info: org.openqa.selenium.chrome.ChromeDriver
Command: [f4a668b44615bd0b3cf6005311b11cff484bf37b, setTimeout {pageLoad=50000}]
Capabilities {acceptInsecureCerts: true, appActivity: org.wikipedia.main.MainActi..., appPackage: org.wikipedia.alpha, automationName: uiautomator2, bstack:options: {appiumVersion: 1.17.0, buildIdentifier: #38, hostName: ZIL1280, localIdentifier: 18_Dec_1814_ZIL1280_HpYf}, chromeOptions: {args: [--no-sandbox, --window-size=1920x1080, --start-maximized, --disable-dev-shm-usage, --disable-popup-blocking, --remote-allow-origins=*, user-agent=test-automation-..., --ignore-certificate-errors]}, chromedriverPort: 18083, chromedriverPorts: [[18133, 18143]], databaseEnabled: false, desired: {acceptInsecureCerts: true, appActivity: org.wikipedia.main.MainActi..., appPackage: org.wikipedia.alpha, automationName: uiautomator2, bstack:options: {appiumVersion: 1.17.0, buildIdentifier: #38, hostName: ZIL1280, localIdentifier: 18_Dec_1814_ZIL1280_HpYf}, chromeOptions: {args: [--no-sandbox, --window-size=1920x1080, --start-maximized, --disable-dev-shm-usage, --disable-popup-blocking, --remote-allow-origins=*, user-agent=test-automation-..., --ignore-certificate-errors]}, chromedriverPort: 18083, chromedriverPorts: [[18133, 18143]], deviceName: Android, disableSuppressAccessibilityService: true, goog:chromeOptions: {args: [--no-sandbox, --window-size=1920x1080, --start-maximized, --disable-dev-shm-usage, --disable-popup-blocking, --remote-allow-origins=*, user-agent=test-automation-..., --ignore-certificate-errors]}, nativeWebScreenshot: true, newCommandTimeout: 0, platformName: Android, skipServerInstallation: true, systemPort: 8203, udid: R5CT238SA7H}, deviceApiLevel: 31, deviceManufacturer: samsung, deviceModel: SM-S908E, deviceName: R5CT238SA7H, deviceScreenDensity: 450, deviceScreenSize: 1080x2316, deviceUDID: R5CT238SA7H, disableSuppressAccessibilityService: true, goog:chromeOptions: {args: [--no-sandbox, --window-size=1920x1080, --start-maximized, --disable-dev-shm-usage, --disable-popup-blocking, --remote-allow-origins=*, user-agent=test-automation-..., --ignore-certificate-errors]}, javascriptEnabled: true, locationContextEnabled: false, nativeWebScreenshot: true, networkConnectionEnabled: true, newCommandTimeout: 0, optimalHubUrl: hub-aps.browserstack.com, pixelRatio: 2.8125, platform: LINUX, platformName: ANDROID, platformVersion: 12, skipServerInstallation: true, statBarHeight: 75, systemPort: 8203, takesScreenshot: true, udid: R5CT238SA7H, viewportRect: {height: 2031, left: 0, top: 75, width: 1080}, warnings: {}, webStorageEnabled: false}
Session ID: f4a668b44615bd0b3cf6005311b11cff484bf37b
	at org.openqa.selenium.remote.ErrorHandler.createThrowable(ErrorHandler.java:217)
	at org.openqa.selenium.remote.ErrorHandler.throwIfResponseFailed(ErrorHandler.java:169)
	at org.openqa.selenium.remote.RemoteWebDriver.execute(RemoteWebDriver.java:576)
	at org.openqa.selenium.remote.RemoteWebDriver$RemoteWebDriverOptions$RemoteTimeouts.pageLoadTimeout(RemoteWebDriver.java:897)
	at org.openqa.selenium.support.events.EventFiringWebDriver$EventFiringTimeouts.pageLoadTimeout(EventFiringWebDriver.java:704)
	at org.openqa.selenium.support.events.EventFiringWebDriver$EventFiringTimeouts.pageLoadTimeout(EventFiringWebDriver.java:699)
	at com.perficient.util.TestCaseBase.setUpBrowser(TestCaseBase.java:173)
	at java.base/java.util.ArrayList.forEach(ArrayList.java:1511)
	at java.base/java.util.concurrent.FutureTask.run(FutureTask.java:264)
	at java.base/java.util.concurrent.ThreadPoolExecutor.runWorker(ThreadPoolExecutor.java:1136)
	at java.base/java.util.concurrent.ThreadPoolExecutor$Worker.run(ThreadPoolExecutor.java:635)
	at java.base/java.lang.Thread.run(Thread.java:833)
... Removed 21 stack frames
</div> <!-- stack-trace -->
                </div> <!-- method-content -->
              </div> <!-- method -->
              <div class="method">
                <div class="method-content">
                  <a name="homePageValidationAfterLogin({EmailID=pratikhood001@gmail.com, Password=Aali@123, HomePageTitle=Chocolate Shop | Chocolate | Purd...)">
                  </a> <!-- homePageValidationAfterLogin({EmailID=pratikhood001@gmail.com, Password=Aali@123, HomePageTitle=Chocolate Shop | Chocolate | Purd...) -->
                  <span class="method-name">homePageValidationAfterLogin</span>
                  <span class="parameters">({EmailID=pratikhood001@gmail.com, Password=Aali@123, HomePageTitle=Chocolate Shop | Chocolate | Purdys Chocolatier, LoginPageTitle=Customer Login})</span>
                  <div class="stack-trace">org.openqa.selenium.UnsupportedCommandException: {&quot;value&quot;:{&quot;error&quot;:&quot;unknown method&quot;,&quot;message&quot;:&quot;Not implemented yet for pageLoad.&quot;,&quot;stacktrace&quot;:&quot;NotImplementedError: Not implemented yet for pageLoad.\n    at AndroidUiautomator2Driver.pageLoadTimeoutW3C (/nix/store/a4f03fnyb1njsg95d11hrirds8hfjsc1-appium-1.17.0/node_modules/appium-uiautomator2-driver/node_modules/appium-base-driver/lib/basedriver/commands/timeout.js:83:9)\n    at AndroidUiautomator2Driver.timeouts (/nix/store/a4f03fnyb1njsg95d11hrirds8hfjsc1-appium-1.17.0/node_modules/appium-uiautomator2-driver/node_modules/appium-base-driver/lib/basedriver/commands/timeout.js:40:16)\n    at commandExecutor (/nix/store/a4f03fnyb1njsg95d11hrirds8hfjsc1-appium-1.17.0/node_modules/appium-uiautomator2-driver/node_modules/appium-base-driver/lib/basedriver/driver.js:330:9)\n    at /nix/store/a4f03fnyb1njsg95d11hrirds8hfjsc1-appium-1.17.0/node_modules/appium-uiautomator2-driver/node_modules/async-lock/lib/index.js:125:12\n    at AsyncLock._promiseTry (/nix/store/a4f03fnyb1njsg95d11hrirds8hfjsc1-appium-1.17.0/node_modules/appium-uiautomator2-driver/node_modules/async-lock/lib/index.js:249:31)\n    at exec (/nix/store/a4f03fnyb1njsg95d11hrirds8hfjsc1-appium-1.17.0/node_modules/appium-uiautomator2-driver/node_modules/async-lock/lib/index.js:124:9)\n    at AsyncLock.acquire (/nix/store/a4f03fnyb1njsg95d11hrirds8hfjsc1-appium-1.17.0/node_modules/appium-uiautomator2-driver/node_modules/async-lock/lib/index.js:140:3)\n    at AndroidUiautomator2Driver.executeCommand (/nix/store/a4f03fnyb1njsg95d11hrirds8hfjsc1-appium-1.17.0/node_modules/appium-uiautomator2-driver/node_modules/appium-base-driver/lib/basedriver/driver.js:343:39)\n    at AppiumDriver.executeCommand (/nix/store/a4f03fnyb1njsg95d11hrirds8hfjsc1-appium-1.17.0/lib/appium.js:534:36)\n    at processTicksAndRejections (internal/process/task_queues.js:97:5)\n    at asyncHandler (/nix/store/a4f03fnyb1njsg95d11hrirds8hfjsc1-appium-1.17.0/node_modules/appium-base-driver/lib/protocol/protocol.js:309:21)&quot;}}
Command duration or timeout: 204 milliseconds
Build info: version: &apos;4.6.0&apos;, revision: &apos;79f1c02ae20&apos;
System info: os.name: &apos;Windows 10&apos;, os.arch: &apos;amd64&apos;, os.version: &apos;10.0&apos;, java.version: &apos;17.0.6&apos;
Driver info: org.openqa.selenium.chrome.ChromeDriver
Command: [a29dd1f03c8c751d9fa76878e8616b899b1a6045, setTimeout {pageLoad=50000}]
Capabilities {acceptInsecureCerts: true, appActivity: org.wikipedia.main.MainActi..., appPackage: org.wikipedia.alpha, automationName: uiautomator2, bstack:options: {appiumVersion: 1.17.0, buildIdentifier: #38, hostName: ZIL1280, localIdentifier: 18_Dec_1814_ZIL1280_HpYf}, chromeOptions: {args: [--no-sandbox, --window-size=1920x1080, --start-maximized, --disable-dev-shm-usage, --disable-popup-blocking, --remote-allow-origins=*, user-agent=test-automation-..., --ignore-certificate-errors]}, chromedriverPort: 8085, chromedriverPorts: [[18155, 18165]], databaseEnabled: false, desired: {acceptInsecureCerts: true, appActivity: org.wikipedia.main.MainActi..., appPackage: org.wikipedia.alpha, automationName: uiautomator2, bstack:options: {appiumVersion: 1.17.0, buildIdentifier: #38, hostName: ZIL1280, localIdentifier: 18_Dec_1814_ZIL1280_HpYf}, chromeOptions: {args: [--no-sandbox, --window-size=1920x1080, --start-maximized, --disable-dev-shm-usage, --disable-popup-blocking, --remote-allow-origins=*, user-agent=test-automation-..., --ignore-certificate-errors]}, chromedriverPort: 8085, chromedriverPorts: [[18155, 18165]], deviceName: Android, disableSuppressAccessibilityService: true, goog:chromeOptions: {args: [--no-sandbox, --window-size=1920x1080, --start-maximized, --disable-dev-shm-usage, --disable-popup-blocking, --remote-allow-origins=*, user-agent=test-automation-..., --ignore-certificate-errors]}, nativeWebScreenshot: true, newCommandTimeout: 0, platformName: Android, skipServerInstallation: true, systemPort: 8205, udid: a68008dd}, deviceApiLevel: 30, deviceManufacturer: OnePlus, deviceModel: LE2113, deviceName: a68008dd, deviceScreenDensity: 450, deviceScreenSize: 1080x2400, deviceUDID: a68008dd, disableSuppressAccessibilityService: true, goog:chromeOptions: {args: [--no-sandbox, --window-size=1920x1080, --start-maximized, --disable-dev-shm-usage, --disable-popup-blocking, --remote-allow-origins=*, user-agent=test-automation-..., --ignore-certificate-errors]}, javascriptEnabled: true, locationContextEnabled: false, nativeWebScreenshot: true, networkConnectionEnabled: true, newCommandTimeout: 0, optimalHubUrl: hub-euw.browserstack.com, pixelRatio: 2.8125, platform: LINUX, platformName: ANDROID, platformVersion: 11, skipServerInstallation: true, statBarHeight: 104, systemPort: 8205, takesScreenshot: true, udid: a68008dd, viewportRect: {height: 2058, left: 0, top: 104, width: 1080}, warnings: {}, webStorageEnabled: false}
Session ID: a29dd1f03c8c751d9fa76878e8616b899b1a6045
	at org.openqa.selenium.remote.ErrorHandler.createThrowable(ErrorHandler.java:217)
	at org.openqa.selenium.remote.ErrorHandler.throwIfResponseFailed(ErrorHandler.java:169)
	at org.openqa.selenium.remote.RemoteWebDriver.execute(RemoteWebDriver.java:576)
	at org.openqa.selenium.remote.RemoteWebDriver$RemoteWebDriverOptions$RemoteTimeouts.pageLoadTimeout(RemoteWebDriver.java:897)
	at org.openqa.selenium.support.events.EventFiringWebDriver$EventFiringTimeouts.pageLoadTimeout(EventFiringWebDriver.java:704)
	at org.openqa.selenium.support.events.EventFiringWebDriver$EventFiringTimeouts.pageLoadTimeout(EventFiringWebDriver.java:699)
	at com.perficient.util.TestCaseBase.setUpBrowser(TestCaseBase.java:173)
	at java.base/java.util.ArrayList.forEach(ArrayList.java:1511)
	at java.base/java.util.concurrent.FutureTask.run(FutureTask.java:264)
	at java.base/java.util.concurrent.ThreadPoolExecutor.runWorker(ThreadPoolExecutor.java:1136)
	at java.base/java.util.concurrent.ThreadPoolExecutor$Worker.run(ThreadPoolExecutor.java:635)
	at java.base/java.lang.Thread.run(Thread.java:833)
... Removed 21 stack frames
</div> <!-- stack-trace -->
                </div> <!-- method-content -->
              </div> <!-- method -->
              <div class="method">
                <div class="method-content">
                  <a name="redirectToLoginPage({EmailID=pratikhood001@gmail.com, Password=Aali@123, HomePageTitle=Chocolate Shop | Chocolate | Purd...)">
                  </a> <!-- redirectToLoginPage({EmailID=pratikhood001@gmail.com, Password=Aali@123, HomePageTitle=Chocolate Shop | Chocolate | Purd...) -->
                  <span class="method-name">redirectToLoginPage</span>
                  <span class="parameters">({EmailID=pratikhood001@gmail.com, Password=Aali@123, HomePageTitle=Chocolate Shop | Chocolate | Purdys Chocolatier, LoginPageTitle=Customer Login})</span>
                  <div class="stack-trace">org.openqa.selenium.UnsupportedCommandException: {&quot;value&quot;:{&quot;error&quot;:&quot;unknown method&quot;,&quot;message&quot;:&quot;Not implemented yet for pageLoad.&quot;,&quot;stacktrace&quot;:&quot;NotImplementedError: Not implemented yet for pageLoad.\n    at AndroidUiautomator2Driver.pageLoadTimeoutW3C (/nix/store/a4f03fnyb1njsg95d11hrirds8hfjsc1-appium-1.17.0/node_modules/appium-uiautomator2-driver/node_modules/appium-base-driver/lib/basedriver/commands/timeout.js:83:9)\n    at AndroidUiautomator2Driver.timeouts (/nix/store/a4f03fnyb1njsg95d11hrirds8hfjsc1-appium-1.17.0/node_modules/appium-uiautomator2-driver/node_modules/appium-base-driver/lib/basedriver/commands/timeout.js:40:16)\n    at commandExecutor (/nix/store/a4f03fnyb1njsg95d11hrirds8hfjsc1-appium-1.17.0/node_modules/appium-uiautomator2-driver/node_modules/appium-base-driver/lib/basedriver/driver.js:330:9)\n    at /nix/store/a4f03fnyb1njsg95d11hrirds8hfjsc1-appium-1.17.0/node_modules/appium-uiautomator2-driver/node_modules/async-lock/lib/index.js:125:12\n    at AsyncLock._promiseTry (/nix/store/a4f03fnyb1njsg95d11hrirds8hfjsc1-appium-1.17.0/node_modules/appium-uiautomator2-driver/node_modules/async-lock/lib/index.js:249:31)\n    at exec (/nix/store/a4f03fnyb1njsg95d11hrirds8hfjsc1-appium-1.17.0/node_modules/appium-uiautomator2-driver/node_modules/async-lock/lib/index.js:124:9)\n    at AsyncLock.acquire (/nix/store/a4f03fnyb1njsg95d11hrirds8hfjsc1-appium-1.17.0/node_modules/appium-uiautomator2-driver/node_modules/async-lock/lib/index.js:140:3)\n    at AndroidUiautomator2Driver.executeCommand (/nix/store/a4f03fnyb1njsg95d11hrirds8hfjsc1-appium-1.17.0/node_modules/appium-uiautomator2-driver/node_modules/appium-base-driver/lib/basedriver/driver.js:343:39)\n    at AppiumDriver.executeCommand (/nix/store/a4f03fnyb1njsg95d11hrirds8hfjsc1-appium-1.17.0/lib/appium.js:534:36)\n    at runMicrotasks (&lt;anonymous&gt;)\n    at processTicksAndRejections (internal/process/task_queues.js:97:5)\n    at asyncHandler (/nix/store/a4f03fnyb1njsg95d11hrirds8hfjsc1-appium-1.17.0/node_modules/appium-base-driver/lib/protocol/protocol.js:309:21)&quot;}}
Command duration or timeout: 53 milliseconds
Build info: version: &apos;4.6.0&apos;, revision: &apos;79f1c02ae20&apos;
System info: os.name: &apos;Windows 10&apos;, os.arch: &apos;amd64&apos;, os.version: &apos;10.0&apos;, java.version: &apos;17.0.6&apos;
Driver info: org.openqa.selenium.chrome.ChromeDriver
Command: [307b2860512b0e8748c6346fcecc0cc57a861024, setTimeout {pageLoad=50000}]
Capabilities {acceptInsecureCerts: true, appActivity: org.wikipedia.main.MainActi..., appPackage: org.wikipedia.alpha, automationName: uiautomator2, bstack:options: {appiumVersion: 1.17.0, buildIdentifier: #38, hostName: ZIL1280, localIdentifier: 18_Dec_1814_ZIL1280_HpYf}, chromeOptions: {args: [--no-sandbox, --window-size=1920x1080, --start-maximized, --disable-dev-shm-usage, --disable-popup-blocking, --remote-allow-origins=*, user-agent=test-automation-..., --ignore-certificate-errors]}, chromedriverArgs: [--adb-port=5038], chromedriverPort: 18080, chromedriverPorts: [[18100, 18110]], databaseEnabled: false, desired: {acceptInsecureCerts: true, appActivity: org.wikipedia.main.MainActi..., appPackage: org.wikipedia.alpha, automationName: uiautomator2, bstack:options: {appiumVersion: 1.17.0, buildIdentifier: #38, hostName: ZIL1280, localIdentifier: 18_Dec_1814_ZIL1280_HpYf}, chromeOptions: {args: [--no-sandbox, --window-size=1920x1080, --start-maximized, --disable-dev-shm-usage, --disable-popup-blocking, --remote-allow-origins=*, user-agent=test-automation-..., --ignore-certificate-errors]}, chromedriverArgs: [--adb-port=5038], chromedriverPort: 18080, chromedriverPorts: [[18100, 18110]], deviceName: Android, disableSuppressAccessibilityService: true, goog:chromeOptions: {args: [--no-sandbox, --window-size=1920x1080, --start-maximized, --disable-dev-shm-usage, --disable-popup-blocking, --remote-allow-origins=*, user-agent=test-automation-..., --ignore-certificate-errors]}, nativeWebScreenshot: true, newCommandTimeout: 0, platformName: Android, skipServerInstallation: true, systemPort: 8200, udid: 28201FDH300JRK}, deviceApiLevel: 33, deviceManufacturer: Google, deviceModel: Pixel 7 Pro, deviceName: 28201FDH300JRK, deviceScreenDensity: 420, deviceScreenSize: 1080x2340, deviceUDID: 28201FDH300JRK, disableSuppressAccessibilityService: true, goog:chromeOptions: {args: [--no-sandbox, --window-size=1920x1080, --start-maximized, --disable-dev-shm-usage, --disable-popup-blocking, --remote-allow-origins=*, user-agent=test-automation-..., --ignore-certificate-errors]}, javascriptEnabled: true, locationContextEnabled: false, nativeWebScreenshot: true, networkConnectionEnabled: true, newCommandTimeout: 0, optimalHubUrl: hub-aps.browserstack.com, pixelRatio: 2.625, platform: LINUX, platformName: ANDROID, platformVersion: 13, skipServerInstallation: true, statBarHeight: 130, systemPort: 8200, takesScreenshot: true, udid: 28201FDH300JRK, viewportRect: {height: 2049, left: 0, top: 130, width: 1080}, warnings: {}, webStorageEnabled: false}
Session ID: 307b2860512b0e8748c6346fcecc0cc57a861024
	at org.openqa.selenium.remote.ErrorHandler.createThrowable(ErrorHandler.java:217)
	at org.openqa.selenium.remote.ErrorHandler.throwIfResponseFailed(ErrorHandler.java:169)
	at org.openqa.selenium.remote.RemoteWebDriver.execute(RemoteWebDriver.java:576)
	at org.openqa.selenium.remote.RemoteWebDriver$RemoteWebDriverOptions$RemoteTimeouts.pageLoadTimeout(RemoteWebDriver.java:897)
	at org.openqa.selenium.support.events.EventFiringWebDriver$EventFiringTimeouts.pageLoadTimeout(EventFiringWebDriver.java:704)
	at org.openqa.selenium.support.events.EventFiringWebDriver$EventFiringTimeouts.pageLoadTimeout(EventFiringWebDriver.java:699)
	at com.perficient.util.TestCaseBase.setUpBrowser(TestCaseBase.java:173)
	at java.base/java.util.ArrayList.forEach(ArrayList.java:1511)
	at java.base/java.util.concurrent.FutureTask.run(FutureTask.java:264)
	at java.base/java.util.concurrent.ThreadPoolExecutor.runWorker(ThreadPoolExecutor.java:1136)
	at java.base/java.util.concurrent.ThreadPoolExecutor$Worker.run(ThreadPoolExecutor.java:635)
	at java.base/java.lang.Thread.run(Thread.java:833)
... Removed 21 stack frames
</div> <!-- stack-trace -->
                </div> <!-- method-content -->
              </div> <!-- method -->
              <div class="method">
                <div class="method-content">
                  <a name="redirectToLoginPage({EmailID=pratikhood001@gmail.com, Password=Aali@123, HomePageTitle=Chocolate Shop | Chocolate | Purd...)">
                  </a> <!-- redirectToLoginPage({EmailID=pratikhood001@gmail.com, Password=Aali@123, HomePageTitle=Chocolate Shop | Chocolate | Purd...) -->
                  <span class="method-name">redirectToLoginPage</span>
                  <span class="parameters">({EmailID=pratikhood001@gmail.com, Password=Aali@123, HomePageTitle=Chocolate Shop | Chocolate | Purdys Chocolatier, LoginPageTitle=Customer Login})</span>
                  <div class="stack-trace">org.openqa.selenium.UnsupportedCommandException: {&quot;value&quot;:{&quot;error&quot;:&quot;unknown method&quot;,&quot;message&quot;:&quot;Not implemented yet for pageLoad.&quot;,&quot;stacktrace&quot;:&quot;NotImplementedError: Not implemented yet for pageLoad.\n    at AndroidUiautomator2Driver.pageLoadTimeoutW3C (/nix/store/a4f03fnyb1njsg95d11hrirds8hfjsc1-appium-1.17.0/node_modules/appium-uiautomator2-driver/node_modules/appium-base-driver/lib/basedriver/commands/timeout.js:83:9)\n    at AndroidUiautomator2Driver.timeouts (/nix/store/a4f03fnyb1njsg95d11hrirds8hfjsc1-appium-1.17.0/node_modules/appium-uiautomator2-driver/node_modules/appium-base-driver/lib/basedriver/commands/timeout.js:40:16)\n    at commandExecutor (/nix/store/a4f03fnyb1njsg95d11hrirds8hfjsc1-appium-1.17.0/node_modules/appium-uiautomator2-driver/node_modules/appium-base-driver/lib/basedriver/driver.js:330:9)\n    at /nix/store/a4f03fnyb1njsg95d11hrirds8hfjsc1-appium-1.17.0/node_modules/appium-uiautomator2-driver/node_modules/async-lock/lib/index.js:125:12\n    at AsyncLock._promiseTry (/nix/store/a4f03fnyb1njsg95d11hrirds8hfjsc1-appium-1.17.0/node_modules/appium-uiautomator2-driver/node_modules/async-lock/lib/index.js:249:31)\n    at exec (/nix/store/a4f03fnyb1njsg95d11hrirds8hfjsc1-appium-1.17.0/node_modules/appium-uiautomator2-driver/node_modules/async-lock/lib/index.js:124:9)\n    at AsyncLock.acquire (/nix/store/a4f03fnyb1njsg95d11hrirds8hfjsc1-appium-1.17.0/node_modules/appium-uiautomator2-driver/node_modules/async-lock/lib/index.js:140:3)\n    at AndroidUiautomator2Driver.executeCommand (/nix/store/a4f03fnyb1njsg95d11hrirds8hfjsc1-appium-1.17.0/node_modules/appium-uiautomator2-driver/node_modules/appium-base-driver/lib/basedriver/driver.js:343:39)\n    at AppiumDriver.executeCommand (/nix/store/a4f03fnyb1njsg95d11hrirds8hfjsc1-appium-1.17.0/lib/appium.js:534:36)\n    at runMicrotasks (&lt;anonymous&gt;)\n    at processTicksAndRejections (internal/process/task_queues.js:97:5)\n    at asyncHandler (/nix/store/a4f03fnyb1njsg95d11hrirds8hfjsc1-appium-1.17.0/node_modules/appium-base-driver/lib/protocol/protocol.js:309:21)&quot;}}
Command duration or timeout: 55 milliseconds
Build info: version: &apos;4.6.0&apos;, revision: &apos;79f1c02ae20&apos;
System info: os.name: &apos;Windows 10&apos;, os.arch: &apos;amd64&apos;, os.version: &apos;10.0&apos;, java.version: &apos;17.0.6&apos;
Driver info: org.openqa.selenium.chrome.ChromeDriver
Command: [f4a668b44615bd0b3cf6005311b11cff484bf37b, setTimeout {pageLoad=50000}]
Capabilities {acceptInsecureCerts: true, appActivity: org.wikipedia.main.MainActi..., appPackage: org.wikipedia.alpha, automationName: uiautomator2, bstack:options: {appiumVersion: 1.17.0, buildIdentifier: #38, hostName: ZIL1280, localIdentifier: 18_Dec_1814_ZIL1280_HpYf}, chromeOptions: {args: [--no-sandbox, --window-size=1920x1080, --start-maximized, --disable-dev-shm-usage, --disable-popup-blocking, --remote-allow-origins=*, user-agent=test-automation-..., --ignore-certificate-errors]}, chromedriverPort: 18083, chromedriverPorts: [[18133, 18143]], databaseEnabled: false, desired: {acceptInsecureCerts: true, appActivity: org.wikipedia.main.MainActi..., appPackage: org.wikipedia.alpha, automationName: uiautomator2, bstack:options: {appiumVersion: 1.17.0, buildIdentifier: #38, hostName: ZIL1280, localIdentifier: 18_Dec_1814_ZIL1280_HpYf}, chromeOptions: {args: [--no-sandbox, --window-size=1920x1080, --start-maximized, --disable-dev-shm-usage, --disable-popup-blocking, --remote-allow-origins=*, user-agent=test-automation-..., --ignore-certificate-errors]}, chromedriverPort: 18083, chromedriverPorts: [[18133, 18143]], deviceName: Android, disableSuppressAccessibilityService: true, goog:chromeOptions: {args: [--no-sandbox, --window-size=1920x1080, --start-maximized, --disable-dev-shm-usage, --disable-popup-blocking, --remote-allow-origins=*, user-agent=test-automation-..., --ignore-certificate-errors]}, nativeWebScreenshot: true, newCommandTimeout: 0, platformName: Android, skipServerInstallation: true, systemPort: 8203, udid: R5CT238SA7H}, deviceApiLevel: 31, deviceManufacturer: samsung, deviceModel: SM-S908E, deviceName: R5CT238SA7H, deviceScreenDensity: 450, deviceScreenSize: 1080x2316, deviceUDID: R5CT238SA7H, disableSuppressAccessibilityService: true, goog:chromeOptions: {args: [--no-sandbox, --window-size=1920x1080, --start-maximized, --disable-dev-shm-usage, --disable-popup-blocking, --remote-allow-origins=*, user-agent=test-automation-..., --ignore-certificate-errors]}, javascriptEnabled: true, locationContextEnabled: false, nativeWebScreenshot: true, networkConnectionEnabled: true, newCommandTimeout: 0, optimalHubUrl: hub-aps.browserstack.com, pixelRatio: 2.8125, platform: LINUX, platformName: ANDROID, platformVersion: 12, skipServerInstallation: true, statBarHeight: 75, systemPort: 8203, takesScreenshot: true, udid: R5CT238SA7H, viewportRect: {height: 2031, left: 0, top: 75, width: 1080}, warnings: {}, webStorageEnabled: false}
Session ID: f4a668b44615bd0b3cf6005311b11cff484bf37b
	at org.openqa.selenium.remote.ErrorHandler.createThrowable(ErrorHandler.java:217)
	at org.openqa.selenium.remote.ErrorHandler.throwIfResponseFailed(ErrorHandler.java:169)
	at org.openqa.selenium.remote.RemoteWebDriver.execute(RemoteWebDriver.java:576)
	at org.openqa.selenium.remote.RemoteWebDriver$RemoteWebDriverOptions$RemoteTimeouts.pageLoadTimeout(RemoteWebDriver.java:897)
	at org.openqa.selenium.support.events.EventFiringWebDriver$EventFiringTimeouts.pageLoadTimeout(EventFiringWebDriver.java:704)
	at org.openqa.selenium.support.events.EventFiringWebDriver$EventFiringTimeouts.pageLoadTimeout(EventFiringWebDriver.java:699)
	at com.perficient.util.TestCaseBase.setUpBrowser(TestCaseBase.java:173)
	at java.base/java.util.ArrayList.forEach(ArrayList.java:1511)
	at java.base/java.util.concurrent.FutureTask.run(FutureTask.java:264)
	at java.base/java.util.concurrent.ThreadPoolExecutor.runWorker(ThreadPoolExecutor.java:1136)
	at java.base/java.util.concurrent.ThreadPoolExecutor$Worker.run(ThreadPoolExecutor.java:635)
	at java.base/java.lang.Thread.run(Thread.java:833)
... Removed 21 stack frames
</div> <!-- stack-trace -->
                </div> <!-- method-content -->
              </div> <!-- method -->
              <div class="method">
                <div class="method-content">
                  <a name="redirectToLoginPage({EmailID=pratikhood001@gmail.com, Password=Aali@123, HomePageTitle=Chocolate Shop | Chocolate | Purd...)">
                  </a> <!-- redirectToLoginPage({EmailID=pratikhood001@gmail.com, Password=Aali@123, HomePageTitle=Chocolate Shop | Chocolate | Purd...) -->
                  <span class="method-name">redirectToLoginPage</span>
                  <span class="parameters">({EmailID=pratikhood001@gmail.com, Password=Aali@123, HomePageTitle=Chocolate Shop | Chocolate | Purdys Chocolatier, LoginPageTitle=Customer Login})</span>
                  <div class="stack-trace">org.openqa.selenium.UnsupportedCommandException: {&quot;value&quot;:{&quot;error&quot;:&quot;unknown method&quot;,&quot;message&quot;:&quot;Not implemented yet for pageLoad.&quot;,&quot;stacktrace&quot;:&quot;NotImplementedError: Not implemented yet for pageLoad.\n    at AndroidUiautomator2Driver.pageLoadTimeoutW3C (/nix/store/a4f03fnyb1njsg95d11hrirds8hfjsc1-appium-1.17.0/node_modules/appium-uiautomator2-driver/node_modules/appium-base-driver/lib/basedriver/commands/timeout.js:83:9)\n    at AndroidUiautomator2Driver.timeouts (/nix/store/a4f03fnyb1njsg95d11hrirds8hfjsc1-appium-1.17.0/node_modules/appium-uiautomator2-driver/node_modules/appium-base-driver/lib/basedriver/commands/timeout.js:40:16)\n    at commandExecutor (/nix/store/a4f03fnyb1njsg95d11hrirds8hfjsc1-appium-1.17.0/node_modules/appium-uiautomator2-driver/node_modules/appium-base-driver/lib/basedriver/driver.js:330:9)\n    at /nix/store/a4f03fnyb1njsg95d11hrirds8hfjsc1-appium-1.17.0/node_modules/appium-uiautomator2-driver/node_modules/async-lock/lib/index.js:125:12\n    at AsyncLock._promiseTry (/nix/store/a4f03fnyb1njsg95d11hrirds8hfjsc1-appium-1.17.0/node_modules/appium-uiautomator2-driver/node_modules/async-lock/lib/index.js:249:31)\n    at exec (/nix/store/a4f03fnyb1njsg95d11hrirds8hfjsc1-appium-1.17.0/node_modules/appium-uiautomator2-driver/node_modules/async-lock/lib/index.js:124:9)\n    at AsyncLock.acquire (/nix/store/a4f03fnyb1njsg95d11hrirds8hfjsc1-appium-1.17.0/node_modules/appium-uiautomator2-driver/node_modules/async-lock/lib/index.js:140:3)\n    at AndroidUiautomator2Driver.executeCommand (/nix/store/a4f03fnyb1njsg95d11hrirds8hfjsc1-appium-1.17.0/node_modules/appium-uiautomator2-driver/node_modules/appium-base-driver/lib/basedriver/driver.js:343:39)\n    at AppiumDriver.executeCommand (/nix/store/a4f03fnyb1njsg95d11hrirds8hfjsc1-appium-1.17.0/lib/appium.js:534:36)\n    at processTicksAndRejections (internal/process/task_queues.js:97:5)\n    at asyncHandler (/nix/store/a4f03fnyb1njsg95d11hrirds8hfjsc1-appium-1.17.0/node_modules/appium-base-driver/lib/protocol/protocol.js:309:21)&quot;}}
Command duration or timeout: 204 milliseconds
Build info: version: &apos;4.6.0&apos;, revision: &apos;79f1c02ae20&apos;
System info: os.name: &apos;Windows 10&apos;, os.arch: &apos;amd64&apos;, os.version: &apos;10.0&apos;, java.version: &apos;17.0.6&apos;
Driver info: org.openqa.selenium.chrome.ChromeDriver
Command: [a29dd1f03c8c751d9fa76878e8616b899b1a6045, setTimeout {pageLoad=50000}]
Capabilities {acceptInsecureCerts: true, appActivity: org.wikipedia.main.MainActi..., appPackage: org.wikipedia.alpha, automationName: uiautomator2, bstack:options: {appiumVersion: 1.17.0, buildIdentifier: #38, hostName: ZIL1280, localIdentifier: 18_Dec_1814_ZIL1280_HpYf}, chromeOptions: {args: [--no-sandbox, --window-size=1920x1080, --start-maximized, --disable-dev-shm-usage, --disable-popup-blocking, --remote-allow-origins=*, user-agent=test-automation-..., --ignore-certificate-errors]}, chromedriverPort: 8085, chromedriverPorts: [[18155, 18165]], databaseEnabled: false, desired: {acceptInsecureCerts: true, appActivity: org.wikipedia.main.MainActi..., appPackage: org.wikipedia.alpha, automationName: uiautomator2, bstack:options: {appiumVersion: 1.17.0, buildIdentifier: #38, hostName: ZIL1280, localIdentifier: 18_Dec_1814_ZIL1280_HpYf}, chromeOptions: {args: [--no-sandbox, --window-size=1920x1080, --start-maximized, --disable-dev-shm-usage, --disable-popup-blocking, --remote-allow-origins=*, user-agent=test-automation-..., --ignore-certificate-errors]}, chromedriverPort: 8085, chromedriverPorts: [[18155, 18165]], deviceName: Android, disableSuppressAccessibilityService: true, goog:chromeOptions: {args: [--no-sandbox, --window-size=1920x1080, --start-maximized, --disable-dev-shm-usage, --disable-popup-blocking, --remote-allow-origins=*, user-agent=test-automation-..., --ignore-certificate-errors]}, nativeWebScreenshot: true, newCommandTimeout: 0, platformName: Android, skipServerInstallation: true, systemPort: 8205, udid: a68008dd}, deviceApiLevel: 30, deviceManufacturer: OnePlus, deviceModel: LE2113, deviceName: a68008dd, deviceScreenDensity: 450, deviceScreenSize: 1080x2400, deviceUDID: a68008dd, disableSuppressAccessibilityService: true, goog:chromeOptions: {args: [--no-sandbox, --window-size=1920x1080, --start-maximized, --disable-dev-shm-usage, --disable-popup-blocking, --remote-allow-origins=*, user-agent=test-automation-..., --ignore-certificate-errors]}, javascriptEnabled: true, locationContextEnabled: false, nativeWebScreenshot: true, networkConnectionEnabled: true, newCommandTimeout: 0, optimalHubUrl: hub-euw.browserstack.com, pixelRatio: 2.8125, platform: LINUX, platformName: ANDROID, platformVersion: 11, skipServerInstallation: true, statBarHeight: 104, systemPort: 8205, takesScreenshot: true, udid: a68008dd, viewportRect: {height: 2058, left: 0, top: 104, width: 1080}, warnings: {}, webStorageEnabled: false}
Session ID: a29dd1f03c8c751d9fa76878e8616b899b1a6045
	at org.openqa.selenium.remote.ErrorHandler.createThrowable(ErrorHandler.java:217)
	at org.openqa.selenium.remote.ErrorHandler.throwIfResponseFailed(ErrorHandler.java:169)
	at org.openqa.selenium.remote.RemoteWebDriver.execute(RemoteWebDriver.java:576)
	at org.openqa.selenium.remote.RemoteWebDriver$RemoteWebDriverOptions$RemoteTimeouts.pageLoadTimeout(RemoteWebDriver.java:897)
	at org.openqa.selenium.support.events.EventFiringWebDriver$EventFiringTimeouts.pageLoadTimeout(EventFiringWebDriver.java:704)
	at org.openqa.selenium.support.events.EventFiringWebDriver$EventFiringTimeouts.pageLoadTimeout(EventFiringWebDriver.java:699)
	at com.perficient.util.TestCaseBase.setUpBrowser(TestCaseBase.java:173)
	at java.base/java.util.ArrayList.forEach(ArrayList.java:1511)
	at java.base/java.util.concurrent.FutureTask.run(FutureTask.java:264)
	at java.base/java.util.concurrent.ThreadPoolExecutor.runWorker(ThreadPoolExecutor.java:1136)
	at java.base/java.util.concurrent.ThreadPoolExecutor$Worker.run(ThreadPoolExecutor.java:635)
	at java.base/java.lang.Thread.run(Thread.java:833)
... Removed 21 stack frames
</div> <!-- stack-trace -->
                </div> <!-- method-content -->
              </div> <!-- method -->
            </div> <!-- main-panel-content rounded-window-bottom -->
          </div> <!-- suite-Suite-class-skipped -->
        </div> <!-- panel Suite -->
        <div panel-name="test-xml-Suite" class="panel">
          <div class="main-panel-header rounded-window-top">
            <span class="header-content">C:\Users\pratik.hood\eclipse-workspace\PurdyTestAutomation\config\Desktop_testngBoost_Functional.xml</span>
          </div> <!-- main-panel-header rounded-window-top -->
          <div class="main-panel-content rounded-window-bottom">
            <pre>
&lt;?xml version=&quot;1.0&quot; encoding=&quot;UTF-8&quot;?&gt;
&lt;!DOCTYPE suite SYSTEM &quot;https://testng.org/testng-1.0.dtd&quot;&gt;
&lt;suite thread-count=&quot;3&quot; parallel=&quot;tests&quot; name=&quot;Suite&quot; guice-stage=&quot;DEVELOPMENT&quot; verbose=&quot;0&quot;&gt;
  &lt;test thread-count=&quot;3&quot; name=&quot;Guest User - Plans Availability-0&quot; verbose=&quot;0&quot;&gt;
    &lt;parameter name=&quot;browserUsed&quot; value=&quot;chromeDesktop&quot;/&gt;
    &lt;parameter name=&quot;environment&quot; value=&quot;test&quot;/&gt;
    &lt;parameter name=&quot;suiteReportName&quot; value=&quot;TQA_Regression_Boost_1&quot;/&gt;
    &lt;parameter name=&quot;platform&quot; value=&quot;0&quot;/&gt;
    &lt;classes&gt;
      &lt;class name=&quot;com.perficient.testCases.Desktop.purdy.Verify_Login_Page_with_valid_credentials&quot;/&gt;
    &lt;/classes&gt;
  &lt;/test&gt; &lt;!-- Guest User - Plans Availability-0 --&gt;
  &lt;test thread-count=&quot;3&quot; name=&quot;Guest User - Plans Availability-1&quot; verbose=&quot;0&quot;&gt;
    &lt;parameter name=&quot;browserUsed&quot; value=&quot;chromeDesktop&quot;/&gt;
    &lt;parameter name=&quot;environment&quot; value=&quot;test&quot;/&gt;
    &lt;parameter name=&quot;suiteReportName&quot; value=&quot;TQA_Regression_Boost_1&quot;/&gt;
    &lt;parameter name=&quot;platform&quot; value=&quot;1&quot;/&gt;
    &lt;classes&gt;
      &lt;class name=&quot;com.perficient.testCases.Desktop.purdy.Verify_Login_Page_with_valid_credentials&quot;/&gt;
    &lt;/classes&gt;
  &lt;/test&gt; &lt;!-- Guest User - Plans Availability-1 --&gt;
  &lt;test thread-count=&quot;3&quot; name=&quot;Guest User - Plans Availability-2&quot; verbose=&quot;0&quot;&gt;
    &lt;parameter name=&quot;browserUsed&quot; value=&quot;chromeDesktop&quot;/&gt;
    &lt;parameter name=&quot;environment&quot; value=&quot;test&quot;/&gt;
    &lt;parameter name=&quot;suiteReportName&quot; value=&quot;TQA_Regression_Boost_1&quot;/&gt;
    &lt;parameter name=&quot;platform&quot; value=&quot;2&quot;/&gt;
    &lt;classes&gt;
      &lt;class name=&quot;com.perficient.testCases.Desktop.purdy.Verify_Login_Page_with_valid_credentials&quot;/&gt;
    &lt;/classes&gt;
  &lt;/test&gt; &lt;!-- Guest User - Plans Availability-2 --&gt;
&lt;/suite&gt; &lt;!-- Suite --&gt;
            </pre>
          </div> <!-- main-panel-content rounded-window-bottom -->
        </div> <!-- panel -->
        <div panel-name="testlist-Suite" class="panel">
          <div class="main-panel-header rounded-window-top">
            <span class="header-content">Tests for Suite</span>
          </div> <!-- main-panel-header rounded-window-top -->
          <div class="main-panel-content rounded-window-bottom">
            <ul>
              <li>
                <span class="test-name">Guest User - Plans Availability-0 (1 class)</span>
              </li>
              <li>
                <span class="test-name">Guest User - Plans Availability-1 (1 class)</span>
              </li>
              <li>
                <span class="test-name">Guest User - Plans Availability-2 (1 class)</span>
              </li>
            </ul>
          </div> <!-- main-panel-content rounded-window-bottom -->
        </div> <!-- panel -->
        <div panel-name="group-Suite" class="panel">
          <div class="main-panel-header rounded-window-top">
            <span class="header-content">Groups for Suite</span>
          </div> <!-- main-panel-header rounded-window-top -->
          <div class="main-panel-content rounded-window-bottom">
            <div class="test-group">
              <span class="test-group-name">desktop</span>
              <br/>
              <div class="method-in-group">
                <span class="method-in-group-name">customerLogin</span>
                <br/>
              </div> <!-- method-in-group -->
              <div class="method-in-group">
                <span class="method-in-group-name">homePageValidationAfterLogin</span>
                <br/>
              </div> <!-- method-in-group -->
              <div class="method-in-group">
                <span class="method-in-group-name">redirectToLoginPage</span>
                <br/>
              </div> <!-- method-in-group -->
            </div> <!-- test-group -->
            <div class="test-group">
              <span class="test-group-name">regression</span>
              <br/>
              <div class="method-in-group">
                <span class="method-in-group-name">customerLogin</span>
                <br/>
              </div> <!-- method-in-group -->
              <div class="method-in-group">
                <span class="method-in-group-name">homePageValidationAfterLogin</span>
                <br/>
              </div> <!-- method-in-group -->
              <div class="method-in-group">
                <span class="method-in-group-name">redirectToLoginPage</span>
                <br/>
              </div> <!-- method-in-group -->
            </div> <!-- test-group -->
            <div class="test-group">
              <span class="test-group-name">smokes</span>
              <br/>
              <div class="method-in-group">
                <span class="method-in-group-name">customerLogin</span>
                <br/>
              </div> <!-- method-in-group -->
              <div class="method-in-group">
                <span class="method-in-group-name">homePageValidationAfterLogin</span>
                <br/>
              </div> <!-- method-in-group -->
              <div class="method-in-group">
                <span class="method-in-group-name">redirectToLoginPage</span>
                <br/>
              </div> <!-- method-in-group -->
            </div> <!-- test-group -->
          </div> <!-- main-panel-content rounded-window-bottom -->
        </div> <!-- panel -->
        <div panel-name="times-Suite" class="panel">
          <div class="main-panel-header rounded-window-top">
            <span class="header-content">Times for Suite</span>
          </div> <!-- main-panel-header rounded-window-top -->
          <div class="main-panel-content rounded-window-bottom">
            <div class="times-div">
              <script type="text/javascript">
suiteTableInitFunctions.push('tableData_Suite');
function tableData_Suite() {
var data = new google.visualization.DataTable();
data.addColumn('number', 'Number');
data.addColumn('string', 'Method');
data.addColumn('string', 'Class');
data.addColumn('number', 'Time (ms)');
data.addRows(9);
data.setCell(0, 0, 0)
data.setCell(0, 1, 'customerLogin')
data.setCell(0, 2, 'com.perficient.testCases.Desktop.purdy.Verify_Login_Page_with_valid_credentials')
data.setCell(0, 3, 0);
data.setCell(1, 0, 1)
data.setCell(1, 1, 'homePageValidationAfterLogin')
data.setCell(1, 2, 'com.perficient.testCases.Desktop.purdy.Verify_Login_Page_with_valid_credentials')
data.setCell(1, 3, 0);
data.setCell(2, 0, 2)
data.setCell(2, 1, 'redirectToLoginPage')
data.setCell(2, 2, 'com.perficient.testCases.Desktop.purdy.Verify_Login_Page_with_valid_credentials')
data.setCell(2, 3, 0);
data.setCell(3, 0, 3)
data.setCell(3, 1, 'redirectToLoginPage')
data.setCell(3, 2, 'com.perficient.testCases.Desktop.purdy.Verify_Login_Page_with_valid_credentials')
data.setCell(3, 3, 0);
data.setCell(4, 0, 4)
data.setCell(4, 1, 'homePageValidationAfterLogin')
data.setCell(4, 2, 'com.perficient.testCases.Desktop.purdy.Verify_Login_Page_with_valid_credentials')
data.setCell(4, 3, 0);
data.setCell(5, 0, 5)
data.setCell(5, 1, 'customerLogin')
data.setCell(5, 2, 'com.perficient.testCases.Desktop.purdy.Verify_Login_Page_with_valid_credentials')
data.setCell(5, 3, 0);
data.setCell(6, 0, 6)
data.setCell(6, 1, 'redirectToLoginPage')
data.setCell(6, 2, 'com.perficient.testCases.Desktop.purdy.Verify_Login_Page_with_valid_credentials')
data.setCell(6, 3, 0);
data.setCell(7, 0, 7)
data.setCell(7, 1, 'homePageValidationAfterLogin')
data.setCell(7, 2, 'com.perficient.testCases.Desktop.purdy.Verify_Login_Page_with_valid_credentials')
data.setCell(7, 3, 0);
data.setCell(8, 0, 8)
data.setCell(8, 1, 'customerLogin')
data.setCell(8, 2, 'com.perficient.testCases.Desktop.purdy.Verify_Login_Page_with_valid_credentials')
data.setCell(8, 3, 0);
window.suiteTableData['Suite']= { tableData: data, tableDiv: 'times-div-Suite'}
return data;
}
              </script>
              <span class="suite-total-time">Total running time: 4 minutes</span>
              <div id="times-div-Suite">
              </div> <!-- times-div-Suite -->
            </div> <!-- times-div -->
          </div> <!-- main-panel-content rounded-window-bottom -->
        </div> <!-- panel -->
        <div panel-name="reporter-Suite" class="panel">
          <div class="main-panel-header rounded-window-top">
            <span class="header-content">Reporter output for Suite</span>
          </div> <!-- main-panel-header rounded-window-top -->
          <div class="main-panel-content rounded-window-bottom">
          </div> <!-- main-panel-content rounded-window-bottom -->
        </div> <!-- panel -->
        <div panel-name="ignored-methods-Suite" class="panel">
          <div class="main-panel-header rounded-window-top">
            <span class="header-content">0 ignored methods</span>
          </div> <!-- main-panel-header rounded-window-top -->
          <div class="main-panel-content rounded-window-bottom">
          </div> <!-- main-panel-content rounded-window-bottom -->
        </div> <!-- panel -->
        <div panel-name="chronological-Suite" class="panel">
          <div class="main-panel-header rounded-window-top">
            <span class="header-content">Methods in chronological order</span>
          </div> <!-- main-panel-header rounded-window-top -->
          <div class="main-panel-content rounded-window-bottom">
            <div class="chronological-class">
              <div class="chronological-class-name">com.perficient.testCases.Desktop.purdy.Verify_Login_Page_with_valid_credentials</div> <!-- chronological-class-name -->
              <div class="configuration-suite before">
                <span class="method-name">generateBuildNumber</span>
                <span class="method-start">0 ms</span>
              </div> <!-- configuration-suite before -->
              <div class="configuration-class before">
                <img src="failed.png">
                </img>
                <span class="method-name">setUpBrowser(chromeDesktop, false, localhost, 4444, test, 10.128.190.5, 9200, ngpautomation, _doc, testing, TQA_R...)</span>
                <span class="method-start">133 ms</span>
              </div> <!-- configuration-class before -->
              <div class="configuration-class before">
                <img src="failed.png">
                </img>
                <span class="method-name">setUpBrowser(chromeDesktop, false, localhost, 4444, test, 10.128.190.5, 9200, ngpautomation, _doc, testing, TQA_R...)</span>
                <span class="method-start">133 ms</span>
              </div> <!-- configuration-class before -->
              <div class="configuration-class before">
                <img src="failed.png">
                </img>
                <span class="method-name">setUpBrowser(chromeDesktop, false, localhost, 4444, test, 10.128.190.5, 9200, ngpautomation, _doc, testing, TQA_R...)</span>
                <span class="method-start">133 ms</span>
              </div> <!-- configuration-class before -->
              <div class="configuration-method before">
                <span class="method-name">beforeMethod(public void com.perficient.testCases.Desktop.purdy.Verify_Login_Page_with_valid_credentials.customer...)</span>
                <span class="method-start">260577 ms</span>
              </div> <!-- configuration-method before -->
              <div class="test-method">
                <span class="method-name">customerLogin({EmailID=pratikhood001@gmail.com, Password=Aali@123, HomePageTitle=Chocolate Shop | Chocolate | Purd...)</span>
                <span class="method-start">260827 ms</span>
              </div> <!-- test-method -->
              <div class="configuration-method before">
                <span class="method-name">beforeMethod(public void com.perficient.testCases.Desktop.purdy.Verify_Login_Page_with_valid_credentials.customer...)</span>
                <span class="method-start">261596 ms</span>
              </div> <!-- configuration-method before -->
              <div class="test-method">
                <span class="method-name">customerLogin({EmailID=pratikhood001@gmail.com, Password=Aali@123, HomePageTitle=Chocolate Shop | Chocolate | Purd...)</span>
                <span class="method-start">261744 ms</span>
              </div> <!-- test-method -->
              <div class="configuration-method after">
                <span class="method-name">afterMethod(public void com.perficient.testCases.Desktop.purdy.Verify_Login_Page_with_valid_credentials.customer...)</span>
                <span class="method-start">261776 ms</span>
              </div> <!-- configuration-method after -->
              <div class="configuration-method before">
                <span class="method-name">beforeMethod(public void com.perficient.testCases.Desktop.purdy.Verify_Login_Page_with_valid_credentials.redirect...)</span>
                <span class="method-start">262108 ms</span>
              </div> <!-- configuration-method before -->
              <div class="test-method">
                <span class="method-name">redirectToLoginPage({EmailID=pratikhood001@gmail.com, Password=Aali@123, HomePageTitle=Chocolate Shop | Chocolate | Purd...)</span>
                <span class="method-start">262275 ms</span>
              </div> <!-- test-method -->
              <div class="configuration-method after">
                <span class="method-name">afterMethod(public void com.perficient.testCases.Desktop.purdy.Verify_Login_Page_with_valid_credentials.customer...)</span>
                <span class="method-start">262409 ms</span>
              </div> <!-- configuration-method after -->
              <div class="configuration-method before">
                <span class="method-name">beforeMethod(public void com.perficient.testCases.Desktop.purdy.Verify_Login_Page_with_valid_credentials.redirect...)</span>
                <span class="method-start">262723 ms</span>
              </div> <!-- configuration-method before -->
              <div class="test-method">
                <span class="method-name">redirectToLoginPage({EmailID=pratikhood001@gmail.com, Password=Aali@123, HomePageTitle=Chocolate Shop | Chocolate | Purd...)</span>
                <span class="method-start">262854 ms</span>
              </div> <!-- test-method -->
              <div class="configuration-method after">
                <span class="method-name">afterMethod(public void com.perficient.testCases.Desktop.purdy.Verify_Login_Page_with_valid_credentials.redirect...)</span>
                <span class="method-start">262914 ms</span>
              </div> <!-- configuration-method after -->
              <div class="configuration-method before">
                <span class="method-name">beforeMethod(public void com.perficient.testCases.Desktop.purdy.Verify_Login_Page_with_valid_credentials.homePage...)</span>
                <span class="method-start">263272 ms</span>
              </div> <!-- configuration-method before -->
              <div class="configuration-method after">
                <span class="method-name">afterMethod(public void com.perficient.testCases.Desktop.purdy.Verify_Login_Page_with_valid_credentials.redirect...)</span>
                <span class="method-start">263369 ms</span>
              </div> <!-- configuration-method after -->
              <div class="test-method">
                <span class="method-name">homePageValidationAfterLogin({EmailID=pratikhood001@gmail.com, Password=Aali@123, HomePageTitle=Chocolate Shop | Chocolate | Purd...)</span>
                <span class="method-start">263407 ms</span>
              </div> <!-- test-method -->
              <div class="configuration-method before">
                <span class="method-name">beforeMethod(public void com.perficient.testCases.Desktop.purdy.Verify_Login_Page_with_valid_credentials.homePage...)</span>
                <span class="method-start">263787 ms</span>
              </div> <!-- configuration-method before -->
              <div class="test-method">
                <span class="method-name">homePageValidationAfterLogin({EmailID=pratikhood001@gmail.com, Password=Aali@123, HomePageTitle=Chocolate Shop | Chocolate | Purd...)</span>
                <span class="method-start">263956 ms</span>
              </div> <!-- test-method -->
              <div class="configuration-method after">
                <span class="method-name">afterMethod(public void com.perficient.testCases.Desktop.purdy.Verify_Login_Page_with_valid_credentials.homePage...)</span>
                <span class="method-start">264220 ms</span>
              </div> <!-- configuration-method after -->
              <div class="configuration-method after">
                <span class="method-name">afterMethod(public void com.perficient.testCases.Desktop.purdy.Verify_Login_Page_with_valid_credentials.homePage...)</span>
                <span class="method-start">264496 ms</span>
              </div> <!-- configuration-method after -->
              <div class="configuration-class after">
                <span class="method-name">tearDown(org.testng.TestRunner@a098d76)</span>
                <span class="method-start">264556 ms</span>
              </div> <!-- configuration-class after -->
              <div class="configuration-class after">
                <span class="method-name">tearDown(org.testng.TestRunner@40e37b06)</span>
                <span class="method-start">264798 ms</span>
              </div> <!-- configuration-class after -->
              <div class="configuration-method before">
                <span class="method-name">beforeMethod(public void com.perficient.testCases.Desktop.purdy.Verify_Login_Page_with_valid_credentials.customer...)</span>
                <span class="method-start">265062 ms</span>
              </div> <!-- configuration-method before -->
              <div class="test-method">
                <span class="method-name">customerLogin({EmailID=pratikhood001@gmail.com, Password=Aali@123, HomePageTitle=Chocolate Shop | Chocolate | Purd...)</span>
                <span class="method-start">265212 ms</span>
              </div> <!-- test-method -->
              <div class="configuration-method after">
                <span class="method-name">afterMethod(public void com.perficient.testCases.Desktop.purdy.Verify_Login_Page_with_valid_credentials.customer...)</span>
                <span class="method-start">266089 ms</span>
              </div> <!-- configuration-method after -->
              <div class="configuration-method before">
                <span class="method-name">beforeMethod(public void com.perficient.testCases.Desktop.purdy.Verify_Login_Page_with_valid_credentials.redirect...)</span>
                <span class="method-start">266491 ms</span>
              </div> <!-- configuration-method before -->
              <div class="test-method">
                <span class="method-name">redirectToLoginPage({EmailID=pratikhood001@gmail.com, Password=Aali@123, HomePageTitle=Chocolate Shop | Chocolate | Purd...)</span>
                <span class="method-start">266701 ms</span>
              </div> <!-- test-method -->
              <div class="configuration-method after">
                <span class="method-name">afterMethod(public void com.perficient.testCases.Desktop.purdy.Verify_Login_Page_with_valid_credentials.redirect...)</span>
                <span class="method-start">267526 ms</span>
              </div> <!-- configuration-method after -->
              <div class="configuration-method before">
                <span class="method-name">beforeMethod(public void com.perficient.testCases.Desktop.purdy.Verify_Login_Page_with_valid_credentials.homePage...)</span>
                <span class="method-start">267790 ms</span>
              </div> <!-- configuration-method before -->
              <div class="test-method">
                <span class="method-name">homePageValidationAfterLogin({EmailID=pratikhood001@gmail.com, Password=Aali@123, HomePageTitle=Chocolate Shop | Chocolate | Purd...)</span>
                <span class="method-start">267978 ms</span>
              </div> <!-- test-method -->
              <div class="configuration-method after">
                <span class="method-name">afterMethod(public void com.perficient.testCases.Desktop.purdy.Verify_Login_Page_with_valid_credentials.homePage...)</span>
                <span class="method-start">268661 ms</span>
              </div> <!-- configuration-method after -->
              <div class="configuration-class after">
                <span class="method-name">tearDown(org.testng.TestRunner@733aa9d8)</span>
                <span class="method-start">269022 ms</span>
              </div> <!-- configuration-class after -->
              <div class="configuration-suite after">
                <span class="method-name">afterSuite</span>
                <span class="method-start">271010 ms</span>
              </div> <!-- configuration-suite after -->
          </div> <!-- main-panel-content rounded-window-bottom -->
        </div> <!-- panel -->
      </div> <!-- main-panel-root -->
    </div> <!-- wrapper -->
  </body>
<script type="text/javascript" src="testng-reports2.js"></script>
</html>
