<?xml version="1.0" encoding="UTF-8"?>
<testng-results ignored="0" total="9" passed="0" failed="0" skipped="9">
  <reporter-output>
  </reporter-output>
  <suite started-at="2023-12-18T18:15:00 IST" name="Suite" finished-at="2023-12-18T18:19:31 IST" duration-ms="270868">
    <groups>
      <group name="desktop">
        <method signature="Verify_Login_Page_with_valid_credentials.customerLogin(java.util.Hashtable)[pri:0, instance:com.perficient.testCases.Desktop.purdy.Verify_Login_Page_with_valid_credentials@2ca5f1ed]" name="customerLogin" class="com.perficient.testCases.Desktop.purdy.Verify_Login_Page_with_valid_credentials"/>
        <method signature="Verify_Login_Page_with_valid_credentials.homePageValidationAfterLogin(java.util.Hashtable)[pri:2, instance:com.perficient.testCases.Desktop.purdy.Verify_Login_Page_with_valid_credentials@2ca5f1ed]" name="homePageValidationAfterLogin" class="com.perficient.testCases.Desktop.purdy.Verify_Login_Page_with_valid_credentials"/>
        <method signature="Verify_Login_Page_with_valid_credentials.redirectToLoginPage(java.util.Hashtable)[pri:1, instance:com.perficient.testCases.Desktop.purdy.Verify_Login_Page_with_valid_credentials@2ca5f1ed]" name="redirectToLoginPage" class="com.perficient.testCases.Desktop.purdy.Verify_Login_Page_with_valid_credentials"/>
        <method signature="Verify_Login_Page_with_valid_credentials.customerLogin(java.util.Hashtable)[pri:0, instance:com.perficient.testCases.Desktop.purdy.Verify_Login_Page_with_valid_credentials@2881ad47]" name="customerLogin" class="com.perficient.testCases.Desktop.purdy.Verify_Login_Page_with_valid_credentials"/>
        <method signature="Verify_Login_Page_with_valid_credentials.homePageValidationAfterLogin(java.util.Hashtable)[pri:2, instance:com.perficient.testCases.Desktop.purdy.Verify_Login_Page_with_valid_credentials@2881ad47]" name="homePageValidationAfterLogin" class="com.perficient.testCases.Desktop.purdy.Verify_Login_Page_with_valid_credentials"/>
        <method signature="Verify_Login_Page_with_valid_credentials.redirectToLoginPage(java.util.Hashtable)[pri:1, instance:com.perficient.testCases.Desktop.purdy.Verify_Login_Page_with_valid_credentials@2881ad47]" name="redirectToLoginPage" class="com.perficient.testCases.Desktop.purdy.Verify_Login_Page_with_valid_credentials"/>
        <method signature="Verify_Login_Page_with_valid_credentials.customerLogin(java.util.Hashtable)[pri:0, instance:com.perficient.testCases.Desktop.purdy.Verify_Login_Page_with_valid_credentials@3fd2322d]" name="customerLogin" class="com.perficient.testCases.Desktop.purdy.Verify_Login_Page_with_valid_credentials"/>
        <method signature="Verify_Login_Page_with_valid_credentials.homePageValidationAfterLogin(java.util.Hashtable)[pri:2, instance:com.perficient.testCases.Desktop.purdy.Verify_Login_Page_with_valid_credentials@3fd2322d]" name="homePageValidationAfterLogin" class="com.perficient.testCases.Desktop.purdy.Verify_Login_Page_with_valid_credentials"/>
        <method signature="Verify_Login_Page_with_valid_credentials.redirectToLoginPage(java.util.Hashtable)[pri:1, instance:com.perficient.testCases.Desktop.purdy.Verify_Login_Page_with_valid_credentials@3fd2322d]" name="redirectToLoginPage" class="com.perficient.testCases.Desktop.purdy.Verify_Login_Page_with_valid_credentials"/>
      </group> <!-- desktop -->
      <group name="smokes">
        <method signature="Verify_Login_Page_with_valid_credentials.customerLogin(java.util.Hashtable)[pri:0, instance:com.perficient.testCases.Desktop.purdy.Verify_Login_Page_with_valid_credentials@2ca5f1ed]" name="customerLogin" class="com.perficient.testCases.Desktop.purdy.Verify_Login_Page_with_valid_credentials"/>
        <method signature="Verify_Login_Page_with_valid_credentials.homePageValidationAfterLogin(java.util.Hashtable)[pri:2, instance:com.perficient.testCases.Desktop.purdy.Verify_Login_Page_with_valid_credentials@2ca5f1ed]" name="homePageValidationAfterLogin" class="com.perficient.testCases.Desktop.purdy.Verify_Login_Page_with_valid_credentials"/>
        <method signature="Verify_Login_Page_with_valid_credentials.redirectToLoginPage(java.util.Hashtable)[pri:1, instance:com.perficient.testCases.Desktop.purdy.Verify_Login_Page_with_valid_credentials@2ca5f1ed]" name="redirectToLoginPage" class="com.perficient.testCases.Desktop.purdy.Verify_Login_Page_with_valid_credentials"/>
        <method signature="Verify_Login_Page_with_valid_credentials.customerLogin(java.util.Hashtable)[pri:0, instance:com.perficient.testCases.Desktop.purdy.Verify_Login_Page_with_valid_credentials@2881ad47]" name="customerLogin" class="com.perficient.testCases.Desktop.purdy.Verify_Login_Page_with_valid_credentials"/>
        <method signature="Verify_Login_Page_with_valid_credentials.homePageValidationAfterLogin(java.util.Hashtable)[pri:2, instance:com.perficient.testCases.Desktop.purdy.Verify_Login_Page_with_valid_credentials@2881ad47]" name="homePageValidationAfterLogin" class="com.perficient.testCases.Desktop.purdy.Verify_Login_Page_with_valid_credentials"/>
        <method signature="Verify_Login_Page_with_valid_credentials.redirectToLoginPage(java.util.Hashtable)[pri:1, instance:com.perficient.testCases.Desktop.purdy.Verify_Login_Page_with_valid_credentials@2881ad47]" name="redirectToLoginPage" class="com.perficient.testCases.Desktop.purdy.Verify_Login_Page_with_valid_credentials"/>
        <method signature="Verify_Login_Page_with_valid_credentials.customerLogin(java.util.Hashtable)[pri:0, instance:com.perficient.testCases.Desktop.purdy.Verify_Login_Page_with_valid_credentials@3fd2322d]" name="customerLogin" class="com.perficient.testCases.Desktop.purdy.Verify_Login_Page_with_valid_credentials"/>
        <method signature="Verify_Login_Page_with_valid_credentials.homePageValidationAfterLogin(java.util.Hashtable)[pri:2, instance:com.perficient.testCases.Desktop.purdy.Verify_Login_Page_with_valid_credentials@3fd2322d]" name="homePageValidationAfterLogin" class="com.perficient.testCases.Desktop.purdy.Verify_Login_Page_with_valid_credentials"/>
        <method signature="Verify_Login_Page_with_valid_credentials.redirectToLoginPage(java.util.Hashtable)[pri:1, instance:com.perficient.testCases.Desktop.purdy.Verify_Login_Page_with_valid_credentials@3fd2322d]" name="redirectToLoginPage" class="com.perficient.testCases.Desktop.purdy.Verify_Login_Page_with_valid_credentials"/>
      </group> <!-- smokes -->
      <group name="regression">
        <method signature="Verify_Login_Page_with_valid_credentials.customerLogin(java.util.Hashtable)[pri:0, instance:com.perficient.testCases.Desktop.purdy.Verify_Login_Page_with_valid_credentials@2ca5f1ed]" name="customerLogin" class="com.perficient.testCases.Desktop.purdy.Verify_Login_Page_with_valid_credentials"/>
        <method signature="Verify_Login_Page_with_valid_credentials.homePageValidationAfterLogin(java.util.Hashtable)[pri:2, instance:com.perficient.testCases.Desktop.purdy.Verify_Login_Page_with_valid_credentials@2ca5f1ed]" name="homePageValidationAfterLogin" class="com.perficient.testCases.Desktop.purdy.Verify_Login_Page_with_valid_credentials"/>
        <method signature="Verify_Login_Page_with_valid_credentials.redirectToLoginPage(java.util.Hashtable)[pri:1, instance:com.perficient.testCases.Desktop.purdy.Verify_Login_Page_with_valid_credentials@2ca5f1ed]" name="redirectToLoginPage" class="com.perficient.testCases.Desktop.purdy.Verify_Login_Page_with_valid_credentials"/>
        <method signature="Verify_Login_Page_with_valid_credentials.customerLogin(java.util.Hashtable)[pri:0, instance:com.perficient.testCases.Desktop.purdy.Verify_Login_Page_with_valid_credentials@2881ad47]" name="customerLogin" class="com.perficient.testCases.Desktop.purdy.Verify_Login_Page_with_valid_credentials"/>
        <method signature="Verify_Login_Page_with_valid_credentials.homePageValidationAfterLogin(java.util.Hashtable)[pri:2, instance:com.perficient.testCases.Desktop.purdy.Verify_Login_Page_with_valid_credentials@2881ad47]" name="homePageValidationAfterLogin" class="com.perficient.testCases.Desktop.purdy.Verify_Login_Page_with_valid_credentials"/>
        <method signature="Verify_Login_Page_with_valid_credentials.redirectToLoginPage(java.util.Hashtable)[pri:1, instance:com.perficient.testCases.Desktop.purdy.Verify_Login_Page_with_valid_credentials@2881ad47]" name="redirectToLoginPage" class="com.perficient.testCases.Desktop.purdy.Verify_Login_Page_with_valid_credentials"/>
        <method signature="Verify_Login_Page_with_valid_credentials.customerLogin(java.util.Hashtable)[pri:0, instance:com.perficient.testCases.Desktop.purdy.Verify_Login_Page_with_valid_credentials@3fd2322d]" name="customerLogin" class="com.perficient.testCases.Desktop.purdy.Verify_Login_Page_with_valid_credentials"/>
        <method signature="Verify_Login_Page_with_valid_credentials.homePageValidationAfterLogin(java.util.Hashtable)[pri:2, instance:com.perficient.testCases.Desktop.purdy.Verify_Login_Page_with_valid_credentials@3fd2322d]" name="homePageValidationAfterLogin" class="com.perficient.testCases.Desktop.purdy.Verify_Login_Page_with_valid_credentials"/>
        <method signature="Verify_Login_Page_with_valid_credentials.redirectToLoginPage(java.util.Hashtable)[pri:1, instance:com.perficient.testCases.Desktop.purdy.Verify_Login_Page_with_valid_credentials@3fd2322d]" name="redirectToLoginPage" class="com.perficient.testCases.Desktop.purdy.Verify_Login_Page_with_valid_credentials"/>
      </group> <!-- regression -->
    </groups>
    <test started-at="2023-12-18T18:15:00 IST" name="Guest User - Plans Availability-1" finished-at="2023-12-18T18:19:26 IST" duration-ms="266703">
      <class name="com.perficient.testCases.Desktop.purdy.Verify_Login_Page_with_valid_credentials">
        <test-method is-config="true" signature="setUpBrowser(java.lang.String,java.lang.String,java.lang.String,java.lang.String,java.lang.String,java.lang.String,java.lang.String,java.lang.String,java.lang.String,java.lang.String,java.lang.String,java.lang.String,java.lang.String,java.lang.String,java.lang.String,java.lang.String)[pri:0, instance:com.perficient.testCases.Desktop.purdy.Verify_Login_Page_with_valid_credentials@2881ad47]" started-at="2023-12-18T18:15:00 IST" name="setUpBrowser" finished-at="2023-12-18T18:19:20 IST" duration-ms="259990" status="FAIL">
          <params>
            <param index="0">
              <value>
                <![CDATA[chromeDesktop]]>
              </value>
            </param>
            <param index="1">
              <value>
                <![CDATA[false]]>
              </value>
            </param>
            <param index="2">
              <value>
                <![CDATA[localhost]]>
              </value>
            </param>
            <param index="3">
              <value>
                <![CDATA[4444]]>
              </value>
            </param>
            <param index="4">
              <value>
                <![CDATA[test]]>
              </value>
            </param>
            <param index="5">
              <value>
                <![CDATA[10.128.190.5]]>
              </value>
            </param>
            <param index="6">
              <value>
                <![CDATA[9200]]>
              </value>
            </param>
            <param index="7">
              <value>
                <![CDATA[ngpautomation]]>
              </value>
            </param>
            <param index="8">
              <value>
                <![CDATA[_doc]]>
              </value>
            </param>
            <param index="9">
              <value>
                <![CDATA[testing]]>
              </value>
            </param>
            <param index="10">
              <value>
                <![CDATA[TQA_Regression_Boost_1]]>
              </value>
            </param>
            <param index="11">
              <value>
                <![CDATA[Mac]]>
              </value>
            </param>
            <param index="12">
              <value>
                <![CDATA[macOS Catalina]]>
              </value>
            </param>
            <param index="13">
              <value>
                <![CDATA[117]]>
              </value>
            </param>
            <param index="14">
              <value>
                <![CDATA[3840x216]]>
              </value>
            </param>
            <param index="15">
              <value>
                <![CDATA[US East]]>
              </value>
            </param>
          </params>
          <exception class="org.openqa.selenium.UnsupportedCommandException">
            <message>
              <![CDATA[{"value":{"error":"unknown method","message":"Not implemented yet for pageLoad.","stacktrace":"NotImplementedError: Not implemented yet for pageLoad.\n    at AndroidUiautomator2Driver.pageLoadTimeoutW3C (/nix/store/a4f03fnyb1njsg95d11hrirds8hfjsc1-appium-1.17.0/node_modules/appium-uiautomator2-driver/node_modules/appium-base-driver/lib/basedriver/commands/timeout.js:83:9)\n    at AndroidUiautomator2Driver.timeouts (/nix/store/a4f03fnyb1njsg95d11hrirds8hfjsc1-appium-1.17.0/node_modules/appium-uiautomator2-driver/node_modules/appium-base-driver/lib/basedriver/commands/timeout.js:40:16)\n    at commandExecutor (/nix/store/a4f03fnyb1njsg95d11hrirds8hfjsc1-appium-1.17.0/node_modules/appium-uiautomator2-driver/node_modules/appium-base-driver/lib/basedriver/driver.js:330:9)\n    at /nix/store/a4f03fnyb1njsg95d11hrirds8hfjsc1-appium-1.17.0/node_modules/appium-uiautomator2-driver/node_modules/async-lock/lib/index.js:125:12\n    at AsyncLock._promiseTry (/nix/store/a4f03fnyb1njsg95d11hrirds8hfjsc1-appium-1.17.0/node_modules/appium-uiautomator2-driver/node_modules/async-lock/lib/index.js:249:31)\n    at exec (/nix/store/a4f03fnyb1njsg95d11hrirds8hfjsc1-appium-1.17.0/node_modules/appium-uiautomator2-driver/node_modules/async-lock/lib/index.js:124:9)\n    at AsyncLock.acquire (/nix/store/a4f03fnyb1njsg95d11hrirds8hfjsc1-appium-1.17.0/node_modules/appium-uiautomator2-driver/node_modules/async-lock/lib/index.js:140:3)\n    at AndroidUiautomator2Driver.executeCommand (/nix/store/a4f03fnyb1njsg95d11hrirds8hfjsc1-appium-1.17.0/node_modules/appium-uiautomator2-driver/node_modules/appium-base-driver/lib/basedriver/driver.js:343:39)\n    at AppiumDriver.executeCommand (/nix/store/a4f03fnyb1njsg95d11hrirds8hfjsc1-appium-1.17.0/lib/appium.js:534:36)\n    at runMicrotasks (<anonymous>)\n    at processTicksAndRejections (internal/process/task_queues.js:97:5)\n    at asyncHandler (/nix/store/a4f03fnyb1njsg95d11hrirds8hfjsc1-appium-1.17.0/node_modules/appium-base-driver/lib/protocol/protocol.js:309:21)"}}
Command duration or timeout: 53 milliseconds
Build info: version: '4.6.0', revision: '79f1c02ae20'
System info: os.name: 'Windows 10', os.arch: 'amd64', os.version: '10.0', java.version: '17.0.6'
Driver info: org.openqa.selenium.chrome.ChromeDriver
Command: [307b2860512b0e8748c6346fcecc0cc57a861024, setTimeout {pageLoad=50000}]
Capabilities {acceptInsecureCerts: true, appActivity: org.wikipedia.main.MainActi..., appPackage: org.wikipedia.alpha, automationName: uiautomator2, bstack:options: {appiumVersion: 1.17.0, buildIdentifier: #38, hostName: ZIL1280, localIdentifier: 18_Dec_1814_ZIL1280_HpYf}, chromeOptions: {args: [--no-sandbox, --window-size=1920x1080, --start-maximized, --disable-dev-shm-usage, --disable-popup-blocking, --remote-allow-origins=*, user-agent=test-automation-..., --ignore-certificate-errors]}, chromedriverArgs: [--adb-port=5038], chromedriverPort: 18080, chromedriverPorts: [[18100, 18110]], databaseEnabled: false, desired: {acceptInsecureCerts: true, appActivity: org.wikipedia.main.MainActi..., appPackage: org.wikipedia.alpha, automationName: uiautomator2, bstack:options: {appiumVersion: 1.17.0, buildIdentifier: #38, hostName: ZIL1280, localIdentifier: 18_Dec_1814_ZIL1280_HpYf}, chromeOptions: {args: [--no-sandbox, --window-size=1920x1080, --start-maximized, --disable-dev-shm-usage, --disable-popup-blocking, --remote-allow-origins=*, user-agent=test-automation-..., --ignore-certificate-errors]}, chromedriverArgs: [--adb-port=5038], chromedriverPort: 18080, chromedriverPorts: [[18100, 18110]], deviceName: Android, disableSuppressAccessibilityService: true, goog:chromeOptions: {args: [--no-sandbox, --window-size=1920x1080, --start-maximized, --disable-dev-shm-usage, --disable-popup-blocking, --remote-allow-origins=*, user-agent=test-automation-..., --ignore-certificate-errors]}, nativeWebScreenshot: true, newCommandTimeout: 0, platformName: Android, skipServerInstallation: true, systemPort: 8200, udid: 28201FDH300JRK}, deviceApiLevel: 33, deviceManufacturer: Google, deviceModel: Pixel 7 Pro, deviceName: 28201FDH300JRK, deviceScreenDensity: 420, deviceScreenSize: 1080x2340, deviceUDID: 28201FDH300JRK, disableSuppressAccessibilityService: true, goog:chromeOptions: {args: [--no-sandbox, --window-size=1920x1080, --start-maximized, --disable-dev-shm-usage, --disable-popup-blocking, --remote-allow-origins=*, user-agent=test-automation-..., --ignore-certificate-errors]}, javascriptEnabled: true, locationContextEnabled: false, nativeWebScreenshot: true, networkConnectionEnabled: true, newCommandTimeout: 0, optimalHubUrl: hub-aps.browserstack.com, pixelRatio: 2.625, platform: LINUX, platformName: ANDROID, platformVersion: 13, skipServerInstallation: true, statBarHeight: 130, systemPort: 8200, takesScreenshot: true, udid: 28201FDH300JRK, viewportRect: {height: 2049, left: 0, top: 130, width: 1080}, warnings: {}, webStorageEnabled: false}
Session ID: 307b2860512b0e8748c6346fcecc0cc57a861024]]>
            </message>
            <full-stacktrace>
              <![CDATA[org.openqa.selenium.UnsupportedCommandException: {"value":{"error":"unknown method","message":"Not implemented yet for pageLoad.","stacktrace":"NotImplementedError: Not implemented yet for pageLoad.\n    at AndroidUiautomator2Driver.pageLoadTimeoutW3C (/nix/store/a4f03fnyb1njsg95d11hrirds8hfjsc1-appium-1.17.0/node_modules/appium-uiautomator2-driver/node_modules/appium-base-driver/lib/basedriver/commands/timeout.js:83:9)\n    at AndroidUiautomator2Driver.timeouts (/nix/store/a4f03fnyb1njsg95d11hrirds8hfjsc1-appium-1.17.0/node_modules/appium-uiautomator2-driver/node_modules/appium-base-driver/lib/basedriver/commands/timeout.js:40:16)\n    at commandExecutor (/nix/store/a4f03fnyb1njsg95d11hrirds8hfjsc1-appium-1.17.0/node_modules/appium-uiautomator2-driver/node_modules/appium-base-driver/lib/basedriver/driver.js:330:9)\n    at /nix/store/a4f03fnyb1njsg95d11hrirds8hfjsc1-appium-1.17.0/node_modules/appium-uiautomator2-driver/node_modules/async-lock/lib/index.js:125:12\n    at AsyncLock._promiseTry (/nix/store/a4f03fnyb1njsg95d11hrirds8hfjsc1-appium-1.17.0/node_modules/appium-uiautomator2-driver/node_modules/async-lock/lib/index.js:249:31)\n    at exec (/nix/store/a4f03fnyb1njsg95d11hrirds8hfjsc1-appium-1.17.0/node_modules/appium-uiautomator2-driver/node_modules/async-lock/lib/index.js:124:9)\n    at AsyncLock.acquire (/nix/store/a4f03fnyb1njsg95d11hrirds8hfjsc1-appium-1.17.0/node_modules/appium-uiautomator2-driver/node_modules/async-lock/lib/index.js:140:3)\n    at AndroidUiautomator2Driver.executeCommand (/nix/store/a4f03fnyb1njsg95d11hrirds8hfjsc1-appium-1.17.0/node_modules/appium-uiautomator2-driver/node_modules/appium-base-driver/lib/basedriver/driver.js:343:39)\n    at AppiumDriver.executeCommand (/nix/store/a4f03fnyb1njsg95d11hrirds8hfjsc1-appium-1.17.0/lib/appium.js:534:36)\n    at runMicrotasks (<anonymous>)\n    at processTicksAndRejections (internal/process/task_queues.js:97:5)\n    at asyncHandler (/nix/store/a4f03fnyb1njsg95d11hrirds8hfjsc1-appium-1.17.0/node_modules/appium-base-driver/lib/protocol/protocol.js:309:21)"}}
Command duration or timeout: 53 milliseconds
Build info: version: '4.6.0', revision: '79f1c02ae20'
System info: os.name: 'Windows 10', os.arch: 'amd64', os.version: '10.0', java.version: '17.0.6'
Driver info: org.openqa.selenium.chrome.ChromeDriver
Command: [307b2860512b0e8748c6346fcecc0cc57a861024, setTimeout {pageLoad=50000}]
Capabilities {acceptInsecureCerts: true, appActivity: org.wikipedia.main.MainActi..., appPackage: org.wikipedia.alpha, automationName: uiautomator2, bstack:options: {appiumVersion: 1.17.0, buildIdentifier: #38, hostName: ZIL1280, localIdentifier: 18_Dec_1814_ZIL1280_HpYf}, chromeOptions: {args: [--no-sandbox, --window-size=1920x1080, --start-maximized, --disable-dev-shm-usage, --disable-popup-blocking, --remote-allow-origins=*, user-agent=test-automation-..., --ignore-certificate-errors]}, chromedriverArgs: [--adb-port=5038], chromedriverPort: 18080, chromedriverPorts: [[18100, 18110]], databaseEnabled: false, desired: {acceptInsecureCerts: true, appActivity: org.wikipedia.main.MainActi..., appPackage: org.wikipedia.alpha, automationName: uiautomator2, bstack:options: {appiumVersion: 1.17.0, buildIdentifier: #38, hostName: ZIL1280, localIdentifier: 18_Dec_1814_ZIL1280_HpYf}, chromeOptions: {args: [--no-sandbox, --window-size=1920x1080, --start-maximized, --disable-dev-shm-usage, --disable-popup-blocking, --remote-allow-origins=*, user-agent=test-automation-..., --ignore-certificate-errors]}, chromedriverArgs: [--adb-port=5038], chromedriverPort: 18080, chromedriverPorts: [[18100, 18110]], deviceName: Android, disableSuppressAccessibilityService: true, goog:chromeOptions: {args: [--no-sandbox, --window-size=1920x1080, --start-maximized, --disable-dev-shm-usage, --disable-popup-blocking, --remote-allow-origins=*, user-agent=test-automation-..., --ignore-certificate-errors]}, nativeWebScreenshot: true, newCommandTimeout: 0, platformName: Android, skipServerInstallation: true, systemPort: 8200, udid: 28201FDH300JRK}, deviceApiLevel: 33, deviceManufacturer: Google, deviceModel: Pixel 7 Pro, deviceName: 28201FDH300JRK, deviceScreenDensity: 420, deviceScreenSize: 1080x2340, deviceUDID: 28201FDH300JRK, disableSuppressAccessibilityService: true, goog:chromeOptions: {args: [--no-sandbox, --window-size=1920x1080, --start-maximized, --disable-dev-shm-usage, --disable-popup-blocking, --remote-allow-origins=*, user-agent=test-automation-..., --ignore-certificate-errors]}, javascriptEnabled: true, locationContextEnabled: false, nativeWebScreenshot: true, networkConnectionEnabled: true, newCommandTimeout: 0, optimalHubUrl: hub-aps.browserstack.com, pixelRatio: 2.625, platform: LINUX, platformName: ANDROID, platformVersion: 13, skipServerInstallation: true, statBarHeight: 130, systemPort: 8200, takesScreenshot: true, udid: 28201FDH300JRK, viewportRect: {height: 2049, left: 0, top: 130, width: 1080}, warnings: {}, webStorageEnabled: false}
Session ID: 307b2860512b0e8748c6346fcecc0cc57a861024
at java.base/jdk.internal.reflect.NativeConstructorAccessorImpl.newInstance0(Native Method)
at java.base/jdk.internal.reflect.NativeConstructorAccessorImpl.newInstance(NativeConstructorAccessorImpl.java:77)
at java.base/jdk.internal.reflect.DelegatingConstructorAccessorImpl.newInstance(DelegatingConstructorAccessorImpl.java:45)
at java.base/java.lang.reflect.Constructor.newInstanceWithCaller(Constructor.java:499)
at java.base/java.lang.reflect.Constructor.newInstance(Constructor.java:480)
at org.openqa.selenium.remote.ErrorHandler.createThrowable(ErrorHandler.java:217)
at org.openqa.selenium.remote.ErrorHandler.throwIfResponseFailed(ErrorHandler.java:169)
at org.openqa.selenium.remote.RemoteWebDriver.execute(RemoteWebDriver.java:576)
at org.openqa.selenium.remote.RemoteWebDriver$RemoteWebDriverOptions$RemoteTimeouts.pageLoadTimeout(RemoteWebDriver.java:897)
at org.openqa.selenium.support.events.EventFiringWebDriver$EventFiringTimeouts.pageLoadTimeout(EventFiringWebDriver.java:704)
at org.openqa.selenium.support.events.EventFiringWebDriver$EventFiringTimeouts.pageLoadTimeout(EventFiringWebDriver.java:699)
at com.perficient.util.TestCaseBase.setUpBrowser(TestCaseBase.java:173)
at java.base/jdk.internal.reflect.NativeMethodAccessorImpl.invoke0(Native Method)
at java.base/jdk.internal.reflect.NativeMethodAccessorImpl.invoke(NativeMethodAccessorImpl.java:77)
at java.base/jdk.internal.reflect.DelegatingMethodAccessorImpl.invoke(DelegatingMethodAccessorImpl.java:43)
at java.base/java.lang.reflect.Method.invoke(Method.java:568)
at org.testng.internal.MethodInvocationHelper.invokeMethod(MethodInvocationHelper.java:133)
at org.testng.internal.MethodInvocationHelper.invokeMethodConsideringTimeout(MethodInvocationHelper.java:62)
at org.testng.internal.ConfigInvoker.invokeConfigurationMethod(ConfigInvoker.java:385)
at org.testng.internal.ConfigInvoker.invokeConfigurations(ConfigInvoker.java:321)
at org.testng.internal.TestMethodWorker.invokeBeforeClassMethods(TestMethodWorker.java:176)
at org.testng.internal.TestMethodWorker.run(TestMethodWorker.java:122)
at java.base/java.util.ArrayList.forEach(ArrayList.java:1511)
at org.testng.TestRunner.privateRun(TestRunner.java:794)
at org.testng.TestRunner.run(TestRunner.java:596)
at org.testng.SuiteRunner.runTest(SuiteRunner.java:377)
at org.testng.SuiteRunner.access$000(SuiteRunner.java:28)
at org.testng.SuiteRunner$SuiteWorker.run(SuiteRunner.java:418)
at org.testng.internal.thread.ThreadUtil.lambda$execute$0(ThreadUtil.java:64)
at java.base/java.util.concurrent.FutureTask.run(FutureTask.java:264)
at java.base/java.util.concurrent.ThreadPoolExecutor.runWorker(ThreadPoolExecutor.java:1136)
at java.base/java.util.concurrent.ThreadPoolExecutor$Worker.run(ThreadPoolExecutor.java:635)
at java.base/java.lang.Thread.run(Thread.java:833)
]]>
            </full-stacktrace>
          </exception> <!-- org.openqa.selenium.UnsupportedCommandException -->
          <reporter-output>
          </reporter-output>
        </test-method> <!-- setUpBrowser -->
        <test-method is-config="true" signature="beforeMethod(java.lang.reflect.Method)[pri:0, instance:com.perficient.testCases.Desktop.purdy.Verify_Login_Page_with_valid_credentials@2881ad47]" started-at="2023-12-18T18:19:20 IST" name="beforeMethod" finished-at="2023-12-18T18:19:20 IST" duration-ms="245" status="PASS">
          <params>
            <param index="0">
              <value>
                <![CDATA[public void com.perficient.testCases.Desktop.purdy.Verify_Login_Page_with_valid_credentials.customerLogin(java.util.Hashtable) throws java.lang.Exception]]>
              </value>
            </param>
          </params>
          <reporter-output>
          </reporter-output>
        </test-method> <!-- beforeMethod -->
        <test-method signature="customerLogin(java.util.Hashtable)[pri:0, instance:com.perficient.testCases.Desktop.purdy.Verify_Login_Page_with_valid_credentials@2881ad47]" started-at="2023-12-18T18:19:20 IST" name="customerLogin" data-provider="get_Data_Verify_Login_Page_with_valid_credentials" finished-at="2023-12-18T18:19:20 IST" duration-ms="0" status="SKIP">
          <params>
            <param index="0">
              <value>
                <![CDATA[{EmailID=pratikhood001@gmail.com, Password=Aali@123, HomePageTitle=Chocolate Shop | Chocolate | Purdys Chocolatier, LoginPageTitle=Customer Login}]]>
              </value>
            </param>
          </params>
          <exception class="org.openqa.selenium.UnsupportedCommandException">
            <message>
              <![CDATA[{"value":{"error":"unknown method","message":"Not implemented yet for pageLoad.","stacktrace":"NotImplementedError: Not implemented yet for pageLoad.\n    at AndroidUiautomator2Driver.pageLoadTimeoutW3C (/nix/store/a4f03fnyb1njsg95d11hrirds8hfjsc1-appium-1.17.0/node_modules/appium-uiautomator2-driver/node_modules/appium-base-driver/lib/basedriver/commands/timeout.js:83:9)\n    at AndroidUiautomator2Driver.timeouts (/nix/store/a4f03fnyb1njsg95d11hrirds8hfjsc1-appium-1.17.0/node_modules/appium-uiautomator2-driver/node_modules/appium-base-driver/lib/basedriver/commands/timeout.js:40:16)\n    at commandExecutor (/nix/store/a4f03fnyb1njsg95d11hrirds8hfjsc1-appium-1.17.0/node_modules/appium-uiautomator2-driver/node_modules/appium-base-driver/lib/basedriver/driver.js:330:9)\n    at /nix/store/a4f03fnyb1njsg95d11hrirds8hfjsc1-appium-1.17.0/node_modules/appium-uiautomator2-driver/node_modules/async-lock/lib/index.js:125:12\n    at AsyncLock._promiseTry (/nix/store/a4f03fnyb1njsg95d11hrirds8hfjsc1-appium-1.17.0/node_modules/appium-uiautomator2-driver/node_modules/async-lock/lib/index.js:249:31)\n    at exec (/nix/store/a4f03fnyb1njsg95d11hrirds8hfjsc1-appium-1.17.0/node_modules/appium-uiautomator2-driver/node_modules/async-lock/lib/index.js:124:9)\n    at AsyncLock.acquire (/nix/store/a4f03fnyb1njsg95d11hrirds8hfjsc1-appium-1.17.0/node_modules/appium-uiautomator2-driver/node_modules/async-lock/lib/index.js:140:3)\n    at AndroidUiautomator2Driver.executeCommand (/nix/store/a4f03fnyb1njsg95d11hrirds8hfjsc1-appium-1.17.0/node_modules/appium-uiautomator2-driver/node_modules/appium-base-driver/lib/basedriver/driver.js:343:39)\n    at AppiumDriver.executeCommand (/nix/store/a4f03fnyb1njsg95d11hrirds8hfjsc1-appium-1.17.0/lib/appium.js:534:36)\n    at runMicrotasks (<anonymous>)\n    at processTicksAndRejections (internal/process/task_queues.js:97:5)\n    at asyncHandler (/nix/store/a4f03fnyb1njsg95d11hrirds8hfjsc1-appium-1.17.0/node_modules/appium-base-driver/lib/protocol/protocol.js:309:21)"}}
Command duration or timeout: 53 milliseconds
Build info: version: '4.6.0', revision: '79f1c02ae20'
System info: os.name: 'Windows 10', os.arch: 'amd64', os.version: '10.0', java.version: '17.0.6'
Driver info: org.openqa.selenium.chrome.ChromeDriver
Command: [307b2860512b0e8748c6346fcecc0cc57a861024, setTimeout {pageLoad=50000}]
Capabilities {acceptInsecureCerts: true, appActivity: org.wikipedia.main.MainActi..., appPackage: org.wikipedia.alpha, automationName: uiautomator2, bstack:options: {appiumVersion: 1.17.0, buildIdentifier: #38, hostName: ZIL1280, localIdentifier: 18_Dec_1814_ZIL1280_HpYf}, chromeOptions: {args: [--no-sandbox, --window-size=1920x1080, --start-maximized, --disable-dev-shm-usage, --disable-popup-blocking, --remote-allow-origins=*, user-agent=test-automation-..., --ignore-certificate-errors]}, chromedriverArgs: [--adb-port=5038], chromedriverPort: 18080, chromedriverPorts: [[18100, 18110]], databaseEnabled: false, desired: {acceptInsecureCerts: true, appActivity: org.wikipedia.main.MainActi..., appPackage: org.wikipedia.alpha, automationName: uiautomator2, bstack:options: {appiumVersion: 1.17.0, buildIdentifier: #38, hostName: ZIL1280, localIdentifier: 18_Dec_1814_ZIL1280_HpYf}, chromeOptions: {args: [--no-sandbox, --window-size=1920x1080, --start-maximized, --disable-dev-shm-usage, --disable-popup-blocking, --remote-allow-origins=*, user-agent=test-automation-..., --ignore-certificate-errors]}, chromedriverArgs: [--adb-port=5038], chromedriverPort: 18080, chromedriverPorts: [[18100, 18110]], deviceName: Android, disableSuppressAccessibilityService: true, goog:chromeOptions: {args: [--no-sandbox, --window-size=1920x1080, --start-maximized, --disable-dev-shm-usage, --disable-popup-blocking, --remote-allow-origins=*, user-agent=test-automation-..., --ignore-certificate-errors]}, nativeWebScreenshot: true, newCommandTimeout: 0, platformName: Android, skipServerInstallation: true, systemPort: 8200, udid: 28201FDH300JRK}, deviceApiLevel: 33, deviceManufacturer: Google, deviceModel: Pixel 7 Pro, deviceName: 28201FDH300JRK, deviceScreenDensity: 420, deviceScreenSize: 1080x2340, deviceUDID: 28201FDH300JRK, disableSuppressAccessibilityService: true, goog:chromeOptions: {args: [--no-sandbox, --window-size=1920x1080, --start-maximized, --disable-dev-shm-usage, --disable-popup-blocking, --remote-allow-origins=*, user-agent=test-automation-..., --ignore-certificate-errors]}, javascriptEnabled: true, locationContextEnabled: false, nativeWebScreenshot: true, networkConnectionEnabled: true, newCommandTimeout: 0, optimalHubUrl: hub-aps.browserstack.com, pixelRatio: 2.625, platform: LINUX, platformName: ANDROID, platformVersion: 13, skipServerInstallation: true, statBarHeight: 130, systemPort: 8200, takesScreenshot: true, udid: 28201FDH300JRK, viewportRect: {height: 2049, left: 0, top: 130, width: 1080}, warnings: {}, webStorageEnabled: false}
Session ID: 307b2860512b0e8748c6346fcecc0cc57a861024]]>
            </message>
            <full-stacktrace>
              <![CDATA[org.openqa.selenium.UnsupportedCommandException: {"value":{"error":"unknown method","message":"Not implemented yet for pageLoad.","stacktrace":"NotImplementedError: Not implemented yet for pageLoad.\n    at AndroidUiautomator2Driver.pageLoadTimeoutW3C (/nix/store/a4f03fnyb1njsg95d11hrirds8hfjsc1-appium-1.17.0/node_modules/appium-uiautomator2-driver/node_modules/appium-base-driver/lib/basedriver/commands/timeout.js:83:9)\n    at AndroidUiautomator2Driver.timeouts (/nix/store/a4f03fnyb1njsg95d11hrirds8hfjsc1-appium-1.17.0/node_modules/appium-uiautomator2-driver/node_modules/appium-base-driver/lib/basedriver/commands/timeout.js:40:16)\n    at commandExecutor (/nix/store/a4f03fnyb1njsg95d11hrirds8hfjsc1-appium-1.17.0/node_modules/appium-uiautomator2-driver/node_modules/appium-base-driver/lib/basedriver/driver.js:330:9)\n    at /nix/store/a4f03fnyb1njsg95d11hrirds8hfjsc1-appium-1.17.0/node_modules/appium-uiautomator2-driver/node_modules/async-lock/lib/index.js:125:12\n    at AsyncLock._promiseTry (/nix/store/a4f03fnyb1njsg95d11hrirds8hfjsc1-appium-1.17.0/node_modules/appium-uiautomator2-driver/node_modules/async-lock/lib/index.js:249:31)\n    at exec (/nix/store/a4f03fnyb1njsg95d11hrirds8hfjsc1-appium-1.17.0/node_modules/appium-uiautomator2-driver/node_modules/async-lock/lib/index.js:124:9)\n    at AsyncLock.acquire (/nix/store/a4f03fnyb1njsg95d11hrirds8hfjsc1-appium-1.17.0/node_modules/appium-uiautomator2-driver/node_modules/async-lock/lib/index.js:140:3)\n    at AndroidUiautomator2Driver.executeCommand (/nix/store/a4f03fnyb1njsg95d11hrirds8hfjsc1-appium-1.17.0/node_modules/appium-uiautomator2-driver/node_modules/appium-base-driver/lib/basedriver/driver.js:343:39)\n    at AppiumDriver.executeCommand (/nix/store/a4f03fnyb1njsg95d11hrirds8hfjsc1-appium-1.17.0/lib/appium.js:534:36)\n    at runMicrotasks (<anonymous>)\n    at processTicksAndRejections (internal/process/task_queues.js:97:5)\n    at asyncHandler (/nix/store/a4f03fnyb1njsg95d11hrirds8hfjsc1-appium-1.17.0/node_modules/appium-base-driver/lib/protocol/protocol.js:309:21)"}}
Command duration or timeout: 53 milliseconds
Build info: version: '4.6.0', revision: '79f1c02ae20'
System info: os.name: 'Windows 10', os.arch: 'amd64', os.version: '10.0', java.version: '17.0.6'
Driver info: org.openqa.selenium.chrome.ChromeDriver
Command: [307b2860512b0e8748c6346fcecc0cc57a861024, setTimeout {pageLoad=50000}]
Capabilities {acceptInsecureCerts: true, appActivity: org.wikipedia.main.MainActi..., appPackage: org.wikipedia.alpha, automationName: uiautomator2, bstack:options: {appiumVersion: 1.17.0, buildIdentifier: #38, hostName: ZIL1280, localIdentifier: 18_Dec_1814_ZIL1280_HpYf}, chromeOptions: {args: [--no-sandbox, --window-size=1920x1080, --start-maximized, --disable-dev-shm-usage, --disable-popup-blocking, --remote-allow-origins=*, user-agent=test-automation-..., --ignore-certificate-errors]}, chromedriverArgs: [--adb-port=5038], chromedriverPort: 18080, chromedriverPorts: [[18100, 18110]], databaseEnabled: false, desired: {acceptInsecureCerts: true, appActivity: org.wikipedia.main.MainActi..., appPackage: org.wikipedia.alpha, automationName: uiautomator2, bstack:options: {appiumVersion: 1.17.0, buildIdentifier: #38, hostName: ZIL1280, localIdentifier: 18_Dec_1814_ZIL1280_HpYf}, chromeOptions: {args: [--no-sandbox, --window-size=1920x1080, --start-maximized, --disable-dev-shm-usage, --disable-popup-blocking, --remote-allow-origins=*, user-agent=test-automation-..., --ignore-certificate-errors]}, chromedriverArgs: [--adb-port=5038], chromedriverPort: 18080, chromedriverPorts: [[18100, 18110]], deviceName: Android, disableSuppressAccessibilityService: true, goog:chromeOptions: {args: [--no-sandbox, --window-size=1920x1080, --start-maximized, --disable-dev-shm-usage, --disable-popup-blocking, --remote-allow-origins=*, user-agent=test-automation-..., --ignore-certificate-errors]}, nativeWebScreenshot: true, newCommandTimeout: 0, platformName: Android, skipServerInstallation: true, systemPort: 8200, udid: 28201FDH300JRK}, deviceApiLevel: 33, deviceManufacturer: Google, deviceModel: Pixel 7 Pro, deviceName: 28201FDH300JRK, deviceScreenDensity: 420, deviceScreenSize: 1080x2340, deviceUDID: 28201FDH300JRK, disableSuppressAccessibilityService: true, goog:chromeOptions: {args: [--no-sandbox, --window-size=1920x1080, --start-maximized, --disable-dev-shm-usage, --disable-popup-blocking, --remote-allow-origins=*, user-agent=test-automation-..., --ignore-certificate-errors]}, javascriptEnabled: true, locationContextEnabled: false, nativeWebScreenshot: true, networkConnectionEnabled: true, newCommandTimeout: 0, optimalHubUrl: hub-aps.browserstack.com, pixelRatio: 2.625, platform: LINUX, platformName: ANDROID, platformVersion: 13, skipServerInstallation: true, statBarHeight: 130, systemPort: 8200, takesScreenshot: true, udid: 28201FDH300JRK, viewportRect: {height: 2049, left: 0, top: 130, width: 1080}, warnings: {}, webStorageEnabled: false}
Session ID: 307b2860512b0e8748c6346fcecc0cc57a861024
at java.base/jdk.internal.reflect.NativeConstructorAccessorImpl.newInstance0(Native Method)
at java.base/jdk.internal.reflect.NativeConstructorAccessorImpl.newInstance(NativeConstructorAccessorImpl.java:77)
at java.base/jdk.internal.reflect.DelegatingConstructorAccessorImpl.newInstance(DelegatingConstructorAccessorImpl.java:45)
at java.base/java.lang.reflect.Constructor.newInstanceWithCaller(Constructor.java:499)
at java.base/java.lang.reflect.Constructor.newInstance(Constructor.java:480)
at org.openqa.selenium.remote.ErrorHandler.createThrowable(ErrorHandler.java:217)
at org.openqa.selenium.remote.ErrorHandler.throwIfResponseFailed(ErrorHandler.java:169)
at org.openqa.selenium.remote.RemoteWebDriver.execute(RemoteWebDriver.java:576)
at org.openqa.selenium.remote.RemoteWebDriver$RemoteWebDriverOptions$RemoteTimeouts.pageLoadTimeout(RemoteWebDriver.java:897)
at org.openqa.selenium.support.events.EventFiringWebDriver$EventFiringTimeouts.pageLoadTimeout(EventFiringWebDriver.java:704)
at org.openqa.selenium.support.events.EventFiringWebDriver$EventFiringTimeouts.pageLoadTimeout(EventFiringWebDriver.java:699)
at com.perficient.util.TestCaseBase.setUpBrowser(TestCaseBase.java:173)
at java.base/jdk.internal.reflect.NativeMethodAccessorImpl.invoke0(Native Method)
at java.base/jdk.internal.reflect.NativeMethodAccessorImpl.invoke(NativeMethodAccessorImpl.java:77)
at java.base/jdk.internal.reflect.DelegatingMethodAccessorImpl.invoke(DelegatingMethodAccessorImpl.java:43)
at java.base/java.lang.reflect.Method.invoke(Method.java:568)
at org.testng.internal.MethodInvocationHelper.invokeMethod(MethodInvocationHelper.java:133)
at org.testng.internal.MethodInvocationHelper.invokeMethodConsideringTimeout(MethodInvocationHelper.java:62)
at org.testng.internal.ConfigInvoker.invokeConfigurationMethod(ConfigInvoker.java:385)
at org.testng.internal.ConfigInvoker.invokeConfigurations(ConfigInvoker.java:321)
at org.testng.internal.TestMethodWorker.invokeBeforeClassMethods(TestMethodWorker.java:176)
at org.testng.internal.TestMethodWorker.run(TestMethodWorker.java:122)
at java.base/java.util.ArrayList.forEach(ArrayList.java:1511)
at org.testng.TestRunner.privateRun(TestRunner.java:794)
at org.testng.TestRunner.run(TestRunner.java:596)
at org.testng.SuiteRunner.runTest(SuiteRunner.java:377)
at org.testng.SuiteRunner.access$000(SuiteRunner.java:28)
at org.testng.SuiteRunner$SuiteWorker.run(SuiteRunner.java:418)
at org.testng.internal.thread.ThreadUtil.lambda$execute$0(ThreadUtil.java:64)
at java.base/java.util.concurrent.FutureTask.run(FutureTask.java:264)
at java.base/java.util.concurrent.ThreadPoolExecutor.runWorker(ThreadPoolExecutor.java:1136)
at java.base/java.util.concurrent.ThreadPoolExecutor$Worker.run(ThreadPoolExecutor.java:635)
at java.base/java.lang.Thread.run(Thread.java:833)
]]>
            </full-stacktrace>
          </exception> <!-- org.openqa.selenium.UnsupportedCommandException -->
          <reporter-output>
          </reporter-output>
        </test-method> <!-- customerLogin -->
        <test-method is-config="true" signature="afterMethod(java.lang.reflect.Method)[pri:0, instance:com.perficient.testCases.Desktop.purdy.Verify_Login_Page_with_valid_credentials@2881ad47]" started-at="2023-12-18T18:19:21 IST" name="afterMethod" finished-at="2023-12-18T18:19:22 IST" duration-ms="151" status="PASS">
          <params>
            <param index="0">
              <value>
                <![CDATA[public void com.perficient.testCases.Desktop.purdy.Verify_Login_Page_with_valid_credentials.customerLogin(java.util.Hashtable) throws java.lang.Exception]]>
              </value>
            </param>
          </params>
          <reporter-output>
          </reporter-output>
        </test-method> <!-- afterMethod -->
        <test-method is-config="true" signature="beforeMethod(java.lang.reflect.Method)[pri:0, instance:com.perficient.testCases.Desktop.purdy.Verify_Login_Page_with_valid_credentials@2881ad47]" started-at="2023-12-18T18:19:22 IST" name="beforeMethod" finished-at="2023-12-18T18:19:22 IST" duration-ms="160" status="PASS">
          <params>
            <param index="0">
              <value>
                <![CDATA[public void com.perficient.testCases.Desktop.purdy.Verify_Login_Page_with_valid_credentials.redirectToLoginPage(java.util.Hashtable) throws java.lang.Exception]]>
              </value>
            </param>
          </params>
          <reporter-output>
          </reporter-output>
        </test-method> <!-- beforeMethod -->
        <test-method signature="redirectToLoginPage(java.util.Hashtable)[pri:1, instance:com.perficient.testCases.Desktop.purdy.Verify_Login_Page_with_valid_credentials@2881ad47]" started-at="2023-12-18T18:19:22 IST" name="redirectToLoginPage" data-provider="get_Data_Verify_Login_Page_with_valid_credentials" finished-at="2023-12-18T18:19:22 IST" duration-ms="0" status="SKIP">
          <params>
            <param index="0">
              <value>
                <![CDATA[{EmailID=pratikhood001@gmail.com, Password=Aali@123, HomePageTitle=Chocolate Shop | Chocolate | Purdys Chocolatier, LoginPageTitle=Customer Login}]]>
              </value>
            </param>
          </params>
          <exception class="org.openqa.selenium.UnsupportedCommandException">
            <message>
              <![CDATA[{"value":{"error":"unknown method","message":"Not implemented yet for pageLoad.","stacktrace":"NotImplementedError: Not implemented yet for pageLoad.\n    at AndroidUiautomator2Driver.pageLoadTimeoutW3C (/nix/store/a4f03fnyb1njsg95d11hrirds8hfjsc1-appium-1.17.0/node_modules/appium-uiautomator2-driver/node_modules/appium-base-driver/lib/basedriver/commands/timeout.js:83:9)\n    at AndroidUiautomator2Driver.timeouts (/nix/store/a4f03fnyb1njsg95d11hrirds8hfjsc1-appium-1.17.0/node_modules/appium-uiautomator2-driver/node_modules/appium-base-driver/lib/basedriver/commands/timeout.js:40:16)\n    at commandExecutor (/nix/store/a4f03fnyb1njsg95d11hrirds8hfjsc1-appium-1.17.0/node_modules/appium-uiautomator2-driver/node_modules/appium-base-driver/lib/basedriver/driver.js:330:9)\n    at /nix/store/a4f03fnyb1njsg95d11hrirds8hfjsc1-appium-1.17.0/node_modules/appium-uiautomator2-driver/node_modules/async-lock/lib/index.js:125:12\n    at AsyncLock._promiseTry (/nix/store/a4f03fnyb1njsg95d11hrirds8hfjsc1-appium-1.17.0/node_modules/appium-uiautomator2-driver/node_modules/async-lock/lib/index.js:249:31)\n    at exec (/nix/store/a4f03fnyb1njsg95d11hrirds8hfjsc1-appium-1.17.0/node_modules/appium-uiautomator2-driver/node_modules/async-lock/lib/index.js:124:9)\n    at AsyncLock.acquire (/nix/store/a4f03fnyb1njsg95d11hrirds8hfjsc1-appium-1.17.0/node_modules/appium-uiautomator2-driver/node_modules/async-lock/lib/index.js:140:3)\n    at AndroidUiautomator2Driver.executeCommand (/nix/store/a4f03fnyb1njsg95d11hrirds8hfjsc1-appium-1.17.0/node_modules/appium-uiautomator2-driver/node_modules/appium-base-driver/lib/basedriver/driver.js:343:39)\n    at AppiumDriver.executeCommand (/nix/store/a4f03fnyb1njsg95d11hrirds8hfjsc1-appium-1.17.0/lib/appium.js:534:36)\n    at runMicrotasks (<anonymous>)\n    at processTicksAndRejections (internal/process/task_queues.js:97:5)\n    at asyncHandler (/nix/store/a4f03fnyb1njsg95d11hrirds8hfjsc1-appium-1.17.0/node_modules/appium-base-driver/lib/protocol/protocol.js:309:21)"}}
Command duration or timeout: 53 milliseconds
Build info: version: '4.6.0', revision: '79f1c02ae20'
System info: os.name: 'Windows 10', os.arch: 'amd64', os.version: '10.0', java.version: '17.0.6'
Driver info: org.openqa.selenium.chrome.ChromeDriver
Command: [307b2860512b0e8748c6346fcecc0cc57a861024, setTimeout {pageLoad=50000}]
Capabilities {acceptInsecureCerts: true, appActivity: org.wikipedia.main.MainActi..., appPackage: org.wikipedia.alpha, automationName: uiautomator2, bstack:options: {appiumVersion: 1.17.0, buildIdentifier: #38, hostName: ZIL1280, localIdentifier: 18_Dec_1814_ZIL1280_HpYf}, chromeOptions: {args: [--no-sandbox, --window-size=1920x1080, --start-maximized, --disable-dev-shm-usage, --disable-popup-blocking, --remote-allow-origins=*, user-agent=test-automation-..., --ignore-certificate-errors]}, chromedriverArgs: [--adb-port=5038], chromedriverPort: 18080, chromedriverPorts: [[18100, 18110]], databaseEnabled: false, desired: {acceptInsecureCerts: true, appActivity: org.wikipedia.main.MainActi..., appPackage: org.wikipedia.alpha, automationName: uiautomator2, bstack:options: {appiumVersion: 1.17.0, buildIdentifier: #38, hostName: ZIL1280, localIdentifier: 18_Dec_1814_ZIL1280_HpYf}, chromeOptions: {args: [--no-sandbox, --window-size=1920x1080, --start-maximized, --disable-dev-shm-usage, --disable-popup-blocking, --remote-allow-origins=*, user-agent=test-automation-..., --ignore-certificate-errors]}, chromedriverArgs: [--adb-port=5038], chromedriverPort: 18080, chromedriverPorts: [[18100, 18110]], deviceName: Android, disableSuppressAccessibilityService: true, goog:chromeOptions: {args: [--no-sandbox, --window-size=1920x1080, --start-maximized, --disable-dev-shm-usage, --disable-popup-blocking, --remote-allow-origins=*, user-agent=test-automation-..., --ignore-certificate-errors]}, nativeWebScreenshot: true, newCommandTimeout: 0, platformName: Android, skipServerInstallation: true, systemPort: 8200, udid: 28201FDH300JRK}, deviceApiLevel: 33, deviceManufacturer: Google, deviceModel: Pixel 7 Pro, deviceName: 28201FDH300JRK, deviceScreenDensity: 420, deviceScreenSize: 1080x2340, deviceUDID: 28201FDH300JRK, disableSuppressAccessibilityService: true, goog:chromeOptions: {args: [--no-sandbox, --window-size=1920x1080, --start-maximized, --disable-dev-shm-usage, --disable-popup-blocking, --remote-allow-origins=*, user-agent=test-automation-..., --ignore-certificate-errors]}, javascriptEnabled: true, locationContextEnabled: false, nativeWebScreenshot: true, networkConnectionEnabled: true, newCommandTimeout: 0, optimalHubUrl: hub-aps.browserstack.com, pixelRatio: 2.625, platform: LINUX, platformName: ANDROID, platformVersion: 13, skipServerInstallation: true, statBarHeight: 130, systemPort: 8200, takesScreenshot: true, udid: 28201FDH300JRK, viewportRect: {height: 2049, left: 0, top: 130, width: 1080}, warnings: {}, webStorageEnabled: false}
Session ID: 307b2860512b0e8748c6346fcecc0cc57a861024]]>
            </message>
            <full-stacktrace>
              <![CDATA[org.openqa.selenium.UnsupportedCommandException: {"value":{"error":"unknown method","message":"Not implemented yet for pageLoad.","stacktrace":"NotImplementedError: Not implemented yet for pageLoad.\n    at AndroidUiautomator2Driver.pageLoadTimeoutW3C (/nix/store/a4f03fnyb1njsg95d11hrirds8hfjsc1-appium-1.17.0/node_modules/appium-uiautomator2-driver/node_modules/appium-base-driver/lib/basedriver/commands/timeout.js:83:9)\n    at AndroidUiautomator2Driver.timeouts (/nix/store/a4f03fnyb1njsg95d11hrirds8hfjsc1-appium-1.17.0/node_modules/appium-uiautomator2-driver/node_modules/appium-base-driver/lib/basedriver/commands/timeout.js:40:16)\n    at commandExecutor (/nix/store/a4f03fnyb1njsg95d11hrirds8hfjsc1-appium-1.17.0/node_modules/appium-uiautomator2-driver/node_modules/appium-base-driver/lib/basedriver/driver.js:330:9)\n    at /nix/store/a4f03fnyb1njsg95d11hrirds8hfjsc1-appium-1.17.0/node_modules/appium-uiautomator2-driver/node_modules/async-lock/lib/index.js:125:12\n    at AsyncLock._promiseTry (/nix/store/a4f03fnyb1njsg95d11hrirds8hfjsc1-appium-1.17.0/node_modules/appium-uiautomator2-driver/node_modules/async-lock/lib/index.js:249:31)\n    at exec (/nix/store/a4f03fnyb1njsg95d11hrirds8hfjsc1-appium-1.17.0/node_modules/appium-uiautomator2-driver/node_modules/async-lock/lib/index.js:124:9)\n    at AsyncLock.acquire (/nix/store/a4f03fnyb1njsg95d11hrirds8hfjsc1-appium-1.17.0/node_modules/appium-uiautomator2-driver/node_modules/async-lock/lib/index.js:140:3)\n    at AndroidUiautomator2Driver.executeCommand (/nix/store/a4f03fnyb1njsg95d11hrirds8hfjsc1-appium-1.17.0/node_modules/appium-uiautomator2-driver/node_modules/appium-base-driver/lib/basedriver/driver.js:343:39)\n    at AppiumDriver.executeCommand (/nix/store/a4f03fnyb1njsg95d11hrirds8hfjsc1-appium-1.17.0/lib/appium.js:534:36)\n    at runMicrotasks (<anonymous>)\n    at processTicksAndRejections (internal/process/task_queues.js:97:5)\n    at asyncHandler (/nix/store/a4f03fnyb1njsg95d11hrirds8hfjsc1-appium-1.17.0/node_modules/appium-base-driver/lib/protocol/protocol.js:309:21)"}}
Command duration or timeout: 53 milliseconds
Build info: version: '4.6.0', revision: '79f1c02ae20'
System info: os.name: 'Windows 10', os.arch: 'amd64', os.version: '10.0', java.version: '17.0.6'
Driver info: org.openqa.selenium.chrome.ChromeDriver
Command: [307b2860512b0e8748c6346fcecc0cc57a861024, setTimeout {pageLoad=50000}]
Capabilities {acceptInsecureCerts: true, appActivity: org.wikipedia.main.MainActi..., appPackage: org.wikipedia.alpha, automationName: uiautomator2, bstack:options: {appiumVersion: 1.17.0, buildIdentifier: #38, hostName: ZIL1280, localIdentifier: 18_Dec_1814_ZIL1280_HpYf}, chromeOptions: {args: [--no-sandbox, --window-size=1920x1080, --start-maximized, --disable-dev-shm-usage, --disable-popup-blocking, --remote-allow-origins=*, user-agent=test-automation-..., --ignore-certificate-errors]}, chromedriverArgs: [--adb-port=5038], chromedriverPort: 18080, chromedriverPorts: [[18100, 18110]], databaseEnabled: false, desired: {acceptInsecureCerts: true, appActivity: org.wikipedia.main.MainActi..., appPackage: org.wikipedia.alpha, automationName: uiautomator2, bstack:options: {appiumVersion: 1.17.0, buildIdentifier: #38, hostName: ZIL1280, localIdentifier: 18_Dec_1814_ZIL1280_HpYf}, chromeOptions: {args: [--no-sandbox, --window-size=1920x1080, --start-maximized, --disable-dev-shm-usage, --disable-popup-blocking, --remote-allow-origins=*, user-agent=test-automation-..., --ignore-certificate-errors]}, chromedriverArgs: [--adb-port=5038], chromedriverPort: 18080, chromedriverPorts: [[18100, 18110]], deviceName: Android, disableSuppressAccessibilityService: true, goog:chromeOptions: {args: [--no-sandbox, --window-size=1920x1080, --start-maximized, --disable-dev-shm-usage, --disable-popup-blocking, --remote-allow-origins=*, user-agent=test-automation-..., --ignore-certificate-errors]}, nativeWebScreenshot: true, newCommandTimeout: 0, platformName: Android, skipServerInstallation: true, systemPort: 8200, udid: 28201FDH300JRK}, deviceApiLevel: 33, deviceManufacturer: Google, deviceModel: Pixel 7 Pro, deviceName: 28201FDH300JRK, deviceScreenDensity: 420, deviceScreenSize: 1080x2340, deviceUDID: 28201FDH300JRK, disableSuppressAccessibilityService: true, goog:chromeOptions: {args: [--no-sandbox, --window-size=1920x1080, --start-maximized, --disable-dev-shm-usage, --disable-popup-blocking, --remote-allow-origins=*, user-agent=test-automation-..., --ignore-certificate-errors]}, javascriptEnabled: true, locationContextEnabled: false, nativeWebScreenshot: true, networkConnectionEnabled: true, newCommandTimeout: 0, optimalHubUrl: hub-aps.browserstack.com, pixelRatio: 2.625, platform: LINUX, platformName: ANDROID, platformVersion: 13, skipServerInstallation: true, statBarHeight: 130, systemPort: 8200, takesScreenshot: true, udid: 28201FDH300JRK, viewportRect: {height: 2049, left: 0, top: 130, width: 1080}, warnings: {}, webStorageEnabled: false}
Session ID: 307b2860512b0e8748c6346fcecc0cc57a861024
at java.base/jdk.internal.reflect.NativeConstructorAccessorImpl.newInstance0(Native Method)
at java.base/jdk.internal.reflect.NativeConstructorAccessorImpl.newInstance(NativeConstructorAccessorImpl.java:77)
at java.base/jdk.internal.reflect.DelegatingConstructorAccessorImpl.newInstance(DelegatingConstructorAccessorImpl.java:45)
at java.base/java.lang.reflect.Constructor.newInstanceWithCaller(Constructor.java:499)
at java.base/java.lang.reflect.Constructor.newInstance(Constructor.java:480)
at org.openqa.selenium.remote.ErrorHandler.createThrowable(ErrorHandler.java:217)
at org.openqa.selenium.remote.ErrorHandler.throwIfResponseFailed(ErrorHandler.java:169)
at org.openqa.selenium.remote.RemoteWebDriver.execute(RemoteWebDriver.java:576)
at org.openqa.selenium.remote.RemoteWebDriver$RemoteWebDriverOptions$RemoteTimeouts.pageLoadTimeout(RemoteWebDriver.java:897)
at org.openqa.selenium.support.events.EventFiringWebDriver$EventFiringTimeouts.pageLoadTimeout(EventFiringWebDriver.java:704)
at org.openqa.selenium.support.events.EventFiringWebDriver$EventFiringTimeouts.pageLoadTimeout(EventFiringWebDriver.java:699)
at com.perficient.util.TestCaseBase.setUpBrowser(TestCaseBase.java:173)
at java.base/jdk.internal.reflect.NativeMethodAccessorImpl.invoke0(Native Method)
at java.base/jdk.internal.reflect.NativeMethodAccessorImpl.invoke(NativeMethodAccessorImpl.java:77)
at java.base/jdk.internal.reflect.DelegatingMethodAccessorImpl.invoke(DelegatingMethodAccessorImpl.java:43)
at java.base/java.lang.reflect.Method.invoke(Method.java:568)
at org.testng.internal.MethodInvocationHelper.invokeMethod(MethodInvocationHelper.java:133)
at org.testng.internal.MethodInvocationHelper.invokeMethodConsideringTimeout(MethodInvocationHelper.java:62)
at org.testng.internal.ConfigInvoker.invokeConfigurationMethod(ConfigInvoker.java:385)
at org.testng.internal.ConfigInvoker.invokeConfigurations(ConfigInvoker.java:321)
at org.testng.internal.TestMethodWorker.invokeBeforeClassMethods(TestMethodWorker.java:176)
at org.testng.internal.TestMethodWorker.run(TestMethodWorker.java:122)
at java.base/java.util.ArrayList.forEach(ArrayList.java:1511)
at org.testng.TestRunner.privateRun(TestRunner.java:794)
at org.testng.TestRunner.run(TestRunner.java:596)
at org.testng.SuiteRunner.runTest(SuiteRunner.java:377)
at org.testng.SuiteRunner.access$000(SuiteRunner.java:28)
at org.testng.SuiteRunner$SuiteWorker.run(SuiteRunner.java:418)
at org.testng.internal.thread.ThreadUtil.lambda$execute$0(ThreadUtil.java:64)
at java.base/java.util.concurrent.FutureTask.run(FutureTask.java:264)
at java.base/java.util.concurrent.ThreadPoolExecutor.runWorker(ThreadPoolExecutor.java:1136)
at java.base/java.util.concurrent.ThreadPoolExecutor$Worker.run(ThreadPoolExecutor.java:635)
at java.base/java.lang.Thread.run(Thread.java:833)
]]>
            </full-stacktrace>
          </exception> <!-- org.openqa.selenium.UnsupportedCommandException -->
          <reporter-output>
          </reporter-output>
        </test-method> <!-- redirectToLoginPage -->
        <test-method is-config="true" signature="afterMethod(java.lang.reflect.Method)[pri:0, instance:com.perficient.testCases.Desktop.purdy.Verify_Login_Page_with_valid_credentials@2881ad47]" started-at="2023-12-18T18:19:22 IST" name="afterMethod" finished-at="2023-12-18T18:19:23 IST" duration-ms="175" status="PASS">
          <params>
            <param index="0">
              <value>
                <![CDATA[public void com.perficient.testCases.Desktop.purdy.Verify_Login_Page_with_valid_credentials.redirectToLoginPage(java.util.Hashtable) throws java.lang.Exception]]>
              </value>
            </param>
          </params>
          <reporter-output>
          </reporter-output>
        </test-method> <!-- afterMethod -->
        <test-method is-config="true" signature="beforeMethod(java.lang.reflect.Method)[pri:0, instance:com.perficient.testCases.Desktop.purdy.Verify_Login_Page_with_valid_credentials@2881ad47]" started-at="2023-12-18T18:19:23 IST" name="beforeMethod" finished-at="2023-12-18T18:19:23 IST" duration-ms="130" status="PASS">
          <params>
            <param index="0">
              <value>
                <![CDATA[public void com.perficient.testCases.Desktop.purdy.Verify_Login_Page_with_valid_credentials.homePageValidationAfterLogin(java.util.Hashtable) throws java.lang.Exception]]>
              </value>
            </param>
          </params>
          <reporter-output>
          </reporter-output>
        </test-method> <!-- beforeMethod -->
        <test-method signature="homePageValidationAfterLogin(java.util.Hashtable)[pri:2, instance:com.perficient.testCases.Desktop.purdy.Verify_Login_Page_with_valid_credentials@2881ad47]" started-at="2023-12-18T18:19:23 IST" name="homePageValidationAfterLogin" data-provider="get_Data_Verify_Login_Page_with_valid_credentials" finished-at="2023-12-18T18:19:23 IST" duration-ms="0" status="SKIP">
          <params>
            <param index="0">
              <value>
                <![CDATA[{EmailID=pratikhood001@gmail.com, Password=Aali@123, HomePageTitle=Chocolate Shop | Chocolate | Purdys Chocolatier, LoginPageTitle=Customer Login}]]>
              </value>
            </param>
          </params>
          <exception class="org.openqa.selenium.UnsupportedCommandException">
            <message>
              <![CDATA[{"value":{"error":"unknown method","message":"Not implemented yet for pageLoad.","stacktrace":"NotImplementedError: Not implemented yet for pageLoad.\n    at AndroidUiautomator2Driver.pageLoadTimeoutW3C (/nix/store/a4f03fnyb1njsg95d11hrirds8hfjsc1-appium-1.17.0/node_modules/appium-uiautomator2-driver/node_modules/appium-base-driver/lib/basedriver/commands/timeout.js:83:9)\n    at AndroidUiautomator2Driver.timeouts (/nix/store/a4f03fnyb1njsg95d11hrirds8hfjsc1-appium-1.17.0/node_modules/appium-uiautomator2-driver/node_modules/appium-base-driver/lib/basedriver/commands/timeout.js:40:16)\n    at commandExecutor (/nix/store/a4f03fnyb1njsg95d11hrirds8hfjsc1-appium-1.17.0/node_modules/appium-uiautomator2-driver/node_modules/appium-base-driver/lib/basedriver/driver.js:330:9)\n    at /nix/store/a4f03fnyb1njsg95d11hrirds8hfjsc1-appium-1.17.0/node_modules/appium-uiautomator2-driver/node_modules/async-lock/lib/index.js:125:12\n    at AsyncLock._promiseTry (/nix/store/a4f03fnyb1njsg95d11hrirds8hfjsc1-appium-1.17.0/node_modules/appium-uiautomator2-driver/node_modules/async-lock/lib/index.js:249:31)\n    at exec (/nix/store/a4f03fnyb1njsg95d11hrirds8hfjsc1-appium-1.17.0/node_modules/appium-uiautomator2-driver/node_modules/async-lock/lib/index.js:124:9)\n    at AsyncLock.acquire (/nix/store/a4f03fnyb1njsg95d11hrirds8hfjsc1-appium-1.17.0/node_modules/appium-uiautomator2-driver/node_modules/async-lock/lib/index.js:140:3)\n    at AndroidUiautomator2Driver.executeCommand (/nix/store/a4f03fnyb1njsg95d11hrirds8hfjsc1-appium-1.17.0/node_modules/appium-uiautomator2-driver/node_modules/appium-base-driver/lib/basedriver/driver.js:343:39)\n    at AppiumDriver.executeCommand (/nix/store/a4f03fnyb1njsg95d11hrirds8hfjsc1-appium-1.17.0/lib/appium.js:534:36)\n    at runMicrotasks (<anonymous>)\n    at processTicksAndRejections (internal/process/task_queues.js:97:5)\n    at asyncHandler (/nix/store/a4f03fnyb1njsg95d11hrirds8hfjsc1-appium-1.17.0/node_modules/appium-base-driver/lib/protocol/protocol.js:309:21)"}}
Command duration or timeout: 53 milliseconds
Build info: version: '4.6.0', revision: '79f1c02ae20'
System info: os.name: 'Windows 10', os.arch: 'amd64', os.version: '10.0', java.version: '17.0.6'
Driver info: org.openqa.selenium.chrome.ChromeDriver
Command: [307b2860512b0e8748c6346fcecc0cc57a861024, setTimeout {pageLoad=50000}]
Capabilities {acceptInsecureCerts: true, appActivity: org.wikipedia.main.MainActi..., appPackage: org.wikipedia.alpha, automationName: uiautomator2, bstack:options: {appiumVersion: 1.17.0, buildIdentifier: #38, hostName: ZIL1280, localIdentifier: 18_Dec_1814_ZIL1280_HpYf}, chromeOptions: {args: [--no-sandbox, --window-size=1920x1080, --start-maximized, --disable-dev-shm-usage, --disable-popup-blocking, --remote-allow-origins=*, user-agent=test-automation-..., --ignore-certificate-errors]}, chromedriverArgs: [--adb-port=5038], chromedriverPort: 18080, chromedriverPorts: [[18100, 18110]], databaseEnabled: false, desired: {acceptInsecureCerts: true, appActivity: org.wikipedia.main.MainActi..., appPackage: org.wikipedia.alpha, automationName: uiautomator2, bstack:options: {appiumVersion: 1.17.0, buildIdentifier: #38, hostName: ZIL1280, localIdentifier: 18_Dec_1814_ZIL1280_HpYf}, chromeOptions: {args: [--no-sandbox, --window-size=1920x1080, --start-maximized, --disable-dev-shm-usage, --disable-popup-blocking, --remote-allow-origins=*, user-agent=test-automation-..., --ignore-certificate-errors]}, chromedriverArgs: [--adb-port=5038], chromedriverPort: 18080, chromedriverPorts: [[18100, 18110]], deviceName: Android, disableSuppressAccessibilityService: true, goog:chromeOptions: {args: [--no-sandbox, --window-size=1920x1080, --start-maximized, --disable-dev-shm-usage, --disable-popup-blocking, --remote-allow-origins=*, user-agent=test-automation-..., --ignore-certificate-errors]}, nativeWebScreenshot: true, newCommandTimeout: 0, platformName: Android, skipServerInstallation: true, systemPort: 8200, udid: 28201FDH300JRK}, deviceApiLevel: 33, deviceManufacturer: Google, deviceModel: Pixel 7 Pro, deviceName: 28201FDH300JRK, deviceScreenDensity: 420, deviceScreenSize: 1080x2340, deviceUDID: 28201FDH300JRK, disableSuppressAccessibilityService: true, goog:chromeOptions: {args: [--no-sandbox, --window-size=1920x1080, --start-maximized, --disable-dev-shm-usage, --disable-popup-blocking, --remote-allow-origins=*, user-agent=test-automation-..., --ignore-certificate-errors]}, javascriptEnabled: true, locationContextEnabled: false, nativeWebScreenshot: true, networkConnectionEnabled: true, newCommandTimeout: 0, optimalHubUrl: hub-aps.browserstack.com, pixelRatio: 2.625, platform: LINUX, platformName: ANDROID, platformVersion: 13, skipServerInstallation: true, statBarHeight: 130, systemPort: 8200, takesScreenshot: true, udid: 28201FDH300JRK, viewportRect: {height: 2049, left: 0, top: 130, width: 1080}, warnings: {}, webStorageEnabled: false}
Session ID: 307b2860512b0e8748c6346fcecc0cc57a861024]]>
            </message>
            <full-stacktrace>
              <![CDATA[org.openqa.selenium.UnsupportedCommandException: {"value":{"error":"unknown method","message":"Not implemented yet for pageLoad.","stacktrace":"NotImplementedError: Not implemented yet for pageLoad.\n    at AndroidUiautomator2Driver.pageLoadTimeoutW3C (/nix/store/a4f03fnyb1njsg95d11hrirds8hfjsc1-appium-1.17.0/node_modules/appium-uiautomator2-driver/node_modules/appium-base-driver/lib/basedriver/commands/timeout.js:83:9)\n    at AndroidUiautomator2Driver.timeouts (/nix/store/a4f03fnyb1njsg95d11hrirds8hfjsc1-appium-1.17.0/node_modules/appium-uiautomator2-driver/node_modules/appium-base-driver/lib/basedriver/commands/timeout.js:40:16)\n    at commandExecutor (/nix/store/a4f03fnyb1njsg95d11hrirds8hfjsc1-appium-1.17.0/node_modules/appium-uiautomator2-driver/node_modules/appium-base-driver/lib/basedriver/driver.js:330:9)\n    at /nix/store/a4f03fnyb1njsg95d11hrirds8hfjsc1-appium-1.17.0/node_modules/appium-uiautomator2-driver/node_modules/async-lock/lib/index.js:125:12\n    at AsyncLock._promiseTry (/nix/store/a4f03fnyb1njsg95d11hrirds8hfjsc1-appium-1.17.0/node_modules/appium-uiautomator2-driver/node_modules/async-lock/lib/index.js:249:31)\n    at exec (/nix/store/a4f03fnyb1njsg95d11hrirds8hfjsc1-appium-1.17.0/node_modules/appium-uiautomator2-driver/node_modules/async-lock/lib/index.js:124:9)\n    at AsyncLock.acquire (/nix/store/a4f03fnyb1njsg95d11hrirds8hfjsc1-appium-1.17.0/node_modules/appium-uiautomator2-driver/node_modules/async-lock/lib/index.js:140:3)\n    at AndroidUiautomator2Driver.executeCommand (/nix/store/a4f03fnyb1njsg95d11hrirds8hfjsc1-appium-1.17.0/node_modules/appium-uiautomator2-driver/node_modules/appium-base-driver/lib/basedriver/driver.js:343:39)\n    at AppiumDriver.executeCommand (/nix/store/a4f03fnyb1njsg95d11hrirds8hfjsc1-appium-1.17.0/lib/appium.js:534:36)\n    at runMicrotasks (<anonymous>)\n    at processTicksAndRejections (internal/process/task_queues.js:97:5)\n    at asyncHandler (/nix/store/a4f03fnyb1njsg95d11hrirds8hfjsc1-appium-1.17.0/node_modules/appium-base-driver/lib/protocol/protocol.js:309:21)"}}
Command duration or timeout: 53 milliseconds
Build info: version: '4.6.0', revision: '79f1c02ae20'
System info: os.name: 'Windows 10', os.arch: 'amd64', os.version: '10.0', java.version: '17.0.6'
Driver info: org.openqa.selenium.chrome.ChromeDriver
Command: [307b2860512b0e8748c6346fcecc0cc57a861024, setTimeout {pageLoad=50000}]
Capabilities {acceptInsecureCerts: true, appActivity: org.wikipedia.main.MainActi..., appPackage: org.wikipedia.alpha, automationName: uiautomator2, bstack:options: {appiumVersion: 1.17.0, buildIdentifier: #38, hostName: ZIL1280, localIdentifier: 18_Dec_1814_ZIL1280_HpYf}, chromeOptions: {args: [--no-sandbox, --window-size=1920x1080, --start-maximized, --disable-dev-shm-usage, --disable-popup-blocking, --remote-allow-origins=*, user-agent=test-automation-..., --ignore-certificate-errors]}, chromedriverArgs: [--adb-port=5038], chromedriverPort: 18080, chromedriverPorts: [[18100, 18110]], databaseEnabled: false, desired: {acceptInsecureCerts: true, appActivity: org.wikipedia.main.MainActi..., appPackage: org.wikipedia.alpha, automationName: uiautomator2, bstack:options: {appiumVersion: 1.17.0, buildIdentifier: #38, hostName: ZIL1280, localIdentifier: 18_Dec_1814_ZIL1280_HpYf}, chromeOptions: {args: [--no-sandbox, --window-size=1920x1080, --start-maximized, --disable-dev-shm-usage, --disable-popup-blocking, --remote-allow-origins=*, user-agent=test-automation-..., --ignore-certificate-errors]}, chromedriverArgs: [--adb-port=5038], chromedriverPort: 18080, chromedriverPorts: [[18100, 18110]], deviceName: Android, disableSuppressAccessibilityService: true, goog:chromeOptions: {args: [--no-sandbox, --window-size=1920x1080, --start-maximized, --disable-dev-shm-usage, --disable-popup-blocking, --remote-allow-origins=*, user-agent=test-automation-..., --ignore-certificate-errors]}, nativeWebScreenshot: true, newCommandTimeout: 0, platformName: Android, skipServerInstallation: true, systemPort: 8200, udid: 28201FDH300JRK}, deviceApiLevel: 33, deviceManufacturer: Google, deviceModel: Pixel 7 Pro, deviceName: 28201FDH300JRK, deviceScreenDensity: 420, deviceScreenSize: 1080x2340, deviceUDID: 28201FDH300JRK, disableSuppressAccessibilityService: true, goog:chromeOptions: {args: [--no-sandbox, --window-size=1920x1080, --start-maximized, --disable-dev-shm-usage, --disable-popup-blocking, --remote-allow-origins=*, user-agent=test-automation-..., --ignore-certificate-errors]}, javascriptEnabled: true, locationContextEnabled: false, nativeWebScreenshot: true, networkConnectionEnabled: true, newCommandTimeout: 0, optimalHubUrl: hub-aps.browserstack.com, pixelRatio: 2.625, platform: LINUX, platformName: ANDROID, platformVersion: 13, skipServerInstallation: true, statBarHeight: 130, systemPort: 8200, takesScreenshot: true, udid: 28201FDH300JRK, viewportRect: {height: 2049, left: 0, top: 130, width: 1080}, warnings: {}, webStorageEnabled: false}
Session ID: 307b2860512b0e8748c6346fcecc0cc57a861024
at java.base/jdk.internal.reflect.NativeConstructorAccessorImpl.newInstance0(Native Method)
at java.base/jdk.internal.reflect.NativeConstructorAccessorImpl.newInstance(NativeConstructorAccessorImpl.java:77)
at java.base/jdk.internal.reflect.DelegatingConstructorAccessorImpl.newInstance(DelegatingConstructorAccessorImpl.java:45)
at java.base/java.lang.reflect.Constructor.newInstanceWithCaller(Constructor.java:499)
at java.base/java.lang.reflect.Constructor.newInstance(Constructor.java:480)
at org.openqa.selenium.remote.ErrorHandler.createThrowable(ErrorHandler.java:217)
at org.openqa.selenium.remote.ErrorHandler.throwIfResponseFailed(ErrorHandler.java:169)
at org.openqa.selenium.remote.RemoteWebDriver.execute(RemoteWebDriver.java:576)
at org.openqa.selenium.remote.RemoteWebDriver$RemoteWebDriverOptions$RemoteTimeouts.pageLoadTimeout(RemoteWebDriver.java:897)
at org.openqa.selenium.support.events.EventFiringWebDriver$EventFiringTimeouts.pageLoadTimeout(EventFiringWebDriver.java:704)
at org.openqa.selenium.support.events.EventFiringWebDriver$EventFiringTimeouts.pageLoadTimeout(EventFiringWebDriver.java:699)
at com.perficient.util.TestCaseBase.setUpBrowser(TestCaseBase.java:173)
at java.base/jdk.internal.reflect.NativeMethodAccessorImpl.invoke0(Native Method)
at java.base/jdk.internal.reflect.NativeMethodAccessorImpl.invoke(NativeMethodAccessorImpl.java:77)
at java.base/jdk.internal.reflect.DelegatingMethodAccessorImpl.invoke(DelegatingMethodAccessorImpl.java:43)
at java.base/java.lang.reflect.Method.invoke(Method.java:568)
at org.testng.internal.MethodInvocationHelper.invokeMethod(MethodInvocationHelper.java:133)
at org.testng.internal.MethodInvocationHelper.invokeMethodConsideringTimeout(MethodInvocationHelper.java:62)
at org.testng.internal.ConfigInvoker.invokeConfigurationMethod(ConfigInvoker.java:385)
at org.testng.internal.ConfigInvoker.invokeConfigurations(ConfigInvoker.java:321)
at org.testng.internal.TestMethodWorker.invokeBeforeClassMethods(TestMethodWorker.java:176)
at org.testng.internal.TestMethodWorker.run(TestMethodWorker.java:122)
at java.base/java.util.ArrayList.forEach(ArrayList.java:1511)
at org.testng.TestRunner.privateRun(TestRunner.java:794)
at org.testng.TestRunner.run(TestRunner.java:596)
at org.testng.SuiteRunner.runTest(SuiteRunner.java:377)
at org.testng.SuiteRunner.access$000(SuiteRunner.java:28)
at org.testng.SuiteRunner$SuiteWorker.run(SuiteRunner.java:418)
at org.testng.internal.thread.ThreadUtil.lambda$execute$0(ThreadUtil.java:64)
at java.base/java.util.concurrent.FutureTask.run(FutureTask.java:264)
at java.base/java.util.concurrent.ThreadPoolExecutor.runWorker(ThreadPoolExecutor.java:1136)
at java.base/java.util.concurrent.ThreadPoolExecutor$Worker.run(ThreadPoolExecutor.java:635)
at java.base/java.lang.Thread.run(Thread.java:833)
]]>
            </full-stacktrace>
          </exception> <!-- org.openqa.selenium.UnsupportedCommandException -->
          <reporter-output>
          </reporter-output>
        </test-method> <!-- homePageValidationAfterLogin -->
        <test-method is-config="true" signature="afterMethod(java.lang.reflect.Method)[pri:0, instance:com.perficient.testCases.Desktop.purdy.Verify_Login_Page_with_valid_credentials@2881ad47]" started-at="2023-12-18T18:19:24 IST" name="afterMethod" finished-at="2023-12-18T18:19:24 IST" duration-ms="181" status="PASS">
          <params>
            <param index="0">
              <value>
                <![CDATA[public void com.perficient.testCases.Desktop.purdy.Verify_Login_Page_with_valid_credentials.homePageValidationAfterLogin(java.util.Hashtable) throws java.lang.Exception]]>
              </value>
            </param>
          </params>
          <reporter-output>
          </reporter-output>
        </test-method> <!-- afterMethod -->
        <test-method is-config="true" signature="tearDown(org.testng.ITestContext)[pri:0, instance:com.perficient.testCases.Desktop.purdy.Verify_Login_Page_with_valid_credentials@2881ad47]" started-at="2023-12-18T18:19:24 IST" name="tearDown" finished-at="2023-12-18T18:19:26 IST" duration-ms="2076" status="PASS">
          <params>
            <param index="0">
              <value>
                <![CDATA[org.testng.TestRunner@a098d76]]>
              </value>
            </param>
          </params>
          <reporter-output>
          </reporter-output>
        </test-method> <!-- tearDown -->
      </class> <!-- com.perficient.testCases.Desktop.purdy.Verify_Login_Page_with_valid_credentials -->
    </test> <!-- Guest User - Plans Availability-1 -->
    <test started-at="2023-12-18T18:15:00 IST" name="Guest User - Plans Availability-0" finished-at="2023-12-18T18:19:26 IST" duration-ms="266777">
      <class name="com.perficient.testCases.Desktop.purdy.Verify_Login_Page_with_valid_credentials">
        <test-method is-config="true" signature="setUpBrowser(java.lang.String,java.lang.String,java.lang.String,java.lang.String,java.lang.String,java.lang.String,java.lang.String,java.lang.String,java.lang.String,java.lang.String,java.lang.String,java.lang.String,java.lang.String,java.lang.String,java.lang.String,java.lang.String)[pri:0, instance:com.perficient.testCases.Desktop.purdy.Verify_Login_Page_with_valid_credentials@2ca5f1ed]" started-at="2023-12-18T18:15:00 IST" name="setUpBrowser" finished-at="2023-12-18T18:19:21 IST" duration-ms="261413" status="FAIL">
          <params>
            <param index="0">
              <value>
                <![CDATA[chromeDesktop]]>
              </value>
            </param>
            <param index="1">
              <value>
                <![CDATA[false]]>
              </value>
            </param>
            <param index="2">
              <value>
                <![CDATA[localhost]]>
              </value>
            </param>
            <param index="3">
              <value>
                <![CDATA[4444]]>
              </value>
            </param>
            <param index="4">
              <value>
                <![CDATA[test]]>
              </value>
            </param>
            <param index="5">
              <value>
                <![CDATA[10.128.190.5]]>
              </value>
            </param>
            <param index="6">
              <value>
                <![CDATA[9200]]>
              </value>
            </param>
            <param index="7">
              <value>
                <![CDATA[ngpautomation]]>
              </value>
            </param>
            <param index="8">
              <value>
                <![CDATA[_doc]]>
              </value>
            </param>
            <param index="9">
              <value>
                <![CDATA[testing]]>
              </value>
            </param>
            <param index="10">
              <value>
                <![CDATA[TQA_Regression_Boost_1]]>
              </value>
            </param>
            <param index="11">
              <value>
                <![CDATA[Mac]]>
              </value>
            </param>
            <param index="12">
              <value>
                <![CDATA[macOS Catalina]]>
              </value>
            </param>
            <param index="13">
              <value>
                <![CDATA[117]]>
              </value>
            </param>
            <param index="14">
              <value>
                <![CDATA[3840x216]]>
              </value>
            </param>
            <param index="15">
              <value>
                <![CDATA[US East]]>
              </value>
            </param>
          </params>
          <exception class="org.openqa.selenium.UnsupportedCommandException">
            <message>
              <![CDATA[{"value":{"error":"unknown method","message":"Not implemented yet for pageLoad.","stacktrace":"NotImplementedError: Not implemented yet for pageLoad.\n    at AndroidUiautomator2Driver.pageLoadTimeoutW3C (/nix/store/a4f03fnyb1njsg95d11hrirds8hfjsc1-appium-1.17.0/node_modules/appium-uiautomator2-driver/node_modules/appium-base-driver/lib/basedriver/commands/timeout.js:83:9)\n    at AndroidUiautomator2Driver.timeouts (/nix/store/a4f03fnyb1njsg95d11hrirds8hfjsc1-appium-1.17.0/node_modules/appium-uiautomator2-driver/node_modules/appium-base-driver/lib/basedriver/commands/timeout.js:40:16)\n    at commandExecutor (/nix/store/a4f03fnyb1njsg95d11hrirds8hfjsc1-appium-1.17.0/node_modules/appium-uiautomator2-driver/node_modules/appium-base-driver/lib/basedriver/driver.js:330:9)\n    at /nix/store/a4f03fnyb1njsg95d11hrirds8hfjsc1-appium-1.17.0/node_modules/appium-uiautomator2-driver/node_modules/async-lock/lib/index.js:125:12\n    at AsyncLock._promiseTry (/nix/store/a4f03fnyb1njsg95d11hrirds8hfjsc1-appium-1.17.0/node_modules/appium-uiautomator2-driver/node_modules/async-lock/lib/index.js:249:31)\n    at exec (/nix/store/a4f03fnyb1njsg95d11hrirds8hfjsc1-appium-1.17.0/node_modules/appium-uiautomator2-driver/node_modules/async-lock/lib/index.js:124:9)\n    at AsyncLock.acquire (/nix/store/a4f03fnyb1njsg95d11hrirds8hfjsc1-appium-1.17.0/node_modules/appium-uiautomator2-driver/node_modules/async-lock/lib/index.js:140:3)\n    at AndroidUiautomator2Driver.executeCommand (/nix/store/a4f03fnyb1njsg95d11hrirds8hfjsc1-appium-1.17.0/node_modules/appium-uiautomator2-driver/node_modules/appium-base-driver/lib/basedriver/driver.js:343:39)\n    at AppiumDriver.executeCommand (/nix/store/a4f03fnyb1njsg95d11hrirds8hfjsc1-appium-1.17.0/lib/appium.js:534:36)\n    at runMicrotasks (<anonymous>)\n    at processTicksAndRejections (internal/process/task_queues.js:97:5)\n    at asyncHandler (/nix/store/a4f03fnyb1njsg95d11hrirds8hfjsc1-appium-1.17.0/node_modules/appium-base-driver/lib/protocol/protocol.js:309:21)"}}
Command duration or timeout: 55 milliseconds
Build info: version: '4.6.0', revision: '79f1c02ae20'
System info: os.name: 'Windows 10', os.arch: 'amd64', os.version: '10.0', java.version: '17.0.6'
Driver info: org.openqa.selenium.chrome.ChromeDriver
Command: [f4a668b44615bd0b3cf6005311b11cff484bf37b, setTimeout {pageLoad=50000}]
Capabilities {acceptInsecureCerts: true, appActivity: org.wikipedia.main.MainActi..., appPackage: org.wikipedia.alpha, automationName: uiautomator2, bstack:options: {appiumVersion: 1.17.0, buildIdentifier: #38, hostName: ZIL1280, localIdentifier: 18_Dec_1814_ZIL1280_HpYf}, chromeOptions: {args: [--no-sandbox, --window-size=1920x1080, --start-maximized, --disable-dev-shm-usage, --disable-popup-blocking, --remote-allow-origins=*, user-agent=test-automation-..., --ignore-certificate-errors]}, chromedriverPort: 18083, chromedriverPorts: [[18133, 18143]], databaseEnabled: false, desired: {acceptInsecureCerts: true, appActivity: org.wikipedia.main.MainActi..., appPackage: org.wikipedia.alpha, automationName: uiautomator2, bstack:options: {appiumVersion: 1.17.0, buildIdentifier: #38, hostName: ZIL1280, localIdentifier: 18_Dec_1814_ZIL1280_HpYf}, chromeOptions: {args: [--no-sandbox, --window-size=1920x1080, --start-maximized, --disable-dev-shm-usage, --disable-popup-blocking, --remote-allow-origins=*, user-agent=test-automation-..., --ignore-certificate-errors]}, chromedriverPort: 18083, chromedriverPorts: [[18133, 18143]], deviceName: Android, disableSuppressAccessibilityService: true, goog:chromeOptions: {args: [--no-sandbox, --window-size=1920x1080, --start-maximized, --disable-dev-shm-usage, --disable-popup-blocking, --remote-allow-origins=*, user-agent=test-automation-..., --ignore-certificate-errors]}, nativeWebScreenshot: true, newCommandTimeout: 0, platformName: Android, skipServerInstallation: true, systemPort: 8203, udid: R5CT238SA7H}, deviceApiLevel: 31, deviceManufacturer: samsung, deviceModel: SM-S908E, deviceName: R5CT238SA7H, deviceScreenDensity: 450, deviceScreenSize: 1080x2316, deviceUDID: R5CT238SA7H, disableSuppressAccessibilityService: true, goog:chromeOptions: {args: [--no-sandbox, --window-size=1920x1080, --start-maximized, --disable-dev-shm-usage, --disable-popup-blocking, --remote-allow-origins=*, user-agent=test-automation-..., --ignore-certificate-errors]}, javascriptEnabled: true, locationContextEnabled: false, nativeWebScreenshot: true, networkConnectionEnabled: true, newCommandTimeout: 0, optimalHubUrl: hub-aps.browserstack.com, pixelRatio: 2.8125, platform: LINUX, platformName: ANDROID, platformVersion: 12, skipServerInstallation: true, statBarHeight: 75, systemPort: 8203, takesScreenshot: true, udid: R5CT238SA7H, viewportRect: {height: 2031, left: 0, top: 75, width: 1080}, warnings: {}, webStorageEnabled: false}
Session ID: f4a668b44615bd0b3cf6005311b11cff484bf37b]]>
            </message>
            <full-stacktrace>
              <![CDATA[org.openqa.selenium.UnsupportedCommandException: {"value":{"error":"unknown method","message":"Not implemented yet for pageLoad.","stacktrace":"NotImplementedError: Not implemented yet for pageLoad.\n    at AndroidUiautomator2Driver.pageLoadTimeoutW3C (/nix/store/a4f03fnyb1njsg95d11hrirds8hfjsc1-appium-1.17.0/node_modules/appium-uiautomator2-driver/node_modules/appium-base-driver/lib/basedriver/commands/timeout.js:83:9)\n    at AndroidUiautomator2Driver.timeouts (/nix/store/a4f03fnyb1njsg95d11hrirds8hfjsc1-appium-1.17.0/node_modules/appium-uiautomator2-driver/node_modules/appium-base-driver/lib/basedriver/commands/timeout.js:40:16)\n    at commandExecutor (/nix/store/a4f03fnyb1njsg95d11hrirds8hfjsc1-appium-1.17.0/node_modules/appium-uiautomator2-driver/node_modules/appium-base-driver/lib/basedriver/driver.js:330:9)\n    at /nix/store/a4f03fnyb1njsg95d11hrirds8hfjsc1-appium-1.17.0/node_modules/appium-uiautomator2-driver/node_modules/async-lock/lib/index.js:125:12\n    at AsyncLock._promiseTry (/nix/store/a4f03fnyb1njsg95d11hrirds8hfjsc1-appium-1.17.0/node_modules/appium-uiautomator2-driver/node_modules/async-lock/lib/index.js:249:31)\n    at exec (/nix/store/a4f03fnyb1njsg95d11hrirds8hfjsc1-appium-1.17.0/node_modules/appium-uiautomator2-driver/node_modules/async-lock/lib/index.js:124:9)\n    at AsyncLock.acquire (/nix/store/a4f03fnyb1njsg95d11hrirds8hfjsc1-appium-1.17.0/node_modules/appium-uiautomator2-driver/node_modules/async-lock/lib/index.js:140:3)\n    at AndroidUiautomator2Driver.executeCommand (/nix/store/a4f03fnyb1njsg95d11hrirds8hfjsc1-appium-1.17.0/node_modules/appium-uiautomator2-driver/node_modules/appium-base-driver/lib/basedriver/driver.js:343:39)\n    at AppiumDriver.executeCommand (/nix/store/a4f03fnyb1njsg95d11hrirds8hfjsc1-appium-1.17.0/lib/appium.js:534:36)\n    at runMicrotasks (<anonymous>)\n    at processTicksAndRejections (internal/process/task_queues.js:97:5)\n    at asyncHandler (/nix/store/a4f03fnyb1njsg95d11hrirds8hfjsc1-appium-1.17.0/node_modules/appium-base-driver/lib/protocol/protocol.js:309:21)"}}
Command duration or timeout: 55 milliseconds
Build info: version: '4.6.0', revision: '79f1c02ae20'
System info: os.name: 'Windows 10', os.arch: 'amd64', os.version: '10.0', java.version: '17.0.6'
Driver info: org.openqa.selenium.chrome.ChromeDriver
Command: [f4a668b44615bd0b3cf6005311b11cff484bf37b, setTimeout {pageLoad=50000}]
Capabilities {acceptInsecureCerts: true, appActivity: org.wikipedia.main.MainActi..., appPackage: org.wikipedia.alpha, automationName: uiautomator2, bstack:options: {appiumVersion: 1.17.0, buildIdentifier: #38, hostName: ZIL1280, localIdentifier: 18_Dec_1814_ZIL1280_HpYf}, chromeOptions: {args: [--no-sandbox, --window-size=1920x1080, --start-maximized, --disable-dev-shm-usage, --disable-popup-blocking, --remote-allow-origins=*, user-agent=test-automation-..., --ignore-certificate-errors]}, chromedriverPort: 18083, chromedriverPorts: [[18133, 18143]], databaseEnabled: false, desired: {acceptInsecureCerts: true, appActivity: org.wikipedia.main.MainActi..., appPackage: org.wikipedia.alpha, automationName: uiautomator2, bstack:options: {appiumVersion: 1.17.0, buildIdentifier: #38, hostName: ZIL1280, localIdentifier: 18_Dec_1814_ZIL1280_HpYf}, chromeOptions: {args: [--no-sandbox, --window-size=1920x1080, --start-maximized, --disable-dev-shm-usage, --disable-popup-blocking, --remote-allow-origins=*, user-agent=test-automation-..., --ignore-certificate-errors]}, chromedriverPort: 18083, chromedriverPorts: [[18133, 18143]], deviceName: Android, disableSuppressAccessibilityService: true, goog:chromeOptions: {args: [--no-sandbox, --window-size=1920x1080, --start-maximized, --disable-dev-shm-usage, --disable-popup-blocking, --remote-allow-origins=*, user-agent=test-automation-..., --ignore-certificate-errors]}, nativeWebScreenshot: true, newCommandTimeout: 0, platformName: Android, skipServerInstallation: true, systemPort: 8203, udid: R5CT238SA7H}, deviceApiLevel: 31, deviceManufacturer: samsung, deviceModel: SM-S908E, deviceName: R5CT238SA7H, deviceScreenDensity: 450, deviceScreenSize: 1080x2316, deviceUDID: R5CT238SA7H, disableSuppressAccessibilityService: true, goog:chromeOptions: {args: [--no-sandbox, --window-size=1920x1080, --start-maximized, --disable-dev-shm-usage, --disable-popup-blocking, --remote-allow-origins=*, user-agent=test-automation-..., --ignore-certificate-errors]}, javascriptEnabled: true, locationContextEnabled: false, nativeWebScreenshot: true, networkConnectionEnabled: true, newCommandTimeout: 0, optimalHubUrl: hub-aps.browserstack.com, pixelRatio: 2.8125, platform: LINUX, platformName: ANDROID, platformVersion: 12, skipServerInstallation: true, statBarHeight: 75, systemPort: 8203, takesScreenshot: true, udid: R5CT238SA7H, viewportRect: {height: 2031, left: 0, top: 75, width: 1080}, warnings: {}, webStorageEnabled: false}
Session ID: f4a668b44615bd0b3cf6005311b11cff484bf37b
at java.base/jdk.internal.reflect.NativeConstructorAccessorImpl.newInstance0(Native Method)
at java.base/jdk.internal.reflect.NativeConstructorAccessorImpl.newInstance(NativeConstructorAccessorImpl.java:77)
at java.base/jdk.internal.reflect.DelegatingConstructorAccessorImpl.newInstance(DelegatingConstructorAccessorImpl.java:45)
at java.base/java.lang.reflect.Constructor.newInstanceWithCaller(Constructor.java:499)
at java.base/java.lang.reflect.Constructor.newInstance(Constructor.java:480)
at org.openqa.selenium.remote.ErrorHandler.createThrowable(ErrorHandler.java:217)
at org.openqa.selenium.remote.ErrorHandler.throwIfResponseFailed(ErrorHandler.java:169)
at org.openqa.selenium.remote.RemoteWebDriver.execute(RemoteWebDriver.java:576)
at org.openqa.selenium.remote.RemoteWebDriver$RemoteWebDriverOptions$RemoteTimeouts.pageLoadTimeout(RemoteWebDriver.java:897)
at org.openqa.selenium.support.events.EventFiringWebDriver$EventFiringTimeouts.pageLoadTimeout(EventFiringWebDriver.java:704)
at org.openqa.selenium.support.events.EventFiringWebDriver$EventFiringTimeouts.pageLoadTimeout(EventFiringWebDriver.java:699)
at com.perficient.util.TestCaseBase.setUpBrowser(TestCaseBase.java:173)
at java.base/jdk.internal.reflect.NativeMethodAccessorImpl.invoke0(Native Method)
at java.base/jdk.internal.reflect.NativeMethodAccessorImpl.invoke(NativeMethodAccessorImpl.java:77)
at java.base/jdk.internal.reflect.DelegatingMethodAccessorImpl.invoke(DelegatingMethodAccessorImpl.java:43)
at java.base/java.lang.reflect.Method.invoke(Method.java:568)
at org.testng.internal.MethodInvocationHelper.invokeMethod(MethodInvocationHelper.java:133)
at org.testng.internal.MethodInvocationHelper.invokeMethodConsideringTimeout(MethodInvocationHelper.java:62)
at org.testng.internal.ConfigInvoker.invokeConfigurationMethod(ConfigInvoker.java:385)
at org.testng.internal.ConfigInvoker.invokeConfigurations(ConfigInvoker.java:321)
at org.testng.internal.TestMethodWorker.invokeBeforeClassMethods(TestMethodWorker.java:176)
at org.testng.internal.TestMethodWorker.run(TestMethodWorker.java:122)
at java.base/java.util.ArrayList.forEach(ArrayList.java:1511)
at org.testng.TestRunner.privateRun(TestRunner.java:794)
at org.testng.TestRunner.run(TestRunner.java:596)
at org.testng.SuiteRunner.runTest(SuiteRunner.java:377)
at org.testng.SuiteRunner.access$000(SuiteRunner.java:28)
at org.testng.SuiteRunner$SuiteWorker.run(SuiteRunner.java:418)
at org.testng.internal.thread.ThreadUtil.lambda$execute$0(ThreadUtil.java:64)
at java.base/java.util.concurrent.FutureTask.run(FutureTask.java:264)
at java.base/java.util.concurrent.ThreadPoolExecutor.runWorker(ThreadPoolExecutor.java:1136)
at java.base/java.util.concurrent.ThreadPoolExecutor$Worker.run(ThreadPoolExecutor.java:635)
at java.base/java.lang.Thread.run(Thread.java:833)
]]>
            </full-stacktrace>
          </exception> <!-- org.openqa.selenium.UnsupportedCommandException -->
          <reporter-output>
          </reporter-output>
        </test-method> <!-- setUpBrowser -->
        <test-method is-config="true" signature="beforeMethod(java.lang.reflect.Method)[pri:0, instance:com.perficient.testCases.Desktop.purdy.Verify_Login_Page_with_valid_credentials@2ca5f1ed]" started-at="2023-12-18T18:19:21 IST" name="beforeMethod" finished-at="2023-12-18T18:19:21 IST" duration-ms="141" status="PASS">
          <params>
            <param index="0">
              <value>
                <![CDATA[public void com.perficient.testCases.Desktop.purdy.Verify_Login_Page_with_valid_credentials.customerLogin(java.util.Hashtable) throws java.lang.Exception]]>
              </value>
            </param>
          </params>
          <reporter-output>
          </reporter-output>
        </test-method> <!-- beforeMethod -->
        <test-method signature="customerLogin(java.util.Hashtable)[pri:0, instance:com.perficient.testCases.Desktop.purdy.Verify_Login_Page_with_valid_credentials@2ca5f1ed]" started-at="2023-12-18T18:19:21 IST" name="customerLogin" data-provider="get_Data_Verify_Login_Page_with_valid_credentials" finished-at="2023-12-18T18:19:21 IST" duration-ms="0" status="SKIP">
          <params>
            <param index="0">
              <value>
                <![CDATA[{EmailID=pratikhood001@gmail.com, Password=Aali@123, HomePageTitle=Chocolate Shop | Chocolate | Purdys Chocolatier, LoginPageTitle=Customer Login}]]>
              </value>
            </param>
          </params>
          <exception class="org.openqa.selenium.UnsupportedCommandException">
            <message>
              <![CDATA[{"value":{"error":"unknown method","message":"Not implemented yet for pageLoad.","stacktrace":"NotImplementedError: Not implemented yet for pageLoad.\n    at AndroidUiautomator2Driver.pageLoadTimeoutW3C (/nix/store/a4f03fnyb1njsg95d11hrirds8hfjsc1-appium-1.17.0/node_modules/appium-uiautomator2-driver/node_modules/appium-base-driver/lib/basedriver/commands/timeout.js:83:9)\n    at AndroidUiautomator2Driver.timeouts (/nix/store/a4f03fnyb1njsg95d11hrirds8hfjsc1-appium-1.17.0/node_modules/appium-uiautomator2-driver/node_modules/appium-base-driver/lib/basedriver/commands/timeout.js:40:16)\n    at commandExecutor (/nix/store/a4f03fnyb1njsg95d11hrirds8hfjsc1-appium-1.17.0/node_modules/appium-uiautomator2-driver/node_modules/appium-base-driver/lib/basedriver/driver.js:330:9)\n    at /nix/store/a4f03fnyb1njsg95d11hrirds8hfjsc1-appium-1.17.0/node_modules/appium-uiautomator2-driver/node_modules/async-lock/lib/index.js:125:12\n    at AsyncLock._promiseTry (/nix/store/a4f03fnyb1njsg95d11hrirds8hfjsc1-appium-1.17.0/node_modules/appium-uiautomator2-driver/node_modules/async-lock/lib/index.js:249:31)\n    at exec (/nix/store/a4f03fnyb1njsg95d11hrirds8hfjsc1-appium-1.17.0/node_modules/appium-uiautomator2-driver/node_modules/async-lock/lib/index.js:124:9)\n    at AsyncLock.acquire (/nix/store/a4f03fnyb1njsg95d11hrirds8hfjsc1-appium-1.17.0/node_modules/appium-uiautomator2-driver/node_modules/async-lock/lib/index.js:140:3)\n    at AndroidUiautomator2Driver.executeCommand (/nix/store/a4f03fnyb1njsg95d11hrirds8hfjsc1-appium-1.17.0/node_modules/appium-uiautomator2-driver/node_modules/appium-base-driver/lib/basedriver/driver.js:343:39)\n    at AppiumDriver.executeCommand (/nix/store/a4f03fnyb1njsg95d11hrirds8hfjsc1-appium-1.17.0/lib/appium.js:534:36)\n    at runMicrotasks (<anonymous>)\n    at processTicksAndRejections (internal/process/task_queues.js:97:5)\n    at asyncHandler (/nix/store/a4f03fnyb1njsg95d11hrirds8hfjsc1-appium-1.17.0/node_modules/appium-base-driver/lib/protocol/protocol.js:309:21)"}}
Command duration or timeout: 55 milliseconds
Build info: version: '4.6.0', revision: '79f1c02ae20'
System info: os.name: 'Windows 10', os.arch: 'amd64', os.version: '10.0', java.version: '17.0.6'
Driver info: org.openqa.selenium.chrome.ChromeDriver
Command: [f4a668b44615bd0b3cf6005311b11cff484bf37b, setTimeout {pageLoad=50000}]
Capabilities {acceptInsecureCerts: true, appActivity: org.wikipedia.main.MainActi..., appPackage: org.wikipedia.alpha, automationName: uiautomator2, bstack:options: {appiumVersion: 1.17.0, buildIdentifier: #38, hostName: ZIL1280, localIdentifier: 18_Dec_1814_ZIL1280_HpYf}, chromeOptions: {args: [--no-sandbox, --window-size=1920x1080, --start-maximized, --disable-dev-shm-usage, --disable-popup-blocking, --remote-allow-origins=*, user-agent=test-automation-..., --ignore-certificate-errors]}, chromedriverPort: 18083, chromedriverPorts: [[18133, 18143]], databaseEnabled: false, desired: {acceptInsecureCerts: true, appActivity: org.wikipedia.main.MainActi..., appPackage: org.wikipedia.alpha, automationName: uiautomator2, bstack:options: {appiumVersion: 1.17.0, buildIdentifier: #38, hostName: ZIL1280, localIdentifier: 18_Dec_1814_ZIL1280_HpYf}, chromeOptions: {args: [--no-sandbox, --window-size=1920x1080, --start-maximized, --disable-dev-shm-usage, --disable-popup-blocking, --remote-allow-origins=*, user-agent=test-automation-..., --ignore-certificate-errors]}, chromedriverPort: 18083, chromedriverPorts: [[18133, 18143]], deviceName: Android, disableSuppressAccessibilityService: true, goog:chromeOptions: {args: [--no-sandbox, --window-size=1920x1080, --start-maximized, --disable-dev-shm-usage, --disable-popup-blocking, --remote-allow-origins=*, user-agent=test-automation-..., --ignore-certificate-errors]}, nativeWebScreenshot: true, newCommandTimeout: 0, platformName: Android, skipServerInstallation: true, systemPort: 8203, udid: R5CT238SA7H}, deviceApiLevel: 31, deviceManufacturer: samsung, deviceModel: SM-S908E, deviceName: R5CT238SA7H, deviceScreenDensity: 450, deviceScreenSize: 1080x2316, deviceUDID: R5CT238SA7H, disableSuppressAccessibilityService: true, goog:chromeOptions: {args: [--no-sandbox, --window-size=1920x1080, --start-maximized, --disable-dev-shm-usage, --disable-popup-blocking, --remote-allow-origins=*, user-agent=test-automation-..., --ignore-certificate-errors]}, javascriptEnabled: true, locationContextEnabled: false, nativeWebScreenshot: true, networkConnectionEnabled: true, newCommandTimeout: 0, optimalHubUrl: hub-aps.browserstack.com, pixelRatio: 2.8125, platform: LINUX, platformName: ANDROID, platformVersion: 12, skipServerInstallation: true, statBarHeight: 75, systemPort: 8203, takesScreenshot: true, udid: R5CT238SA7H, viewportRect: {height: 2031, left: 0, top: 75, width: 1080}, warnings: {}, webStorageEnabled: false}
Session ID: f4a668b44615bd0b3cf6005311b11cff484bf37b]]>
            </message>
            <full-stacktrace>
              <![CDATA[org.openqa.selenium.UnsupportedCommandException: {"value":{"error":"unknown method","message":"Not implemented yet for pageLoad.","stacktrace":"NotImplementedError: Not implemented yet for pageLoad.\n    at AndroidUiautomator2Driver.pageLoadTimeoutW3C (/nix/store/a4f03fnyb1njsg95d11hrirds8hfjsc1-appium-1.17.0/node_modules/appium-uiautomator2-driver/node_modules/appium-base-driver/lib/basedriver/commands/timeout.js:83:9)\n    at AndroidUiautomator2Driver.timeouts (/nix/store/a4f03fnyb1njsg95d11hrirds8hfjsc1-appium-1.17.0/node_modules/appium-uiautomator2-driver/node_modules/appium-base-driver/lib/basedriver/commands/timeout.js:40:16)\n    at commandExecutor (/nix/store/a4f03fnyb1njsg95d11hrirds8hfjsc1-appium-1.17.0/node_modules/appium-uiautomator2-driver/node_modules/appium-base-driver/lib/basedriver/driver.js:330:9)\n    at /nix/store/a4f03fnyb1njsg95d11hrirds8hfjsc1-appium-1.17.0/node_modules/appium-uiautomator2-driver/node_modules/async-lock/lib/index.js:125:12\n    at AsyncLock._promiseTry (/nix/store/a4f03fnyb1njsg95d11hrirds8hfjsc1-appium-1.17.0/node_modules/appium-uiautomator2-driver/node_modules/async-lock/lib/index.js:249:31)\n    at exec (/nix/store/a4f03fnyb1njsg95d11hrirds8hfjsc1-appium-1.17.0/node_modules/appium-uiautomator2-driver/node_modules/async-lock/lib/index.js:124:9)\n    at AsyncLock.acquire (/nix/store/a4f03fnyb1njsg95d11hrirds8hfjsc1-appium-1.17.0/node_modules/appium-uiautomator2-driver/node_modules/async-lock/lib/index.js:140:3)\n    at AndroidUiautomator2Driver.executeCommand (/nix/store/a4f03fnyb1njsg95d11hrirds8hfjsc1-appium-1.17.0/node_modules/appium-uiautomator2-driver/node_modules/appium-base-driver/lib/basedriver/driver.js:343:39)\n    at AppiumDriver.executeCommand (/nix/store/a4f03fnyb1njsg95d11hrirds8hfjsc1-appium-1.17.0/lib/appium.js:534:36)\n    at runMicrotasks (<anonymous>)\n    at processTicksAndRejections (internal/process/task_queues.js:97:5)\n    at asyncHandler (/nix/store/a4f03fnyb1njsg95d11hrirds8hfjsc1-appium-1.17.0/node_modules/appium-base-driver/lib/protocol/protocol.js:309:21)"}}
Command duration or timeout: 55 milliseconds
Build info: version: '4.6.0', revision: '79f1c02ae20'
System info: os.name: 'Windows 10', os.arch: 'amd64', os.version: '10.0', java.version: '17.0.6'
Driver info: org.openqa.selenium.chrome.ChromeDriver
Command: [f4a668b44615bd0b3cf6005311b11cff484bf37b, setTimeout {pageLoad=50000}]
Capabilities {acceptInsecureCerts: true, appActivity: org.wikipedia.main.MainActi..., appPackage: org.wikipedia.alpha, automationName: uiautomator2, bstack:options: {appiumVersion: 1.17.0, buildIdentifier: #38, hostName: ZIL1280, localIdentifier: 18_Dec_1814_ZIL1280_HpYf}, chromeOptions: {args: [--no-sandbox, --window-size=1920x1080, --start-maximized, --disable-dev-shm-usage, --disable-popup-blocking, --remote-allow-origins=*, user-agent=test-automation-..., --ignore-certificate-errors]}, chromedriverPort: 18083, chromedriverPorts: [[18133, 18143]], databaseEnabled: false, desired: {acceptInsecureCerts: true, appActivity: org.wikipedia.main.MainActi..., appPackage: org.wikipedia.alpha, automationName: uiautomator2, bstack:options: {appiumVersion: 1.17.0, buildIdentifier: #38, hostName: ZIL1280, localIdentifier: 18_Dec_1814_ZIL1280_HpYf}, chromeOptions: {args: [--no-sandbox, --window-size=1920x1080, --start-maximized, --disable-dev-shm-usage, --disable-popup-blocking, --remote-allow-origins=*, user-agent=test-automation-..., --ignore-certificate-errors]}, chromedriverPort: 18083, chromedriverPorts: [[18133, 18143]], deviceName: Android, disableSuppressAccessibilityService: true, goog:chromeOptions: {args: [--no-sandbox, --window-size=1920x1080, --start-maximized, --disable-dev-shm-usage, --disable-popup-blocking, --remote-allow-origins=*, user-agent=test-automation-..., --ignore-certificate-errors]}, nativeWebScreenshot: true, newCommandTimeout: 0, platformName: Android, skipServerInstallation: true, systemPort: 8203, udid: R5CT238SA7H}, deviceApiLevel: 31, deviceManufacturer: samsung, deviceModel: SM-S908E, deviceName: R5CT238SA7H, deviceScreenDensity: 450, deviceScreenSize: 1080x2316, deviceUDID: R5CT238SA7H, disableSuppressAccessibilityService: true, goog:chromeOptions: {args: [--no-sandbox, --window-size=1920x1080, --start-maximized, --disable-dev-shm-usage, --disable-popup-blocking, --remote-allow-origins=*, user-agent=test-automation-..., --ignore-certificate-errors]}, javascriptEnabled: true, locationContextEnabled: false, nativeWebScreenshot: true, networkConnectionEnabled: true, newCommandTimeout: 0, optimalHubUrl: hub-aps.browserstack.com, pixelRatio: 2.8125, platform: LINUX, platformName: ANDROID, platformVersion: 12, skipServerInstallation: true, statBarHeight: 75, systemPort: 8203, takesScreenshot: true, udid: R5CT238SA7H, viewportRect: {height: 2031, left: 0, top: 75, width: 1080}, warnings: {}, webStorageEnabled: false}
Session ID: f4a668b44615bd0b3cf6005311b11cff484bf37b
at java.base/jdk.internal.reflect.NativeConstructorAccessorImpl.newInstance0(Native Method)
at java.base/jdk.internal.reflect.NativeConstructorAccessorImpl.newInstance(NativeConstructorAccessorImpl.java:77)
at java.base/jdk.internal.reflect.DelegatingConstructorAccessorImpl.newInstance(DelegatingConstructorAccessorImpl.java:45)
at java.base/java.lang.reflect.Constructor.newInstanceWithCaller(Constructor.java:499)
at java.base/java.lang.reflect.Constructor.newInstance(Constructor.java:480)
at org.openqa.selenium.remote.ErrorHandler.createThrowable(ErrorHandler.java:217)
at org.openqa.selenium.remote.ErrorHandler.throwIfResponseFailed(ErrorHandler.java:169)
at org.openqa.selenium.remote.RemoteWebDriver.execute(RemoteWebDriver.java:576)
at org.openqa.selenium.remote.RemoteWebDriver$RemoteWebDriverOptions$RemoteTimeouts.pageLoadTimeout(RemoteWebDriver.java:897)
at org.openqa.selenium.support.events.EventFiringWebDriver$EventFiringTimeouts.pageLoadTimeout(EventFiringWebDriver.java:704)
at org.openqa.selenium.support.events.EventFiringWebDriver$EventFiringTimeouts.pageLoadTimeout(EventFiringWebDriver.java:699)
at com.perficient.util.TestCaseBase.setUpBrowser(TestCaseBase.java:173)
at java.base/jdk.internal.reflect.NativeMethodAccessorImpl.invoke0(Native Method)
at java.base/jdk.internal.reflect.NativeMethodAccessorImpl.invoke(NativeMethodAccessorImpl.java:77)
at java.base/jdk.internal.reflect.DelegatingMethodAccessorImpl.invoke(DelegatingMethodAccessorImpl.java:43)
at java.base/java.lang.reflect.Method.invoke(Method.java:568)
at org.testng.internal.MethodInvocationHelper.invokeMethod(MethodInvocationHelper.java:133)
at org.testng.internal.MethodInvocationHelper.invokeMethodConsideringTimeout(MethodInvocationHelper.java:62)
at org.testng.internal.ConfigInvoker.invokeConfigurationMethod(ConfigInvoker.java:385)
at org.testng.internal.ConfigInvoker.invokeConfigurations(ConfigInvoker.java:321)
at org.testng.internal.TestMethodWorker.invokeBeforeClassMethods(TestMethodWorker.java:176)
at org.testng.internal.TestMethodWorker.run(TestMethodWorker.java:122)
at java.base/java.util.ArrayList.forEach(ArrayList.java:1511)
at org.testng.TestRunner.privateRun(TestRunner.java:794)
at org.testng.TestRunner.run(TestRunner.java:596)
at org.testng.SuiteRunner.runTest(SuiteRunner.java:377)
at org.testng.SuiteRunner.access$000(SuiteRunner.java:28)
at org.testng.SuiteRunner$SuiteWorker.run(SuiteRunner.java:418)
at org.testng.internal.thread.ThreadUtil.lambda$execute$0(ThreadUtil.java:64)
at java.base/java.util.concurrent.FutureTask.run(FutureTask.java:264)
at java.base/java.util.concurrent.ThreadPoolExecutor.runWorker(ThreadPoolExecutor.java:1136)
at java.base/java.util.concurrent.ThreadPoolExecutor$Worker.run(ThreadPoolExecutor.java:635)
at java.base/java.lang.Thread.run(Thread.java:833)
]]>
            </full-stacktrace>
          </exception> <!-- org.openqa.selenium.UnsupportedCommandException -->
          <reporter-output>
          </reporter-output>
        </test-method> <!-- customerLogin -->
        <test-method is-config="true" signature="afterMethod(java.lang.reflect.Method)[pri:0, instance:com.perficient.testCases.Desktop.purdy.Verify_Login_Page_with_valid_credentials@2ca5f1ed]" started-at="2023-12-18T18:19:22 IST" name="afterMethod" finished-at="2023-12-18T18:19:22 IST" duration-ms="152" status="PASS">
          <params>
            <param index="0">
              <value>
                <![CDATA[public void com.perficient.testCases.Desktop.purdy.Verify_Login_Page_with_valid_credentials.customerLogin(java.util.Hashtable) throws java.lang.Exception]]>
              </value>
            </param>
          </params>
          <reporter-output>
          </reporter-output>
        </test-method> <!-- afterMethod -->
        <test-method is-config="true" signature="beforeMethod(java.lang.reflect.Method)[pri:0, instance:com.perficient.testCases.Desktop.purdy.Verify_Login_Page_with_valid_credentials@2ca5f1ed]" started-at="2023-12-18T18:19:22 IST" name="beforeMethod" finished-at="2023-12-18T18:19:22 IST" duration-ms="127" status="PASS">
          <params>
            <param index="0">
              <value>
                <![CDATA[public void com.perficient.testCases.Desktop.purdy.Verify_Login_Page_with_valid_credentials.redirectToLoginPage(java.util.Hashtable) throws java.lang.Exception]]>
              </value>
            </param>
          </params>
          <reporter-output>
          </reporter-output>
        </test-method> <!-- beforeMethod -->
        <test-method signature="redirectToLoginPage(java.util.Hashtable)[pri:1, instance:com.perficient.testCases.Desktop.purdy.Verify_Login_Page_with_valid_credentials@2ca5f1ed]" started-at="2023-12-18T18:19:22 IST" name="redirectToLoginPage" data-provider="get_Data_Verify_Login_Page_with_valid_credentials" finished-at="2023-12-18T18:19:22 IST" duration-ms="0" status="SKIP">
          <params>
            <param index="0">
              <value>
                <![CDATA[{EmailID=pratikhood001@gmail.com, Password=Aali@123, HomePageTitle=Chocolate Shop | Chocolate | Purdys Chocolatier, LoginPageTitle=Customer Login}]]>
              </value>
            </param>
          </params>
          <exception class="org.openqa.selenium.UnsupportedCommandException">
            <message>
              <![CDATA[{"value":{"error":"unknown method","message":"Not implemented yet for pageLoad.","stacktrace":"NotImplementedError: Not implemented yet for pageLoad.\n    at AndroidUiautomator2Driver.pageLoadTimeoutW3C (/nix/store/a4f03fnyb1njsg95d11hrirds8hfjsc1-appium-1.17.0/node_modules/appium-uiautomator2-driver/node_modules/appium-base-driver/lib/basedriver/commands/timeout.js:83:9)\n    at AndroidUiautomator2Driver.timeouts (/nix/store/a4f03fnyb1njsg95d11hrirds8hfjsc1-appium-1.17.0/node_modules/appium-uiautomator2-driver/node_modules/appium-base-driver/lib/basedriver/commands/timeout.js:40:16)\n    at commandExecutor (/nix/store/a4f03fnyb1njsg95d11hrirds8hfjsc1-appium-1.17.0/node_modules/appium-uiautomator2-driver/node_modules/appium-base-driver/lib/basedriver/driver.js:330:9)\n    at /nix/store/a4f03fnyb1njsg95d11hrirds8hfjsc1-appium-1.17.0/node_modules/appium-uiautomator2-driver/node_modules/async-lock/lib/index.js:125:12\n    at AsyncLock._promiseTry (/nix/store/a4f03fnyb1njsg95d11hrirds8hfjsc1-appium-1.17.0/node_modules/appium-uiautomator2-driver/node_modules/async-lock/lib/index.js:249:31)\n    at exec (/nix/store/a4f03fnyb1njsg95d11hrirds8hfjsc1-appium-1.17.0/node_modules/appium-uiautomator2-driver/node_modules/async-lock/lib/index.js:124:9)\n    at AsyncLock.acquire (/nix/store/a4f03fnyb1njsg95d11hrirds8hfjsc1-appium-1.17.0/node_modules/appium-uiautomator2-driver/node_modules/async-lock/lib/index.js:140:3)\n    at AndroidUiautomator2Driver.executeCommand (/nix/store/a4f03fnyb1njsg95d11hrirds8hfjsc1-appium-1.17.0/node_modules/appium-uiautomator2-driver/node_modules/appium-base-driver/lib/basedriver/driver.js:343:39)\n    at AppiumDriver.executeCommand (/nix/store/a4f03fnyb1njsg95d11hrirds8hfjsc1-appium-1.17.0/lib/appium.js:534:36)\n    at runMicrotasks (<anonymous>)\n    at processTicksAndRejections (internal/process/task_queues.js:97:5)\n    at asyncHandler (/nix/store/a4f03fnyb1njsg95d11hrirds8hfjsc1-appium-1.17.0/node_modules/appium-base-driver/lib/protocol/protocol.js:309:21)"}}
Command duration or timeout: 55 milliseconds
Build info: version: '4.6.0', revision: '79f1c02ae20'
System info: os.name: 'Windows 10', os.arch: 'amd64', os.version: '10.0', java.version: '17.0.6'
Driver info: org.openqa.selenium.chrome.ChromeDriver
Command: [f4a668b44615bd0b3cf6005311b11cff484bf37b, setTimeout {pageLoad=50000}]
Capabilities {acceptInsecureCerts: true, appActivity: org.wikipedia.main.MainActi..., appPackage: org.wikipedia.alpha, automationName: uiautomator2, bstack:options: {appiumVersion: 1.17.0, buildIdentifier: #38, hostName: ZIL1280, localIdentifier: 18_Dec_1814_ZIL1280_HpYf}, chromeOptions: {args: [--no-sandbox, --window-size=1920x1080, --start-maximized, --disable-dev-shm-usage, --disable-popup-blocking, --remote-allow-origins=*, user-agent=test-automation-..., --ignore-certificate-errors]}, chromedriverPort: 18083, chromedriverPorts: [[18133, 18143]], databaseEnabled: false, desired: {acceptInsecureCerts: true, appActivity: org.wikipedia.main.MainActi..., appPackage: org.wikipedia.alpha, automationName: uiautomator2, bstack:options: {appiumVersion: 1.17.0, buildIdentifier: #38, hostName: ZIL1280, localIdentifier: 18_Dec_1814_ZIL1280_HpYf}, chromeOptions: {args: [--no-sandbox, --window-size=1920x1080, --start-maximized, --disable-dev-shm-usage, --disable-popup-blocking, --remote-allow-origins=*, user-agent=test-automation-..., --ignore-certificate-errors]}, chromedriverPort: 18083, chromedriverPorts: [[18133, 18143]], deviceName: Android, disableSuppressAccessibilityService: true, goog:chromeOptions: {args: [--no-sandbox, --window-size=1920x1080, --start-maximized, --disable-dev-shm-usage, --disable-popup-blocking, --remote-allow-origins=*, user-agent=test-automation-..., --ignore-certificate-errors]}, nativeWebScreenshot: true, newCommandTimeout: 0, platformName: Android, skipServerInstallation: true, systemPort: 8203, udid: R5CT238SA7H}, deviceApiLevel: 31, deviceManufacturer: samsung, deviceModel: SM-S908E, deviceName: R5CT238SA7H, deviceScreenDensity: 450, deviceScreenSize: 1080x2316, deviceUDID: R5CT238SA7H, disableSuppressAccessibilityService: true, goog:chromeOptions: {args: [--no-sandbox, --window-size=1920x1080, --start-maximized, --disable-dev-shm-usage, --disable-popup-blocking, --remote-allow-origins=*, user-agent=test-automation-..., --ignore-certificate-errors]}, javascriptEnabled: true, locationContextEnabled: false, nativeWebScreenshot: true, networkConnectionEnabled: true, newCommandTimeout: 0, optimalHubUrl: hub-aps.browserstack.com, pixelRatio: 2.8125, platform: LINUX, platformName: ANDROID, platformVersion: 12, skipServerInstallation: true, statBarHeight: 75, systemPort: 8203, takesScreenshot: true, udid: R5CT238SA7H, viewportRect: {height: 2031, left: 0, top: 75, width: 1080}, warnings: {}, webStorageEnabled: false}
Session ID: f4a668b44615bd0b3cf6005311b11cff484bf37b]]>
            </message>
            <full-stacktrace>
              <![CDATA[org.openqa.selenium.UnsupportedCommandException: {"value":{"error":"unknown method","message":"Not implemented yet for pageLoad.","stacktrace":"NotImplementedError: Not implemented yet for pageLoad.\n    at AndroidUiautomator2Driver.pageLoadTimeoutW3C (/nix/store/a4f03fnyb1njsg95d11hrirds8hfjsc1-appium-1.17.0/node_modules/appium-uiautomator2-driver/node_modules/appium-base-driver/lib/basedriver/commands/timeout.js:83:9)\n    at AndroidUiautomator2Driver.timeouts (/nix/store/a4f03fnyb1njsg95d11hrirds8hfjsc1-appium-1.17.0/node_modules/appium-uiautomator2-driver/node_modules/appium-base-driver/lib/basedriver/commands/timeout.js:40:16)\n    at commandExecutor (/nix/store/a4f03fnyb1njsg95d11hrirds8hfjsc1-appium-1.17.0/node_modules/appium-uiautomator2-driver/node_modules/appium-base-driver/lib/basedriver/driver.js:330:9)\n    at /nix/store/a4f03fnyb1njsg95d11hrirds8hfjsc1-appium-1.17.0/node_modules/appium-uiautomator2-driver/node_modules/async-lock/lib/index.js:125:12\n    at AsyncLock._promiseTry (/nix/store/a4f03fnyb1njsg95d11hrirds8hfjsc1-appium-1.17.0/node_modules/appium-uiautomator2-driver/node_modules/async-lock/lib/index.js:249:31)\n    at exec (/nix/store/a4f03fnyb1njsg95d11hrirds8hfjsc1-appium-1.17.0/node_modules/appium-uiautomator2-driver/node_modules/async-lock/lib/index.js:124:9)\n    at AsyncLock.acquire (/nix/store/a4f03fnyb1njsg95d11hrirds8hfjsc1-appium-1.17.0/node_modules/appium-uiautomator2-driver/node_modules/async-lock/lib/index.js:140:3)\n    at AndroidUiautomator2Driver.executeCommand (/nix/store/a4f03fnyb1njsg95d11hrirds8hfjsc1-appium-1.17.0/node_modules/appium-uiautomator2-driver/node_modules/appium-base-driver/lib/basedriver/driver.js:343:39)\n    at AppiumDriver.executeCommand (/nix/store/a4f03fnyb1njsg95d11hrirds8hfjsc1-appium-1.17.0/lib/appium.js:534:36)\n    at runMicrotasks (<anonymous>)\n    at processTicksAndRejections (internal/process/task_queues.js:97:5)\n    at asyncHandler (/nix/store/a4f03fnyb1njsg95d11hrirds8hfjsc1-appium-1.17.0/node_modules/appium-base-driver/lib/protocol/protocol.js:309:21)"}}
Command duration or timeout: 55 milliseconds
Build info: version: '4.6.0', revision: '79f1c02ae20'
System info: os.name: 'Windows 10', os.arch: 'amd64', os.version: '10.0', java.version: '17.0.6'
Driver info: org.openqa.selenium.chrome.ChromeDriver
Command: [f4a668b44615bd0b3cf6005311b11cff484bf37b, setTimeout {pageLoad=50000}]
Capabilities {acceptInsecureCerts: true, appActivity: org.wikipedia.main.MainActi..., appPackage: org.wikipedia.alpha, automationName: uiautomator2, bstack:options: {appiumVersion: 1.17.0, buildIdentifier: #38, hostName: ZIL1280, localIdentifier: 18_Dec_1814_ZIL1280_HpYf}, chromeOptions: {args: [--no-sandbox, --window-size=1920x1080, --start-maximized, --disable-dev-shm-usage, --disable-popup-blocking, --remote-allow-origins=*, user-agent=test-automation-..., --ignore-certificate-errors]}, chromedriverPort: 18083, chromedriverPorts: [[18133, 18143]], databaseEnabled: false, desired: {acceptInsecureCerts: true, appActivity: org.wikipedia.main.MainActi..., appPackage: org.wikipedia.alpha, automationName: uiautomator2, bstack:options: {appiumVersion: 1.17.0, buildIdentifier: #38, hostName: ZIL1280, localIdentifier: 18_Dec_1814_ZIL1280_HpYf}, chromeOptions: {args: [--no-sandbox, --window-size=1920x1080, --start-maximized, --disable-dev-shm-usage, --disable-popup-blocking, --remote-allow-origins=*, user-agent=test-automation-..., --ignore-certificate-errors]}, chromedriverPort: 18083, chromedriverPorts: [[18133, 18143]], deviceName: Android, disableSuppressAccessibilityService: true, goog:chromeOptions: {args: [--no-sandbox, --window-size=1920x1080, --start-maximized, --disable-dev-shm-usage, --disable-popup-blocking, --remote-allow-origins=*, user-agent=test-automation-..., --ignore-certificate-errors]}, nativeWebScreenshot: true, newCommandTimeout: 0, platformName: Android, skipServerInstallation: true, systemPort: 8203, udid: R5CT238SA7H}, deviceApiLevel: 31, deviceManufacturer: samsung, deviceModel: SM-S908E, deviceName: R5CT238SA7H, deviceScreenDensity: 450, deviceScreenSize: 1080x2316, deviceUDID: R5CT238SA7H, disableSuppressAccessibilityService: true, goog:chromeOptions: {args: [--no-sandbox, --window-size=1920x1080, --start-maximized, --disable-dev-shm-usage, --disable-popup-blocking, --remote-allow-origins=*, user-agent=test-automation-..., --ignore-certificate-errors]}, javascriptEnabled: true, locationContextEnabled: false, nativeWebScreenshot: true, networkConnectionEnabled: true, newCommandTimeout: 0, optimalHubUrl: hub-aps.browserstack.com, pixelRatio: 2.8125, platform: LINUX, platformName: ANDROID, platformVersion: 12, skipServerInstallation: true, statBarHeight: 75, systemPort: 8203, takesScreenshot: true, udid: R5CT238SA7H, viewportRect: {height: 2031, left: 0, top: 75, width: 1080}, warnings: {}, webStorageEnabled: false}
Session ID: f4a668b44615bd0b3cf6005311b11cff484bf37b
at java.base/jdk.internal.reflect.NativeConstructorAccessorImpl.newInstance0(Native Method)
at java.base/jdk.internal.reflect.NativeConstructorAccessorImpl.newInstance(NativeConstructorAccessorImpl.java:77)
at java.base/jdk.internal.reflect.DelegatingConstructorAccessorImpl.newInstance(DelegatingConstructorAccessorImpl.java:45)
at java.base/java.lang.reflect.Constructor.newInstanceWithCaller(Constructor.java:499)
at java.base/java.lang.reflect.Constructor.newInstance(Constructor.java:480)
at org.openqa.selenium.remote.ErrorHandler.createThrowable(ErrorHandler.java:217)
at org.openqa.selenium.remote.ErrorHandler.throwIfResponseFailed(ErrorHandler.java:169)
at org.openqa.selenium.remote.RemoteWebDriver.execute(RemoteWebDriver.java:576)
at org.openqa.selenium.remote.RemoteWebDriver$RemoteWebDriverOptions$RemoteTimeouts.pageLoadTimeout(RemoteWebDriver.java:897)
at org.openqa.selenium.support.events.EventFiringWebDriver$EventFiringTimeouts.pageLoadTimeout(EventFiringWebDriver.java:704)
at org.openqa.selenium.support.events.EventFiringWebDriver$EventFiringTimeouts.pageLoadTimeout(EventFiringWebDriver.java:699)
at com.perficient.util.TestCaseBase.setUpBrowser(TestCaseBase.java:173)
at java.base/jdk.internal.reflect.NativeMethodAccessorImpl.invoke0(Native Method)
at java.base/jdk.internal.reflect.NativeMethodAccessorImpl.invoke(NativeMethodAccessorImpl.java:77)
at java.base/jdk.internal.reflect.DelegatingMethodAccessorImpl.invoke(DelegatingMethodAccessorImpl.java:43)
at java.base/java.lang.reflect.Method.invoke(Method.java:568)
at org.testng.internal.MethodInvocationHelper.invokeMethod(MethodInvocationHelper.java:133)
at org.testng.internal.MethodInvocationHelper.invokeMethodConsideringTimeout(MethodInvocationHelper.java:62)
at org.testng.internal.ConfigInvoker.invokeConfigurationMethod(ConfigInvoker.java:385)
at org.testng.internal.ConfigInvoker.invokeConfigurations(ConfigInvoker.java:321)
at org.testng.internal.TestMethodWorker.invokeBeforeClassMethods(TestMethodWorker.java:176)
at org.testng.internal.TestMethodWorker.run(TestMethodWorker.java:122)
at java.base/java.util.ArrayList.forEach(ArrayList.java:1511)
at org.testng.TestRunner.privateRun(TestRunner.java:794)
at org.testng.TestRunner.run(TestRunner.java:596)
at org.testng.SuiteRunner.runTest(SuiteRunner.java:377)
at org.testng.SuiteRunner.access$000(SuiteRunner.java:28)
at org.testng.SuiteRunner$SuiteWorker.run(SuiteRunner.java:418)
at org.testng.internal.thread.ThreadUtil.lambda$execute$0(ThreadUtil.java:64)
at java.base/java.util.concurrent.FutureTask.run(FutureTask.java:264)
at java.base/java.util.concurrent.ThreadPoolExecutor.runWorker(ThreadPoolExecutor.java:1136)
at java.base/java.util.concurrent.ThreadPoolExecutor$Worker.run(ThreadPoolExecutor.java:635)
at java.base/java.lang.Thread.run(Thread.java:833)
]]>
            </full-stacktrace>
          </exception> <!-- org.openqa.selenium.UnsupportedCommandException -->
          <reporter-output>
          </reporter-output>
        </test-method> <!-- redirectToLoginPage -->
        <test-method is-config="true" signature="afterMethod(java.lang.reflect.Method)[pri:0, instance:com.perficient.testCases.Desktop.purdy.Verify_Login_Page_with_valid_credentials@2ca5f1ed]" started-at="2023-12-18T18:19:23 IST" name="afterMethod" finished-at="2023-12-18T18:19:23 IST" duration-ms="187" status="PASS">
          <params>
            <param index="0">
              <value>
                <![CDATA[public void com.perficient.testCases.Desktop.purdy.Verify_Login_Page_with_valid_credentials.redirectToLoginPage(java.util.Hashtable) throws java.lang.Exception]]>
              </value>
            </param>
          </params>
          <reporter-output>
          </reporter-output>
        </test-method> <!-- afterMethod -->
        <test-method is-config="true" signature="beforeMethod(java.lang.reflect.Method)[pri:0, instance:com.perficient.testCases.Desktop.purdy.Verify_Login_Page_with_valid_credentials@2ca5f1ed]" started-at="2023-12-18T18:19:23 IST" name="beforeMethod" finished-at="2023-12-18T18:19:24 IST" duration-ms="163" status="PASS">
          <params>
            <param index="0">
              <value>
                <![CDATA[public void com.perficient.testCases.Desktop.purdy.Verify_Login_Page_with_valid_credentials.homePageValidationAfterLogin(java.util.Hashtable) throws java.lang.Exception]]>
              </value>
            </param>
          </params>
          <reporter-output>
          </reporter-output>
        </test-method> <!-- beforeMethod -->
        <test-method signature="homePageValidationAfterLogin(java.util.Hashtable)[pri:2, instance:com.perficient.testCases.Desktop.purdy.Verify_Login_Page_with_valid_credentials@2ca5f1ed]" started-at="2023-12-18T18:19:24 IST" name="homePageValidationAfterLogin" data-provider="get_Data_Verify_Login_Page_with_valid_credentials" finished-at="2023-12-18T18:19:24 IST" duration-ms="0" status="SKIP">
          <params>
            <param index="0">
              <value>
                <![CDATA[{EmailID=pratikhood001@gmail.com, Password=Aali@123, HomePageTitle=Chocolate Shop | Chocolate | Purdys Chocolatier, LoginPageTitle=Customer Login}]]>
              </value>
            </param>
          </params>
          <exception class="org.openqa.selenium.UnsupportedCommandException">
            <message>
              <![CDATA[{"value":{"error":"unknown method","message":"Not implemented yet for pageLoad.","stacktrace":"NotImplementedError: Not implemented yet for pageLoad.\n    at AndroidUiautomator2Driver.pageLoadTimeoutW3C (/nix/store/a4f03fnyb1njsg95d11hrirds8hfjsc1-appium-1.17.0/node_modules/appium-uiautomator2-driver/node_modules/appium-base-driver/lib/basedriver/commands/timeout.js:83:9)\n    at AndroidUiautomator2Driver.timeouts (/nix/store/a4f03fnyb1njsg95d11hrirds8hfjsc1-appium-1.17.0/node_modules/appium-uiautomator2-driver/node_modules/appium-base-driver/lib/basedriver/commands/timeout.js:40:16)\n    at commandExecutor (/nix/store/a4f03fnyb1njsg95d11hrirds8hfjsc1-appium-1.17.0/node_modules/appium-uiautomator2-driver/node_modules/appium-base-driver/lib/basedriver/driver.js:330:9)\n    at /nix/store/a4f03fnyb1njsg95d11hrirds8hfjsc1-appium-1.17.0/node_modules/appium-uiautomator2-driver/node_modules/async-lock/lib/index.js:125:12\n    at AsyncLock._promiseTry (/nix/store/a4f03fnyb1njsg95d11hrirds8hfjsc1-appium-1.17.0/node_modules/appium-uiautomator2-driver/node_modules/async-lock/lib/index.js:249:31)\n    at exec (/nix/store/a4f03fnyb1njsg95d11hrirds8hfjsc1-appium-1.17.0/node_modules/appium-uiautomator2-driver/node_modules/async-lock/lib/index.js:124:9)\n    at AsyncLock.acquire (/nix/store/a4f03fnyb1njsg95d11hrirds8hfjsc1-appium-1.17.0/node_modules/appium-uiautomator2-driver/node_modules/async-lock/lib/index.js:140:3)\n    at AndroidUiautomator2Driver.executeCommand (/nix/store/a4f03fnyb1njsg95d11hrirds8hfjsc1-appium-1.17.0/node_modules/appium-uiautomator2-driver/node_modules/appium-base-driver/lib/basedriver/driver.js:343:39)\n    at AppiumDriver.executeCommand (/nix/store/a4f03fnyb1njsg95d11hrirds8hfjsc1-appium-1.17.0/lib/appium.js:534:36)\n    at runMicrotasks (<anonymous>)\n    at processTicksAndRejections (internal/process/task_queues.js:97:5)\n    at asyncHandler (/nix/store/a4f03fnyb1njsg95d11hrirds8hfjsc1-appium-1.17.0/node_modules/appium-base-driver/lib/protocol/protocol.js:309:21)"}}
Command duration or timeout: 55 milliseconds
Build info: version: '4.6.0', revision: '79f1c02ae20'
System info: os.name: 'Windows 10', os.arch: 'amd64', os.version: '10.0', java.version: '17.0.6'
Driver info: org.openqa.selenium.chrome.ChromeDriver
Command: [f4a668b44615bd0b3cf6005311b11cff484bf37b, setTimeout {pageLoad=50000}]
Capabilities {acceptInsecureCerts: true, appActivity: org.wikipedia.main.MainActi..., appPackage: org.wikipedia.alpha, automationName: uiautomator2, bstack:options: {appiumVersion: 1.17.0, buildIdentifier: #38, hostName: ZIL1280, localIdentifier: 18_Dec_1814_ZIL1280_HpYf}, chromeOptions: {args: [--no-sandbox, --window-size=1920x1080, --start-maximized, --disable-dev-shm-usage, --disable-popup-blocking, --remote-allow-origins=*, user-agent=test-automation-..., --ignore-certificate-errors]}, chromedriverPort: 18083, chromedriverPorts: [[18133, 18143]], databaseEnabled: false, desired: {acceptInsecureCerts: true, appActivity: org.wikipedia.main.MainActi..., appPackage: org.wikipedia.alpha, automationName: uiautomator2, bstack:options: {appiumVersion: 1.17.0, buildIdentifier: #38, hostName: ZIL1280, localIdentifier: 18_Dec_1814_ZIL1280_HpYf}, chromeOptions: {args: [--no-sandbox, --window-size=1920x1080, --start-maximized, --disable-dev-shm-usage, --disable-popup-blocking, --remote-allow-origins=*, user-agent=test-automation-..., --ignore-certificate-errors]}, chromedriverPort: 18083, chromedriverPorts: [[18133, 18143]], deviceName: Android, disableSuppressAccessibilityService: true, goog:chromeOptions: {args: [--no-sandbox, --window-size=1920x1080, --start-maximized, --disable-dev-shm-usage, --disable-popup-blocking, --remote-allow-origins=*, user-agent=test-automation-..., --ignore-certificate-errors]}, nativeWebScreenshot: true, newCommandTimeout: 0, platformName: Android, skipServerInstallation: true, systemPort: 8203, udid: R5CT238SA7H}, deviceApiLevel: 31, deviceManufacturer: samsung, deviceModel: SM-S908E, deviceName: R5CT238SA7H, deviceScreenDensity: 450, deviceScreenSize: 1080x2316, deviceUDID: R5CT238SA7H, disableSuppressAccessibilityService: true, goog:chromeOptions: {args: [--no-sandbox, --window-size=1920x1080, --start-maximized, --disable-dev-shm-usage, --disable-popup-blocking, --remote-allow-origins=*, user-agent=test-automation-..., --ignore-certificate-errors]}, javascriptEnabled: true, locationContextEnabled: false, nativeWebScreenshot: true, networkConnectionEnabled: true, newCommandTimeout: 0, optimalHubUrl: hub-aps.browserstack.com, pixelRatio: 2.8125, platform: LINUX, platformName: ANDROID, platformVersion: 12, skipServerInstallation: true, statBarHeight: 75, systemPort: 8203, takesScreenshot: true, udid: R5CT238SA7H, viewportRect: {height: 2031, left: 0, top: 75, width: 1080}, warnings: {}, webStorageEnabled: false}
Session ID: f4a668b44615bd0b3cf6005311b11cff484bf37b]]>
            </message>
            <full-stacktrace>
              <![CDATA[org.openqa.selenium.UnsupportedCommandException: {"value":{"error":"unknown method","message":"Not implemented yet for pageLoad.","stacktrace":"NotImplementedError: Not implemented yet for pageLoad.\n    at AndroidUiautomator2Driver.pageLoadTimeoutW3C (/nix/store/a4f03fnyb1njsg95d11hrirds8hfjsc1-appium-1.17.0/node_modules/appium-uiautomator2-driver/node_modules/appium-base-driver/lib/basedriver/commands/timeout.js:83:9)\n    at AndroidUiautomator2Driver.timeouts (/nix/store/a4f03fnyb1njsg95d11hrirds8hfjsc1-appium-1.17.0/node_modules/appium-uiautomator2-driver/node_modules/appium-base-driver/lib/basedriver/commands/timeout.js:40:16)\n    at commandExecutor (/nix/store/a4f03fnyb1njsg95d11hrirds8hfjsc1-appium-1.17.0/node_modules/appium-uiautomator2-driver/node_modules/appium-base-driver/lib/basedriver/driver.js:330:9)\n    at /nix/store/a4f03fnyb1njsg95d11hrirds8hfjsc1-appium-1.17.0/node_modules/appium-uiautomator2-driver/node_modules/async-lock/lib/index.js:125:12\n    at AsyncLock._promiseTry (/nix/store/a4f03fnyb1njsg95d11hrirds8hfjsc1-appium-1.17.0/node_modules/appium-uiautomator2-driver/node_modules/async-lock/lib/index.js:249:31)\n    at exec (/nix/store/a4f03fnyb1njsg95d11hrirds8hfjsc1-appium-1.17.0/node_modules/appium-uiautomator2-driver/node_modules/async-lock/lib/index.js:124:9)\n    at AsyncLock.acquire (/nix/store/a4f03fnyb1njsg95d11hrirds8hfjsc1-appium-1.17.0/node_modules/appium-uiautomator2-driver/node_modules/async-lock/lib/index.js:140:3)\n    at AndroidUiautomator2Driver.executeCommand (/nix/store/a4f03fnyb1njsg95d11hrirds8hfjsc1-appium-1.17.0/node_modules/appium-uiautomator2-driver/node_modules/appium-base-driver/lib/basedriver/driver.js:343:39)\n    at AppiumDriver.executeCommand (/nix/store/a4f03fnyb1njsg95d11hrirds8hfjsc1-appium-1.17.0/lib/appium.js:534:36)\n    at runMicrotasks (<anonymous>)\n    at processTicksAndRejections (internal/process/task_queues.js:97:5)\n    at asyncHandler (/nix/store/a4f03fnyb1njsg95d11hrirds8hfjsc1-appium-1.17.0/node_modules/appium-base-driver/lib/protocol/protocol.js:309:21)"}}
Command duration or timeout: 55 milliseconds
Build info: version: '4.6.0', revision: '79f1c02ae20'
System info: os.name: 'Windows 10', os.arch: 'amd64', os.version: '10.0', java.version: '17.0.6'
Driver info: org.openqa.selenium.chrome.ChromeDriver
Command: [f4a668b44615bd0b3cf6005311b11cff484bf37b, setTimeout {pageLoad=50000}]
Capabilities {acceptInsecureCerts: true, appActivity: org.wikipedia.main.MainActi..., appPackage: org.wikipedia.alpha, automationName: uiautomator2, bstack:options: {appiumVersion: 1.17.0, buildIdentifier: #38, hostName: ZIL1280, localIdentifier: 18_Dec_1814_ZIL1280_HpYf}, chromeOptions: {args: [--no-sandbox, --window-size=1920x1080, --start-maximized, --disable-dev-shm-usage, --disable-popup-blocking, --remote-allow-origins=*, user-agent=test-automation-..., --ignore-certificate-errors]}, chromedriverPort: 18083, chromedriverPorts: [[18133, 18143]], databaseEnabled: false, desired: {acceptInsecureCerts: true, appActivity: org.wikipedia.main.MainActi..., appPackage: org.wikipedia.alpha, automationName: uiautomator2, bstack:options: {appiumVersion: 1.17.0, buildIdentifier: #38, hostName: ZIL1280, localIdentifier: 18_Dec_1814_ZIL1280_HpYf}, chromeOptions: {args: [--no-sandbox, --window-size=1920x1080, --start-maximized, --disable-dev-shm-usage, --disable-popup-blocking, --remote-allow-origins=*, user-agent=test-automation-..., --ignore-certificate-errors]}, chromedriverPort: 18083, chromedriverPorts: [[18133, 18143]], deviceName: Android, disableSuppressAccessibilityService: true, goog:chromeOptions: {args: [--no-sandbox, --window-size=1920x1080, --start-maximized, --disable-dev-shm-usage, --disable-popup-blocking, --remote-allow-origins=*, user-agent=test-automation-..., --ignore-certificate-errors]}, nativeWebScreenshot: true, newCommandTimeout: 0, platformName: Android, skipServerInstallation: true, systemPort: 8203, udid: R5CT238SA7H}, deviceApiLevel: 31, deviceManufacturer: samsung, deviceModel: SM-S908E, deviceName: R5CT238SA7H, deviceScreenDensity: 450, deviceScreenSize: 1080x2316, deviceUDID: R5CT238SA7H, disableSuppressAccessibilityService: true, goog:chromeOptions: {args: [--no-sandbox, --window-size=1920x1080, --start-maximized, --disable-dev-shm-usage, --disable-popup-blocking, --remote-allow-origins=*, user-agent=test-automation-..., --ignore-certificate-errors]}, javascriptEnabled: true, locationContextEnabled: false, nativeWebScreenshot: true, networkConnectionEnabled: true, newCommandTimeout: 0, optimalHubUrl: hub-aps.browserstack.com, pixelRatio: 2.8125, platform: LINUX, platformName: ANDROID, platformVersion: 12, skipServerInstallation: true, statBarHeight: 75, systemPort: 8203, takesScreenshot: true, udid: R5CT238SA7H, viewportRect: {height: 2031, left: 0, top: 75, width: 1080}, warnings: {}, webStorageEnabled: false}
Session ID: f4a668b44615bd0b3cf6005311b11cff484bf37b
at java.base/jdk.internal.reflect.NativeConstructorAccessorImpl.newInstance0(Native Method)
at java.base/jdk.internal.reflect.NativeConstructorAccessorImpl.newInstance(NativeConstructorAccessorImpl.java:77)
at java.base/jdk.internal.reflect.DelegatingConstructorAccessorImpl.newInstance(DelegatingConstructorAccessorImpl.java:45)
at java.base/java.lang.reflect.Constructor.newInstanceWithCaller(Constructor.java:499)
at java.base/java.lang.reflect.Constructor.newInstance(Constructor.java:480)
at org.openqa.selenium.remote.ErrorHandler.createThrowable(ErrorHandler.java:217)
at org.openqa.selenium.remote.ErrorHandler.throwIfResponseFailed(ErrorHandler.java:169)
at org.openqa.selenium.remote.RemoteWebDriver.execute(RemoteWebDriver.java:576)
at org.openqa.selenium.remote.RemoteWebDriver$RemoteWebDriverOptions$RemoteTimeouts.pageLoadTimeout(RemoteWebDriver.java:897)
at org.openqa.selenium.support.events.EventFiringWebDriver$EventFiringTimeouts.pageLoadTimeout(EventFiringWebDriver.java:704)
at org.openqa.selenium.support.events.EventFiringWebDriver$EventFiringTimeouts.pageLoadTimeout(EventFiringWebDriver.java:699)
at com.perficient.util.TestCaseBase.setUpBrowser(TestCaseBase.java:173)
at java.base/jdk.internal.reflect.NativeMethodAccessorImpl.invoke0(Native Method)
at java.base/jdk.internal.reflect.NativeMethodAccessorImpl.invoke(NativeMethodAccessorImpl.java:77)
at java.base/jdk.internal.reflect.DelegatingMethodAccessorImpl.invoke(DelegatingMethodAccessorImpl.java:43)
at java.base/java.lang.reflect.Method.invoke(Method.java:568)
at org.testng.internal.MethodInvocationHelper.invokeMethod(MethodInvocationHelper.java:133)
at org.testng.internal.MethodInvocationHelper.invokeMethodConsideringTimeout(MethodInvocationHelper.java:62)
at org.testng.internal.ConfigInvoker.invokeConfigurationMethod(ConfigInvoker.java:385)
at org.testng.internal.ConfigInvoker.invokeConfigurations(ConfigInvoker.java:321)
at org.testng.internal.TestMethodWorker.invokeBeforeClassMethods(TestMethodWorker.java:176)
at org.testng.internal.TestMethodWorker.run(TestMethodWorker.java:122)
at java.base/java.util.ArrayList.forEach(ArrayList.java:1511)
at org.testng.TestRunner.privateRun(TestRunner.java:794)
at org.testng.TestRunner.run(TestRunner.java:596)
at org.testng.SuiteRunner.runTest(SuiteRunner.java:377)
at org.testng.SuiteRunner.access$000(SuiteRunner.java:28)
at org.testng.SuiteRunner$SuiteWorker.run(SuiteRunner.java:418)
at org.testng.internal.thread.ThreadUtil.lambda$execute$0(ThreadUtil.java:64)
at java.base/java.util.concurrent.FutureTask.run(FutureTask.java:264)
at java.base/java.util.concurrent.ThreadPoolExecutor.runWorker(ThreadPoolExecutor.java:1136)
at java.base/java.util.concurrent.ThreadPoolExecutor$Worker.run(ThreadPoolExecutor.java:635)
at java.base/java.lang.Thread.run(Thread.java:833)
]]>
            </full-stacktrace>
          </exception> <!-- org.openqa.selenium.UnsupportedCommandException -->
          <reporter-output>
          </reporter-output>
        </test-method> <!-- homePageValidationAfterLogin -->
        <test-method is-config="true" signature="afterMethod(java.lang.reflect.Method)[pri:0, instance:com.perficient.testCases.Desktop.purdy.Verify_Login_Page_with_valid_credentials@2ca5f1ed]" started-at="2023-12-18T18:19:24 IST" name="afterMethod" finished-at="2023-12-18T18:19:24 IST" duration-ms="142" status="PASS">
          <params>
            <param index="0">
              <value>
                <![CDATA[public void com.perficient.testCases.Desktop.purdy.Verify_Login_Page_with_valid_credentials.homePageValidationAfterLogin(java.util.Hashtable) throws java.lang.Exception]]>
              </value>
            </param>
          </params>
          <reporter-output>
          </reporter-output>
        </test-method> <!-- afterMethod -->
        <test-method is-config="true" signature="tearDown(org.testng.ITestContext)[pri:0, instance:com.perficient.testCases.Desktop.purdy.Verify_Login_Page_with_valid_credentials@2ca5f1ed]" started-at="2023-12-18T18:19:24 IST" name="tearDown" finished-at="2023-12-18T18:19:26 IST" duration-ms="1953" status="PASS">
          <params>
            <param index="0">
              <value>
                <![CDATA[org.testng.TestRunner@40e37b06]]>
              </value>
            </param>
          </params>
          <reporter-output>
          </reporter-output>
        </test-method> <!-- tearDown -->
      </class> <!-- com.perficient.testCases.Desktop.purdy.Verify_Login_Page_with_valid_credentials -->
    </test> <!-- Guest User - Plans Availability-0 -->
    <test started-at="2023-12-18T18:15:00 IST" name="Guest User - Plans Availability-2" finished-at="2023-12-18T18:19:31 IST" duration-ms="270868">
      <class name="com.perficient.testCases.Desktop.purdy.Verify_Login_Page_with_valid_credentials">
        <test-method is-config="true" signature="generateBuildNumber()[pri:0, instance:com.perficient.testCases.Desktop.purdy.Verify_Login_Page_with_valid_credentials@3fd2322d]" started-at="2023-12-18T18:15:00 IST" name="generateBuildNumber" finished-at="2023-12-18T18:15:00 IST" duration-ms="115" status="PASS">
          <reporter-output>
          </reporter-output>
        </test-method> <!-- generateBuildNumber -->
        <test-method is-config="true" signature="setUpBrowser(java.lang.String,java.lang.String,java.lang.String,java.lang.String,java.lang.String,java.lang.String,java.lang.String,java.lang.String,java.lang.String,java.lang.String,java.lang.String,java.lang.String,java.lang.String,java.lang.String,java.lang.String,java.lang.String)[pri:0, instance:com.perficient.testCases.Desktop.purdy.Verify_Login_Page_with_valid_credentials@3fd2322d]" started-at="2023-12-18T18:15:00 IST" name="setUpBrowser" finished-at="2023-12-18T18:19:25 IST" duration-ms="264896" status="FAIL">
          <params>
            <param index="0">
              <value>
                <![CDATA[chromeDesktop]]>
              </value>
            </param>
            <param index="1">
              <value>
                <![CDATA[false]]>
              </value>
            </param>
            <param index="2">
              <value>
                <![CDATA[localhost]]>
              </value>
            </param>
            <param index="3">
              <value>
                <![CDATA[4444]]>
              </value>
            </param>
            <param index="4">
              <value>
                <![CDATA[test]]>
              </value>
            </param>
            <param index="5">
              <value>
                <![CDATA[10.128.190.5]]>
              </value>
            </param>
            <param index="6">
              <value>
                <![CDATA[9200]]>
              </value>
            </param>
            <param index="7">
              <value>
                <![CDATA[ngpautomation]]>
              </value>
            </param>
            <param index="8">
              <value>
                <![CDATA[_doc]]>
              </value>
            </param>
            <param index="9">
              <value>
                <![CDATA[testing]]>
              </value>
            </param>
            <param index="10">
              <value>
                <![CDATA[TQA_Regression_Boost_1]]>
              </value>
            </param>
            <param index="11">
              <value>
                <![CDATA[Mac]]>
              </value>
            </param>
            <param index="12">
              <value>
                <![CDATA[macOS Catalina]]>
              </value>
            </param>
            <param index="13">
              <value>
                <![CDATA[117]]>
              </value>
            </param>
            <param index="14">
              <value>
                <![CDATA[3840x216]]>
              </value>
            </param>
            <param index="15">
              <value>
                <![CDATA[US East]]>
              </value>
            </param>
          </params>
          <exception class="org.openqa.selenium.UnsupportedCommandException">
            <message>
              <![CDATA[{"value":{"error":"unknown method","message":"Not implemented yet for pageLoad.","stacktrace":"NotImplementedError: Not implemented yet for pageLoad.\n    at AndroidUiautomator2Driver.pageLoadTimeoutW3C (/nix/store/a4f03fnyb1njsg95d11hrirds8hfjsc1-appium-1.17.0/node_modules/appium-uiautomator2-driver/node_modules/appium-base-driver/lib/basedriver/commands/timeout.js:83:9)\n    at AndroidUiautomator2Driver.timeouts (/nix/store/a4f03fnyb1njsg95d11hrirds8hfjsc1-appium-1.17.0/node_modules/appium-uiautomator2-driver/node_modules/appium-base-driver/lib/basedriver/commands/timeout.js:40:16)\n    at commandExecutor (/nix/store/a4f03fnyb1njsg95d11hrirds8hfjsc1-appium-1.17.0/node_modules/appium-uiautomator2-driver/node_modules/appium-base-driver/lib/basedriver/driver.js:330:9)\n    at /nix/store/a4f03fnyb1njsg95d11hrirds8hfjsc1-appium-1.17.0/node_modules/appium-uiautomator2-driver/node_modules/async-lock/lib/index.js:125:12\n    at AsyncLock._promiseTry (/nix/store/a4f03fnyb1njsg95d11hrirds8hfjsc1-appium-1.17.0/node_modules/appium-uiautomator2-driver/node_modules/async-lock/lib/index.js:249:31)\n    at exec (/nix/store/a4f03fnyb1njsg95d11hrirds8hfjsc1-appium-1.17.0/node_modules/appium-uiautomator2-driver/node_modules/async-lock/lib/index.js:124:9)\n    at AsyncLock.acquire (/nix/store/a4f03fnyb1njsg95d11hrirds8hfjsc1-appium-1.17.0/node_modules/appium-uiautomator2-driver/node_modules/async-lock/lib/index.js:140:3)\n    at AndroidUiautomator2Driver.executeCommand (/nix/store/a4f03fnyb1njsg95d11hrirds8hfjsc1-appium-1.17.0/node_modules/appium-uiautomator2-driver/node_modules/appium-base-driver/lib/basedriver/driver.js:343:39)\n    at AppiumDriver.executeCommand (/nix/store/a4f03fnyb1njsg95d11hrirds8hfjsc1-appium-1.17.0/lib/appium.js:534:36)\n    at processTicksAndRejections (internal/process/task_queues.js:97:5)\n    at asyncHandler (/nix/store/a4f03fnyb1njsg95d11hrirds8hfjsc1-appium-1.17.0/node_modules/appium-base-driver/lib/protocol/protocol.js:309:21)"}}
Command duration or timeout: 204 milliseconds
Build info: version: '4.6.0', revision: '79f1c02ae20'
System info: os.name: 'Windows 10', os.arch: 'amd64', os.version: '10.0', java.version: '17.0.6'
Driver info: org.openqa.selenium.chrome.ChromeDriver
Command: [a29dd1f03c8c751d9fa76878e8616b899b1a6045, setTimeout {pageLoad=50000}]
Capabilities {acceptInsecureCerts: true, appActivity: org.wikipedia.main.MainActi..., appPackage: org.wikipedia.alpha, automationName: uiautomator2, bstack:options: {appiumVersion: 1.17.0, buildIdentifier: #38, hostName: ZIL1280, localIdentifier: 18_Dec_1814_ZIL1280_HpYf}, chromeOptions: {args: [--no-sandbox, --window-size=1920x1080, --start-maximized, --disable-dev-shm-usage, --disable-popup-blocking, --remote-allow-origins=*, user-agent=test-automation-..., --ignore-certificate-errors]}, chromedriverPort: 8085, chromedriverPorts: [[18155, 18165]], databaseEnabled: false, desired: {acceptInsecureCerts: true, appActivity: org.wikipedia.main.MainActi..., appPackage: org.wikipedia.alpha, automationName: uiautomator2, bstack:options: {appiumVersion: 1.17.0, buildIdentifier: #38, hostName: ZIL1280, localIdentifier: 18_Dec_1814_ZIL1280_HpYf}, chromeOptions: {args: [--no-sandbox, --window-size=1920x1080, --start-maximized, --disable-dev-shm-usage, --disable-popup-blocking, --remote-allow-origins=*, user-agent=test-automation-..., --ignore-certificate-errors]}, chromedriverPort: 8085, chromedriverPorts: [[18155, 18165]], deviceName: Android, disableSuppressAccessibilityService: true, goog:chromeOptions: {args: [--no-sandbox, --window-size=1920x1080, --start-maximized, --disable-dev-shm-usage, --disable-popup-blocking, --remote-allow-origins=*, user-agent=test-automation-..., --ignore-certificate-errors]}, nativeWebScreenshot: true, newCommandTimeout: 0, platformName: Android, skipServerInstallation: true, systemPort: 8205, udid: a68008dd}, deviceApiLevel: 30, deviceManufacturer: OnePlus, deviceModel: LE2113, deviceName: a68008dd, deviceScreenDensity: 450, deviceScreenSize: 1080x2400, deviceUDID: a68008dd, disableSuppressAccessibilityService: true, goog:chromeOptions: {args: [--no-sandbox, --window-size=1920x1080, --start-maximized, --disable-dev-shm-usage, --disable-popup-blocking, --remote-allow-origins=*, user-agent=test-automation-..., --ignore-certificate-errors]}, javascriptEnabled: true, locationContextEnabled: false, nativeWebScreenshot: true, networkConnectionEnabled: true, newCommandTimeout: 0, optimalHubUrl: hub-euw.browserstack.com, pixelRatio: 2.8125, platform: LINUX, platformName: ANDROID, platformVersion: 11, skipServerInstallation: true, statBarHeight: 104, systemPort: 8205, takesScreenshot: true, udid: a68008dd, viewportRect: {height: 2058, left: 0, top: 104, width: 1080}, warnings: {}, webStorageEnabled: false}
Session ID: a29dd1f03c8c751d9fa76878e8616b899b1a6045]]>
            </message>
            <full-stacktrace>
              <![CDATA[org.openqa.selenium.UnsupportedCommandException: {"value":{"error":"unknown method","message":"Not implemented yet for pageLoad.","stacktrace":"NotImplementedError: Not implemented yet for pageLoad.\n    at AndroidUiautomator2Driver.pageLoadTimeoutW3C (/nix/store/a4f03fnyb1njsg95d11hrirds8hfjsc1-appium-1.17.0/node_modules/appium-uiautomator2-driver/node_modules/appium-base-driver/lib/basedriver/commands/timeout.js:83:9)\n    at AndroidUiautomator2Driver.timeouts (/nix/store/a4f03fnyb1njsg95d11hrirds8hfjsc1-appium-1.17.0/node_modules/appium-uiautomator2-driver/node_modules/appium-base-driver/lib/basedriver/commands/timeout.js:40:16)\n    at commandExecutor (/nix/store/a4f03fnyb1njsg95d11hrirds8hfjsc1-appium-1.17.0/node_modules/appium-uiautomator2-driver/node_modules/appium-base-driver/lib/basedriver/driver.js:330:9)\n    at /nix/store/a4f03fnyb1njsg95d11hrirds8hfjsc1-appium-1.17.0/node_modules/appium-uiautomator2-driver/node_modules/async-lock/lib/index.js:125:12\n    at AsyncLock._promiseTry (/nix/store/a4f03fnyb1njsg95d11hrirds8hfjsc1-appium-1.17.0/node_modules/appium-uiautomator2-driver/node_modules/async-lock/lib/index.js:249:31)\n    at exec (/nix/store/a4f03fnyb1njsg95d11hrirds8hfjsc1-appium-1.17.0/node_modules/appium-uiautomator2-driver/node_modules/async-lock/lib/index.js:124:9)\n    at AsyncLock.acquire (/nix/store/a4f03fnyb1njsg95d11hrirds8hfjsc1-appium-1.17.0/node_modules/appium-uiautomator2-driver/node_modules/async-lock/lib/index.js:140:3)\n    at AndroidUiautomator2Driver.executeCommand (/nix/store/a4f03fnyb1njsg95d11hrirds8hfjsc1-appium-1.17.0/node_modules/appium-uiautomator2-driver/node_modules/appium-base-driver/lib/basedriver/driver.js:343:39)\n    at AppiumDriver.executeCommand (/nix/store/a4f03fnyb1njsg95d11hrirds8hfjsc1-appium-1.17.0/lib/appium.js:534:36)\n    at processTicksAndRejections (internal/process/task_queues.js:97:5)\n    at asyncHandler (/nix/store/a4f03fnyb1njsg95d11hrirds8hfjsc1-appium-1.17.0/node_modules/appium-base-driver/lib/protocol/protocol.js:309:21)"}}
Command duration or timeout: 204 milliseconds
Build info: version: '4.6.0', revision: '79f1c02ae20'
System info: os.name: 'Windows 10', os.arch: 'amd64', os.version: '10.0', java.version: '17.0.6'
Driver info: org.openqa.selenium.chrome.ChromeDriver
Command: [a29dd1f03c8c751d9fa76878e8616b899b1a6045, setTimeout {pageLoad=50000}]
Capabilities {acceptInsecureCerts: true, appActivity: org.wikipedia.main.MainActi..., appPackage: org.wikipedia.alpha, automationName: uiautomator2, bstack:options: {appiumVersion: 1.17.0, buildIdentifier: #38, hostName: ZIL1280, localIdentifier: 18_Dec_1814_ZIL1280_HpYf}, chromeOptions: {args: [--no-sandbox, --window-size=1920x1080, --start-maximized, --disable-dev-shm-usage, --disable-popup-blocking, --remote-allow-origins=*, user-agent=test-automation-..., --ignore-certificate-errors]}, chromedriverPort: 8085, chromedriverPorts: [[18155, 18165]], databaseEnabled: false, desired: {acceptInsecureCerts: true, appActivity: org.wikipedia.main.MainActi..., appPackage: org.wikipedia.alpha, automationName: uiautomator2, bstack:options: {appiumVersion: 1.17.0, buildIdentifier: #38, hostName: ZIL1280, localIdentifier: 18_Dec_1814_ZIL1280_HpYf}, chromeOptions: {args: [--no-sandbox, --window-size=1920x1080, --start-maximized, --disable-dev-shm-usage, --disable-popup-blocking, --remote-allow-origins=*, user-agent=test-automation-..., --ignore-certificate-errors]}, chromedriverPort: 8085, chromedriverPorts: [[18155, 18165]], deviceName: Android, disableSuppressAccessibilityService: true, goog:chromeOptions: {args: [--no-sandbox, --window-size=1920x1080, --start-maximized, --disable-dev-shm-usage, --disable-popup-blocking, --remote-allow-origins=*, user-agent=test-automation-..., --ignore-certificate-errors]}, nativeWebScreenshot: true, newCommandTimeout: 0, platformName: Android, skipServerInstallation: true, systemPort: 8205, udid: a68008dd}, deviceApiLevel: 30, deviceManufacturer: OnePlus, deviceModel: LE2113, deviceName: a68008dd, deviceScreenDensity: 450, deviceScreenSize: 1080x2400, deviceUDID: a68008dd, disableSuppressAccessibilityService: true, goog:chromeOptions: {args: [--no-sandbox, --window-size=1920x1080, --start-maximized, --disable-dev-shm-usage, --disable-popup-blocking, --remote-allow-origins=*, user-agent=test-automation-..., --ignore-certificate-errors]}, javascriptEnabled: true, locationContextEnabled: false, nativeWebScreenshot: true, networkConnectionEnabled: true, newCommandTimeout: 0, optimalHubUrl: hub-euw.browserstack.com, pixelRatio: 2.8125, platform: LINUX, platformName: ANDROID, platformVersion: 11, skipServerInstallation: true, statBarHeight: 104, systemPort: 8205, takesScreenshot: true, udid: a68008dd, viewportRect: {height: 2058, left: 0, top: 104, width: 1080}, warnings: {}, webStorageEnabled: false}
Session ID: a29dd1f03c8c751d9fa76878e8616b899b1a6045
at java.base/jdk.internal.reflect.NativeConstructorAccessorImpl.newInstance0(Native Method)
at java.base/jdk.internal.reflect.NativeConstructorAccessorImpl.newInstance(NativeConstructorAccessorImpl.java:77)
at java.base/jdk.internal.reflect.DelegatingConstructorAccessorImpl.newInstance(DelegatingConstructorAccessorImpl.java:45)
at java.base/java.lang.reflect.Constructor.newInstanceWithCaller(Constructor.java:499)
at java.base/java.lang.reflect.Constructor.newInstance(Constructor.java:480)
at org.openqa.selenium.remote.ErrorHandler.createThrowable(ErrorHandler.java:217)
at org.openqa.selenium.remote.ErrorHandler.throwIfResponseFailed(ErrorHandler.java:169)
at org.openqa.selenium.remote.RemoteWebDriver.execute(RemoteWebDriver.java:576)
at org.openqa.selenium.remote.RemoteWebDriver$RemoteWebDriverOptions$RemoteTimeouts.pageLoadTimeout(RemoteWebDriver.java:897)
at org.openqa.selenium.support.events.EventFiringWebDriver$EventFiringTimeouts.pageLoadTimeout(EventFiringWebDriver.java:704)
at org.openqa.selenium.support.events.EventFiringWebDriver$EventFiringTimeouts.pageLoadTimeout(EventFiringWebDriver.java:699)
at com.perficient.util.TestCaseBase.setUpBrowser(TestCaseBase.java:173)
at java.base/jdk.internal.reflect.NativeMethodAccessorImpl.invoke0(Native Method)
at java.base/jdk.internal.reflect.NativeMethodAccessorImpl.invoke(NativeMethodAccessorImpl.java:77)
at java.base/jdk.internal.reflect.DelegatingMethodAccessorImpl.invoke(DelegatingMethodAccessorImpl.java:43)
at java.base/java.lang.reflect.Method.invoke(Method.java:568)
at org.testng.internal.MethodInvocationHelper.invokeMethod(MethodInvocationHelper.java:133)
at org.testng.internal.MethodInvocationHelper.invokeMethodConsideringTimeout(MethodInvocationHelper.java:62)
at org.testng.internal.ConfigInvoker.invokeConfigurationMethod(ConfigInvoker.java:385)
at org.testng.internal.ConfigInvoker.invokeConfigurations(ConfigInvoker.java:321)
at org.testng.internal.TestMethodWorker.invokeBeforeClassMethods(TestMethodWorker.java:176)
at org.testng.internal.TestMethodWorker.run(TestMethodWorker.java:122)
at java.base/java.util.ArrayList.forEach(ArrayList.java:1511)
at org.testng.TestRunner.privateRun(TestRunner.java:794)
at org.testng.TestRunner.run(TestRunner.java:596)
at org.testng.SuiteRunner.runTest(SuiteRunner.java:377)
at org.testng.SuiteRunner.access$000(SuiteRunner.java:28)
at org.testng.SuiteRunner$SuiteWorker.run(SuiteRunner.java:418)
at org.testng.internal.thread.ThreadUtil.lambda$execute$0(ThreadUtil.java:64)
at java.base/java.util.concurrent.FutureTask.run(FutureTask.java:264)
at java.base/java.util.concurrent.ThreadPoolExecutor.runWorker(ThreadPoolExecutor.java:1136)
at java.base/java.util.concurrent.ThreadPoolExecutor$Worker.run(ThreadPoolExecutor.java:635)
at java.base/java.lang.Thread.run(Thread.java:833)
]]>
            </full-stacktrace>
          </exception> <!-- org.openqa.selenium.UnsupportedCommandException -->
          <reporter-output>
          </reporter-output>
        </test-method> <!-- setUpBrowser -->
        <test-method is-config="true" signature="beforeMethod(java.lang.reflect.Method)[pri:0, instance:com.perficient.testCases.Desktop.purdy.Verify_Login_Page_with_valid_credentials@3fd2322d]" started-at="2023-12-18T18:19:25 IST" name="beforeMethod" finished-at="2023-12-18T18:19:25 IST" duration-ms="146" status="PASS">
          <params>
            <param index="0">
              <value>
                <![CDATA[public void com.perficient.testCases.Desktop.purdy.Verify_Login_Page_with_valid_credentials.customerLogin(java.util.Hashtable) throws java.lang.Exception]]>
              </value>
            </param>
          </params>
          <reporter-output>
          </reporter-output>
        </test-method> <!-- beforeMethod -->
        <test-method signature="customerLogin(java.util.Hashtable)[pri:0, instance:com.perficient.testCases.Desktop.purdy.Verify_Login_Page_with_valid_credentials@3fd2322d]" started-at="2023-12-18T18:19:25 IST" name="customerLogin" data-provider="get_Data_Verify_Login_Page_with_valid_credentials" finished-at="2023-12-18T18:19:25 IST" duration-ms="0" status="SKIP">
          <params>
            <param index="0">
              <value>
                <![CDATA[{EmailID=pratikhood001@gmail.com, Password=Aali@123, HomePageTitle=Chocolate Shop | Chocolate | Purdys Chocolatier, LoginPageTitle=Customer Login}]]>
              </value>
            </param>
          </params>
          <exception class="org.openqa.selenium.UnsupportedCommandException">
            <message>
              <![CDATA[{"value":{"error":"unknown method","message":"Not implemented yet for pageLoad.","stacktrace":"NotImplementedError: Not implemented yet for pageLoad.\n    at AndroidUiautomator2Driver.pageLoadTimeoutW3C (/nix/store/a4f03fnyb1njsg95d11hrirds8hfjsc1-appium-1.17.0/node_modules/appium-uiautomator2-driver/node_modules/appium-base-driver/lib/basedriver/commands/timeout.js:83:9)\n    at AndroidUiautomator2Driver.timeouts (/nix/store/a4f03fnyb1njsg95d11hrirds8hfjsc1-appium-1.17.0/node_modules/appium-uiautomator2-driver/node_modules/appium-base-driver/lib/basedriver/commands/timeout.js:40:16)\n    at commandExecutor (/nix/store/a4f03fnyb1njsg95d11hrirds8hfjsc1-appium-1.17.0/node_modules/appium-uiautomator2-driver/node_modules/appium-base-driver/lib/basedriver/driver.js:330:9)\n    at /nix/store/a4f03fnyb1njsg95d11hrirds8hfjsc1-appium-1.17.0/node_modules/appium-uiautomator2-driver/node_modules/async-lock/lib/index.js:125:12\n    at AsyncLock._promiseTry (/nix/store/a4f03fnyb1njsg95d11hrirds8hfjsc1-appium-1.17.0/node_modules/appium-uiautomator2-driver/node_modules/async-lock/lib/index.js:249:31)\n    at exec (/nix/store/a4f03fnyb1njsg95d11hrirds8hfjsc1-appium-1.17.0/node_modules/appium-uiautomator2-driver/node_modules/async-lock/lib/index.js:124:9)\n    at AsyncLock.acquire (/nix/store/a4f03fnyb1njsg95d11hrirds8hfjsc1-appium-1.17.0/node_modules/appium-uiautomator2-driver/node_modules/async-lock/lib/index.js:140:3)\n    at AndroidUiautomator2Driver.executeCommand (/nix/store/a4f03fnyb1njsg95d11hrirds8hfjsc1-appium-1.17.0/node_modules/appium-uiautomator2-driver/node_modules/appium-base-driver/lib/basedriver/driver.js:343:39)\n    at AppiumDriver.executeCommand (/nix/store/a4f03fnyb1njsg95d11hrirds8hfjsc1-appium-1.17.0/lib/appium.js:534:36)\n    at processTicksAndRejections (internal/process/task_queues.js:97:5)\n    at asyncHandler (/nix/store/a4f03fnyb1njsg95d11hrirds8hfjsc1-appium-1.17.0/node_modules/appium-base-driver/lib/protocol/protocol.js:309:21)"}}
Command duration or timeout: 204 milliseconds
Build info: version: '4.6.0', revision: '79f1c02ae20'
System info: os.name: 'Windows 10', os.arch: 'amd64', os.version: '10.0', java.version: '17.0.6'
Driver info: org.openqa.selenium.chrome.ChromeDriver
Command: [a29dd1f03c8c751d9fa76878e8616b899b1a6045, setTimeout {pageLoad=50000}]
Capabilities {acceptInsecureCerts: true, appActivity: org.wikipedia.main.MainActi..., appPackage: org.wikipedia.alpha, automationName: uiautomator2, bstack:options: {appiumVersion: 1.17.0, buildIdentifier: #38, hostName: ZIL1280, localIdentifier: 18_Dec_1814_ZIL1280_HpYf}, chromeOptions: {args: [--no-sandbox, --window-size=1920x1080, --start-maximized, --disable-dev-shm-usage, --disable-popup-blocking, --remote-allow-origins=*, user-agent=test-automation-..., --ignore-certificate-errors]}, chromedriverPort: 8085, chromedriverPorts: [[18155, 18165]], databaseEnabled: false, desired: {acceptInsecureCerts: true, appActivity: org.wikipedia.main.MainActi..., appPackage: org.wikipedia.alpha, automationName: uiautomator2, bstack:options: {appiumVersion: 1.17.0, buildIdentifier: #38, hostName: ZIL1280, localIdentifier: 18_Dec_1814_ZIL1280_HpYf}, chromeOptions: {args: [--no-sandbox, --window-size=1920x1080, --start-maximized, --disable-dev-shm-usage, --disable-popup-blocking, --remote-allow-origins=*, user-agent=test-automation-..., --ignore-certificate-errors]}, chromedriverPort: 8085, chromedriverPorts: [[18155, 18165]], deviceName: Android, disableSuppressAccessibilityService: true, goog:chromeOptions: {args: [--no-sandbox, --window-size=1920x1080, --start-maximized, --disable-dev-shm-usage, --disable-popup-blocking, --remote-allow-origins=*, user-agent=test-automation-..., --ignore-certificate-errors]}, nativeWebScreenshot: true, newCommandTimeout: 0, platformName: Android, skipServerInstallation: true, systemPort: 8205, udid: a68008dd}, deviceApiLevel: 30, deviceManufacturer: OnePlus, deviceModel: LE2113, deviceName: a68008dd, deviceScreenDensity: 450, deviceScreenSize: 1080x2400, deviceUDID: a68008dd, disableSuppressAccessibilityService: true, goog:chromeOptions: {args: [--no-sandbox, --window-size=1920x1080, --start-maximized, --disable-dev-shm-usage, --disable-popup-blocking, --remote-allow-origins=*, user-agent=test-automation-..., --ignore-certificate-errors]}, javascriptEnabled: true, locationContextEnabled: false, nativeWebScreenshot: true, networkConnectionEnabled: true, newCommandTimeout: 0, optimalHubUrl: hub-euw.browserstack.com, pixelRatio: 2.8125, platform: LINUX, platformName: ANDROID, platformVersion: 11, skipServerInstallation: true, statBarHeight: 104, systemPort: 8205, takesScreenshot: true, udid: a68008dd, viewportRect: {height: 2058, left: 0, top: 104, width: 1080}, warnings: {}, webStorageEnabled: false}
Session ID: a29dd1f03c8c751d9fa76878e8616b899b1a6045]]>
            </message>
            <full-stacktrace>
              <![CDATA[org.openqa.selenium.UnsupportedCommandException: {"value":{"error":"unknown method","message":"Not implemented yet for pageLoad.","stacktrace":"NotImplementedError: Not implemented yet for pageLoad.\n    at AndroidUiautomator2Driver.pageLoadTimeoutW3C (/nix/store/a4f03fnyb1njsg95d11hrirds8hfjsc1-appium-1.17.0/node_modules/appium-uiautomator2-driver/node_modules/appium-base-driver/lib/basedriver/commands/timeout.js:83:9)\n    at AndroidUiautomator2Driver.timeouts (/nix/store/a4f03fnyb1njsg95d11hrirds8hfjsc1-appium-1.17.0/node_modules/appium-uiautomator2-driver/node_modules/appium-base-driver/lib/basedriver/commands/timeout.js:40:16)\n    at commandExecutor (/nix/store/a4f03fnyb1njsg95d11hrirds8hfjsc1-appium-1.17.0/node_modules/appium-uiautomator2-driver/node_modules/appium-base-driver/lib/basedriver/driver.js:330:9)\n    at /nix/store/a4f03fnyb1njsg95d11hrirds8hfjsc1-appium-1.17.0/node_modules/appium-uiautomator2-driver/node_modules/async-lock/lib/index.js:125:12\n    at AsyncLock._promiseTry (/nix/store/a4f03fnyb1njsg95d11hrirds8hfjsc1-appium-1.17.0/node_modules/appium-uiautomator2-driver/node_modules/async-lock/lib/index.js:249:31)\n    at exec (/nix/store/a4f03fnyb1njsg95d11hrirds8hfjsc1-appium-1.17.0/node_modules/appium-uiautomator2-driver/node_modules/async-lock/lib/index.js:124:9)\n    at AsyncLock.acquire (/nix/store/a4f03fnyb1njsg95d11hrirds8hfjsc1-appium-1.17.0/node_modules/appium-uiautomator2-driver/node_modules/async-lock/lib/index.js:140:3)\n    at AndroidUiautomator2Driver.executeCommand (/nix/store/a4f03fnyb1njsg95d11hrirds8hfjsc1-appium-1.17.0/node_modules/appium-uiautomator2-driver/node_modules/appium-base-driver/lib/basedriver/driver.js:343:39)\n    at AppiumDriver.executeCommand (/nix/store/a4f03fnyb1njsg95d11hrirds8hfjsc1-appium-1.17.0/lib/appium.js:534:36)\n    at processTicksAndRejections (internal/process/task_queues.js:97:5)\n    at asyncHandler (/nix/store/a4f03fnyb1njsg95d11hrirds8hfjsc1-appium-1.17.0/node_modules/appium-base-driver/lib/protocol/protocol.js:309:21)"}}
Command duration or timeout: 204 milliseconds
Build info: version: '4.6.0', revision: '79f1c02ae20'
System info: os.name: 'Windows 10', os.arch: 'amd64', os.version: '10.0', java.version: '17.0.6'
Driver info: org.openqa.selenium.chrome.ChromeDriver
Command: [a29dd1f03c8c751d9fa76878e8616b899b1a6045, setTimeout {pageLoad=50000}]
Capabilities {acceptInsecureCerts: true, appActivity: org.wikipedia.main.MainActi..., appPackage: org.wikipedia.alpha, automationName: uiautomator2, bstack:options: {appiumVersion: 1.17.0, buildIdentifier: #38, hostName: ZIL1280, localIdentifier: 18_Dec_1814_ZIL1280_HpYf}, chromeOptions: {args: [--no-sandbox, --window-size=1920x1080, --start-maximized, --disable-dev-shm-usage, --disable-popup-blocking, --remote-allow-origins=*, user-agent=test-automation-..., --ignore-certificate-errors]}, chromedriverPort: 8085, chromedriverPorts: [[18155, 18165]], databaseEnabled: false, desired: {acceptInsecureCerts: true, appActivity: org.wikipedia.main.MainActi..., appPackage: org.wikipedia.alpha, automationName: uiautomator2, bstack:options: {appiumVersion: 1.17.0, buildIdentifier: #38, hostName: ZIL1280, localIdentifier: 18_Dec_1814_ZIL1280_HpYf}, chromeOptions: {args: [--no-sandbox, --window-size=1920x1080, --start-maximized, --disable-dev-shm-usage, --disable-popup-blocking, --remote-allow-origins=*, user-agent=test-automation-..., --ignore-certificate-errors]}, chromedriverPort: 8085, chromedriverPorts: [[18155, 18165]], deviceName: Android, disableSuppressAccessibilityService: true, goog:chromeOptions: {args: [--no-sandbox, --window-size=1920x1080, --start-maximized, --disable-dev-shm-usage, --disable-popup-blocking, --remote-allow-origins=*, user-agent=test-automation-..., --ignore-certificate-errors]}, nativeWebScreenshot: true, newCommandTimeout: 0, platformName: Android, skipServerInstallation: true, systemPort: 8205, udid: a68008dd}, deviceApiLevel: 30, deviceManufacturer: OnePlus, deviceModel: LE2113, deviceName: a68008dd, deviceScreenDensity: 450, deviceScreenSize: 1080x2400, deviceUDID: a68008dd, disableSuppressAccessibilityService: true, goog:chromeOptions: {args: [--no-sandbox, --window-size=1920x1080, --start-maximized, --disable-dev-shm-usage, --disable-popup-blocking, --remote-allow-origins=*, user-agent=test-automation-..., --ignore-certificate-errors]}, javascriptEnabled: true, locationContextEnabled: false, nativeWebScreenshot: true, networkConnectionEnabled: true, newCommandTimeout: 0, optimalHubUrl: hub-euw.browserstack.com, pixelRatio: 2.8125, platform: LINUX, platformName: ANDROID, platformVersion: 11, skipServerInstallation: true, statBarHeight: 104, systemPort: 8205, takesScreenshot: true, udid: a68008dd, viewportRect: {height: 2058, left: 0, top: 104, width: 1080}, warnings: {}, webStorageEnabled: false}
Session ID: a29dd1f03c8c751d9fa76878e8616b899b1a6045
at java.base/jdk.internal.reflect.NativeConstructorAccessorImpl.newInstance0(Native Method)
at java.base/jdk.internal.reflect.NativeConstructorAccessorImpl.newInstance(NativeConstructorAccessorImpl.java:77)
at java.base/jdk.internal.reflect.DelegatingConstructorAccessorImpl.newInstance(DelegatingConstructorAccessorImpl.java:45)
at java.base/java.lang.reflect.Constructor.newInstanceWithCaller(Constructor.java:499)
at java.base/java.lang.reflect.Constructor.newInstance(Constructor.java:480)
at org.openqa.selenium.remote.ErrorHandler.createThrowable(ErrorHandler.java:217)
at org.openqa.selenium.remote.ErrorHandler.throwIfResponseFailed(ErrorHandler.java:169)
at org.openqa.selenium.remote.RemoteWebDriver.execute(RemoteWebDriver.java:576)
at org.openqa.selenium.remote.RemoteWebDriver$RemoteWebDriverOptions$RemoteTimeouts.pageLoadTimeout(RemoteWebDriver.java:897)
at org.openqa.selenium.support.events.EventFiringWebDriver$EventFiringTimeouts.pageLoadTimeout(EventFiringWebDriver.java:704)
at org.openqa.selenium.support.events.EventFiringWebDriver$EventFiringTimeouts.pageLoadTimeout(EventFiringWebDriver.java:699)
at com.perficient.util.TestCaseBase.setUpBrowser(TestCaseBase.java:173)
at java.base/jdk.internal.reflect.NativeMethodAccessorImpl.invoke0(Native Method)
at java.base/jdk.internal.reflect.NativeMethodAccessorImpl.invoke(NativeMethodAccessorImpl.java:77)
at java.base/jdk.internal.reflect.DelegatingMethodAccessorImpl.invoke(DelegatingMethodAccessorImpl.java:43)
at java.base/java.lang.reflect.Method.invoke(Method.java:568)
at org.testng.internal.MethodInvocationHelper.invokeMethod(MethodInvocationHelper.java:133)
at org.testng.internal.MethodInvocationHelper.invokeMethodConsideringTimeout(MethodInvocationHelper.java:62)
at org.testng.internal.ConfigInvoker.invokeConfigurationMethod(ConfigInvoker.java:385)
at org.testng.internal.ConfigInvoker.invokeConfigurations(ConfigInvoker.java:321)
at org.testng.internal.TestMethodWorker.invokeBeforeClassMethods(TestMethodWorker.java:176)
at org.testng.internal.TestMethodWorker.run(TestMethodWorker.java:122)
at java.base/java.util.ArrayList.forEach(ArrayList.java:1511)
at org.testng.TestRunner.privateRun(TestRunner.java:794)
at org.testng.TestRunner.run(TestRunner.java:596)
at org.testng.SuiteRunner.runTest(SuiteRunner.java:377)
at org.testng.SuiteRunner.access$000(SuiteRunner.java:28)
at org.testng.SuiteRunner$SuiteWorker.run(SuiteRunner.java:418)
at org.testng.internal.thread.ThreadUtil.lambda$execute$0(ThreadUtil.java:64)
at java.base/java.util.concurrent.FutureTask.run(FutureTask.java:264)
at java.base/java.util.concurrent.ThreadPoolExecutor.runWorker(ThreadPoolExecutor.java:1136)
at java.base/java.util.concurrent.ThreadPoolExecutor$Worker.run(ThreadPoolExecutor.java:635)
at java.base/java.lang.Thread.run(Thread.java:833)
]]>
            </full-stacktrace>
          </exception> <!-- org.openqa.selenium.UnsupportedCommandException -->
          <reporter-output>
          </reporter-output>
        </test-method> <!-- customerLogin -->
        <test-method is-config="true" signature="afterMethod(java.lang.reflect.Method)[pri:0, instance:com.perficient.testCases.Desktop.purdy.Verify_Login_Page_with_valid_credentials@3fd2322d]" started-at="2023-12-18T18:19:26 IST" name="afterMethod" finished-at="2023-12-18T18:19:26 IST" duration-ms="237" status="PASS">
          <params>
            <param index="0">
              <value>
                <![CDATA[public void com.perficient.testCases.Desktop.purdy.Verify_Login_Page_with_valid_credentials.customerLogin(java.util.Hashtable) throws java.lang.Exception]]>
              </value>
            </param>
          </params>
          <reporter-output>
          </reporter-output>
        </test-method> <!-- afterMethod -->
        <test-method is-config="true" signature="beforeMethod(java.lang.reflect.Method)[pri:0, instance:com.perficient.testCases.Desktop.purdy.Verify_Login_Page_with_valid_credentials@3fd2322d]" started-at="2023-12-18T18:19:26 IST" name="beforeMethod" finished-at="2023-12-18T18:19:26 IST" duration-ms="197" status="PASS">
          <params>
            <param index="0">
              <value>
                <![CDATA[public void com.perficient.testCases.Desktop.purdy.Verify_Login_Page_with_valid_credentials.redirectToLoginPage(java.util.Hashtable) throws java.lang.Exception]]>
              </value>
            </param>
          </params>
          <reporter-output>
          </reporter-output>
        </test-method> <!-- beforeMethod -->
        <test-method signature="redirectToLoginPage(java.util.Hashtable)[pri:1, instance:com.perficient.testCases.Desktop.purdy.Verify_Login_Page_with_valid_credentials@3fd2322d]" started-at="2023-12-18T18:19:26 IST" name="redirectToLoginPage" data-provider="get_Data_Verify_Login_Page_with_valid_credentials" finished-at="2023-12-18T18:19:26 IST" duration-ms="0" status="SKIP">
          <params>
            <param index="0">
              <value>
                <![CDATA[{EmailID=pratikhood001@gmail.com, Password=Aali@123, HomePageTitle=Chocolate Shop | Chocolate | Purdys Chocolatier, LoginPageTitle=Customer Login}]]>
              </value>
            </param>
          </params>
          <exception class="org.openqa.selenium.UnsupportedCommandException">
            <message>
              <![CDATA[{"value":{"error":"unknown method","message":"Not implemented yet for pageLoad.","stacktrace":"NotImplementedError: Not implemented yet for pageLoad.\n    at AndroidUiautomator2Driver.pageLoadTimeoutW3C (/nix/store/a4f03fnyb1njsg95d11hrirds8hfjsc1-appium-1.17.0/node_modules/appium-uiautomator2-driver/node_modules/appium-base-driver/lib/basedriver/commands/timeout.js:83:9)\n    at AndroidUiautomator2Driver.timeouts (/nix/store/a4f03fnyb1njsg95d11hrirds8hfjsc1-appium-1.17.0/node_modules/appium-uiautomator2-driver/node_modules/appium-base-driver/lib/basedriver/commands/timeout.js:40:16)\n    at commandExecutor (/nix/store/a4f03fnyb1njsg95d11hrirds8hfjsc1-appium-1.17.0/node_modules/appium-uiautomator2-driver/node_modules/appium-base-driver/lib/basedriver/driver.js:330:9)\n    at /nix/store/a4f03fnyb1njsg95d11hrirds8hfjsc1-appium-1.17.0/node_modules/appium-uiautomator2-driver/node_modules/async-lock/lib/index.js:125:12\n    at AsyncLock._promiseTry (/nix/store/a4f03fnyb1njsg95d11hrirds8hfjsc1-appium-1.17.0/node_modules/appium-uiautomator2-driver/node_modules/async-lock/lib/index.js:249:31)\n    at exec (/nix/store/a4f03fnyb1njsg95d11hrirds8hfjsc1-appium-1.17.0/node_modules/appium-uiautomator2-driver/node_modules/async-lock/lib/index.js:124:9)\n    at AsyncLock.acquire (/nix/store/a4f03fnyb1njsg95d11hrirds8hfjsc1-appium-1.17.0/node_modules/appium-uiautomator2-driver/node_modules/async-lock/lib/index.js:140:3)\n    at AndroidUiautomator2Driver.executeCommand (/nix/store/a4f03fnyb1njsg95d11hrirds8hfjsc1-appium-1.17.0/node_modules/appium-uiautomator2-driver/node_modules/appium-base-driver/lib/basedriver/driver.js:343:39)\n    at AppiumDriver.executeCommand (/nix/store/a4f03fnyb1njsg95d11hrirds8hfjsc1-appium-1.17.0/lib/appium.js:534:36)\n    at processTicksAndRejections (internal/process/task_queues.js:97:5)\n    at asyncHandler (/nix/store/a4f03fnyb1njsg95d11hrirds8hfjsc1-appium-1.17.0/node_modules/appium-base-driver/lib/protocol/protocol.js:309:21)"}}
Command duration or timeout: 204 milliseconds
Build info: version: '4.6.0', revision: '79f1c02ae20'
System info: os.name: 'Windows 10', os.arch: 'amd64', os.version: '10.0', java.version: '17.0.6'
Driver info: org.openqa.selenium.chrome.ChromeDriver
Command: [a29dd1f03c8c751d9fa76878e8616b899b1a6045, setTimeout {pageLoad=50000}]
Capabilities {acceptInsecureCerts: true, appActivity: org.wikipedia.main.MainActi..., appPackage: org.wikipedia.alpha, automationName: uiautomator2, bstack:options: {appiumVersion: 1.17.0, buildIdentifier: #38, hostName: ZIL1280, localIdentifier: 18_Dec_1814_ZIL1280_HpYf}, chromeOptions: {args: [--no-sandbox, --window-size=1920x1080, --start-maximized, --disable-dev-shm-usage, --disable-popup-blocking, --remote-allow-origins=*, user-agent=test-automation-..., --ignore-certificate-errors]}, chromedriverPort: 8085, chromedriverPorts: [[18155, 18165]], databaseEnabled: false, desired: {acceptInsecureCerts: true, appActivity: org.wikipedia.main.MainActi..., appPackage: org.wikipedia.alpha, automationName: uiautomator2, bstack:options: {appiumVersion: 1.17.0, buildIdentifier: #38, hostName: ZIL1280, localIdentifier: 18_Dec_1814_ZIL1280_HpYf}, chromeOptions: {args: [--no-sandbox, --window-size=1920x1080, --start-maximized, --disable-dev-shm-usage, --disable-popup-blocking, --remote-allow-origins=*, user-agent=test-automation-..., --ignore-certificate-errors]}, chromedriverPort: 8085, chromedriverPorts: [[18155, 18165]], deviceName: Android, disableSuppressAccessibilityService: true, goog:chromeOptions: {args: [--no-sandbox, --window-size=1920x1080, --start-maximized, --disable-dev-shm-usage, --disable-popup-blocking, --remote-allow-origins=*, user-agent=test-automation-..., --ignore-certificate-errors]}, nativeWebScreenshot: true, newCommandTimeout: 0, platformName: Android, skipServerInstallation: true, systemPort: 8205, udid: a68008dd}, deviceApiLevel: 30, deviceManufacturer: OnePlus, deviceModel: LE2113, deviceName: a68008dd, deviceScreenDensity: 450, deviceScreenSize: 1080x2400, deviceUDID: a68008dd, disableSuppressAccessibilityService: true, goog:chromeOptions: {args: [--no-sandbox, --window-size=1920x1080, --start-maximized, --disable-dev-shm-usage, --disable-popup-blocking, --remote-allow-origins=*, user-agent=test-automation-..., --ignore-certificate-errors]}, javascriptEnabled: true, locationContextEnabled: false, nativeWebScreenshot: true, networkConnectionEnabled: true, newCommandTimeout: 0, optimalHubUrl: hub-euw.browserstack.com, pixelRatio: 2.8125, platform: LINUX, platformName: ANDROID, platformVersion: 11, skipServerInstallation: true, statBarHeight: 104, systemPort: 8205, takesScreenshot: true, udid: a68008dd, viewportRect: {height: 2058, left: 0, top: 104, width: 1080}, warnings: {}, webStorageEnabled: false}
Session ID: a29dd1f03c8c751d9fa76878e8616b899b1a6045]]>
            </message>
            <full-stacktrace>
              <![CDATA[org.openqa.selenium.UnsupportedCommandException: {"value":{"error":"unknown method","message":"Not implemented yet for pageLoad.","stacktrace":"NotImplementedError: Not implemented yet for pageLoad.\n    at AndroidUiautomator2Driver.pageLoadTimeoutW3C (/nix/store/a4f03fnyb1njsg95d11hrirds8hfjsc1-appium-1.17.0/node_modules/appium-uiautomator2-driver/node_modules/appium-base-driver/lib/basedriver/commands/timeout.js:83:9)\n    at AndroidUiautomator2Driver.timeouts (/nix/store/a4f03fnyb1njsg95d11hrirds8hfjsc1-appium-1.17.0/node_modules/appium-uiautomator2-driver/node_modules/appium-base-driver/lib/basedriver/commands/timeout.js:40:16)\n    at commandExecutor (/nix/store/a4f03fnyb1njsg95d11hrirds8hfjsc1-appium-1.17.0/node_modules/appium-uiautomator2-driver/node_modules/appium-base-driver/lib/basedriver/driver.js:330:9)\n    at /nix/store/a4f03fnyb1njsg95d11hrirds8hfjsc1-appium-1.17.0/node_modules/appium-uiautomator2-driver/node_modules/async-lock/lib/index.js:125:12\n    at AsyncLock._promiseTry (/nix/store/a4f03fnyb1njsg95d11hrirds8hfjsc1-appium-1.17.0/node_modules/appium-uiautomator2-driver/node_modules/async-lock/lib/index.js:249:31)\n    at exec (/nix/store/a4f03fnyb1njsg95d11hrirds8hfjsc1-appium-1.17.0/node_modules/appium-uiautomator2-driver/node_modules/async-lock/lib/index.js:124:9)\n    at AsyncLock.acquire (/nix/store/a4f03fnyb1njsg95d11hrirds8hfjsc1-appium-1.17.0/node_modules/appium-uiautomator2-driver/node_modules/async-lock/lib/index.js:140:3)\n    at AndroidUiautomator2Driver.executeCommand (/nix/store/a4f03fnyb1njsg95d11hrirds8hfjsc1-appium-1.17.0/node_modules/appium-uiautomator2-driver/node_modules/appium-base-driver/lib/basedriver/driver.js:343:39)\n    at AppiumDriver.executeCommand (/nix/store/a4f03fnyb1njsg95d11hrirds8hfjsc1-appium-1.17.0/lib/appium.js:534:36)\n    at processTicksAndRejections (internal/process/task_queues.js:97:5)\n    at asyncHandler (/nix/store/a4f03fnyb1njsg95d11hrirds8hfjsc1-appium-1.17.0/node_modules/appium-base-driver/lib/protocol/protocol.js:309:21)"}}
Command duration or timeout: 204 milliseconds
Build info: version: '4.6.0', revision: '79f1c02ae20'
System info: os.name: 'Windows 10', os.arch: 'amd64', os.version: '10.0', java.version: '17.0.6'
Driver info: org.openqa.selenium.chrome.ChromeDriver
Command: [a29dd1f03c8c751d9fa76878e8616b899b1a6045, setTimeout {pageLoad=50000}]
Capabilities {acceptInsecureCerts: true, appActivity: org.wikipedia.main.MainActi..., appPackage: org.wikipedia.alpha, automationName: uiautomator2, bstack:options: {appiumVersion: 1.17.0, buildIdentifier: #38, hostName: ZIL1280, localIdentifier: 18_Dec_1814_ZIL1280_HpYf}, chromeOptions: {args: [--no-sandbox, --window-size=1920x1080, --start-maximized, --disable-dev-shm-usage, --disable-popup-blocking, --remote-allow-origins=*, user-agent=test-automation-..., --ignore-certificate-errors]}, chromedriverPort: 8085, chromedriverPorts: [[18155, 18165]], databaseEnabled: false, desired: {acceptInsecureCerts: true, appActivity: org.wikipedia.main.MainActi..., appPackage: org.wikipedia.alpha, automationName: uiautomator2, bstack:options: {appiumVersion: 1.17.0, buildIdentifier: #38, hostName: ZIL1280, localIdentifier: 18_Dec_1814_ZIL1280_HpYf}, chromeOptions: {args: [--no-sandbox, --window-size=1920x1080, --start-maximized, --disable-dev-shm-usage, --disable-popup-blocking, --remote-allow-origins=*, user-agent=test-automation-..., --ignore-certificate-errors]}, chromedriverPort: 8085, chromedriverPorts: [[18155, 18165]], deviceName: Android, disableSuppressAccessibilityService: true, goog:chromeOptions: {args: [--no-sandbox, --window-size=1920x1080, --start-maximized, --disable-dev-shm-usage, --disable-popup-blocking, --remote-allow-origins=*, user-agent=test-automation-..., --ignore-certificate-errors]}, nativeWebScreenshot: true, newCommandTimeout: 0, platformName: Android, skipServerInstallation: true, systemPort: 8205, udid: a68008dd}, deviceApiLevel: 30, deviceManufacturer: OnePlus, deviceModel: LE2113, deviceName: a68008dd, deviceScreenDensity: 450, deviceScreenSize: 1080x2400, deviceUDID: a68008dd, disableSuppressAccessibilityService: true, goog:chromeOptions: {args: [--no-sandbox, --window-size=1920x1080, --start-maximized, --disable-dev-shm-usage, --disable-popup-blocking, --remote-allow-origins=*, user-agent=test-automation-..., --ignore-certificate-errors]}, javascriptEnabled: true, locationContextEnabled: false, nativeWebScreenshot: true, networkConnectionEnabled: true, newCommandTimeout: 0, optimalHubUrl: hub-euw.browserstack.com, pixelRatio: 2.8125, platform: LINUX, platformName: ANDROID, platformVersion: 11, skipServerInstallation: true, statBarHeight: 104, systemPort: 8205, takesScreenshot: true, udid: a68008dd, viewportRect: {height: 2058, left: 0, top: 104, width: 1080}, warnings: {}, webStorageEnabled: false}
Session ID: a29dd1f03c8c751d9fa76878e8616b899b1a6045
at java.base/jdk.internal.reflect.NativeConstructorAccessorImpl.newInstance0(Native Method)
at java.base/jdk.internal.reflect.NativeConstructorAccessorImpl.newInstance(NativeConstructorAccessorImpl.java:77)
at java.base/jdk.internal.reflect.DelegatingConstructorAccessorImpl.newInstance(DelegatingConstructorAccessorImpl.java:45)
at java.base/java.lang.reflect.Constructor.newInstanceWithCaller(Constructor.java:499)
at java.base/java.lang.reflect.Constructor.newInstance(Constructor.java:480)
at org.openqa.selenium.remote.ErrorHandler.createThrowable(ErrorHandler.java:217)
at org.openqa.selenium.remote.ErrorHandler.throwIfResponseFailed(ErrorHandler.java:169)
at org.openqa.selenium.remote.RemoteWebDriver.execute(RemoteWebDriver.java:576)
at org.openqa.selenium.remote.RemoteWebDriver$RemoteWebDriverOptions$RemoteTimeouts.pageLoadTimeout(RemoteWebDriver.java:897)
at org.openqa.selenium.support.events.EventFiringWebDriver$EventFiringTimeouts.pageLoadTimeout(EventFiringWebDriver.java:704)
at org.openqa.selenium.support.events.EventFiringWebDriver$EventFiringTimeouts.pageLoadTimeout(EventFiringWebDriver.java:699)
at com.perficient.util.TestCaseBase.setUpBrowser(TestCaseBase.java:173)
at java.base/jdk.internal.reflect.NativeMethodAccessorImpl.invoke0(Native Method)
at java.base/jdk.internal.reflect.NativeMethodAccessorImpl.invoke(NativeMethodAccessorImpl.java:77)
at java.base/jdk.internal.reflect.DelegatingMethodAccessorImpl.invoke(DelegatingMethodAccessorImpl.java:43)
at java.base/java.lang.reflect.Method.invoke(Method.java:568)
at org.testng.internal.MethodInvocationHelper.invokeMethod(MethodInvocationHelper.java:133)
at org.testng.internal.MethodInvocationHelper.invokeMethodConsideringTimeout(MethodInvocationHelper.java:62)
at org.testng.internal.ConfigInvoker.invokeConfigurationMethod(ConfigInvoker.java:385)
at org.testng.internal.ConfigInvoker.invokeConfigurations(ConfigInvoker.java:321)
at org.testng.internal.TestMethodWorker.invokeBeforeClassMethods(TestMethodWorker.java:176)
at org.testng.internal.TestMethodWorker.run(TestMethodWorker.java:122)
at java.base/java.util.ArrayList.forEach(ArrayList.java:1511)
at org.testng.TestRunner.privateRun(TestRunner.java:794)
at org.testng.TestRunner.run(TestRunner.java:596)
at org.testng.SuiteRunner.runTest(SuiteRunner.java:377)
at org.testng.SuiteRunner.access$000(SuiteRunner.java:28)
at org.testng.SuiteRunner$SuiteWorker.run(SuiteRunner.java:418)
at org.testng.internal.thread.ThreadUtil.lambda$execute$0(ThreadUtil.java:64)
at java.base/java.util.concurrent.FutureTask.run(FutureTask.java:264)
at java.base/java.util.concurrent.ThreadPoolExecutor.runWorker(ThreadPoolExecutor.java:1136)
at java.base/java.util.concurrent.ThreadPoolExecutor$Worker.run(ThreadPoolExecutor.java:635)
at java.base/java.lang.Thread.run(Thread.java:833)
]]>
            </full-stacktrace>
          </exception> <!-- org.openqa.selenium.UnsupportedCommandException -->
          <reporter-output>
          </reporter-output>
        </test-method> <!-- redirectToLoginPage -->
        <test-method is-config="true" signature="afterMethod(java.lang.reflect.Method)[pri:0, instance:com.perficient.testCases.Desktop.purdy.Verify_Login_Page_with_valid_credentials@3fd2322d]" started-at="2023-12-18T18:19:27 IST" name="afterMethod" finished-at="2023-12-18T18:19:27 IST" duration-ms="131" status="PASS">
          <params>
            <param index="0">
              <value>
                <![CDATA[public void com.perficient.testCases.Desktop.purdy.Verify_Login_Page_with_valid_credentials.redirectToLoginPage(java.util.Hashtable) throws java.lang.Exception]]>
              </value>
            </param>
          </params>
          <reporter-output>
          </reporter-output>
        </test-method> <!-- afterMethod -->
        <test-method is-config="true" signature="beforeMethod(java.lang.reflect.Method)[pri:0, instance:com.perficient.testCases.Desktop.purdy.Verify_Login_Page_with_valid_credentials@3fd2322d]" started-at="2023-12-18T18:19:27 IST" name="beforeMethod" finished-at="2023-12-18T18:19:28 IST" duration-ms="183" status="PASS">
          <params>
            <param index="0">
              <value>
                <![CDATA[public void com.perficient.testCases.Desktop.purdy.Verify_Login_Page_with_valid_credentials.homePageValidationAfterLogin(java.util.Hashtable) throws java.lang.Exception]]>
              </value>
            </param>
          </params>
          <reporter-output>
          </reporter-output>
        </test-method> <!-- beforeMethod -->
        <test-method signature="homePageValidationAfterLogin(java.util.Hashtable)[pri:2, instance:com.perficient.testCases.Desktop.purdy.Verify_Login_Page_with_valid_credentials@3fd2322d]" started-at="2023-12-18T18:19:28 IST" name="homePageValidationAfterLogin" data-provider="get_Data_Verify_Login_Page_with_valid_credentials" finished-at="2023-12-18T18:19:28 IST" duration-ms="0" status="SKIP">
          <params>
            <param index="0">
              <value>
                <![CDATA[{EmailID=pratikhood001@gmail.com, Password=Aali@123, HomePageTitle=Chocolate Shop | Chocolate | Purdys Chocolatier, LoginPageTitle=Customer Login}]]>
              </value>
            </param>
          </params>
          <exception class="org.openqa.selenium.UnsupportedCommandException">
            <message>
              <![CDATA[{"value":{"error":"unknown method","message":"Not implemented yet for pageLoad.","stacktrace":"NotImplementedError: Not implemented yet for pageLoad.\n    at AndroidUiautomator2Driver.pageLoadTimeoutW3C (/nix/store/a4f03fnyb1njsg95d11hrirds8hfjsc1-appium-1.17.0/node_modules/appium-uiautomator2-driver/node_modules/appium-base-driver/lib/basedriver/commands/timeout.js:83:9)\n    at AndroidUiautomator2Driver.timeouts (/nix/store/a4f03fnyb1njsg95d11hrirds8hfjsc1-appium-1.17.0/node_modules/appium-uiautomator2-driver/node_modules/appium-base-driver/lib/basedriver/commands/timeout.js:40:16)\n    at commandExecutor (/nix/store/a4f03fnyb1njsg95d11hrirds8hfjsc1-appium-1.17.0/node_modules/appium-uiautomator2-driver/node_modules/appium-base-driver/lib/basedriver/driver.js:330:9)\n    at /nix/store/a4f03fnyb1njsg95d11hrirds8hfjsc1-appium-1.17.0/node_modules/appium-uiautomator2-driver/node_modules/async-lock/lib/index.js:125:12\n    at AsyncLock._promiseTry (/nix/store/a4f03fnyb1njsg95d11hrirds8hfjsc1-appium-1.17.0/node_modules/appium-uiautomator2-driver/node_modules/async-lock/lib/index.js:249:31)\n    at exec (/nix/store/a4f03fnyb1njsg95d11hrirds8hfjsc1-appium-1.17.0/node_modules/appium-uiautomator2-driver/node_modules/async-lock/lib/index.js:124:9)\n    at AsyncLock.acquire (/nix/store/a4f03fnyb1njsg95d11hrirds8hfjsc1-appium-1.17.0/node_modules/appium-uiautomator2-driver/node_modules/async-lock/lib/index.js:140:3)\n    at AndroidUiautomator2Driver.executeCommand (/nix/store/a4f03fnyb1njsg95d11hrirds8hfjsc1-appium-1.17.0/node_modules/appium-uiautomator2-driver/node_modules/appium-base-driver/lib/basedriver/driver.js:343:39)\n    at AppiumDriver.executeCommand (/nix/store/a4f03fnyb1njsg95d11hrirds8hfjsc1-appium-1.17.0/lib/appium.js:534:36)\n    at processTicksAndRejections (internal/process/task_queues.js:97:5)\n    at asyncHandler (/nix/store/a4f03fnyb1njsg95d11hrirds8hfjsc1-appium-1.17.0/node_modules/appium-base-driver/lib/protocol/protocol.js:309:21)"}}
Command duration or timeout: 204 milliseconds
Build info: version: '4.6.0', revision: '79f1c02ae20'
System info: os.name: 'Windows 10', os.arch: 'amd64', os.version: '10.0', java.version: '17.0.6'
Driver info: org.openqa.selenium.chrome.ChromeDriver
Command: [a29dd1f03c8c751d9fa76878e8616b899b1a6045, setTimeout {pageLoad=50000}]
Capabilities {acceptInsecureCerts: true, appActivity: org.wikipedia.main.MainActi..., appPackage: org.wikipedia.alpha, automationName: uiautomator2, bstack:options: {appiumVersion: 1.17.0, buildIdentifier: #38, hostName: ZIL1280, localIdentifier: 18_Dec_1814_ZIL1280_HpYf}, chromeOptions: {args: [--no-sandbox, --window-size=1920x1080, --start-maximized, --disable-dev-shm-usage, --disable-popup-blocking, --remote-allow-origins=*, user-agent=test-automation-..., --ignore-certificate-errors]}, chromedriverPort: 8085, chromedriverPorts: [[18155, 18165]], databaseEnabled: false, desired: {acceptInsecureCerts: true, appActivity: org.wikipedia.main.MainActi..., appPackage: org.wikipedia.alpha, automationName: uiautomator2, bstack:options: {appiumVersion: 1.17.0, buildIdentifier: #38, hostName: ZIL1280, localIdentifier: 18_Dec_1814_ZIL1280_HpYf}, chromeOptions: {args: [--no-sandbox, --window-size=1920x1080, --start-maximized, --disable-dev-shm-usage, --disable-popup-blocking, --remote-allow-origins=*, user-agent=test-automation-..., --ignore-certificate-errors]}, chromedriverPort: 8085, chromedriverPorts: [[18155, 18165]], deviceName: Android, disableSuppressAccessibilityService: true, goog:chromeOptions: {args: [--no-sandbox, --window-size=1920x1080, --start-maximized, --disable-dev-shm-usage, --disable-popup-blocking, --remote-allow-origins=*, user-agent=test-automation-..., --ignore-certificate-errors]}, nativeWebScreenshot: true, newCommandTimeout: 0, platformName: Android, skipServerInstallation: true, systemPort: 8205, udid: a68008dd}, deviceApiLevel: 30, deviceManufacturer: OnePlus, deviceModel: LE2113, deviceName: a68008dd, deviceScreenDensity: 450, deviceScreenSize: 1080x2400, deviceUDID: a68008dd, disableSuppressAccessibilityService: true, goog:chromeOptions: {args: [--no-sandbox, --window-size=1920x1080, --start-maximized, --disable-dev-shm-usage, --disable-popup-blocking, --remote-allow-origins=*, user-agent=test-automation-..., --ignore-certificate-errors]}, javascriptEnabled: true, locationContextEnabled: false, nativeWebScreenshot: true, networkConnectionEnabled: true, newCommandTimeout: 0, optimalHubUrl: hub-euw.browserstack.com, pixelRatio: 2.8125, platform: LINUX, platformName: ANDROID, platformVersion: 11, skipServerInstallation: true, statBarHeight: 104, systemPort: 8205, takesScreenshot: true, udid: a68008dd, viewportRect: {height: 2058, left: 0, top: 104, width: 1080}, warnings: {}, webStorageEnabled: false}
Session ID: a29dd1f03c8c751d9fa76878e8616b899b1a6045]]>
            </message>
            <full-stacktrace>
              <![CDATA[org.openqa.selenium.UnsupportedCommandException: {"value":{"error":"unknown method","message":"Not implemented yet for pageLoad.","stacktrace":"NotImplementedError: Not implemented yet for pageLoad.\n    at AndroidUiautomator2Driver.pageLoadTimeoutW3C (/nix/store/a4f03fnyb1njsg95d11hrirds8hfjsc1-appium-1.17.0/node_modules/appium-uiautomator2-driver/node_modules/appium-base-driver/lib/basedriver/commands/timeout.js:83:9)\n    at AndroidUiautomator2Driver.timeouts (/nix/store/a4f03fnyb1njsg95d11hrirds8hfjsc1-appium-1.17.0/node_modules/appium-uiautomator2-driver/node_modules/appium-base-driver/lib/basedriver/commands/timeout.js:40:16)\n    at commandExecutor (/nix/store/a4f03fnyb1njsg95d11hrirds8hfjsc1-appium-1.17.0/node_modules/appium-uiautomator2-driver/node_modules/appium-base-driver/lib/basedriver/driver.js:330:9)\n    at /nix/store/a4f03fnyb1njsg95d11hrirds8hfjsc1-appium-1.17.0/node_modules/appium-uiautomator2-driver/node_modules/async-lock/lib/index.js:125:12\n    at AsyncLock._promiseTry (/nix/store/a4f03fnyb1njsg95d11hrirds8hfjsc1-appium-1.17.0/node_modules/appium-uiautomator2-driver/node_modules/async-lock/lib/index.js:249:31)\n    at exec (/nix/store/a4f03fnyb1njsg95d11hrirds8hfjsc1-appium-1.17.0/node_modules/appium-uiautomator2-driver/node_modules/async-lock/lib/index.js:124:9)\n    at AsyncLock.acquire (/nix/store/a4f03fnyb1njsg95d11hrirds8hfjsc1-appium-1.17.0/node_modules/appium-uiautomator2-driver/node_modules/async-lock/lib/index.js:140:3)\n    at AndroidUiautomator2Driver.executeCommand (/nix/store/a4f03fnyb1njsg95d11hrirds8hfjsc1-appium-1.17.0/node_modules/appium-uiautomator2-driver/node_modules/appium-base-driver/lib/basedriver/driver.js:343:39)\n    at AppiumDriver.executeCommand (/nix/store/a4f03fnyb1njsg95d11hrirds8hfjsc1-appium-1.17.0/lib/appium.js:534:36)\n    at processTicksAndRejections (internal/process/task_queues.js:97:5)\n    at asyncHandler (/nix/store/a4f03fnyb1njsg95d11hrirds8hfjsc1-appium-1.17.0/node_modules/appium-base-driver/lib/protocol/protocol.js:309:21)"}}
Command duration or timeout: 204 milliseconds
Build info: version: '4.6.0', revision: '79f1c02ae20'
System info: os.name: 'Windows 10', os.arch: 'amd64', os.version: '10.0', java.version: '17.0.6'
Driver info: org.openqa.selenium.chrome.ChromeDriver
Command: [a29dd1f03c8c751d9fa76878e8616b899b1a6045, setTimeout {pageLoad=50000}]
Capabilities {acceptInsecureCerts: true, appActivity: org.wikipedia.main.MainActi..., appPackage: org.wikipedia.alpha, automationName: uiautomator2, bstack:options: {appiumVersion: 1.17.0, buildIdentifier: #38, hostName: ZIL1280, localIdentifier: 18_Dec_1814_ZIL1280_HpYf}, chromeOptions: {args: [--no-sandbox, --window-size=1920x1080, --start-maximized, --disable-dev-shm-usage, --disable-popup-blocking, --remote-allow-origins=*, user-agent=test-automation-..., --ignore-certificate-errors]}, chromedriverPort: 8085, chromedriverPorts: [[18155, 18165]], databaseEnabled: false, desired: {acceptInsecureCerts: true, appActivity: org.wikipedia.main.MainActi..., appPackage: org.wikipedia.alpha, automationName: uiautomator2, bstack:options: {appiumVersion: 1.17.0, buildIdentifier: #38, hostName: ZIL1280, localIdentifier: 18_Dec_1814_ZIL1280_HpYf}, chromeOptions: {args: [--no-sandbox, --window-size=1920x1080, --start-maximized, --disable-dev-shm-usage, --disable-popup-blocking, --remote-allow-origins=*, user-agent=test-automation-..., --ignore-certificate-errors]}, chromedriverPort: 8085, chromedriverPorts: [[18155, 18165]], deviceName: Android, disableSuppressAccessibilityService: true, goog:chromeOptions: {args: [--no-sandbox, --window-size=1920x1080, --start-maximized, --disable-dev-shm-usage, --disable-popup-blocking, --remote-allow-origins=*, user-agent=test-automation-..., --ignore-certificate-errors]}, nativeWebScreenshot: true, newCommandTimeout: 0, platformName: Android, skipServerInstallation: true, systemPort: 8205, udid: a68008dd}, deviceApiLevel: 30, deviceManufacturer: OnePlus, deviceModel: LE2113, deviceName: a68008dd, deviceScreenDensity: 450, deviceScreenSize: 1080x2400, deviceUDID: a68008dd, disableSuppressAccessibilityService: true, goog:chromeOptions: {args: [--no-sandbox, --window-size=1920x1080, --start-maximized, --disable-dev-shm-usage, --disable-popup-blocking, --remote-allow-origins=*, user-agent=test-automation-..., --ignore-certificate-errors]}, javascriptEnabled: true, locationContextEnabled: false, nativeWebScreenshot: true, networkConnectionEnabled: true, newCommandTimeout: 0, optimalHubUrl: hub-euw.browserstack.com, pixelRatio: 2.8125, platform: LINUX, platformName: ANDROID, platformVersion: 11, skipServerInstallation: true, statBarHeight: 104, systemPort: 8205, takesScreenshot: true, udid: a68008dd, viewportRect: {height: 2058, left: 0, top: 104, width: 1080}, warnings: {}, webStorageEnabled: false}
Session ID: a29dd1f03c8c751d9fa76878e8616b899b1a6045
at java.base/jdk.internal.reflect.NativeConstructorAccessorImpl.newInstance0(Native Method)
at java.base/jdk.internal.reflect.NativeConstructorAccessorImpl.newInstance(NativeConstructorAccessorImpl.java:77)
at java.base/jdk.internal.reflect.DelegatingConstructorAccessorImpl.newInstance(DelegatingConstructorAccessorImpl.java:45)
at java.base/java.lang.reflect.Constructor.newInstanceWithCaller(Constructor.java:499)
at java.base/java.lang.reflect.Constructor.newInstance(Constructor.java:480)
at org.openqa.selenium.remote.ErrorHandler.createThrowable(ErrorHandler.java:217)
at org.openqa.selenium.remote.ErrorHandler.throwIfResponseFailed(ErrorHandler.java:169)
at org.openqa.selenium.remote.RemoteWebDriver.execute(RemoteWebDriver.java:576)
at org.openqa.selenium.remote.RemoteWebDriver$RemoteWebDriverOptions$RemoteTimeouts.pageLoadTimeout(RemoteWebDriver.java:897)
at org.openqa.selenium.support.events.EventFiringWebDriver$EventFiringTimeouts.pageLoadTimeout(EventFiringWebDriver.java:704)
at org.openqa.selenium.support.events.EventFiringWebDriver$EventFiringTimeouts.pageLoadTimeout(EventFiringWebDriver.java:699)
at com.perficient.util.TestCaseBase.setUpBrowser(TestCaseBase.java:173)
at java.base/jdk.internal.reflect.NativeMethodAccessorImpl.invoke0(Native Method)
at java.base/jdk.internal.reflect.NativeMethodAccessorImpl.invoke(NativeMethodAccessorImpl.java:77)
at java.base/jdk.internal.reflect.DelegatingMethodAccessorImpl.invoke(DelegatingMethodAccessorImpl.java:43)
at java.base/java.lang.reflect.Method.invoke(Method.java:568)
at org.testng.internal.MethodInvocationHelper.invokeMethod(MethodInvocationHelper.java:133)
at org.testng.internal.MethodInvocationHelper.invokeMethodConsideringTimeout(MethodInvocationHelper.java:62)
at org.testng.internal.ConfigInvoker.invokeConfigurationMethod(ConfigInvoker.java:385)
at org.testng.internal.ConfigInvoker.invokeConfigurations(ConfigInvoker.java:321)
at org.testng.internal.TestMethodWorker.invokeBeforeClassMethods(TestMethodWorker.java:176)
at org.testng.internal.TestMethodWorker.run(TestMethodWorker.java:122)
at java.base/java.util.ArrayList.forEach(ArrayList.java:1511)
at org.testng.TestRunner.privateRun(TestRunner.java:794)
at org.testng.TestRunner.run(TestRunner.java:596)
at org.testng.SuiteRunner.runTest(SuiteRunner.java:377)
at org.testng.SuiteRunner.access$000(SuiteRunner.java:28)
at org.testng.SuiteRunner$SuiteWorker.run(SuiteRunner.java:418)
at org.testng.internal.thread.ThreadUtil.lambda$execute$0(ThreadUtil.java:64)
at java.base/java.util.concurrent.FutureTask.run(FutureTask.java:264)
at java.base/java.util.concurrent.ThreadPoolExecutor.runWorker(ThreadPoolExecutor.java:1136)
at java.base/java.util.concurrent.ThreadPoolExecutor$Worker.run(ThreadPoolExecutor.java:635)
at java.base/java.lang.Thread.run(Thread.java:833)
]]>
            </full-stacktrace>
          </exception> <!-- org.openqa.selenium.UnsupportedCommandException -->
          <reporter-output>
          </reporter-output>
        </test-method> <!-- homePageValidationAfterLogin -->
        <test-method is-config="true" signature="afterMethod(java.lang.reflect.Method)[pri:0, instance:com.perficient.testCases.Desktop.purdy.Verify_Login_Page_with_valid_credentials@3fd2322d]" started-at="2023-12-18T18:19:28 IST" name="afterMethod" finished-at="2023-12-18T18:19:28 IST" duration-ms="214" status="PASS">
          <params>
            <param index="0">
              <value>
                <![CDATA[public void com.perficient.testCases.Desktop.purdy.Verify_Login_Page_with_valid_credentials.homePageValidationAfterLogin(java.util.Hashtable) throws java.lang.Exception]]>
              </value>
            </param>
          </params>
          <reporter-output>
          </reporter-output>
        </test-method> <!-- afterMethod -->
        <test-method is-config="true" signature="tearDown(org.testng.ITestContext)[pri:0, instance:com.perficient.testCases.Desktop.purdy.Verify_Login_Page_with_valid_credentials@3fd2322d]" started-at="2023-12-18T18:19:29 IST" name="tearDown" finished-at="2023-12-18T18:19:30 IST" duration-ms="1852" status="PASS">
          <params>
            <param index="0">
              <value>
                <![CDATA[org.testng.TestRunner@733aa9d8]]>
              </value>
            </param>
          </params>
          <reporter-output>
          </reporter-output>
        </test-method> <!-- tearDown -->
        <test-method is-config="true" signature="afterSuite()[pri:0, instance:com.perficient.testCases.Desktop.purdy.Verify_Login_Page_with_valid_credentials@3fd2322d]" started-at="2023-12-18T18:19:31 IST" name="afterSuite" finished-at="2023-12-18T18:19:31 IST" duration-ms="395" status="PASS">
          <reporter-output>
          </reporter-output>
        </test-method> <!-- afterSuite -->
      </class> <!-- com.perficient.testCases.Desktop.purdy.Verify_Login_Page_with_valid_credentials -->
    </test> <!-- Guest User - Plans Availability-2 -->
  </suite> <!-- Suite -->
</testng-results>
