<?xml version="1.0" encoding="UTF-8"?>
<testsuite xmlns:xsi="http://www.w3.org/2001/XMLSchema-instance" xsi:noNamespaceSchemaLocation="https://maven.apache.org/surefire/maven-surefire-plugin/xsd/surefire-test-report.xsd" name="TestSuite" time="271.948" tests="12" errors="0" skipped="9" failures="3">
  <properties>
    <property name="java.specification.version" value="17"/>
    <property name="sun.cpu.isalist" value="amd64"/>
    <property name="sun.jnu.encoding" value="Cp1252"/>
    <property name="java.class.path" value="C:\Users\pratik.hood\eclipse-workspace\PurdyTestAutomation\target\test-classes;C:\Users\pratik.hood\eclipse-workspace\PurdyTestAutomation\target\classes;C:\Users\pratik.hood\.m2\repository\org\testng\testng\7.4.0\testng-7.4.0.jar;C:\Users\pratik.hood\.m2\repository\com\beust\jcommander\1.78\jcommander-1.78.jar;C:\Users\pratik.hood\.m2\repository\org\webjars\jquery\3.5.1\jquery-3.5.1.jar;C:\Users\pratik.hood\.m2\repository\org\seleniumhq\selenium\selenium-java\4.6.0\selenium-java-4.6.0.jar;C:\Users\pratik.hood\.m2\repository\org\seleniumhq\selenium\selenium-api\4.6.0\selenium-api-4.6.0.jar;C:\Users\pratik.hood\.m2\repository\org\seleniumhq\selenium\selenium-chrome-driver\4.6.0\selenium-chrome-driver-4.6.0.jar;C:\Users\pratik.hood\.m2\repository\com\google\auto\service\auto-service-annotations\1.0.1\auto-service-annotations-1.0.1.jar;C:\Users\pratik.hood\.m2\repository\com\google\auto\service\auto-service\1.0.1\auto-service-1.0.1.jar;C:\Users\pratik.hood\.m2\repository\com\google\auto\auto-common\1.2\auto-common-1.2.jar;C:\Users\pratik.hood\.m2\repository\org\seleniumhq\selenium\selenium-chromium-driver\4.6.0\selenium-chromium-driver-4.6.0.jar;C:\Users\pratik.hood\.m2\repository\org\seleniumhq\selenium\selenium-json\4.6.0\selenium-json-4.6.0.jar;C:\Users\pratik.hood\.m2\repository\org\seleniumhq\selenium\selenium-devtools-v105\4.6.0\selenium-devtools-v105-4.6.0.jar;C:\Users\pratik.hood\.m2\repository\org\seleniumhq\selenium\selenium-devtools-v106\4.6.0\selenium-devtools-v106-4.6.0.jar;C:\Users\pratik.hood\.m2\repository\org\seleniumhq\selenium\selenium-devtools-v107\4.6.0\selenium-devtools-v107-4.6.0.jar;C:\Users\pratik.hood\.m2\repository\org\seleniumhq\selenium\selenium-devtools-v85\4.6.0\selenium-devtools-v85-4.6.0.jar;C:\Users\pratik.hood\.m2\repository\org\seleniumhq\selenium\selenium-edge-driver\4.6.0\selenium-edge-driver-4.6.0.jar;C:\Users\pratik.hood\.m2\repository\org\seleniumhq\selenium\selenium-firefox-driver\4.6.0\selenium-firefox-driver-4.6.0.jar;C:\Users\pratik.hood\.m2\repository\org\seleniumhq\selenium\selenium-ie-driver\4.6.0\selenium-ie-driver-4.6.0.jar;C:\Users\pratik.hood\.m2\repository\org\seleniumhq\selenium\selenium-remote-driver\4.6.0\selenium-remote-driver-4.6.0.jar;C:\Users\pratik.hood\.m2\repository\io\netty\netty-buffer\4.1.84.Final\netty-buffer-4.1.84.Final.jar;C:\Users\pratik.hood\.m2\repository\io\netty\netty-codec-http\4.1.84.Final\netty-codec-http-4.1.84.Final.jar;C:\Users\pratik.hood\.m2\repository\io\netty\netty-codec\4.1.84.Final\netty-codec-4.1.84.Final.jar;C:\Users\pratik.hood\.m2\repository\io\netty\netty-handler\4.1.84.Final\netty-handler-4.1.84.Final.jar;C:\Users\pratik.hood\.m2\repository\io\netty\netty-common\4.1.84.Final\netty-common-4.1.84.Final.jar;C:\Users\pratik.hood\.m2\repository\io\netty\netty-transport-classes-epoll\4.1.84.Final\netty-transport-classes-epoll-4.1.84.Final.jar;C:\Users\pratik.hood\.m2\repository\io\netty\netty-transport-classes-kqueue\4.1.84.Final\netty-transport-classes-kqueue-4.1.84.Final.jar;C:\Users\pratik.hood\.m2\repository\io\netty\netty-transport-native-epoll\4.1.84.Final\netty-transport-native-epoll-4.1.84.Final.jar;C:\Users\pratik.hood\.m2\repository\io\netty\netty-transport-native-kqueue\4.1.84.Final\netty-transport-native-kqueue-4.1.84.Final.jar;C:\Users\pratik.hood\.m2\repository\io\netty\netty-transport-native-unix-common\4.1.84.Final\netty-transport-native-unix-common-4.1.84.Final.jar;C:\Users\pratik.hood\.m2\repository\io\netty\netty-transport\4.1.84.Final\netty-transport-4.1.84.Final.jar;C:\Users\pratik.hood\.m2\repository\io\netty\netty-resolver\4.1.84.Final\netty-resolver-4.1.84.Final.jar;C:\Users\pratik.hood\.m2\repository\io\opentelemetry\opentelemetry-api\1.19.0\opentelemetry-api-1.19.0.jar;C:\Users\pratik.hood\.m2\repository\io\opentelemetry\opentelemetry-context\1.19.0\opentelemetry-context-1.19.0.jar;C:\Users\pratik.hood\.m2\repository\io\opentelemetry\opentelemetry-exporter-logging\1.19.0\opentelemetry-exporter-logging-1.19.0.jar;C:\Users\pratik.hood\.m2\repository\io\opentelemetry\opentelemetry-sdk-metrics\1.19.0\opentelemetry-sdk-metrics-1.19.0.jar;C:\Users\pratik.hood\.m2\repository\io\opentelemetry\opentelemetry-sdk-logs\1.19.0-alpha\opentelemetry-sdk-logs-1.19.0-alpha.jar;C:\Users\pratik.hood\.m2\repository\io\opentelemetry\opentelemetry-api-logs\1.19.0-alpha\opentelemetry-api-logs-1.19.0-alpha.jar;C:\Users\pratik.hood\.m2\repository\io\opentelemetry\opentelemetry-sdk-common\1.19.0\opentelemetry-sdk-common-1.19.0.jar;C:\Users\pratik.hood\.m2\repository\io\opentelemetry\opentelemetry-sdk-extension-autoconfigure-spi\1.19.0\opentelemetry-sdk-extension-autoconfigure-spi-1.19.0.jar;C:\Users\pratik.hood\.m2\repository\io\opentelemetry\opentelemetry-sdk-extension-autoconfigure\1.19.0-alpha\opentelemetry-sdk-extension-autoconfigure-1.19.0-alpha.jar;C:\Users\pratik.hood\.m2\repository\io\opentelemetry\opentelemetry-exporter-common\1.19.0\opentelemetry-exporter-common-1.19.0.jar;C:\Users\pratik.hood\.m2\repository\io\opentelemetry\opentelemetry-sdk-trace\1.19.0\opentelemetry-sdk-trace-1.19.0.jar;C:\Users\pratik.hood\.m2\repository\io\opentelemetry\opentelemetry-sdk\1.19.0\opentelemetry-sdk-1.19.0.jar;C:\Users\pratik.hood\.m2\repository\io\opentelemetry\opentelemetry-semconv\1.19.0-alpha\opentelemetry-semconv-1.19.0-alpha.jar;C:\Users\pratik.hood\.m2\repository\io\ous\jtoml\2.0.0\jtoml-2.0.0.jar;C:\Users\pratik.hood\.m2\repository\net\bytebuddy\byte-buddy\1.12.18\byte-buddy-1.12.18.jar;C:\Users\pratik.hood\.m2\repository\org\apache\commons\commons-exec\1.3\commons-exec-1.3.jar;C:\Users\pratik.hood\.m2\repository\org\asynchttpclient\async-http-client\2.12.3\async-http-client-2.12.3.jar;C:\Users\pratik.hood\.m2\repository\org\asynchttpclient\async-http-client-netty-utils\2.12.3\async-http-client-netty-utils-2.12.3.jar;C:\Users\pratik.hood\.m2\repository\io\netty\netty-codec-socks\4.1.60.Final\netty-codec-socks-4.1.60.Final.jar;C:\Users\pratik.hood\.m2\repository\io\netty\netty-handler-proxy\4.1.60.Final\netty-handler-proxy-4.1.60.Final.jar;C:\Users\pratik.hood\.m2\repository\io\netty\netty-transport-native-epoll\4.1.60.Final\netty-transport-native-epoll-4.1.60.Final-linux-x86_64.jar;C:\Users\pratik.hood\.m2\repository\io\netty\netty-transport-native-kqueue\4.1.60.Final\netty-transport-native-kqueue-4.1.60.Final-osx-x86_64.jar;C:\Users\pratik.hood\.m2\repository\org\reactivestreams\reactive-streams\1.0.3\reactive-streams-1.0.3.jar;C:\Users\pratik.hood\.m2\repository\com\typesafe\netty\netty-reactive-streams\2.0.4\netty-reactive-streams-2.0.4.jar;C:\Users\pratik.hood\.m2\repository\com\sun\activation\jakarta.activation\1.2.2\jakarta.activation-1.2.2.jar;C:\Users\pratik.hood\.m2\repository\org\seleniumhq\selenium\selenium-http\4.6.0\selenium-http-4.6.0.jar;C:\Users\pratik.hood\.m2\repository\dev\failsafe\failsafe\3.3.0\failsafe-3.3.0.jar;C:\Users\pratik.hood\.m2\repository\org\seleniumhq\selenium\selenium-manager\4.6.0\selenium-manager-4.6.0.jar;C:\Users\pratik.hood\.m2\repository\org\seleniumhq\selenium\selenium-safari-driver\4.6.0\selenium-safari-driver-4.6.0.jar;C:\Users\pratik.hood\.m2\repository\org\seleniumhq\selenium\selenium-support\4.6.0\selenium-support-4.6.0.jar;C:\Users\pratik.hood\.m2\repository\com\browserstack\browserstack-java-sdk\1.12.4\browserstack-java-sdk-1.12.4.jar;C:\Users\pratik.hood\.m2\repository\commons-configuration\commons-configuration\1.9\commons-configuration-1.9.jar;C:\Users\pratik.hood\.m2\repository\commons-logging\commons-logging\1.1.1\commons-logging-1.1.1.jar;C:\Users\pratik.hood\.m2\repository\com\aventstack\extentreports\3.0.0\extentreports-3.0.0.jar;C:\Users\pratik.hood\.m2\repository\org\mongodb\mongodb-driver\3.3.0\mongodb-driver-3.3.0.jar;C:\Users\pratik.hood\.m2\repository\org\mongodb\bson\3.3.0\bson-3.3.0.jar;C:\Users\pratik.hood\.m2\repository\org\mongodb\mongodb-driver-core\3.3.0\mongodb-driver-core-3.3.0.jar;C:\Users\pratik.hood\.m2\repository\org\apache\httpcomponents\httpmime\4.5.2\httpmime-4.5.2.jar;C:\Users\pratik.hood\.m2\repository\org\freemarker\freemarker\2.3.32\freemarker-2.3.32.jar;C:\Users\pratik.hood\.m2\repository\org\apache\httpcomponents\httpclient\4.5.14\httpclient-4.5.14.jar;C:\Users\pratik.hood\.m2\repository\org\apache\httpcomponents\httpcore\4.4.16\httpcore-4.4.16.jar;C:\Users\pratik.hood\.m2\repository\commons-codec\commons-codec\1.11\commons-codec-1.11.jar;C:\Users\pratik.hood\.m2\repository\org\apache\httpcomponents\fluent-hc\4.5.14\fluent-hc-4.5.14.jar;C:\Users\pratik.hood\.m2\repository\org\eclipse\jetty\jetty-util\12.0.2\jetty-util-12.0.2.jar;C:\Users\pratik.hood\.m2\repository\org\slf4j\slf4j-api\2.0.9\slf4j-api-2.0.9.jar;C:\Users\pratik.hood\.m2\repository\org\apache\poi\poi\3.15\poi-3.15.jar;C:\Users\pratik.hood\.m2\repository\org\apache\commons\commons-collections4\4.1\commons-collections4-4.1.jar;C:\Users\pratik.hood\.m2\repository\org\apache\poi\poi-ooxml\3.15\poi-ooxml-3.15.jar;C:\Users\pratik.hood\.m2\repository\org\apache\poi\poi-ooxml-schemas\3.15\poi-ooxml-schemas-3.15.jar;C:\Users\pratik.hood\.m2\repository\org\apache\xmlbeans\xmlbeans\2.6.0\xmlbeans-2.6.0.jar;C:\Users\pratik.hood\.m2\repository\stax\stax-api\1.0.1\stax-api-1.0.1.jar;C:\Users\pratik.hood\.m2\repository\com\github\virtuald\curvesapi\1.04\curvesapi-1.04.jar;C:\Users\pratik.hood\.m2\repository\commons-io\commons-io\2.14.0\commons-io-2.14.0.jar;C:\Users\pratik.hood\.m2\repository\commons-lang\commons-lang\2.6\commons-lang-2.6.jar;C:\Users\pratik.hood\.m2\repository\javax\persistence\persistence-api\1.0.2\persistence-api-1.0.2.jar;C:\Users\pratik.hood\.m2\repository\commons-net\commons-net\3.10.0\commons-net-3.10.0.jar;C:\Users\pratik.hood\.m2\repository\javax\xml\soap\javax.xml.soap-api\1.4.0\javax.xml.soap-api-1.4.0.jar;C:\Users\pratik.hood\.m2\repository\io\rest-assured\rest-assured\5.3.2\rest-assured-5.3.2.jar;C:\Users\pratik.hood\.m2\repository\org\apache\groovy\groovy\4.0.11\groovy-4.0.11.jar;C:\Users\pratik.hood\.m2\repository\org\apache\groovy\groovy-xml\4.0.11\groovy-xml-4.0.11.jar;C:\Users\pratik.hood\.m2\repository\org\hamcrest\hamcrest\2.2\hamcrest-2.2.jar;C:\Users\pratik.hood\.m2\repository\org\ccil\cowan\tagsoup\tagsoup\1.2.1\tagsoup-1.2.1.jar;C:\Users\pratik.hood\.m2\repository\io\rest-assured\json-path\5.3.2\json-path-5.3.2.jar;C:\Users\pratik.hood\.m2\repository\io\rest-assured\rest-assured-common\5.3.2\rest-assured-common-5.3.2.jar;C:\Users\pratik.hood\.m2\repository\io\rest-assured\xml-path\5.3.2\xml-path-5.3.2.jar;C:\Users\pratik.hood\.m2\repository\org\apache\commons\commons-lang3\3.11\commons-lang3-3.11.jar;C:\Users\pratik.hood\.m2\repository\org\apache\groovy\groovy-ant\4.0.11\groovy-ant-4.0.11.jar;C:\Users\pratik.hood\.m2\repository\org\apache\ant\ant\1.10.13\ant-1.10.13.jar;C:\Users\pratik.hood\.m2\repository\org\apache\ant\ant-junit\1.10.13\ant-junit-1.10.13.jar;C:\Users\pratik.hood\.m2\repository\org\apache\ant\ant-launcher\1.10.13\ant-launcher-1.10.13.jar;C:\Users\pratik.hood\.m2\repository\org\apache\ant\ant-antlr\1.10.13\ant-antlr-1.10.13.jar;C:\Users\pratik.hood\.m2\repository\org\apache\groovy\groovy-cli-picocli\4.0.11\groovy-cli-picocli-4.0.11.jar;C:\Users\pratik.hood\.m2\repository\info\picocli\picocli\4.7.1\picocli-4.7.1.jar;C:\Users\pratik.hood\.m2\repository\org\apache\groovy\groovy-console\4.0.11\groovy-console-4.0.11.jar;C:\Users\pratik.hood\.m2\repository\com\github\javaparser\javaparser-core\3.25.1\javaparser-core-3.25.1.jar;C:\Users\pratik.hood\.m2\repository\org\ow2\asm\asm-util\9.5\asm-util-9.5.jar;C:\Users\pratik.hood\.m2\repository\org\ow2\asm\asm\9.5\asm-9.5.jar;C:\Users\pratik.hood\.m2\repository\org\ow2\asm\asm-tree\9.5\asm-tree-9.5.jar;C:\Users\pratik.hood\.m2\repository\org\ow2\asm\asm-analysis\9.5\asm-analysis-9.5.jar;C:\Users\pratik.hood\.m2\repository\org\abego\treelayout\org.abego.treelayout.core\1.0.3\org.abego.treelayout.core-1.0.3.jar;C:\Users\pratik.hood\.m2\repository\org\apache\ivy\ivy\2.5.1\ivy-2.5.1.jar;C:\Users\pratik.hood\.m2\repository\org\apache\groovy\groovy-datetime\4.0.11\groovy-datetime-4.0.11.jar;C:\Users\pratik.hood\.m2\repository\org\apache\groovy\groovy-docgenerator\4.0.11\groovy-docgenerator-4.0.11.jar;C:\Users\pratik.hood\.m2\repository\com\thoughtworks\qdox\qdox\1.12.1\qdox-1.12.1.jar;C:\Users\pratik.hood\.m2\repository\org\apache\groovy\groovy-groovydoc\4.0.11\groovy-groovydoc-4.0.11.jar;C:\Users\pratik.hood\.m2\repository\org\apache\groovy\groovy-groovysh\4.0.11\groovy-groovysh-4.0.11.jar;C:\Users\pratik.hood\.m2\repository\jline\jline\2.14.6\jline-2.14.6.jar;C:\Users\pratik.hood\.m2\repository\org\apache\groovy\groovy-jmx\4.0.11\groovy-jmx-4.0.11.jar;C:\Users\pratik.hood\.m2\repository\org\apache\groovy\groovy-json\4.0.11\groovy-json-4.0.11.jar;C:\Users\pratik.hood\.m2\repository\org\apache\groovy\groovy-jsr223\4.0.11\groovy-jsr223-4.0.11.jar;C:\Users\pratik.hood\.m2\repository\org\apache\groovy\groovy-macro\4.0.11\groovy-macro-4.0.11.jar;C:\Users\pratik.hood\.m2\repository\org\apache\groovy\groovy-nio\4.0.11\groovy-nio-4.0.11.jar;C:\Users\pratik.hood\.m2\repository\org\apache\groovy\groovy-servlet\4.0.11\groovy-servlet-4.0.11.jar;C:\Users\pratik.hood\.m2\repository\org\apache\groovy\groovy-sql\4.0.11\groovy-sql-4.0.11.jar;C:\Users\pratik.hood\.m2\repository\org\apache\groovy\groovy-swing\4.0.11\groovy-swing-4.0.11.jar;C:\Users\pratik.hood\.m2\repository\org\apache\groovy\groovy-templates\4.0.11\groovy-templates-4.0.11.jar;C:\Users\pratik.hood\.m2\repository\org\apache\groovy\groovy-test\4.0.11\groovy-test-4.0.11.jar;C:\Users\pratik.hood\.m2\repository\junit\junit\4.13.2\junit-4.13.2.jar;C:\Users\pratik.hood\.m2\repository\org\hamcrest\hamcrest-core\1.3\hamcrest-core-1.3.jar;C:\Users\pratik.hood\.m2\repository\org\apache\groovy\groovy-test-junit5\4.0.11\groovy-test-junit5-4.0.11.jar;C:\Users\pratik.hood\.m2\repository\org\junit\jupiter\junit-jupiter-api\5.9.2\junit-jupiter-api-5.9.2.jar;C:\Users\pratik.hood\.m2\repository\org\opentest4j\opentest4j\1.2.0\opentest4j-1.2.0.jar;C:\Users\pratik.hood\.m2\repository\org\junit\platform\junit-platform-launcher\1.9.2\junit-platform-launcher-1.9.2.jar;C:\Users\pratik.hood\.m2\repository\org\junit\platform\junit-platform-engine\1.9.2\junit-platform-engine-1.9.2.jar;C:\Users\pratik.hood\.m2\repository\org\junit\platform\junit-platform-commons\1.9.2\junit-platform-commons-1.9.2.jar;C:\Users\pratik.hood\.m2\repository\org\junit\jupiter\junit-jupiter-engine\5.9.2\junit-jupiter-engine-5.9.2.jar;C:\Users\pratik.hood\.m2\repository\org\apache\groovy\groovy-yaml\4.0.11\groovy-yaml-4.0.11.jar;C:\Users\pratik.hood\.m2\repository\com\fasterxml\jackson\dataformat\jackson-dataformat-yaml\2.14.2\jackson-dataformat-yaml-2.14.2.jar;C:\Users\pratik.hood\.m2\repository\org\yaml\snakeyaml\1.33\snakeyaml-1.33.jar;C:\Users\pratik.hood\.m2\repository\com\fasterxml\jackson\core\jackson-core\2.14.2\jackson-core-2.14.2.jar;C:\Users\pratik.hood\.m2\repository\com\fasterxml\jackson\core\jackson-databind\2.14.2\jackson-databind-2.14.2.jar;C:\Users\pratik.hood\.m2\repository\com\fasterxml\jackson\core\jackson-annotations\2.14.2\jackson-annotations-2.14.2.jar;C:\Users\pratik.hood\.m2\repository\com\konghq\unirest-java\3.14.5\unirest-java-3.14.5.jar;C:\Users\pratik.hood\.m2\repository\org\apache\httpcomponents\httpcore-nio\4.4.13\httpcore-nio-4.4.13.jar;C:\Users\pratik.hood\.m2\repository\org\apache\httpcomponents\httpasyncclient\4.1.5\httpasyncclient-4.1.5.jar;C:\Users\pratik.hood\.m2\repository\com\itextpdf\itextpdf\5.5.13.3\itextpdf-5.5.13.3.jar;C:\Users\pratik.hood\.m2\repository\com\google\guava\guava\32.1.2-jre\guava-32.1.2-jre.jar;C:\Users\pratik.hood\.m2\repository\com\google\guava\failureaccess\1.0.1\failureaccess-1.0.1.jar;C:\Users\pratik.hood\.m2\repository\com\google\guava\listenablefuture\9999.0-empty-to-avoid-conflict-with-guava\listenablefuture-9999.0-empty-to-avoid-conflict-with-guava.jar;C:\Users\pratik.hood\.m2\repository\com\google\code\findbugs\jsr305\3.0.2\jsr305-3.0.2.jar;C:\Users\pratik.hood\.m2\repository\org\checkerframework\checker-qual\3.33.0\checker-qual-3.33.0.jar;C:\Users\pratik.hood\.m2\repository\com\google\errorprone\error_prone_annotations\2.18.0\error_prone_annotations-2.18.0.jar;C:\Users\pratik.hood\.m2\repository\com\google\j2objc\j2objc-annotations\2.8\j2objc-annotations-2.8.jar;C:\Users\pratik.hood\.m2\repository\com\squareup\okhttp3\okhttp\3.0.0\okhttp-3.0.0.jar;C:\Users\pratik.hood\.m2\repository\com\squareup\okio\okio\1.6.0\okio-1.6.0.jar;C:\Users\pratik.hood\.m2\repository\javax\mail\mail\1.4.7\mail-1.4.7.jar;C:\Users\pratik.hood\.m2\repository\javax\activation\activation\1.1\activation-1.1.jar;C:\Users\pratik.hood\.m2\repository\net\lingala\zip4j\zip4j\1.3.2\zip4j-1.3.2.jar;C:\Users\pratik.hood\.m2\repository\com\google\code\gson\gson\2.10.1\gson-2.10.1.jar;C:\Users\pratik.hood\.m2\repository\org\hamcrest\hamcrest-all\1.3\hamcrest-all-1.3.jar;"/>
    <property name="java.vm.vendor" value="Eclipse Adoptium"/>
    <property name="cucumber.execution.parallel.config.fixed.parallelism" value="1"/>
    <property name="sun.arch.data.model" value="64"/>
    <property name="OBSERVABILITY_BUILD_HASHED_ID" value="a7ieljzvsppijvnnpae1ysyb5kkqdinr88uphhzw"/>
    <property name="user.variant" value=""/>
    <property name="java.vendor.url" value="https://adoptium.net/"/>
    <property name="user.timezone" value="Asia/Calcutta"/>
    <property name="cucumber.execution.parallel.enabled" value="true"/>
    <property name="os.name" value="Windows 10"/>
    <property name="java.vm.specification.version" value="17"/>
    <property name="junit.jupiter.execution.parallel.config.fixed.max-pool-size" value="1"/>
    <property name="sun.java.launcher" value="SUN_STANDARD"/>
    <property name="user.country" value="IN"/>
    <property name="sun.boot.library.path" value="C:\Users\pratik.hood\.p2\pool\plugins\org.eclipse.justj.openjdk.hotspot.jre.full.win32.x86_64_17.0.6.v20230204-1729\jre\bin"/>
    <property name="OBSERVABILITY_ALLOW_SCREENSHOTS" value="true"/>
    <property name="sun.java.command" value="C:\Users\PRATIK~1.HOO\AppData\Local\Temp\surefire319729278161513765\surefirebooter6688073063311135470.jar C:\Users\pratik.hood\AppData\Local\Temp\surefire319729278161513765 2023-12-18T18-14-48_564-jvmRun1 surefire1391665386149838946tmp surefire_01340974490561819669tmp"/>
    <property name="jdk.debug" value="release"/>
    <property name="surefire.test.class.path" value="C:\Users\pratik.hood\eclipse-workspace\PurdyTestAutomation\target\test-classes;C:\Users\pratik.hood\eclipse-workspace\PurdyTestAutomation\target\classes;C:\Users\pratik.hood\.m2\repository\org\testng\testng\7.4.0\testng-7.4.0.jar;C:\Users\pratik.hood\.m2\repository\com\beust\jcommander\1.78\jcommander-1.78.jar;C:\Users\pratik.hood\.m2\repository\org\webjars\jquery\3.5.1\jquery-3.5.1.jar;C:\Users\pratik.hood\.m2\repository\org\seleniumhq\selenium\selenium-java\4.6.0\selenium-java-4.6.0.jar;C:\Users\pratik.hood\.m2\repository\org\seleniumhq\selenium\selenium-api\4.6.0\selenium-api-4.6.0.jar;C:\Users\pratik.hood\.m2\repository\org\seleniumhq\selenium\selenium-chrome-driver\4.6.0\selenium-chrome-driver-4.6.0.jar;C:\Users\pratik.hood\.m2\repository\com\google\auto\service\auto-service-annotations\1.0.1\auto-service-annotations-1.0.1.jar;C:\Users\pratik.hood\.m2\repository\com\google\auto\service\auto-service\1.0.1\auto-service-1.0.1.jar;C:\Users\pratik.hood\.m2\repository\com\google\auto\auto-common\1.2\auto-common-1.2.jar;C:\Users\pratik.hood\.m2\repository\org\seleniumhq\selenium\selenium-chromium-driver\4.6.0\selenium-chromium-driver-4.6.0.jar;C:\Users\pratik.hood\.m2\repository\org\seleniumhq\selenium\selenium-json\4.6.0\selenium-json-4.6.0.jar;C:\Users\pratik.hood\.m2\repository\org\seleniumhq\selenium\selenium-devtools-v105\4.6.0\selenium-devtools-v105-4.6.0.jar;C:\Users\pratik.hood\.m2\repository\org\seleniumhq\selenium\selenium-devtools-v106\4.6.0\selenium-devtools-v106-4.6.0.jar;C:\Users\pratik.hood\.m2\repository\org\seleniumhq\selenium\selenium-devtools-v107\4.6.0\selenium-devtools-v107-4.6.0.jar;C:\Users\pratik.hood\.m2\repository\org\seleniumhq\selenium\selenium-devtools-v85\4.6.0\selenium-devtools-v85-4.6.0.jar;C:\Users\pratik.hood\.m2\repository\org\seleniumhq\selenium\selenium-edge-driver\4.6.0\selenium-edge-driver-4.6.0.jar;C:\Users\pratik.hood\.m2\repository\org\seleniumhq\selenium\selenium-firefox-driver\4.6.0\selenium-firefox-driver-4.6.0.jar;C:\Users\pratik.hood\.m2\repository\org\seleniumhq\selenium\selenium-ie-driver\4.6.0\selenium-ie-driver-4.6.0.jar;C:\Users\pratik.hood\.m2\repository\org\seleniumhq\selenium\selenium-remote-driver\4.6.0\selenium-remote-driver-4.6.0.jar;C:\Users\pratik.hood\.m2\repository\io\netty\netty-buffer\4.1.84.Final\netty-buffer-4.1.84.Final.jar;C:\Users\pratik.hood\.m2\repository\io\netty\netty-codec-http\4.1.84.Final\netty-codec-http-4.1.84.Final.jar;C:\Users\pratik.hood\.m2\repository\io\netty\netty-codec\4.1.84.Final\netty-codec-4.1.84.Final.jar;C:\Users\pratik.hood\.m2\repository\io\netty\netty-handler\4.1.84.Final\netty-handler-4.1.84.Final.jar;C:\Users\pratik.hood\.m2\repository\io\netty\netty-common\4.1.84.Final\netty-common-4.1.84.Final.jar;C:\Users\pratik.hood\.m2\repository\io\netty\netty-transport-classes-epoll\4.1.84.Final\netty-transport-classes-epoll-4.1.84.Final.jar;C:\Users\pratik.hood\.m2\repository\io\netty\netty-transport-classes-kqueue\4.1.84.Final\netty-transport-classes-kqueue-4.1.84.Final.jar;C:\Users\pratik.hood\.m2\repository\io\netty\netty-transport-native-epoll\4.1.84.Final\netty-transport-native-epoll-4.1.84.Final.jar;C:\Users\pratik.hood\.m2\repository\io\netty\netty-transport-native-kqueue\4.1.84.Final\netty-transport-native-kqueue-4.1.84.Final.jar;C:\Users\pratik.hood\.m2\repository\io\netty\netty-transport-native-unix-common\4.1.84.Final\netty-transport-native-unix-common-4.1.84.Final.jar;C:\Users\pratik.hood\.m2\repository\io\netty\netty-transport\4.1.84.Final\netty-transport-4.1.84.Final.jar;C:\Users\pratik.hood\.m2\repository\io\netty\netty-resolver\4.1.84.Final\netty-resolver-4.1.84.Final.jar;C:\Users\pratik.hood\.m2\repository\io\opentelemetry\opentelemetry-api\1.19.0\opentelemetry-api-1.19.0.jar;C:\Users\pratik.hood\.m2\repository\io\opentelemetry\opentelemetry-context\1.19.0\opentelemetry-context-1.19.0.jar;C:\Users\pratik.hood\.m2\repository\io\opentelemetry\opentelemetry-exporter-logging\1.19.0\opentelemetry-exporter-logging-1.19.0.jar;C:\Users\pratik.hood\.m2\repository\io\opentelemetry\opentelemetry-sdk-metrics\1.19.0\opentelemetry-sdk-metrics-1.19.0.jar;C:\Users\pratik.hood\.m2\repository\io\opentelemetry\opentelemetry-sdk-logs\1.19.0-alpha\opentelemetry-sdk-logs-1.19.0-alpha.jar;C:\Users\pratik.hood\.m2\repository\io\opentelemetry\opentelemetry-api-logs\1.19.0-alpha\opentelemetry-api-logs-1.19.0-alpha.jar;C:\Users\pratik.hood\.m2\repository\io\opentelemetry\opentelemetry-sdk-common\1.19.0\opentelemetry-sdk-common-1.19.0.jar;C:\Users\pratik.hood\.m2\repository\io\opentelemetry\opentelemetry-sdk-extension-autoconfigure-spi\1.19.0\opentelemetry-sdk-extension-autoconfigure-spi-1.19.0.jar;C:\Users\pratik.hood\.m2\repository\io\opentelemetry\opentelemetry-sdk-extension-autoconfigure\1.19.0-alpha\opentelemetry-sdk-extension-autoconfigure-1.19.0-alpha.jar;C:\Users\pratik.hood\.m2\repository\io\opentelemetry\opentelemetry-exporter-common\1.19.0\opentelemetry-exporter-common-1.19.0.jar;C:\Users\pratik.hood\.m2\repository\io\opentelemetry\opentelemetry-sdk-trace\1.19.0\opentelemetry-sdk-trace-1.19.0.jar;C:\Users\pratik.hood\.m2\repository\io\opentelemetry\opentelemetry-sdk\1.19.0\opentelemetry-sdk-1.19.0.jar;C:\Users\pratik.hood\.m2\repository\io\opentelemetry\opentelemetry-semconv\1.19.0-alpha\opentelemetry-semconv-1.19.0-alpha.jar;C:\Users\pratik.hood\.m2\repository\io\ous\jtoml\2.0.0\jtoml-2.0.0.jar;C:\Users\pratik.hood\.m2\repository\net\bytebuddy\byte-buddy\1.12.18\byte-buddy-1.12.18.jar;C:\Users\pratik.hood\.m2\repository\org\apache\commons\commons-exec\1.3\commons-exec-1.3.jar;C:\Users\pratik.hood\.m2\repository\org\asynchttpclient\async-http-client\2.12.3\async-http-client-2.12.3.jar;C:\Users\pratik.hood\.m2\repository\org\asynchttpclient\async-http-client-netty-utils\2.12.3\async-http-client-netty-utils-2.12.3.jar;C:\Users\pratik.hood\.m2\repository\io\netty\netty-codec-socks\4.1.60.Final\netty-codec-socks-4.1.60.Final.jar;C:\Users\pratik.hood\.m2\repository\io\netty\netty-handler-proxy\4.1.60.Final\netty-handler-proxy-4.1.60.Final.jar;C:\Users\pratik.hood\.m2\repository\io\netty\netty-transport-native-epoll\4.1.60.Final\netty-transport-native-epoll-4.1.60.Final-linux-x86_64.jar;C:\Users\pratik.hood\.m2\repository\io\netty\netty-transport-native-kqueue\4.1.60.Final\netty-transport-native-kqueue-4.1.60.Final-osx-x86_64.jar;C:\Users\pratik.hood\.m2\repository\org\reactivestreams\reactive-streams\1.0.3\reactive-streams-1.0.3.jar;C:\Users\pratik.hood\.m2\repository\com\typesafe\netty\netty-reactive-streams\2.0.4\netty-reactive-streams-2.0.4.jar;C:\Users\pratik.hood\.m2\repository\com\sun\activation\jakarta.activation\1.2.2\jakarta.activation-1.2.2.jar;C:\Users\pratik.hood\.m2\repository\org\seleniumhq\selenium\selenium-http\4.6.0\selenium-http-4.6.0.jar;C:\Users\pratik.hood\.m2\repository\dev\failsafe\failsafe\3.3.0\failsafe-3.3.0.jar;C:\Users\pratik.hood\.m2\repository\org\seleniumhq\selenium\selenium-manager\4.6.0\selenium-manager-4.6.0.jar;C:\Users\pratik.hood\.m2\repository\org\seleniumhq\selenium\selenium-safari-driver\4.6.0\selenium-safari-driver-4.6.0.jar;C:\Users\pratik.hood\.m2\repository\org\seleniumhq\selenium\selenium-support\4.6.0\selenium-support-4.6.0.jar;C:\Users\pratik.hood\.m2\repository\com\browserstack\browserstack-java-sdk\1.12.4\browserstack-java-sdk-1.12.4.jar;C:\Users\pratik.hood\.m2\repository\commons-configuration\commons-configuration\1.9\commons-configuration-1.9.jar;C:\Users\pratik.hood\.m2\repository\commons-logging\commons-logging\1.1.1\commons-logging-1.1.1.jar;C:\Users\pratik.hood\.m2\repository\com\aventstack\extentreports\3.0.0\extentreports-3.0.0.jar;C:\Users\pratik.hood\.m2\repository\org\mongodb\mongodb-driver\3.3.0\mongodb-driver-3.3.0.jar;C:\Users\pratik.hood\.m2\repository\org\mongodb\bson\3.3.0\bson-3.3.0.jar;C:\Users\pratik.hood\.m2\repository\org\mongodb\mongodb-driver-core\3.3.0\mongodb-driver-core-3.3.0.jar;C:\Users\pratik.hood\.m2\repository\org\apache\httpcomponents\httpmime\4.5.2\httpmime-4.5.2.jar;C:\Users\pratik.hood\.m2\repository\org\freemarker\freemarker\2.3.32\freemarker-2.3.32.jar;C:\Users\pratik.hood\.m2\repository\org\apache\httpcomponents\httpclient\4.5.14\httpclient-4.5.14.jar;C:\Users\pratik.hood\.m2\repository\org\apache\httpcomponents\httpcore\4.4.16\httpcore-4.4.16.jar;C:\Users\pratik.hood\.m2\repository\commons-codec\commons-codec\1.11\commons-codec-1.11.jar;C:\Users\pratik.hood\.m2\repository\org\apache\httpcomponents\fluent-hc\4.5.14\fluent-hc-4.5.14.jar;C:\Users\pratik.hood\.m2\repository\org\eclipse\jetty\jetty-util\12.0.2\jetty-util-12.0.2.jar;C:\Users\pratik.hood\.m2\repository\org\slf4j\slf4j-api\2.0.9\slf4j-api-2.0.9.jar;C:\Users\pratik.hood\.m2\repository\org\apache\poi\poi\3.15\poi-3.15.jar;C:\Users\pratik.hood\.m2\repository\org\apache\commons\commons-collections4\4.1\commons-collections4-4.1.jar;C:\Users\pratik.hood\.m2\repository\org\apache\poi\poi-ooxml\3.15\poi-ooxml-3.15.jar;C:\Users\pratik.hood\.m2\repository\org\apache\poi\poi-ooxml-schemas\3.15\poi-ooxml-schemas-3.15.jar;C:\Users\pratik.hood\.m2\repository\org\apache\xmlbeans\xmlbeans\2.6.0\xmlbeans-2.6.0.jar;C:\Users\pratik.hood\.m2\repository\stax\stax-api\1.0.1\stax-api-1.0.1.jar;C:\Users\pratik.hood\.m2\repository\com\github\virtuald\curvesapi\1.04\curvesapi-1.04.jar;C:\Users\pratik.hood\.m2\repository\commons-io\commons-io\2.14.0\commons-io-2.14.0.jar;C:\Users\pratik.hood\.m2\repository\commons-lang\commons-lang\2.6\commons-lang-2.6.jar;C:\Users\pratik.hood\.m2\repository\javax\persistence\persistence-api\1.0.2\persistence-api-1.0.2.jar;C:\Users\pratik.hood\.m2\repository\commons-net\commons-net\3.10.0\commons-net-3.10.0.jar;C:\Users\pratik.hood\.m2\repository\javax\xml\soap\javax.xml.soap-api\1.4.0\javax.xml.soap-api-1.4.0.jar;C:\Users\pratik.hood\.m2\repository\io\rest-assured\rest-assured\5.3.2\rest-assured-5.3.2.jar;C:\Users\pratik.hood\.m2\repository\org\apache\groovy\groovy\4.0.11\groovy-4.0.11.jar;C:\Users\pratik.hood\.m2\repository\org\apache\groovy\groovy-xml\4.0.11\groovy-xml-4.0.11.jar;C:\Users\pratik.hood\.m2\repository\org\hamcrest\hamcrest\2.2\hamcrest-2.2.jar;C:\Users\pratik.hood\.m2\repository\org\ccil\cowan\tagsoup\tagsoup\1.2.1\tagsoup-1.2.1.jar;C:\Users\pratik.hood\.m2\repository\io\rest-assured\json-path\5.3.2\json-path-5.3.2.jar;C:\Users\pratik.hood\.m2\repository\io\rest-assured\rest-assured-common\5.3.2\rest-assured-common-5.3.2.jar;C:\Users\pratik.hood\.m2\repository\io\rest-assured\xml-path\5.3.2\xml-path-5.3.2.jar;C:\Users\pratik.hood\.m2\repository\org\apache\commons\commons-lang3\3.11\commons-lang3-3.11.jar;C:\Users\pratik.hood\.m2\repository\org\apache\groovy\groovy-ant\4.0.11\groovy-ant-4.0.11.jar;C:\Users\pratik.hood\.m2\repository\org\apache\ant\ant\1.10.13\ant-1.10.13.jar;C:\Users\pratik.hood\.m2\repository\org\apache\ant\ant-junit\1.10.13\ant-junit-1.10.13.jar;C:\Users\pratik.hood\.m2\repository\org\apache\ant\ant-launcher\1.10.13\ant-launcher-1.10.13.jar;C:\Users\pratik.hood\.m2\repository\org\apache\ant\ant-antlr\1.10.13\ant-antlr-1.10.13.jar;C:\Users\pratik.hood\.m2\repository\org\apache\groovy\groovy-cli-picocli\4.0.11\groovy-cli-picocli-4.0.11.jar;C:\Users\pratik.hood\.m2\repository\info\picocli\picocli\4.7.1\picocli-4.7.1.jar;C:\Users\pratik.hood\.m2\repository\org\apache\groovy\groovy-console\4.0.11\groovy-console-4.0.11.jar;C:\Users\pratik.hood\.m2\repository\com\github\javaparser\javaparser-core\3.25.1\javaparser-core-3.25.1.jar;C:\Users\pratik.hood\.m2\repository\org\ow2\asm\asm-util\9.5\asm-util-9.5.jar;C:\Users\pratik.hood\.m2\repository\org\ow2\asm\asm\9.5\asm-9.5.jar;C:\Users\pratik.hood\.m2\repository\org\ow2\asm\asm-tree\9.5\asm-tree-9.5.jar;C:\Users\pratik.hood\.m2\repository\org\ow2\asm\asm-analysis\9.5\asm-analysis-9.5.jar;C:\Users\pratik.hood\.m2\repository\org\abego\treelayout\org.abego.treelayout.core\1.0.3\org.abego.treelayout.core-1.0.3.jar;C:\Users\pratik.hood\.m2\repository\org\apache\ivy\ivy\2.5.1\ivy-2.5.1.jar;C:\Users\pratik.hood\.m2\repository\org\apache\groovy\groovy-datetime\4.0.11\groovy-datetime-4.0.11.jar;C:\Users\pratik.hood\.m2\repository\org\apache\groovy\groovy-docgenerator\4.0.11\groovy-docgenerator-4.0.11.jar;C:\Users\pratik.hood\.m2\repository\com\thoughtworks\qdox\qdox\1.12.1\qdox-1.12.1.jar;C:\Users\pratik.hood\.m2\repository\org\apache\groovy\groovy-groovydoc\4.0.11\groovy-groovydoc-4.0.11.jar;C:\Users\pratik.hood\.m2\repository\org\apache\groovy\groovy-groovysh\4.0.11\groovy-groovysh-4.0.11.jar;C:\Users\pratik.hood\.m2\repository\jline\jline\2.14.6\jline-2.14.6.jar;C:\Users\pratik.hood\.m2\repository\org\apache\groovy\groovy-jmx\4.0.11\groovy-jmx-4.0.11.jar;C:\Users\pratik.hood\.m2\repository\org\apache\groovy\groovy-json\4.0.11\groovy-json-4.0.11.jar;C:\Users\pratik.hood\.m2\repository\org\apache\groovy\groovy-jsr223\4.0.11\groovy-jsr223-4.0.11.jar;C:\Users\pratik.hood\.m2\repository\org\apache\groovy\groovy-macro\4.0.11\groovy-macro-4.0.11.jar;C:\Users\pratik.hood\.m2\repository\org\apache\groovy\groovy-nio\4.0.11\groovy-nio-4.0.11.jar;C:\Users\pratik.hood\.m2\repository\org\apache\groovy\groovy-servlet\4.0.11\groovy-servlet-4.0.11.jar;C:\Users\pratik.hood\.m2\repository\org\apache\groovy\groovy-sql\4.0.11\groovy-sql-4.0.11.jar;C:\Users\pratik.hood\.m2\repository\org\apache\groovy\groovy-swing\4.0.11\groovy-swing-4.0.11.jar;C:\Users\pratik.hood\.m2\repository\org\apache\groovy\groovy-templates\4.0.11\groovy-templates-4.0.11.jar;C:\Users\pratik.hood\.m2\repository\org\apache\groovy\groovy-test\4.0.11\groovy-test-4.0.11.jar;C:\Users\pratik.hood\.m2\repository\junit\junit\4.13.2\junit-4.13.2.jar;C:\Users\pratik.hood\.m2\repository\org\hamcrest\hamcrest-core\1.3\hamcrest-core-1.3.jar;C:\Users\pratik.hood\.m2\repository\org\apache\groovy\groovy-test-junit5\4.0.11\groovy-test-junit5-4.0.11.jar;C:\Users\pratik.hood\.m2\repository\org\junit\jupiter\junit-jupiter-api\5.9.2\junit-jupiter-api-5.9.2.jar;C:\Users\pratik.hood\.m2\repository\org\opentest4j\opentest4j\1.2.0\opentest4j-1.2.0.jar;C:\Users\pratik.hood\.m2\repository\org\junit\platform\junit-platform-launcher\1.9.2\junit-platform-launcher-1.9.2.jar;C:\Users\pratik.hood\.m2\repository\org\junit\platform\junit-platform-engine\1.9.2\junit-platform-engine-1.9.2.jar;C:\Users\pratik.hood\.m2\repository\org\junit\platform\junit-platform-commons\1.9.2\junit-platform-commons-1.9.2.jar;C:\Users\pratik.hood\.m2\repository\org\junit\jupiter\junit-jupiter-engine\5.9.2\junit-jupiter-engine-5.9.2.jar;C:\Users\pratik.hood\.m2\repository\org\apache\groovy\groovy-yaml\4.0.11\groovy-yaml-4.0.11.jar;C:\Users\pratik.hood\.m2\repository\com\fasterxml\jackson\dataformat\jackson-dataformat-yaml\2.14.2\jackson-dataformat-yaml-2.14.2.jar;C:\Users\pratik.hood\.m2\repository\org\yaml\snakeyaml\1.33\snakeyaml-1.33.jar;C:\Users\pratik.hood\.m2\repository\com\fasterxml\jackson\core\jackson-core\2.14.2\jackson-core-2.14.2.jar;C:\Users\pratik.hood\.m2\repository\com\fasterxml\jackson\core\jackson-databind\2.14.2\jackson-databind-2.14.2.jar;C:\Users\pratik.hood\.m2\repository\com\fasterxml\jackson\core\jackson-annotations\2.14.2\jackson-annotations-2.14.2.jar;C:\Users\pratik.hood\.m2\repository\com\konghq\unirest-java\3.14.5\unirest-java-3.14.5.jar;C:\Users\pratik.hood\.m2\repository\org\apache\httpcomponents\httpcore-nio\4.4.13\httpcore-nio-4.4.13.jar;C:\Users\pratik.hood\.m2\repository\org\apache\httpcomponents\httpasyncclient\4.1.5\httpasyncclient-4.1.5.jar;C:\Users\pratik.hood\.m2\repository\com\itextpdf\itextpdf\5.5.13.3\itextpdf-5.5.13.3.jar;C:\Users\pratik.hood\.m2\repository\com\google\guava\guava\32.1.2-jre\guava-32.1.2-jre.jar;C:\Users\pratik.hood\.m2\repository\com\google\guava\failureaccess\1.0.1\failureaccess-1.0.1.jar;C:\Users\pratik.hood\.m2\repository\com\google\guava\listenablefuture\9999.0-empty-to-avoid-conflict-with-guava\listenablefuture-9999.0-empty-to-avoid-conflict-with-guava.jar;C:\Users\pratik.hood\.m2\repository\com\google\code\findbugs\jsr305\3.0.2\jsr305-3.0.2.jar;C:\Users\pratik.hood\.m2\repository\org\checkerframework\checker-qual\3.33.0\checker-qual-3.33.0.jar;C:\Users\pratik.hood\.m2\repository\com\google\errorprone\error_prone_annotations\2.18.0\error_prone_annotations-2.18.0.jar;C:\Users\pratik.hood\.m2\repository\com\google\j2objc\j2objc-annotations\2.8\j2objc-annotations-2.8.jar;C:\Users\pratik.hood\.m2\repository\com\squareup\okhttp3\okhttp\3.0.0\okhttp-3.0.0.jar;C:\Users\pratik.hood\.m2\repository\com\squareup\okio\okio\1.6.0\okio-1.6.0.jar;C:\Users\pratik.hood\.m2\repository\javax\mail\mail\1.4.7\mail-1.4.7.jar;C:\Users\pratik.hood\.m2\repository\javax\activation\activation\1.1\activation-1.1.jar;C:\Users\pratik.hood\.m2\repository\net\lingala\zip4j\zip4j\1.3.2\zip4j-1.3.2.jar;C:\Users\pratik.hood\.m2\repository\com\google\code\gson\gson\2.10.1\gson-2.10.1.jar;C:\Users\pratik.hood\.m2\repository\org\hamcrest\hamcrest-all\1.3\hamcrest-all-1.3.jar;"/>
    <property name="sun.cpu.endian" value="little"/>
    <property name="user.home" value="C:\Users\pratik.hood"/>
    <property name="user.language" value="en"/>
    <property name="java.specification.vendor" value="Oracle Corporation"/>
    <property name="java.version.date" value="2023-01-17"/>
    <property name="java.home" value="C:\Users\pratik.hood\.p2\pool\plugins\org.eclipse.justj.openjdk.hotspot.jre.full.win32.x86_64_17.0.6.v20230204-1729\jre"/>
    <property name="junit.jupiter.execution.parallel.mode.default" value="same_thread"/>
    <property name="file.separator" value="\"/>
    <property name="style.color" value="always"/>
    <property name="basedir" value="C:\Users\pratik.hood\eclipse-workspace\PurdyTestAutomation"/>
    <property name="java.vm.compressedOopsMode" value="Zero based"/>
    <property name="line.separator" value="&#10;"/>
    <property name="java.vm.specification.vendor" value="Oracle Corporation"/>
    <property name="java.specification.name" value="Java Platform API Specification"/>
    <property name="surefire.real.class.path" value="C:\Users\PRATIK~1.HOO\AppData\Local\Temp\surefire319729278161513765\surefirebooter6688073063311135470.jar"/>
    <property name="user.script" value=""/>
    <property name="sun.management.compiler" value="HotSpot 64-Bit Tiered Compilers"/>
    <property name="java.runtime.version" value="17.0.6+10"/>
    <property name="user.name" value="pratik.hood"/>
    <property name="path.separator" value=";"/>
    <property name="os.version" value="10.0"/>
    <property name="java.runtime.name" value="OpenJDK Runtime Environment"/>
    <property name="file.encoding" value="Cp1252"/>
    <property name="junit.jupiter.execution.parallel.mode.classes.default" value="concurrent"/>
    <property name="junit.jupiter.execution.parallel.config.strategy" value="fixed"/>
    <property name="java.vm.name" value="OpenJDK 64-Bit Server VM"/>
    <property name="java.vendor.version" value="Temurin-17.0.6+10"/>
    <property name="junit.jupiter.execution.parallel.enabled" value="true"/>
    <property name="localRepository" value="C:\Users\pratik.hood\.m2\repository"/>
    <property name="java.vendor.url.bug" value="https://github.com/adoptium/adoptium-support/issues"/>
    <property name="java.io.tmpdir" value="C:\Users\PRATIK~1.HOO\AppData\Local\Temp\"/>
    <property name="java.version" value="17.0.6"/>
    <property name="user.dir" value="C:\Users\pratik.hood\eclipse-workspace\PurdyTestAutomation"/>
    <property name="os.arch" value="amd64"/>
    <property name="java.vm.specification.name" value="Java Virtual Machine Specification"/>
    <property name="OBSERVABILITY_JWT" value="eyJhbGciOiJIUzI1NiJ9.eyJpc3MiOiJicm93c2Vyc3RhY2tfb2IiLCJzdWIiOiI4MDkwNzE5IiwiZ3JvdXBfaWQiOjgwMDEzOTksInVzZXJfaWQiOjgwOTA3MTksImJ1aWxkX2hhc2hlZF9pZCI6ImE3aWVsanp2c3BwaWp2bm5wYWUxeXN5YjVra3FkaW5yODh1cGhoenciLCJwcm9qZWN0X25hbWUiOiJCcm93c2VyU3RhY2sgU2FtcGxlIiwiaG9va19hc190ZXN0IjoiMSIsImlhdCI6MTcwMjkwMzQ5NSwiZXhwIjoxNzAzMjQ5MDk1fQ.8RShflOt0Ehna3arUn7iBwqCj10vZBeRfn7z8i0X2yc"/>
    <property name="sun.os.patch.level" value=""/>
    <property name="native.encoding" value="Cp1252"/>
    <property name="java.library.path" value="C:\Users\pratik.hood\.p2\pool\plugins\org.eclipse.justj.openjdk.hotspot.jre.full.win32.x86_64_17.0.6.v20230204-1729\jre\bin;C:\Windows\Sun\Java\bin;C:\Windows\system32;C:\Windows;C:/Users/pratik.hood/.p2/pool/plugins/org.eclipse.justj.openjdk.hotspot.jre.full.win32.x86_64_17.0.7.v20230425-1502/jre/bin/server;C:/Users/pratik.hood/.p2/pool/plugins/org.eclipse.justj.openjdk.hotspot.jre.full.win32.x86_64_17.0.7.v20230425-1502/jre/bin;C:\Windows\system32;C:\Windows;C:\Windows\System32\Wbem;C:\Windows\System32\WindowsPowerShell\v1.0\;C:\Windows\System32\OpenSSH\;C:\Program Files\PuTTY\;C:\Program Files\dotnet\;C:\Program Files\Microsoft VS Code\bin;C:\Program Files (x86)\Pulse Secure\VC142.CRT\X64\;C:\Program Files (x86)\Pulse Secure\VC142.CRT\X86\;C:\Program Files\Java\jdk-12.0.2\bin;C:\Program Files\Java\jdk-12.0.2;C:\Program Files\Git\cmd;C:\Program Files\TortoiseGit\bin;C:\Program Files (x86)\Common Files\Pulse Secure\TNC Client Plugin\;C:\Program Files\TortoiseSVN\bin;C:\Users\pratik.hood\AppData\Local\Microsoft\WindowsApps;;C:\Program Files\JetBrains\IntelliJ IDEA 2023.1.3\bin;;C:\Program Files\JetBrains\IntelliJ IDEA Community Edition 2023.2.1\bin;;C:\Users\pratik.hood\Desktop;;."/>
    <property name="junit.jupiter.execution.parallel.config.fixed.parallelism" value="1"/>
    <property name="java.vm.info" value="mixed mode"/>
    <property name="java.vendor" value="Eclipse Adoptium"/>
    <property name="java.vm.version" value="17.0.6+10"/>
    <property name="cucumber.execution.execution-mode.feature" value="same_thread"/>
    <property name="cucumber.execution.parallel.config.strategy" value="fixed"/>
    <property name="sun.io.unicode.encoding" value="UnicodeLittle"/>
    <property name="java.class.version" value="61.0"/>
  </properties>
  <testcase name="setUpBrowser" classname="com.perficient.testCases.Desktop.purdy.Verify_Login_Page_with_valid_credentials" time="260.376">
    <failure message="{&quot;value&quot;:{&quot;error&quot;:&quot;unknown method&quot;,&quot;message&quot;:&quot;Not implemented yet for pageLoad.&quot;,&quot;stacktrace&quot;:&quot;NotImplementedError: Not implemented yet for pageLoad.\n    at AndroidUiautomator2Driver.pageLoadTimeoutW3C (/nix/store/a4f03fnyb1njsg95d11hrirds8hfjsc1-appium-1.17.0/node_modules/appium-uiautomator2-driver/node_modules/appium-base-driver/lib/basedriver/commands/timeout.js:83:9)\n    at AndroidUiautomator2Driver.timeouts (/nix/store/a4f03fnyb1njsg95d11hrirds8hfjsc1-appium-1.17.0/node_modules/appium-uiautomator2-driver/node_modules/appium-base-driver/lib/basedriver/commands/timeout.js:40:16)\n    at commandExecutor (/nix/store/a4f03fnyb1njsg95d11hrirds8hfjsc1-appium-1.17.0/node_modules/appium-uiautomator2-driver/node_modules/appium-base-driver/lib/basedriver/driver.js:330:9)\n    at /nix/store/a4f03fnyb1njsg95d11hrirds8hfjsc1-appium-1.17.0/node_modules/appium-uiautomator2-driver/node_modules/async-lock/lib/index.js:125:12\n    at AsyncLock._promiseTry (/nix/store/a4f03fnyb1njsg95d11hrirds8hfjsc1-appium-1.17.0/node_modules/appium-uiautomator2-driver/node_modules/async-lock/lib/index.js:249:31)\n    at exec (/nix/store/a4f03fnyb1njsg95d11hrirds8hfjsc1-appium-1.17.0/node_modules/appium-uiautomator2-driver/node_modules/async-lock/lib/index.js:124:9)\n    at AsyncLock.acquire (/nix/store/a4f03fnyb1njsg95d11hrirds8hfjsc1-appium-1.17.0/node_modules/appium-uiautomator2-driver/node_modules/async-lock/lib/index.js:140:3)\n    at AndroidUiautomator2Driver.executeCommand (/nix/store/a4f03fnyb1njsg95d11hrirds8hfjsc1-appium-1.17.0/node_modules/appium-uiautomator2-driver/node_modules/appium-base-driver/lib/basedriver/driver.js:343:39)\n    at AppiumDriver.executeCommand (/nix/store/a4f03fnyb1njsg95d11hrirds8hfjsc1-appium-1.17.0/lib/appium.js:534:36)\n    at runMicrotasks (&lt;anonymous&gt;)\n    at processTicksAndRejections (internal/process/task_queues.js:97:5)\n    at asyncHandler (/nix/store/a4f03fnyb1njsg95d11hrirds8hfjsc1-appium-1.17.0/node_modules/appium-base-driver/lib/protocol/protocol.js:309:21)&quot;}}&#10;Command duration or timeout: 53 milliseconds&#10;Build info: version: &apos;4.6.0&apos;, revision: &apos;79f1c02ae20&apos;&#10;System info: os.name: &apos;Windows 10&apos;, os.arch: &apos;amd64&apos;, os.version: &apos;10.0&apos;, java.version: &apos;17.0.6&apos;&#10;Driver info: org.openqa.selenium.chrome.ChromeDriver&#10;Command: [307b2860512b0e8748c6346fcecc0cc57a861024, setTimeout {pageLoad=50000}]&#10;Capabilities {acceptInsecureCerts: true, appActivity: org.wikipedia.main.MainActi..., appPackage: org.wikipedia.alpha, automationName: uiautomator2, bstack:options: {appiumVersion: 1.17.0, buildIdentifier: #38, hostName: ZIL1280, localIdentifier: 18_Dec_1814_ZIL1280_HpYf}, chromeOptions: {args: [--no-sandbox, --window-size=1920x1080, --start-maximized, --disable-dev-shm-usage, --disable-popup-blocking, --remote-allow-origins=*, user-agent=test-automation-..., --ignore-certificate-errors]}, chromedriverArgs: [--adb-port=5038], chromedriverPort: 18080, chromedriverPorts: [[18100, 18110]], databaseEnabled: false, desired: {acceptInsecureCerts: true, appActivity: org.wikipedia.main.MainActi..., appPackage: org.wikipedia.alpha, automationName: uiautomator2, bstack:options: {appiumVersion: 1.17.0, buildIdentifier: #38, hostName: ZIL1280, localIdentifier: 18_Dec_1814_ZIL1280_HpYf}, chromeOptions: {args: [--no-sandbox, --window-size=1920x1080, --start-maximized, --disable-dev-shm-usage, --disable-popup-blocking, --remote-allow-origins=*, user-agent=test-automation-..., --ignore-certificate-errors]}, chromedriverArgs: [--adb-port=5038], chromedriverPort: 18080, chromedriverPorts: [[18100, 18110]], deviceName: Android, disableSuppressAccessibilityService: true, goog:chromeOptions: {args: [--no-sandbox, --window-size=1920x1080, --start-maximized, --disable-dev-shm-usage, --disable-popup-blocking, --remote-allow-origins=*, user-agent=test-automation-..., --ignore-certificate-errors]}, nativeWebScreenshot: true, newCommandTimeout: 0, platformName: Android, skipServerInstallation: true, systemPort: 8200, udid: 28201FDH300JRK}, deviceApiLevel: 33, deviceManufacturer: Google, deviceModel: Pixel 7 Pro, deviceName: 28201FDH300JRK, deviceScreenDensity: 420, deviceScreenSize: 1080x2340, deviceUDID: 28201FDH300JRK, disableSuppressAccessibilityService: true, goog:chromeOptions: {args: [--no-sandbox, --window-size=1920x1080, --start-maximized, --disable-dev-shm-usage, --disable-popup-blocking, --remote-allow-origins=*, user-agent=test-automation-..., --ignore-certificate-errors]}, javascriptEnabled: true, locationContextEnabled: false, nativeWebScreenshot: true, networkConnectionEnabled: true, newCommandTimeout: 0, optimalHubUrl: hub-aps.browserstack.com, pixelRatio: 2.625, platform: LINUX, platformName: ANDROID, platformVersion: 13, skipServerInstallation: true, statBarHeight: 130, systemPort: 8200, takesScreenshot: true, udid: 28201FDH300JRK, viewportRect: {height: 2049, left: 0, top: 130, width: 1080}, warnings: {}, webStorageEnabled: false}&#10;Session ID: 307b2860512b0e8748c6346fcecc0cc57a861024" type="org.openqa.selenium.UnsupportedCommandException"><![CDATA[org.openqa.selenium.UnsupportedCommandException: 
{"value":{"error":"unknown method","message":"Not implemented yet for pageLoad.","stacktrace":"NotImplementedError: Not implemented yet for pageLoad.\n    at AndroidUiautomator2Driver.pageLoadTimeoutW3C (/nix/store/a4f03fnyb1njsg95d11hrirds8hfjsc1-appium-1.17.0/node_modules/appium-uiautomator2-driver/node_modules/appium-base-driver/lib/basedriver/commands/timeout.js:83:9)\n    at AndroidUiautomator2Driver.timeouts (/nix/store/a4f03fnyb1njsg95d11hrirds8hfjsc1-appium-1.17.0/node_modules/appium-uiautomator2-driver/node_modules/appium-base-driver/lib/basedriver/commands/timeout.js:40:16)\n    at commandExecutor (/nix/store/a4f03fnyb1njsg95d11hrirds8hfjsc1-appium-1.17.0/node_modules/appium-uiautomator2-driver/node_modules/appium-base-driver/lib/basedriver/driver.js:330:9)\n    at /nix/store/a4f03fnyb1njsg95d11hrirds8hfjsc1-appium-1.17.0/node_modules/appium-uiautomator2-driver/node_modules/async-lock/lib/index.js:125:12\n    at AsyncLock._promiseTry (/nix/store/a4f03fnyb1njsg95d11hrirds8hfjsc1-appium-1.17.0/node_modules/appium-uiautomator2-driver/node_modules/async-lock/lib/index.js:249:31)\n    at exec (/nix/store/a4f03fnyb1njsg95d11hrirds8hfjsc1-appium-1.17.0/node_modules/appium-uiautomator2-driver/node_modules/async-lock/lib/index.js:124:9)\n    at AsyncLock.acquire (/nix/store/a4f03fnyb1njsg95d11hrirds8hfjsc1-appium-1.17.0/node_modules/appium-uiautomator2-driver/node_modules/async-lock/lib/index.js:140:3)\n    at AndroidUiautomator2Driver.executeCommand (/nix/store/a4f03fnyb1njsg95d11hrirds8hfjsc1-appium-1.17.0/node_modules/appium-uiautomator2-driver/node_modules/appium-base-driver/lib/basedriver/driver.js:343:39)\n    at AppiumDriver.executeCommand (/nix/store/a4f03fnyb1njsg95d11hrirds8hfjsc1-appium-1.17.0/lib/appium.js:534:36)\n    at runMicrotasks (<anonymous>)\n    at processTicksAndRejections (internal/process/task_queues.js:97:5)\n    at asyncHandler (/nix/store/a4f03fnyb1njsg95d11hrirds8hfjsc1-appium-1.17.0/node_modules/appium-base-driver/lib/protocol/protocol.js:309:21)"}}
Command duration or timeout: 53 milliseconds
Build info: version: '4.6.0', revision: '79f1c02ae20'
System info: os.name: 'Windows 10', os.arch: 'amd64', os.version: '10.0', java.version: '17.0.6'
Driver info: org.openqa.selenium.chrome.ChromeDriver
Command: [307b2860512b0e8748c6346fcecc0cc57a861024, setTimeout {pageLoad=50000}]
Capabilities {acceptInsecureCerts: true, appActivity: org.wikipedia.main.MainActi..., appPackage: org.wikipedia.alpha, automationName: uiautomator2, bstack:options: {appiumVersion: 1.17.0, buildIdentifier: #38, hostName: ZIL1280, localIdentifier: 18_Dec_1814_ZIL1280_HpYf}, chromeOptions: {args: [--no-sandbox, --window-size=1920x1080, --start-maximized, --disable-dev-shm-usage, --disable-popup-blocking, --remote-allow-origins=*, user-agent=test-automation-..., --ignore-certificate-errors]}, chromedriverArgs: [--adb-port=5038], chromedriverPort: 18080, chromedriverPorts: [[18100, 18110]], databaseEnabled: false, desired: {acceptInsecureCerts: true, appActivity: org.wikipedia.main.MainActi..., appPackage: org.wikipedia.alpha, automationName: uiautomator2, bstack:options: {appiumVersion: 1.17.0, buildIdentifier: #38, hostName: ZIL1280, localIdentifier: 18_Dec_1814_ZIL1280_HpYf}, chromeOptions: {args: [--no-sandbox, --window-size=1920x1080, --start-maximized, --disable-dev-shm-usage, --disable-popup-blocking, --remote-allow-origins=*, user-agent=test-automation-..., --ignore-certificate-errors]}, chromedriverArgs: [--adb-port=5038], chromedriverPort: 18080, chromedriverPorts: [[18100, 18110]], deviceName: Android, disableSuppressAccessibilityService: true, goog:chromeOptions: {args: [--no-sandbox, --window-size=1920x1080, --start-maximized, --disable-dev-shm-usage, --disable-popup-blocking, --remote-allow-origins=*, user-agent=test-automation-..., --ignore-certificate-errors]}, nativeWebScreenshot: true, newCommandTimeout: 0, platformName: Android, skipServerInstallation: true, systemPort: 8200, udid: 28201FDH300JRK}, deviceApiLevel: 33, deviceManufacturer: Google, deviceModel: Pixel 7 Pro, deviceName: 28201FDH300JRK, deviceScreenDensity: 420, deviceScreenSize: 1080x2340, deviceUDID: 28201FDH300JRK, disableSuppressAccessibilityService: true, goog:chromeOptions: {args: [--no-sandbox, --window-size=1920x1080, --start-maximized, --disable-dev-shm-usage, --disable-popup-blocking, --remote-allow-origins=*, user-agent=test-automation-..., --ignore-certificate-errors]}, javascriptEnabled: true, locationContextEnabled: false, nativeWebScreenshot: true, networkConnectionEnabled: true, newCommandTimeout: 0, optimalHubUrl: hub-aps.browserstack.com, pixelRatio: 2.625, platform: LINUX, platformName: ANDROID, platformVersion: 13, skipServerInstallation: true, statBarHeight: 130, systemPort: 8200, takesScreenshot: true, udid: 28201FDH300JRK, viewportRect: {height: 2049, left: 0, top: 130, width: 1080}, warnings: {}, webStorageEnabled: false}
Session ID: 307b2860512b0e8748c6346fcecc0cc57a861024
]]></failure>
    <system-err><![CDATA[Dec 18, 2023 6:15:00 PM com.perficient.testCases.Desktop.purdy.Verify_Login_Page_with_valid_credentials setUpBrowser
INFO: Running setupBrowser for Test Class: com.perficient.testCases.Desktop.purdy.Verify_Login_Page_with_valid_credentials
Dec 18, 2023 6:15:00 PM com.perficient.testCases.Desktop.purdy.Verify_Login_Page_with_valid_credentials setUpBrowser
INFO: Running setupBrowser for Test Class: com.perficient.testCases.Desktop.purdy.Verify_Login_Page_with_valid_credentials
Dec 18, 2023 6:15:00 PM com.perficient.testCases.Desktop.purdy.Verify_Login_Page_with_valid_credentials setUpBrowser
INFO: Running setupBrowser for Test Class: com.perficient.testCases.Desktop.purdy.Verify_Login_Page_with_valid_credentials
Dec 18, 2023 6:15:00 PM com.perficient.testCases.Desktop.purdy.Verify_Login_Page_with_valid_credentials initParams
INFO: onGrid=false
Dec 18, 2023 6:15:00 PM com.perficient.testCases.Desktop.purdy.Verify_Login_Page_with_valid_credentials initParams
INFO: onGrid=false
Dec 18, 2023 6:15:00 PM com.perficient.testCases.Desktop.purdy.Verify_Login_Page_with_valid_credentials initParams
INFO: environment=test
Dec 18, 2023 6:15:00 PM com.perficient.testCases.Desktop.purdy.Verify_Login_Page_with_valid_credentials initParams
INFO: onGrid=false
Dec 18, 2023 6:15:00 PM com.perficient.testCases.Desktop.purdy.Verify_Login_Page_with_valid_credentials initParams
INFO: environment=test
Dec 18, 2023 6:15:00 PM com.perficient.testCases.Desktop.purdy.Verify_Login_Page_with_valid_credentials initParams
INFO: environment=test
Dec 18, 2023 6:15:00 PM com.perficient.testCases.Desktop.purdy.Verify_Login_Page_with_valid_credentials initParams
INFO: browserFlag=chromeDesktop
Dec 18, 2023 6:15:00 PM com.perficient.testCases.Desktop.purdy.Verify_Login_Page_with_valid_credentials initParams
INFO: browserFlag=chromeDesktop
Dec 18, 2023 6:15:00 PM com.perficient.testCases.Desktop.purdy.Verify_Login_Page_with_valid_credentials initParams
INFO: browserFlag=chromeDesktop
Dec 18, 2023 6:15:00 PM com.perficient.testCases.Desktop.purdy.Verify_Login_Page_with_valid_credentials initParams
INFO: elasticLocation=http://10.128.190.5:9200/ngpautomation/_doc/
Dec 18, 2023 6:15:00 PM com.perficient.testCases.Desktop.purdy.Verify_Login_Page_with_valid_credentials initParams
INFO: elasticLocation=http://10.128.190.5:9200/ngpautomation/_doc/
Dec 18, 2023 6:15:00 PM com.perficient.testCases.Desktop.purdy.Verify_Login_Page_with_valid_credentials initParams
INFO: projectCode=testing
Dec 18, 2023 6:15:00 PM com.perficient.testCases.Desktop.purdy.Verify_Login_Page_with_valid_credentials initParams
INFO: elasticLocation=http://10.128.190.5:9200/ngpautomation/_doc/
Dec 18, 2023 6:15:00 PM com.perficient.testCases.Desktop.purdy.Verify_Login_Page_with_valid_credentials initParams
INFO: projectCode=testing
Dec 18, 2023 6:15:00 PM com.perficient.testCases.Desktop.purdy.Verify_Login_Page_with_valid_credentials initParams
INFO: projectCode=testing
Dec 18, 2023 6:15:20 PM org.openqa.selenium.chromium.ChromiumDriver lambda$new$3
WARNING: Unable to find version of CDP to use for . You may need to include a dependency on a specific version of the CDP using something similar to `org.seleniumhq.selenium:selenium-devtools-v86:4.6.0` where the version ("v86") matches the version of the chromium-based browser you're using and the version number of the artifact is the same as Selenium's.
Dec 18, 2023 6:15:21 PM org.openqa.selenium.chromium.ChromiumDriver lambda$new$3
WARNING: Unable to find version of CDP to use for . You may need to include a dependency on a specific version of the CDP using something similar to `org.seleniumhq.selenium:selenium-devtools-v86:4.6.0` where the version ("v86") matches the version of the chromium-based browser you're using and the version number of the artifact is the same as Selenium's.
Dec 18, 2023 6:15:23 PM org.openqa.selenium.chromium.ChromiumDriver lambda$new$3
WARNING: Unable to find version of CDP to use for . You may need to include a dependency on a specific version of the CDP using something similar to `org.seleniumhq.selenium:selenium-devtools-v86:4.6.0` where the version ("v86") matches the version of the chromium-based browser you're using and the version number of the artifact is the same as Selenium's.
]]></system-err>
  </testcase>
  <testcase name="setUpBrowser" classname="com.perficient.testCases.Desktop.purdy.Verify_Login_Page_with_valid_credentials" time="0.725">
    <failure message="{&quot;value&quot;:{&quot;error&quot;:&quot;unknown method&quot;,&quot;message&quot;:&quot;Not implemented yet for pageLoad.&quot;,&quot;stacktrace&quot;:&quot;NotImplementedError: Not implemented yet for pageLoad.\n    at AndroidUiautomator2Driver.pageLoadTimeoutW3C (/nix/store/a4f03fnyb1njsg95d11hrirds8hfjsc1-appium-1.17.0/node_modules/appium-uiautomator2-driver/node_modules/appium-base-driver/lib/basedriver/commands/timeout.js:83:9)\n    at AndroidUiautomator2Driver.timeouts (/nix/store/a4f03fnyb1njsg95d11hrirds8hfjsc1-appium-1.17.0/node_modules/appium-uiautomator2-driver/node_modules/appium-base-driver/lib/basedriver/commands/timeout.js:40:16)\n    at commandExecutor (/nix/store/a4f03fnyb1njsg95d11hrirds8hfjsc1-appium-1.17.0/node_modules/appium-uiautomator2-driver/node_modules/appium-base-driver/lib/basedriver/driver.js:330:9)\n    at /nix/store/a4f03fnyb1njsg95d11hrirds8hfjsc1-appium-1.17.0/node_modules/appium-uiautomator2-driver/node_modules/async-lock/lib/index.js:125:12\n    at AsyncLock._promiseTry (/nix/store/a4f03fnyb1njsg95d11hrirds8hfjsc1-appium-1.17.0/node_modules/appium-uiautomator2-driver/node_modules/async-lock/lib/index.js:249:31)\n    at exec (/nix/store/a4f03fnyb1njsg95d11hrirds8hfjsc1-appium-1.17.0/node_modules/appium-uiautomator2-driver/node_modules/async-lock/lib/index.js:124:9)\n    at AsyncLock.acquire (/nix/store/a4f03fnyb1njsg95d11hrirds8hfjsc1-appium-1.17.0/node_modules/appium-uiautomator2-driver/node_modules/async-lock/lib/index.js:140:3)\n    at AndroidUiautomator2Driver.executeCommand (/nix/store/a4f03fnyb1njsg95d11hrirds8hfjsc1-appium-1.17.0/node_modules/appium-uiautomator2-driver/node_modules/appium-base-driver/lib/basedriver/driver.js:343:39)\n    at AppiumDriver.executeCommand (/nix/store/a4f03fnyb1njsg95d11hrirds8hfjsc1-appium-1.17.0/lib/appium.js:534:36)\n    at runMicrotasks (&lt;anonymous&gt;)\n    at processTicksAndRejections (internal/process/task_queues.js:97:5)\n    at asyncHandler (/nix/store/a4f03fnyb1njsg95d11hrirds8hfjsc1-appium-1.17.0/node_modules/appium-base-driver/lib/protocol/protocol.js:309:21)&quot;}}&#10;Command duration or timeout: 55 milliseconds&#10;Build info: version: &apos;4.6.0&apos;, revision: &apos;79f1c02ae20&apos;&#10;System info: os.name: &apos;Windows 10&apos;, os.arch: &apos;amd64&apos;, os.version: &apos;10.0&apos;, java.version: &apos;17.0.6&apos;&#10;Driver info: org.openqa.selenium.chrome.ChromeDriver&#10;Command: [f4a668b44615bd0b3cf6005311b11cff484bf37b, setTimeout {pageLoad=50000}]&#10;Capabilities {acceptInsecureCerts: true, appActivity: org.wikipedia.main.MainActi..., appPackage: org.wikipedia.alpha, automationName: uiautomator2, bstack:options: {appiumVersion: 1.17.0, buildIdentifier: #38, hostName: ZIL1280, localIdentifier: 18_Dec_1814_ZIL1280_HpYf}, chromeOptions: {args: [--no-sandbox, --window-size=1920x1080, --start-maximized, --disable-dev-shm-usage, --disable-popup-blocking, --remote-allow-origins=*, user-agent=test-automation-..., --ignore-certificate-errors]}, chromedriverPort: 18083, chromedriverPorts: [[18133, 18143]], databaseEnabled: false, desired: {acceptInsecureCerts: true, appActivity: org.wikipedia.main.MainActi..., appPackage: org.wikipedia.alpha, automationName: uiautomator2, bstack:options: {appiumVersion: 1.17.0, buildIdentifier: #38, hostName: ZIL1280, localIdentifier: 18_Dec_1814_ZIL1280_HpYf}, chromeOptions: {args: [--no-sandbox, --window-size=1920x1080, --start-maximized, --disable-dev-shm-usage, --disable-popup-blocking, --remote-allow-origins=*, user-agent=test-automation-..., --ignore-certificate-errors]}, chromedriverPort: 18083, chromedriverPorts: [[18133, 18143]], deviceName: Android, disableSuppressAccessibilityService: true, goog:chromeOptions: {args: [--no-sandbox, --window-size=1920x1080, --start-maximized, --disable-dev-shm-usage, --disable-popup-blocking, --remote-allow-origins=*, user-agent=test-automation-..., --ignore-certificate-errors]}, nativeWebScreenshot: true, newCommandTimeout: 0, platformName: Android, skipServerInstallation: true, systemPort: 8203, udid: R5CT238SA7H}, deviceApiLevel: 31, deviceManufacturer: samsung, deviceModel: SM-S908E, deviceName: R5CT238SA7H, deviceScreenDensity: 450, deviceScreenSize: 1080x2316, deviceUDID: R5CT238SA7H, disableSuppressAccessibilityService: true, goog:chromeOptions: {args: [--no-sandbox, --window-size=1920x1080, --start-maximized, --disable-dev-shm-usage, --disable-popup-blocking, --remote-allow-origins=*, user-agent=test-automation-..., --ignore-certificate-errors]}, javascriptEnabled: true, locationContextEnabled: false, nativeWebScreenshot: true, networkConnectionEnabled: true, newCommandTimeout: 0, optimalHubUrl: hub-aps.browserstack.com, pixelRatio: 2.8125, platform: LINUX, platformName: ANDROID, platformVersion: 12, skipServerInstallation: true, statBarHeight: 75, systemPort: 8203, takesScreenshot: true, udid: R5CT238SA7H, viewportRect: {height: 2031, left: 0, top: 75, width: 1080}, warnings: {}, webStorageEnabled: false}&#10;Session ID: f4a668b44615bd0b3cf6005311b11cff484bf37b" type="org.openqa.selenium.UnsupportedCommandException"><![CDATA[org.openqa.selenium.UnsupportedCommandException: 
{"value":{"error":"unknown method","message":"Not implemented yet for pageLoad.","stacktrace":"NotImplementedError: Not implemented yet for pageLoad.\n    at AndroidUiautomator2Driver.pageLoadTimeoutW3C (/nix/store/a4f03fnyb1njsg95d11hrirds8hfjsc1-appium-1.17.0/node_modules/appium-uiautomator2-driver/node_modules/appium-base-driver/lib/basedriver/commands/timeout.js:83:9)\n    at AndroidUiautomator2Driver.timeouts (/nix/store/a4f03fnyb1njsg95d11hrirds8hfjsc1-appium-1.17.0/node_modules/appium-uiautomator2-driver/node_modules/appium-base-driver/lib/basedriver/commands/timeout.js:40:16)\n    at commandExecutor (/nix/store/a4f03fnyb1njsg95d11hrirds8hfjsc1-appium-1.17.0/node_modules/appium-uiautomator2-driver/node_modules/appium-base-driver/lib/basedriver/driver.js:330:9)\n    at /nix/store/a4f03fnyb1njsg95d11hrirds8hfjsc1-appium-1.17.0/node_modules/appium-uiautomator2-driver/node_modules/async-lock/lib/index.js:125:12\n    at AsyncLock._promiseTry (/nix/store/a4f03fnyb1njsg95d11hrirds8hfjsc1-appium-1.17.0/node_modules/appium-uiautomator2-driver/node_modules/async-lock/lib/index.js:249:31)\n    at exec (/nix/store/a4f03fnyb1njsg95d11hrirds8hfjsc1-appium-1.17.0/node_modules/appium-uiautomator2-driver/node_modules/async-lock/lib/index.js:124:9)\n    at AsyncLock.acquire (/nix/store/a4f03fnyb1njsg95d11hrirds8hfjsc1-appium-1.17.0/node_modules/appium-uiautomator2-driver/node_modules/async-lock/lib/index.js:140:3)\n    at AndroidUiautomator2Driver.executeCommand (/nix/store/a4f03fnyb1njsg95d11hrirds8hfjsc1-appium-1.17.0/node_modules/appium-uiautomator2-driver/node_modules/appium-base-driver/lib/basedriver/driver.js:343:39)\n    at AppiumDriver.executeCommand (/nix/store/a4f03fnyb1njsg95d11hrirds8hfjsc1-appium-1.17.0/lib/appium.js:534:36)\n    at runMicrotasks (<anonymous>)\n    at processTicksAndRejections (internal/process/task_queues.js:97:5)\n    at asyncHandler (/nix/store/a4f03fnyb1njsg95d11hrirds8hfjsc1-appium-1.17.0/node_modules/appium-base-driver/lib/protocol/protocol.js:309:21)"}}
Command duration or timeout: 55 milliseconds
Build info: version: '4.6.0', revision: '79f1c02ae20'
System info: os.name: 'Windows 10', os.arch: 'amd64', os.version: '10.0', java.version: '17.0.6'
Driver info: org.openqa.selenium.chrome.ChromeDriver
Command: [f4a668b44615bd0b3cf6005311b11cff484bf37b, setTimeout {pageLoad=50000}]
Capabilities {acceptInsecureCerts: true, appActivity: org.wikipedia.main.MainActi..., appPackage: org.wikipedia.alpha, automationName: uiautomator2, bstack:options: {appiumVersion: 1.17.0, buildIdentifier: #38, hostName: ZIL1280, localIdentifier: 18_Dec_1814_ZIL1280_HpYf}, chromeOptions: {args: [--no-sandbox, --window-size=1920x1080, --start-maximized, --disable-dev-shm-usage, --disable-popup-blocking, --remote-allow-origins=*, user-agent=test-automation-..., --ignore-certificate-errors]}, chromedriverPort: 18083, chromedriverPorts: [[18133, 18143]], databaseEnabled: false, desired: {acceptInsecureCerts: true, appActivity: org.wikipedia.main.MainActi..., appPackage: org.wikipedia.alpha, automationName: uiautomator2, bstack:options: {appiumVersion: 1.17.0, buildIdentifier: #38, hostName: ZIL1280, localIdentifier: 18_Dec_1814_ZIL1280_HpYf}, chromeOptions: {args: [--no-sandbox, --window-size=1920x1080, --start-maximized, --disable-dev-shm-usage, --disable-popup-blocking, --remote-allow-origins=*, user-agent=test-automation-..., --ignore-certificate-errors]}, chromedriverPort: 18083, chromedriverPorts: [[18133, 18143]], deviceName: Android, disableSuppressAccessibilityService: true, goog:chromeOptions: {args: [--no-sandbox, --window-size=1920x1080, --start-maximized, --disable-dev-shm-usage, --disable-popup-blocking, --remote-allow-origins=*, user-agent=test-automation-..., --ignore-certificate-errors]}, nativeWebScreenshot: true, newCommandTimeout: 0, platformName: Android, skipServerInstallation: true, systemPort: 8203, udid: R5CT238SA7H}, deviceApiLevel: 31, deviceManufacturer: samsung, deviceModel: SM-S908E, deviceName: R5CT238SA7H, deviceScreenDensity: 450, deviceScreenSize: 1080x2316, deviceUDID: R5CT238SA7H, disableSuppressAccessibilityService: true, goog:chromeOptions: {args: [--no-sandbox, --window-size=1920x1080, --start-maximized, --disable-dev-shm-usage, --disable-popup-blocking, --remote-allow-origins=*, user-agent=test-automation-..., --ignore-certificate-errors]}, javascriptEnabled: true, locationContextEnabled: false, nativeWebScreenshot: true, networkConnectionEnabled: true, newCommandTimeout: 0, optimalHubUrl: hub-aps.browserstack.com, pixelRatio: 2.8125, platform: LINUX, platformName: ANDROID, platformVersion: 12, skipServerInstallation: true, statBarHeight: 75, systemPort: 8203, takesScreenshot: true, udid: R5CT238SA7H, viewportRect: {height: 2031, left: 0, top: 75, width: 1080}, warnings: {}, webStorageEnabled: false}
Session ID: f4a668b44615bd0b3cf6005311b11cff484bf37b
]]></failure>
  </testcase>
  <testcase name="setUpBrowser" classname="com.perficient.testCases.Desktop.purdy.Verify_Login_Page_with_valid_credentials" time="1.086">
    <failure message="{&quot;value&quot;:{&quot;error&quot;:&quot;unknown method&quot;,&quot;message&quot;:&quot;Not implemented yet for pageLoad.&quot;,&quot;stacktrace&quot;:&quot;NotImplementedError: Not implemented yet for pageLoad.\n    at AndroidUiautomator2Driver.pageLoadTimeoutW3C (/nix/store/a4f03fnyb1njsg95d11hrirds8hfjsc1-appium-1.17.0/node_modules/appium-uiautomator2-driver/node_modules/appium-base-driver/lib/basedriver/commands/timeout.js:83:9)\n    at AndroidUiautomator2Driver.timeouts (/nix/store/a4f03fnyb1njsg95d11hrirds8hfjsc1-appium-1.17.0/node_modules/appium-uiautomator2-driver/node_modules/appium-base-driver/lib/basedriver/commands/timeout.js:40:16)\n    at commandExecutor (/nix/store/a4f03fnyb1njsg95d11hrirds8hfjsc1-appium-1.17.0/node_modules/appium-uiautomator2-driver/node_modules/appium-base-driver/lib/basedriver/driver.js:330:9)\n    at /nix/store/a4f03fnyb1njsg95d11hrirds8hfjsc1-appium-1.17.0/node_modules/appium-uiautomator2-driver/node_modules/async-lock/lib/index.js:125:12\n    at AsyncLock._promiseTry (/nix/store/a4f03fnyb1njsg95d11hrirds8hfjsc1-appium-1.17.0/node_modules/appium-uiautomator2-driver/node_modules/async-lock/lib/index.js:249:31)\n    at exec (/nix/store/a4f03fnyb1njsg95d11hrirds8hfjsc1-appium-1.17.0/node_modules/appium-uiautomator2-driver/node_modules/async-lock/lib/index.js:124:9)\n    at AsyncLock.acquire (/nix/store/a4f03fnyb1njsg95d11hrirds8hfjsc1-appium-1.17.0/node_modules/appium-uiautomator2-driver/node_modules/async-lock/lib/index.js:140:3)\n    at AndroidUiautomator2Driver.executeCommand (/nix/store/a4f03fnyb1njsg95d11hrirds8hfjsc1-appium-1.17.0/node_modules/appium-uiautomator2-driver/node_modules/appium-base-driver/lib/basedriver/driver.js:343:39)\n    at AppiumDriver.executeCommand (/nix/store/a4f03fnyb1njsg95d11hrirds8hfjsc1-appium-1.17.0/lib/appium.js:534:36)\n    at processTicksAndRejections (internal/process/task_queues.js:97:5)\n    at asyncHandler (/nix/store/a4f03fnyb1njsg95d11hrirds8hfjsc1-appium-1.17.0/node_modules/appium-base-driver/lib/protocol/protocol.js:309:21)&quot;}}&#10;Command duration or timeout: 204 milliseconds&#10;Build info: version: &apos;4.6.0&apos;, revision: &apos;79f1c02ae20&apos;&#10;System info: os.name: &apos;Windows 10&apos;, os.arch: &apos;amd64&apos;, os.version: &apos;10.0&apos;, java.version: &apos;17.0.6&apos;&#10;Driver info: org.openqa.selenium.chrome.ChromeDriver&#10;Command: [a29dd1f03c8c751d9fa76878e8616b899b1a6045, setTimeout {pageLoad=50000}]&#10;Capabilities {acceptInsecureCerts: true, appActivity: org.wikipedia.main.MainActi..., appPackage: org.wikipedia.alpha, automationName: uiautomator2, bstack:options: {appiumVersion: 1.17.0, buildIdentifier: #38, hostName: ZIL1280, localIdentifier: 18_Dec_1814_ZIL1280_HpYf}, chromeOptions: {args: [--no-sandbox, --window-size=1920x1080, --start-maximized, --disable-dev-shm-usage, --disable-popup-blocking, --remote-allow-origins=*, user-agent=test-automation-..., --ignore-certificate-errors]}, chromedriverPort: 8085, chromedriverPorts: [[18155, 18165]], databaseEnabled: false, desired: {acceptInsecureCerts: true, appActivity: org.wikipedia.main.MainActi..., appPackage: org.wikipedia.alpha, automationName: uiautomator2, bstack:options: {appiumVersion: 1.17.0, buildIdentifier: #38, hostName: ZIL1280, localIdentifier: 18_Dec_1814_ZIL1280_HpYf}, chromeOptions: {args: [--no-sandbox, --window-size=1920x1080, --start-maximized, --disable-dev-shm-usage, --disable-popup-blocking, --remote-allow-origins=*, user-agent=test-automation-..., --ignore-certificate-errors]}, chromedriverPort: 8085, chromedriverPorts: [[18155, 18165]], deviceName: Android, disableSuppressAccessibilityService: true, goog:chromeOptions: {args: [--no-sandbox, --window-size=1920x1080, --start-maximized, --disable-dev-shm-usage, --disable-popup-blocking, --remote-allow-origins=*, user-agent=test-automation-..., --ignore-certificate-errors]}, nativeWebScreenshot: true, newCommandTimeout: 0, platformName: Android, skipServerInstallation: true, systemPort: 8205, udid: a68008dd}, deviceApiLevel: 30, deviceManufacturer: OnePlus, deviceModel: LE2113, deviceName: a68008dd, deviceScreenDensity: 450, deviceScreenSize: 1080x2400, deviceUDID: a68008dd, disableSuppressAccessibilityService: true, goog:chromeOptions: {args: [--no-sandbox, --window-size=1920x1080, --start-maximized, --disable-dev-shm-usage, --disable-popup-blocking, --remote-allow-origins=*, user-agent=test-automation-..., --ignore-certificate-errors]}, javascriptEnabled: true, locationContextEnabled: false, nativeWebScreenshot: true, networkConnectionEnabled: true, newCommandTimeout: 0, optimalHubUrl: hub-euw.browserstack.com, pixelRatio: 2.8125, platform: LINUX, platformName: ANDROID, platformVersion: 11, skipServerInstallation: true, statBarHeight: 104, systemPort: 8205, takesScreenshot: true, udid: a68008dd, viewportRect: {height: 2058, left: 0, top: 104, width: 1080}, warnings: {}, webStorageEnabled: false}&#10;Session ID: a29dd1f03c8c751d9fa76878e8616b899b1a6045" type="org.openqa.selenium.UnsupportedCommandException">org.openqa.selenium.UnsupportedCommandException: 
{"value":{"error":"unknown method","message":"Not implemented yet for pageLoad.","stacktrace":"NotImplementedError: Not implemented yet for pageLoad.\n    at AndroidUiautomator2Driver.pageLoadTimeoutW3C (/nix/store/a4f03fnyb1njsg95d11hrirds8hfjsc1-appium-1.17.0/node_modules/appium-uiautomator2-driver/node_modules/appium-base-driver/lib/basedriver/commands/timeout.js:83:9)\n    at AndroidUiautomator2Driver.timeouts (/nix/store/a4f03fnyb1njsg95d11hrirds8hfjsc1-appium-1.17.0/node_modules/appium-uiautomator2-driver/node_modules/appium-base-driver/lib/basedriver/commands/timeout.js:40:16)\n    at commandExecutor (/nix/store/a4f03fnyb1njsg95d11hrirds8hfjsc1-appium-1.17.0/node_modules/appium-uiautomator2-driver/node_modules/appium-base-driver/lib/basedriver/driver.js:330:9)\n    at /nix/store/a4f03fnyb1njsg95d11hrirds8hfjsc1-appium-1.17.0/node_modules/appium-uiautomator2-driver/node_modules/async-lock/lib/index.js:125:12\n    at AsyncLock._promiseTry (/nix/store/a4f03fnyb1njsg95d11hrirds8hfjsc1-appium-1.17.0/node_modules/appium-uiautomator2-driver/node_modules/async-lock/lib/index.js:249:31)\n    at exec (/nix/store/a4f03fnyb1njsg95d11hrirds8hfjsc1-appium-1.17.0/node_modules/appium-uiautomator2-driver/node_modules/async-lock/lib/index.js:124:9)\n    at AsyncLock.acquire (/nix/store/a4f03fnyb1njsg95d11hrirds8hfjsc1-appium-1.17.0/node_modules/appium-uiautomator2-driver/node_modules/async-lock/lib/index.js:140:3)\n    at AndroidUiautomator2Driver.executeCommand (/nix/store/a4f03fnyb1njsg95d11hrirds8hfjsc1-appium-1.17.0/node_modules/appium-uiautomator2-driver/node_modules/appium-base-driver/lib/basedriver/driver.js:343:39)\n    at AppiumDriver.executeCommand (/nix/store/a4f03fnyb1njsg95d11hrirds8hfjsc1-appium-1.17.0/lib/appium.js:534:36)\n    at processTicksAndRejections (internal/process/task_queues.js:97:5)\n    at asyncHandler (/nix/store/a4f03fnyb1njsg95d11hrirds8hfjsc1-appium-1.17.0/node_modules/appium-base-driver/lib/protocol/protocol.js:309:21)"}}
Command duration or timeout: 204 milliseconds
Build info: version: '4.6.0', revision: '79f1c02ae20'
System info: os.name: 'Windows 10', os.arch: 'amd64', os.version: '10.0', java.version: '17.0.6'
Driver info: org.openqa.selenium.chrome.ChromeDriver
Command: [a29dd1f03c8c751d9fa76878e8616b899b1a6045, setTimeout {pageLoad=50000}]
Capabilities {acceptInsecureCerts: true, appActivity: org.wikipedia.main.MainActi..., appPackage: org.wikipedia.alpha, automationName: uiautomator2, bstack:options: {appiumVersion: 1.17.0, buildIdentifier: #38, hostName: ZIL1280, localIdentifier: 18_Dec_1814_ZIL1280_HpYf}, chromeOptions: {args: [--no-sandbox, --window-size=1920x1080, --start-maximized, --disable-dev-shm-usage, --disable-popup-blocking, --remote-allow-origins=*, user-agent=test-automation-..., --ignore-certificate-errors]}, chromedriverPort: 8085, chromedriverPorts: [[18155, 18165]], databaseEnabled: false, desired: {acceptInsecureCerts: true, appActivity: org.wikipedia.main.MainActi..., appPackage: org.wikipedia.alpha, automationName: uiautomator2, bstack:options: {appiumVersion: 1.17.0, buildIdentifier: #38, hostName: ZIL1280, localIdentifier: 18_Dec_1814_ZIL1280_HpYf}, chromeOptions: {args: [--no-sandbox, --window-size=1920x1080, --start-maximized, --disable-dev-shm-usage, --disable-popup-blocking, --remote-allow-origins=*, user-agent=test-automation-..., --ignore-certificate-errors]}, chromedriverPort: 8085, chromedriverPorts: [[18155, 18165]], deviceName: Android, disableSuppressAccessibilityService: true, goog:chromeOptions: {args: [--no-sandbox, --window-size=1920x1080, --start-maximized, --disable-dev-shm-usage, --disable-popup-blocking, --remote-allow-origins=*, user-agent=test-automation-..., --ignore-certificate-errors]}, nativeWebScreenshot: true, newCommandTimeout: 0, platformName: Android, skipServerInstallation: true, systemPort: 8205, udid: a68008dd}, deviceApiLevel: 30, deviceManufacturer: OnePlus, deviceModel: LE2113, deviceName: a68008dd, deviceScreenDensity: 450, deviceScreenSize: 1080x2400, deviceUDID: a68008dd, disableSuppressAccessibilityService: true, goog:chromeOptions: {args: [--no-sandbox, --window-size=1920x1080, --start-maximized, --disable-dev-shm-usage, --disable-popup-blocking, --remote-allow-origins=*, user-agent=test-automation-..., --ignore-certificate-errors]}, javascriptEnabled: true, locationContextEnabled: false, nativeWebScreenshot: true, networkConnectionEnabled: true, newCommandTimeout: 0, optimalHubUrl: hub-euw.browserstack.com, pixelRatio: 2.8125, platform: LINUX, platformName: ANDROID, platformVersion: 11, skipServerInstallation: true, statBarHeight: 104, systemPort: 8205, takesScreenshot: true, udid: a68008dd, viewportRect: {height: 2058, left: 0, top: 104, width: 1080}, warnings: {}, webStorageEnabled: false}
Session ID: a29dd1f03c8c751d9fa76878e8616b899b1a6045
</failure>
    <system-err><![CDATA[Dec 18, 2023 6:19:24 PM com.perficient.testCases.Desktop.purdy.Verify_Login_Page_with_valid_credentials afterMethod
INFO: homePageValidationAfterLogin : pass
Dec 18, 2023 6:19:24 PM com.perficient.testCases.Desktop.purdy.Verify_Login_Page_with_valid_credentials afterMethod
INFO: homePageValidationAfterLogin : pass
Dec 18, 2023 6:19:24 PM com.perficient.testCases.Desktop.purdy.Verify_Login_Page_with_valid_credentials tearDown
INFO: null PurdyTestAutomation purdy Verify_Login_Page_with_valid_credentials chromeDesktop PASS
Dec 18, 2023 6:19:24 PM com.perficient.testCases.Desktop.purdy.Verify_Login_Page_with_valid_credentials tearDown
INFO: null PurdyTestAutomation purdy Verify_Login_Page_with_valid_credentials chromeDesktop PASS
]]></system-err>
  </testcase>
  <testcase name="customerLogin" classname="com.perficient.testCases.Desktop.purdy.Verify_Login_Page_with_valid_credentials" time="0">
    <skipped message="{&quot;value&quot;:{&quot;error&quot;:&quot;unknown method&quot;,&quot;message&quot;:&quot;Not implemented yet for pageLoad.&quot;,&quot;stacktrace&quot;:&quot;NotImplementedError: Not implemented yet for pageLoad.\n    at AndroidUiautomator2Driver.pageLoadTimeoutW3C (/nix/store/a4f03fnyb1njsg95d11hrirds8hfjsc1-appium-1.17.0/node_modules/appium-uiautomator2-driver/node_modules/appium-base-driver/lib/basedriver/commands/timeout.js:83:9)\n    at AndroidUiautomator2Driver.timeouts (/nix/store/a4f03fnyb1njsg95d11hrirds8hfjsc1-appium-1.17.0/node_modules/appium-uiautomator2-driver/node_modules/appium-base-driver/lib/basedriver/commands/timeout.js:40:16)\n    at commandExecutor (/nix/store/a4f03fnyb1njsg95d11hrirds8hfjsc1-appium-1.17.0/node_modules/appium-uiautomator2-driver/node_modules/appium-base-driver/lib/basedriver/driver.js:330:9)\n    at /nix/store/a4f03fnyb1njsg95d11hrirds8hfjsc1-appium-1.17.0/node_modules/appium-uiautomator2-driver/node_modules/async-lock/lib/index.js:125:12\n    at AsyncLock._promiseTry (/nix/store/a4f03fnyb1njsg95d11hrirds8hfjsc1-appium-1.17.0/node_modules/appium-uiautomator2-driver/node_modules/async-lock/lib/index.js:249:31)\n    at exec (/nix/store/a4f03fnyb1njsg95d11hrirds8hfjsc1-appium-1.17.0/node_modules/appium-uiautomator2-driver/node_modules/async-lock/lib/index.js:124:9)\n    at AsyncLock.acquire (/nix/store/a4f03fnyb1njsg95d11hrirds8hfjsc1-appium-1.17.0/node_modules/appium-uiautomator2-driver/node_modules/async-lock/lib/index.js:140:3)\n    at AndroidUiautomator2Driver.executeCommand (/nix/store/a4f03fnyb1njsg95d11hrirds8hfjsc1-appium-1.17.0/node_modules/appium-uiautomator2-driver/node_modules/appium-base-driver/lib/basedriver/driver.js:343:39)\n    at AppiumDriver.executeCommand (/nix/store/a4f03fnyb1njsg95d11hrirds8hfjsc1-appium-1.17.0/lib/appium.js:534:36)\n    at runMicrotasks (&lt;anonymous&gt;)\n    at processTicksAndRejections (internal/process/task_queues.js:97:5)\n    at asyncHandler (/nix/store/a4f03fnyb1njsg95d11hrirds8hfjsc1-appium-1.17.0/node_modules/appium-base-driver/lib/protocol/protocol.js:309:21)&quot;}}&#10;Command duration or timeout: 53 milliseconds&#10;Build info: version: &apos;4.6.0&apos;, revision: &apos;79f1c02ae20&apos;&#10;System info: os.name: &apos;Windows 10&apos;, os.arch: &apos;amd64&apos;, os.version: &apos;10.0&apos;, java.version: &apos;17.0.6&apos;&#10;Driver info: org.openqa.selenium.chrome.ChromeDriver&#10;Command: [307b2860512b0e8748c6346fcecc0cc57a861024, setTimeout {pageLoad=50000}]&#10;Capabilities {acceptInsecureCerts: true, appActivity: org.wikipedia.main.MainActi..., appPackage: org.wikipedia.alpha, automationName: uiautomator2, bstack:options: {appiumVersion: 1.17.0, buildIdentifier: #38, hostName: ZIL1280, localIdentifier: 18_Dec_1814_ZIL1280_HpYf}, chromeOptions: {args: [--no-sandbox, --window-size=1920x1080, --start-maximized, --disable-dev-shm-usage, --disable-popup-blocking, --remote-allow-origins=*, user-agent=test-automation-..., --ignore-certificate-errors]}, chromedriverArgs: [--adb-port=5038], chromedriverPort: 18080, chromedriverPorts: [[18100, 18110]], databaseEnabled: false, desired: {acceptInsecureCerts: true, appActivity: org.wikipedia.main.MainActi..., appPackage: org.wikipedia.alpha, automationName: uiautomator2, bstack:options: {appiumVersion: 1.17.0, buildIdentifier: #38, hostName: ZIL1280, localIdentifier: 18_Dec_1814_ZIL1280_HpYf}, chromeOptions: {args: [--no-sandbox, --window-size=1920x1080, --start-maximized, --disable-dev-shm-usage, --disable-popup-blocking, --remote-allow-origins=*, user-agent=test-automation-..., --ignore-certificate-errors]}, chromedriverArgs: [--adb-port=5038], chromedriverPort: 18080, chromedriverPorts: [[18100, 18110]], deviceName: Android, disableSuppressAccessibilityService: true, goog:chromeOptions: {args: [--no-sandbox, --window-size=1920x1080, --start-maximized, --disable-dev-shm-usage, --disable-popup-blocking, --remote-allow-origins=*, user-agent=test-automation-..., --ignore-certificate-errors]}, nativeWebScreenshot: true, newCommandTimeout: 0, platformName: Android, skipServerInstallation: true, systemPort: 8200, udid: 28201FDH300JRK}, deviceApiLevel: 33, deviceManufacturer: Google, deviceModel: Pixel 7 Pro, deviceName: 28201FDH300JRK, deviceScreenDensity: 420, deviceScreenSize: 1080x2340, deviceUDID: 28201FDH300JRK, disableSuppressAccessibilityService: true, goog:chromeOptions: {args: [--no-sandbox, --window-size=1920x1080, --start-maximized, --disable-dev-shm-usage, --disable-popup-blocking, --remote-allow-origins=*, user-agent=test-automation-..., --ignore-certificate-errors]}, javascriptEnabled: true, locationContextEnabled: false, nativeWebScreenshot: true, networkConnectionEnabled: true, newCommandTimeout: 0, optimalHubUrl: hub-aps.browserstack.com, pixelRatio: 2.625, platform: LINUX, platformName: ANDROID, platformVersion: 13, skipServerInstallation: true, statBarHeight: 130, systemPort: 8200, takesScreenshot: true, udid: 28201FDH300JRK, viewportRect: {height: 2049, left: 0, top: 130, width: 1080}, warnings: {}, webStorageEnabled: false}&#10;Session ID: 307b2860512b0e8748c6346fcecc0cc57a861024"/>
  </testcase>
  <testcase name="customerLogin" classname="com.perficient.testCases.Desktop.purdy.Verify_Login_Page_with_valid_credentials" time="0">
    <skipped message="{&quot;value&quot;:{&quot;error&quot;:&quot;unknown method&quot;,&quot;message&quot;:&quot;Not implemented yet for pageLoad.&quot;,&quot;stacktrace&quot;:&quot;NotImplementedError: Not implemented yet for pageLoad.\n    at AndroidUiautomator2Driver.pageLoadTimeoutW3C (/nix/store/a4f03fnyb1njsg95d11hrirds8hfjsc1-appium-1.17.0/node_modules/appium-uiautomator2-driver/node_modules/appium-base-driver/lib/basedriver/commands/timeout.js:83:9)\n    at AndroidUiautomator2Driver.timeouts (/nix/store/a4f03fnyb1njsg95d11hrirds8hfjsc1-appium-1.17.0/node_modules/appium-uiautomator2-driver/node_modules/appium-base-driver/lib/basedriver/commands/timeout.js:40:16)\n    at commandExecutor (/nix/store/a4f03fnyb1njsg95d11hrirds8hfjsc1-appium-1.17.0/node_modules/appium-uiautomator2-driver/node_modules/appium-base-driver/lib/basedriver/driver.js:330:9)\n    at /nix/store/a4f03fnyb1njsg95d11hrirds8hfjsc1-appium-1.17.0/node_modules/appium-uiautomator2-driver/node_modules/async-lock/lib/index.js:125:12\n    at AsyncLock._promiseTry (/nix/store/a4f03fnyb1njsg95d11hrirds8hfjsc1-appium-1.17.0/node_modules/appium-uiautomator2-driver/node_modules/async-lock/lib/index.js:249:31)\n    at exec (/nix/store/a4f03fnyb1njsg95d11hrirds8hfjsc1-appium-1.17.0/node_modules/appium-uiautomator2-driver/node_modules/async-lock/lib/index.js:124:9)\n    at AsyncLock.acquire (/nix/store/a4f03fnyb1njsg95d11hrirds8hfjsc1-appium-1.17.0/node_modules/appium-uiautomator2-driver/node_modules/async-lock/lib/index.js:140:3)\n    at AndroidUiautomator2Driver.executeCommand (/nix/store/a4f03fnyb1njsg95d11hrirds8hfjsc1-appium-1.17.0/node_modules/appium-uiautomator2-driver/node_modules/appium-base-driver/lib/basedriver/driver.js:343:39)\n    at AppiumDriver.executeCommand (/nix/store/a4f03fnyb1njsg95d11hrirds8hfjsc1-appium-1.17.0/lib/appium.js:534:36)\n    at runMicrotasks (&lt;anonymous&gt;)\n    at processTicksAndRejections (internal/process/task_queues.js:97:5)\n    at asyncHandler (/nix/store/a4f03fnyb1njsg95d11hrirds8hfjsc1-appium-1.17.0/node_modules/appium-base-driver/lib/protocol/protocol.js:309:21)&quot;}}&#10;Command duration or timeout: 55 milliseconds&#10;Build info: version: &apos;4.6.0&apos;, revision: &apos;79f1c02ae20&apos;&#10;System info: os.name: &apos;Windows 10&apos;, os.arch: &apos;amd64&apos;, os.version: &apos;10.0&apos;, java.version: &apos;17.0.6&apos;&#10;Driver info: org.openqa.selenium.chrome.ChromeDriver&#10;Command: [f4a668b44615bd0b3cf6005311b11cff484bf37b, setTimeout {pageLoad=50000}]&#10;Capabilities {acceptInsecureCerts: true, appActivity: org.wikipedia.main.MainActi..., appPackage: org.wikipedia.alpha, automationName: uiautomator2, bstack:options: {appiumVersion: 1.17.0, buildIdentifier: #38, hostName: ZIL1280, localIdentifier: 18_Dec_1814_ZIL1280_HpYf}, chromeOptions: {args: [--no-sandbox, --window-size=1920x1080, --start-maximized, --disable-dev-shm-usage, --disable-popup-blocking, --remote-allow-origins=*, user-agent=test-automation-..., --ignore-certificate-errors]}, chromedriverPort: 18083, chromedriverPorts: [[18133, 18143]], databaseEnabled: false, desired: {acceptInsecureCerts: true, appActivity: org.wikipedia.main.MainActi..., appPackage: org.wikipedia.alpha, automationName: uiautomator2, bstack:options: {appiumVersion: 1.17.0, buildIdentifier: #38, hostName: ZIL1280, localIdentifier: 18_Dec_1814_ZIL1280_HpYf}, chromeOptions: {args: [--no-sandbox, --window-size=1920x1080, --start-maximized, --disable-dev-shm-usage, --disable-popup-blocking, --remote-allow-origins=*, user-agent=test-automation-..., --ignore-certificate-errors]}, chromedriverPort: 18083, chromedriverPorts: [[18133, 18143]], deviceName: Android, disableSuppressAccessibilityService: true, goog:chromeOptions: {args: [--no-sandbox, --window-size=1920x1080, --start-maximized, --disable-dev-shm-usage, --disable-popup-blocking, --remote-allow-origins=*, user-agent=test-automation-..., --ignore-certificate-errors]}, nativeWebScreenshot: true, newCommandTimeout: 0, platformName: Android, skipServerInstallation: true, systemPort: 8203, udid: R5CT238SA7H}, deviceApiLevel: 31, deviceManufacturer: samsung, deviceModel: SM-S908E, deviceName: R5CT238SA7H, deviceScreenDensity: 450, deviceScreenSize: 1080x2316, deviceUDID: R5CT238SA7H, disableSuppressAccessibilityService: true, goog:chromeOptions: {args: [--no-sandbox, --window-size=1920x1080, --start-maximized, --disable-dev-shm-usage, --disable-popup-blocking, --remote-allow-origins=*, user-agent=test-automation-..., --ignore-certificate-errors]}, javascriptEnabled: true, locationContextEnabled: false, nativeWebScreenshot: true, networkConnectionEnabled: true, newCommandTimeout: 0, optimalHubUrl: hub-aps.browserstack.com, pixelRatio: 2.8125, platform: LINUX, platformName: ANDROID, platformVersion: 12, skipServerInstallation: true, statBarHeight: 75, systemPort: 8203, takesScreenshot: true, udid: R5CT238SA7H, viewportRect: {height: 2031, left: 0, top: 75, width: 1080}, warnings: {}, webStorageEnabled: false}&#10;Session ID: f4a668b44615bd0b3cf6005311b11cff484bf37b"/>
    <system-err><![CDATA[javassist.CannotCompileException: [source error] newPageImpl() not found in com.microsoft.playwright.impl.BrowserContextImpl
	at javassist.CtBehavior.a(Unknown Source)
	at javassist.CtBehavior.insertBefore(Unknown Source)
	at com.browserstack.DriverServiceTransformer.e(Unknown Source)
	at com.browserstack.DriverServiceTransformer.transform(Unknown Source)
	at java.instrument/java.lang.instrument.ClassFileTransformer.transform(ClassFileTransformer.java:244)
	at java.instrument/sun.instrument.TransformerManager.transform(TransformerManager.java:188)
	at java.instrument/sun.instrument.InstrumentationImpl.transform(InstrumentationImpl.java:541)
	at java.base/java.lang.ClassLoader.defineClass1(Native Method)
	at java.base/java.lang.ClassLoader.defineClass(ClassLoader.java:1012)
	at java.base/java.security.SecureClassLoader.defineClass(SecureClassLoader.java:150)
	at java.base/jdk.internal.loader.BuiltinClassLoader.defineClass(BuiltinClassLoader.java:862)
	at java.base/jdk.internal.loader.BuiltinClassLoader.findClassOnClassPathOrNull(BuiltinClassLoader.java:760)
	at java.base/jdk.internal.loader.BuiltinClassLoader.loadClassOrNull(BuiltinClassLoader.java:681)
	at java.base/jdk.internal.loader.BuiltinClassLoader.loadClass(BuiltinClassLoader.java:639)
	at java.base/jdk.internal.loader.ClassLoaders$AppClassLoader.loadClass(ClassLoaders.java:188)
	at java.base/java.lang.ClassLoader.loadClass(ClassLoader.java:520)
	at a.a.a.g.create(Unknown Source)
	at com.google.gson.Gson.getAdapter(Unknown Source)
	at com.google.gson.Gson.toJson(Unknown Source)
	at com.google.gson.Gson.toJson(Unknown Source)
	at com.google.gson.Gson.toJson(Unknown Source)
	at com.google.gson.Gson.toJson(Unknown Source)
	at com.browserstack.utils.ObservabilityUtilityMethods.getDestructuredDPParameters(Unknown Source)
	at com.browserstack.utils.ObservabilityUtilityMethods.populateTestDataForBSTestOps(Unknown Source)
	at com.browserstack.testNgListeners.TmpSuiteListener.onTestSkipped(Unknown Source)
	at org.testng.internal.TestListenerHelper.runTestListeners(TestListenerHelper.java:87)
	at org.testng.internal.TestInvoker.runTestResultListener(TestInvoker.java:219)
	at org.testng.internal.TestInvoker.invokeListenersForSkippedTestResult(TestInvoker.java:447)
	at org.testng.internal.TestInvoker.invokeMethod(TestInvoker.java:545)
	at org.testng.internal.TestInvoker.invokeTestMethod(TestInvoker.java:173)
	at org.testng.internal.MethodRunner.runInSequence(MethodRunner.java:46)
	at org.testng.internal.TestInvoker$MethodInvocationAgent.invoke(TestInvoker.java:824)
	at org.testng.internal.TestInvoker.invokeTestMethods(TestInvoker.java:146)
	at org.testng.internal.TestMethodWorker.invokeTestMethods(TestMethodWorker.java:146)
	at org.testng.internal.TestMethodWorker.run(TestMethodWorker.java:128)
	at java.base/java.util.ArrayList.forEach(ArrayList.java:1511)
	at org.testng.TestRunner.privateRun(TestRunner.java:794)
	at org.testng.TestRunner.run(TestRunner.java:596)
	at org.testng.SuiteRunner.runTest(SuiteRunner.java:377)
	at org.testng.SuiteRunner.access$000(SuiteRunner.java:28)
	at org.testng.SuiteRunner$SuiteWorker.run(SuiteRunner.java:418)
	at org.testng.internal.thread.ThreadUtil.lambda$execute$0(ThreadUtil.java:64)
	at java.base/java.util.concurrent.FutureTask.run(FutureTask.java:264)
	at java.base/java.util.concurrent.ThreadPoolExecutor.runWorker(ThreadPoolExecutor.java:1136)
	at java.base/java.util.concurrent.ThreadPoolExecutor$Worker.run(ThreadPoolExecutor.java:635)
	at java.base/java.lang.Thread.run(Thread.java:833)
Caused by: compile error: newPageImpl() not found in com.microsoft.playwright.impl.BrowserContextImpl
	at javassist.compiler.TypeChecker.atMethodCallCore(Unknown Source)
	at javassist.compiler.TypeChecker.atCallExpr(Unknown Source)
	at javassist.compiler.JvstTypeChecker.atCallExpr(Unknown Source)
	at javassist.compiler.ast.CallExpr.accept(Unknown Source)
	at javassist.compiler.TypeChecker.atCastExpr(Unknown Source)
	at javassist.compiler.JvstTypeChecker.atCastExpr(Unknown Source)
	at javassist.compiler.ast.CastExpr.accept(Unknown Source)
	at javassist.compiler.CodeGen.doTypeCheck(Unknown Source)
	at javassist.compiler.CodeGen.atDeclarator(Unknown Source)
	at javassist.compiler.ast.Declarator.accept(Unknown Source)
	at javassist.compiler.CodeGen.atStmnt(Unknown Source)
	at javassist.compiler.ast.Stmnt.accept(Unknown Source)
	at javassist.compiler.Javac.compileStmnt(Unknown Source)
	... 46 more
javassist.CannotCompileException: [source error] no such field: wsEndpoint
	at javassist.CtBehavior.a(Unknown Source)
	at javassist.CtBehavior.insertBefore(Unknown Source)
	at com.browserstack.DriverServiceTransformer.e(Unknown Source)
	at com.browserstack.DriverServiceTransformer.transform(Unknown Source)
	at java.instrument/java.lang.instrument.ClassFileTransformer.transform(ClassFileTransformer.java:244)
	at java.instrument/sun.instrument.TransformerManager.transform(TransformerManager.java:188)
	at java.instrument/sun.instrument.InstrumentationImpl.transform(InstrumentationImpl.java:541)
	at java.base/java.lang.ClassLoader.defineClass1(Native Method)
	at java.base/java.lang.ClassLoader.defineClass(ClassLoader.java:1012)
	at java.base/java.security.SecureClassLoader.defineClass(SecureClassLoader.java:150)
	at java.base/jdk.internal.loader.BuiltinClassLoader.defineClass(BuiltinClassLoader.java:862)
	at java.base/jdk.internal.loader.BuiltinClassLoader.findClassOnClassPathOrNull(BuiltinClassLoader.java:760)
	at java.base/jdk.internal.loader.BuiltinClassLoader.loadClassOrNull(BuiltinClassLoader.java:681)
	at java.base/jdk.internal.loader.BuiltinClassLoader.loadClass(BuiltinClassLoader.java:639)
	at java.base/jdk.internal.loader.ClassLoaders$AppClassLoader.loadClass(ClassLoaders.java:188)
	at java.base/java.lang.ClassLoader.loadClass(ClassLoader.java:520)
	at a.a.a.g.create(Unknown Source)
	at com.google.gson.Gson.getAdapter(Unknown Source)
	at com.google.gson.Gson.toJson(Unknown Source)
	at com.google.gson.Gson.toJson(Unknown Source)
	at com.google.gson.Gson.toJson(Unknown Source)
	at com.google.gson.Gson.toJson(Unknown Source)
	at com.browserstack.utils.ObservabilityUtilityMethods.getDestructuredDPParameters(Unknown Source)
	at com.browserstack.utils.ObservabilityUtilityMethods.populateTestDataForBSTestOps(Unknown Source)
	at com.browserstack.testNgListeners.TmpSuiteListener.onTestSkipped(Unknown Source)
	at org.testng.internal.TestListenerHelper.runTestListeners(TestListenerHelper.java:87)
	at org.testng.internal.TestInvoker.runTestResultListener(TestInvoker.java:219)
	at org.testng.internal.TestInvoker.invokeListenersForSkippedTestResult(TestInvoker.java:447)
	at org.testng.internal.TestInvoker.invokeMethod(TestInvoker.java:545)
	at org.testng.internal.TestInvoker.invokeTestMethod(TestInvoker.java:173)
	at org.testng.internal.MethodRunner.runInSequence(MethodRunner.java:46)
	at org.testng.internal.TestInvoker$MethodInvocationAgent.invoke(TestInvoker.java:824)
	at org.testng.internal.TestInvoker.invokeTestMethods(TestInvoker.java:146)
	at org.testng.internal.TestMethodWorker.invokeTestMethods(TestMethodWorker.java:146)
	at org.testng.internal.TestMethodWorker.run(TestMethodWorker.java:128)
	at java.base/java.util.ArrayList.forEach(ArrayList.java:1511)
	at org.testng.TestRunner.privateRun(TestRunner.java:794)
	at org.testng.TestRunner.run(TestRunner.java:596)
	at org.testng.SuiteRunner.runTest(SuiteRunner.java:377)
	at org.testng.SuiteRunner.access$000(SuiteRunner.java:28)
	at org.testng.SuiteRunner$SuiteWorker.run(SuiteRunner.java:418)
	at org.testng.internal.thread.ThreadUtil.lambda$execute$0(ThreadUtil.java:64)
	at java.base/java.util.concurrent.FutureTask.run(FutureTask.java:264)
	at java.base/java.util.concurrent.ThreadPoolExecutor.runWorker(ThreadPoolExecutor.java:1136)
	at java.base/java.util.concurrent.ThreadPoolExecutor$Worker.run(ThreadPoolExecutor.java:635)
	at java.base/java.lang.Thread.run(Thread.java:833)
Caused by: compile error: no such field: wsEndpoint
	at javassist.compiler.TypeChecker.fieldAccess(Unknown Source)
	at javassist.compiler.TypeChecker.atFieldAssign(Unknown Source)
	at javassist.compiler.JvstTypeChecker.atFieldAssign(Unknown Source)
	at javassist.compiler.TypeChecker.atAssignExpr(Unknown Source)
	at javassist.compiler.ast.AssignExpr.accept(Unknown Source)
	at javassist.compiler.CodeGen.doTypeCheck(Unknown Source)
	at javassist.compiler.CodeGen.atStmnt(Unknown Source)
	at javassist.compiler.ast.Stmnt.accept(Unknown Source)
	at javassist.compiler.Javac.compileStmnt(Unknown Source)
	... 46 more
]]></system-err>
  </testcase>
  <testcase name="customerLogin" classname="com.perficient.testCases.Desktop.purdy.Verify_Login_Page_with_valid_credentials" time="0">
    <skipped message="{&quot;value&quot;:{&quot;error&quot;:&quot;unknown method&quot;,&quot;message&quot;:&quot;Not implemented yet for pageLoad.&quot;,&quot;stacktrace&quot;:&quot;NotImplementedError: Not implemented yet for pageLoad.\n    at AndroidUiautomator2Driver.pageLoadTimeoutW3C (/nix/store/a4f03fnyb1njsg95d11hrirds8hfjsc1-appium-1.17.0/node_modules/appium-uiautomator2-driver/node_modules/appium-base-driver/lib/basedriver/commands/timeout.js:83:9)\n    at AndroidUiautomator2Driver.timeouts (/nix/store/a4f03fnyb1njsg95d11hrirds8hfjsc1-appium-1.17.0/node_modules/appium-uiautomator2-driver/node_modules/appium-base-driver/lib/basedriver/commands/timeout.js:40:16)\n    at commandExecutor (/nix/store/a4f03fnyb1njsg95d11hrirds8hfjsc1-appium-1.17.0/node_modules/appium-uiautomator2-driver/node_modules/appium-base-driver/lib/basedriver/driver.js:330:9)\n    at /nix/store/a4f03fnyb1njsg95d11hrirds8hfjsc1-appium-1.17.0/node_modules/appium-uiautomator2-driver/node_modules/async-lock/lib/index.js:125:12\n    at AsyncLock._promiseTry (/nix/store/a4f03fnyb1njsg95d11hrirds8hfjsc1-appium-1.17.0/node_modules/appium-uiautomator2-driver/node_modules/async-lock/lib/index.js:249:31)\n    at exec (/nix/store/a4f03fnyb1njsg95d11hrirds8hfjsc1-appium-1.17.0/node_modules/appium-uiautomator2-driver/node_modules/async-lock/lib/index.js:124:9)\n    at AsyncLock.acquire (/nix/store/a4f03fnyb1njsg95d11hrirds8hfjsc1-appium-1.17.0/node_modules/appium-uiautomator2-driver/node_modules/async-lock/lib/index.js:140:3)\n    at AndroidUiautomator2Driver.executeCommand (/nix/store/a4f03fnyb1njsg95d11hrirds8hfjsc1-appium-1.17.0/node_modules/appium-uiautomator2-driver/node_modules/appium-base-driver/lib/basedriver/driver.js:343:39)\n    at AppiumDriver.executeCommand (/nix/store/a4f03fnyb1njsg95d11hrirds8hfjsc1-appium-1.17.0/lib/appium.js:534:36)\n    at processTicksAndRejections (internal/process/task_queues.js:97:5)\n    at asyncHandler (/nix/store/a4f03fnyb1njsg95d11hrirds8hfjsc1-appium-1.17.0/node_modules/appium-base-driver/lib/protocol/protocol.js:309:21)&quot;}}&#10;Command duration or timeout: 204 milliseconds&#10;Build info: version: &apos;4.6.0&apos;, revision: &apos;79f1c02ae20&apos;&#10;System info: os.name: &apos;Windows 10&apos;, os.arch: &apos;amd64&apos;, os.version: &apos;10.0&apos;, java.version: &apos;17.0.6&apos;&#10;Driver info: org.openqa.selenium.chrome.ChromeDriver&#10;Command: [a29dd1f03c8c751d9fa76878e8616b899b1a6045, setTimeout {pageLoad=50000}]&#10;Capabilities {acceptInsecureCerts: true, appActivity: org.wikipedia.main.MainActi..., appPackage: org.wikipedia.alpha, automationName: uiautomator2, bstack:options: {appiumVersion: 1.17.0, buildIdentifier: #38, hostName: ZIL1280, localIdentifier: 18_Dec_1814_ZIL1280_HpYf}, chromeOptions: {args: [--no-sandbox, --window-size=1920x1080, --start-maximized, --disable-dev-shm-usage, --disable-popup-blocking, --remote-allow-origins=*, user-agent=test-automation-..., --ignore-certificate-errors]}, chromedriverPort: 8085, chromedriverPorts: [[18155, 18165]], databaseEnabled: false, desired: {acceptInsecureCerts: true, appActivity: org.wikipedia.main.MainActi..., appPackage: org.wikipedia.alpha, automationName: uiautomator2, bstack:options: {appiumVersion: 1.17.0, buildIdentifier: #38, hostName: ZIL1280, localIdentifier: 18_Dec_1814_ZIL1280_HpYf}, chromeOptions: {args: [--no-sandbox, --window-size=1920x1080, --start-maximized, --disable-dev-shm-usage, --disable-popup-blocking, --remote-allow-origins=*, user-agent=test-automation-..., --ignore-certificate-errors]}, chromedriverPort: 8085, chromedriverPorts: [[18155, 18165]], deviceName: Android, disableSuppressAccessibilityService: true, goog:chromeOptions: {args: [--no-sandbox, --window-size=1920x1080, --start-maximized, --disable-dev-shm-usage, --disable-popup-blocking, --remote-allow-origins=*, user-agent=test-automation-..., --ignore-certificate-errors]}, nativeWebScreenshot: true, newCommandTimeout: 0, platformName: Android, skipServerInstallation: true, systemPort: 8205, udid: a68008dd}, deviceApiLevel: 30, deviceManufacturer: OnePlus, deviceModel: LE2113, deviceName: a68008dd, deviceScreenDensity: 450, deviceScreenSize: 1080x2400, deviceUDID: a68008dd, disableSuppressAccessibilityService: true, goog:chromeOptions: {args: [--no-sandbox, --window-size=1920x1080, --start-maximized, --disable-dev-shm-usage, --disable-popup-blocking, --remote-allow-origins=*, user-agent=test-automation-..., --ignore-certificate-errors]}, javascriptEnabled: true, locationContextEnabled: false, nativeWebScreenshot: true, networkConnectionEnabled: true, newCommandTimeout: 0, optimalHubUrl: hub-euw.browserstack.com, pixelRatio: 2.8125, platform: LINUX, platformName: ANDROID, platformVersion: 11, skipServerInstallation: true, statBarHeight: 104, systemPort: 8205, takesScreenshot: true, udid: a68008dd, viewportRect: {height: 2058, left: 0, top: 104, width: 1080}, warnings: {}, webStorageEnabled: false}&#10;Session ID: a29dd1f03c8c751d9fa76878e8616b899b1a6045"/>
  </testcase>
  <testcase name="redirectToLoginPage" classname="com.perficient.testCases.Desktop.purdy.Verify_Login_Page_with_valid_credentials" time="0">
    <skipped message="{&quot;value&quot;:{&quot;error&quot;:&quot;unknown method&quot;,&quot;message&quot;:&quot;Not implemented yet for pageLoad.&quot;,&quot;stacktrace&quot;:&quot;NotImplementedError: Not implemented yet for pageLoad.\n    at AndroidUiautomator2Driver.pageLoadTimeoutW3C (/nix/store/a4f03fnyb1njsg95d11hrirds8hfjsc1-appium-1.17.0/node_modules/appium-uiautomator2-driver/node_modules/appium-base-driver/lib/basedriver/commands/timeout.js:83:9)\n    at AndroidUiautomator2Driver.timeouts (/nix/store/a4f03fnyb1njsg95d11hrirds8hfjsc1-appium-1.17.0/node_modules/appium-uiautomator2-driver/node_modules/appium-base-driver/lib/basedriver/commands/timeout.js:40:16)\n    at commandExecutor (/nix/store/a4f03fnyb1njsg95d11hrirds8hfjsc1-appium-1.17.0/node_modules/appium-uiautomator2-driver/node_modules/appium-base-driver/lib/basedriver/driver.js:330:9)\n    at /nix/store/a4f03fnyb1njsg95d11hrirds8hfjsc1-appium-1.17.0/node_modules/appium-uiautomator2-driver/node_modules/async-lock/lib/index.js:125:12\n    at AsyncLock._promiseTry (/nix/store/a4f03fnyb1njsg95d11hrirds8hfjsc1-appium-1.17.0/node_modules/appium-uiautomator2-driver/node_modules/async-lock/lib/index.js:249:31)\n    at exec (/nix/store/a4f03fnyb1njsg95d11hrirds8hfjsc1-appium-1.17.0/node_modules/appium-uiautomator2-driver/node_modules/async-lock/lib/index.js:124:9)\n    at AsyncLock.acquire (/nix/store/a4f03fnyb1njsg95d11hrirds8hfjsc1-appium-1.17.0/node_modules/appium-uiautomator2-driver/node_modules/async-lock/lib/index.js:140:3)\n    at AndroidUiautomator2Driver.executeCommand (/nix/store/a4f03fnyb1njsg95d11hrirds8hfjsc1-appium-1.17.0/node_modules/appium-uiautomator2-driver/node_modules/appium-base-driver/lib/basedriver/driver.js:343:39)\n    at AppiumDriver.executeCommand (/nix/store/a4f03fnyb1njsg95d11hrirds8hfjsc1-appium-1.17.0/lib/appium.js:534:36)\n    at runMicrotasks (&lt;anonymous&gt;)\n    at processTicksAndRejections (internal/process/task_queues.js:97:5)\n    at asyncHandler (/nix/store/a4f03fnyb1njsg95d11hrirds8hfjsc1-appium-1.17.0/node_modules/appium-base-driver/lib/protocol/protocol.js:309:21)&quot;}}&#10;Command duration or timeout: 53 milliseconds&#10;Build info: version: &apos;4.6.0&apos;, revision: &apos;79f1c02ae20&apos;&#10;System info: os.name: &apos;Windows 10&apos;, os.arch: &apos;amd64&apos;, os.version: &apos;10.0&apos;, java.version: &apos;17.0.6&apos;&#10;Driver info: org.openqa.selenium.chrome.ChromeDriver&#10;Command: [307b2860512b0e8748c6346fcecc0cc57a861024, setTimeout {pageLoad=50000}]&#10;Capabilities {acceptInsecureCerts: true, appActivity: org.wikipedia.main.MainActi..., appPackage: org.wikipedia.alpha, automationName: uiautomator2, bstack:options: {appiumVersion: 1.17.0, buildIdentifier: #38, hostName: ZIL1280, localIdentifier: 18_Dec_1814_ZIL1280_HpYf}, chromeOptions: {args: [--no-sandbox, --window-size=1920x1080, --start-maximized, --disable-dev-shm-usage, --disable-popup-blocking, --remote-allow-origins=*, user-agent=test-automation-..., --ignore-certificate-errors]}, chromedriverArgs: [--adb-port=5038], chromedriverPort: 18080, chromedriverPorts: [[18100, 18110]], databaseEnabled: false, desired: {acceptInsecureCerts: true, appActivity: org.wikipedia.main.MainActi..., appPackage: org.wikipedia.alpha, automationName: uiautomator2, bstack:options: {appiumVersion: 1.17.0, buildIdentifier: #38, hostName: ZIL1280, localIdentifier: 18_Dec_1814_ZIL1280_HpYf}, chromeOptions: {args: [--no-sandbox, --window-size=1920x1080, --start-maximized, --disable-dev-shm-usage, --disable-popup-blocking, --remote-allow-origins=*, user-agent=test-automation-..., --ignore-certificate-errors]}, chromedriverArgs: [--adb-port=5038], chromedriverPort: 18080, chromedriverPorts: [[18100, 18110]], deviceName: Android, disableSuppressAccessibilityService: true, goog:chromeOptions: {args: [--no-sandbox, --window-size=1920x1080, --start-maximized, --disable-dev-shm-usage, --disable-popup-blocking, --remote-allow-origins=*, user-agent=test-automation-..., --ignore-certificate-errors]}, nativeWebScreenshot: true, newCommandTimeout: 0, platformName: Android, skipServerInstallation: true, systemPort: 8200, udid: 28201FDH300JRK}, deviceApiLevel: 33, deviceManufacturer: Google, deviceModel: Pixel 7 Pro, deviceName: 28201FDH300JRK, deviceScreenDensity: 420, deviceScreenSize: 1080x2340, deviceUDID: 28201FDH300JRK, disableSuppressAccessibilityService: true, goog:chromeOptions: {args: [--no-sandbox, --window-size=1920x1080, --start-maximized, --disable-dev-shm-usage, --disable-popup-blocking, --remote-allow-origins=*, user-agent=test-automation-..., --ignore-certificate-errors]}, javascriptEnabled: true, locationContextEnabled: false, nativeWebScreenshot: true, networkConnectionEnabled: true, newCommandTimeout: 0, optimalHubUrl: hub-aps.browserstack.com, pixelRatio: 2.625, platform: LINUX, platformName: ANDROID, platformVersion: 13, skipServerInstallation: true, statBarHeight: 130, systemPort: 8200, takesScreenshot: true, udid: 28201FDH300JRK, viewportRect: {height: 2049, left: 0, top: 130, width: 1080}, warnings: {}, webStorageEnabled: false}&#10;Session ID: 307b2860512b0e8748c6346fcecc0cc57a861024"/>
    <system-err><![CDATA[Dec 18, 2023 6:19:22 PM com.perficient.testCases.Desktop.purdy.Verify_Login_Page_with_valid_credentials afterMethod
INFO: customerLogin : pass
]]></system-err>
  </testcase>
  <testcase name="redirectToLoginPage" classname="com.perficient.testCases.Desktop.purdy.Verify_Login_Page_with_valid_credentials" time="0">
    <skipped message="{&quot;value&quot;:{&quot;error&quot;:&quot;unknown method&quot;,&quot;message&quot;:&quot;Not implemented yet for pageLoad.&quot;,&quot;stacktrace&quot;:&quot;NotImplementedError: Not implemented yet for pageLoad.\n    at AndroidUiautomator2Driver.pageLoadTimeoutW3C (/nix/store/a4f03fnyb1njsg95d11hrirds8hfjsc1-appium-1.17.0/node_modules/appium-uiautomator2-driver/node_modules/appium-base-driver/lib/basedriver/commands/timeout.js:83:9)\n    at AndroidUiautomator2Driver.timeouts (/nix/store/a4f03fnyb1njsg95d11hrirds8hfjsc1-appium-1.17.0/node_modules/appium-uiautomator2-driver/node_modules/appium-base-driver/lib/basedriver/commands/timeout.js:40:16)\n    at commandExecutor (/nix/store/a4f03fnyb1njsg95d11hrirds8hfjsc1-appium-1.17.0/node_modules/appium-uiautomator2-driver/node_modules/appium-base-driver/lib/basedriver/driver.js:330:9)\n    at /nix/store/a4f03fnyb1njsg95d11hrirds8hfjsc1-appium-1.17.0/node_modules/appium-uiautomator2-driver/node_modules/async-lock/lib/index.js:125:12\n    at AsyncLock._promiseTry (/nix/store/a4f03fnyb1njsg95d11hrirds8hfjsc1-appium-1.17.0/node_modules/appium-uiautomator2-driver/node_modules/async-lock/lib/index.js:249:31)\n    at exec (/nix/store/a4f03fnyb1njsg95d11hrirds8hfjsc1-appium-1.17.0/node_modules/appium-uiautomator2-driver/node_modules/async-lock/lib/index.js:124:9)\n    at AsyncLock.acquire (/nix/store/a4f03fnyb1njsg95d11hrirds8hfjsc1-appium-1.17.0/node_modules/appium-uiautomator2-driver/node_modules/async-lock/lib/index.js:140:3)\n    at AndroidUiautomator2Driver.executeCommand (/nix/store/a4f03fnyb1njsg95d11hrirds8hfjsc1-appium-1.17.0/node_modules/appium-uiautomator2-driver/node_modules/appium-base-driver/lib/basedriver/driver.js:343:39)\n    at AppiumDriver.executeCommand (/nix/store/a4f03fnyb1njsg95d11hrirds8hfjsc1-appium-1.17.0/lib/appium.js:534:36)\n    at runMicrotasks (&lt;anonymous&gt;)\n    at processTicksAndRejections (internal/process/task_queues.js:97:5)\n    at asyncHandler (/nix/store/a4f03fnyb1njsg95d11hrirds8hfjsc1-appium-1.17.0/node_modules/appium-base-driver/lib/protocol/protocol.js:309:21)&quot;}}&#10;Command duration or timeout: 55 milliseconds&#10;Build info: version: &apos;4.6.0&apos;, revision: &apos;79f1c02ae20&apos;&#10;System info: os.name: &apos;Windows 10&apos;, os.arch: &apos;amd64&apos;, os.version: &apos;10.0&apos;, java.version: &apos;17.0.6&apos;&#10;Driver info: org.openqa.selenium.chrome.ChromeDriver&#10;Command: [f4a668b44615bd0b3cf6005311b11cff484bf37b, setTimeout {pageLoad=50000}]&#10;Capabilities {acceptInsecureCerts: true, appActivity: org.wikipedia.main.MainActi..., appPackage: org.wikipedia.alpha, automationName: uiautomator2, bstack:options: {appiumVersion: 1.17.0, buildIdentifier: #38, hostName: ZIL1280, localIdentifier: 18_Dec_1814_ZIL1280_HpYf}, chromeOptions: {args: [--no-sandbox, --window-size=1920x1080, --start-maximized, --disable-dev-shm-usage, --disable-popup-blocking, --remote-allow-origins=*, user-agent=test-automation-..., --ignore-certificate-errors]}, chromedriverPort: 18083, chromedriverPorts: [[18133, 18143]], databaseEnabled: false, desired: {acceptInsecureCerts: true, appActivity: org.wikipedia.main.MainActi..., appPackage: org.wikipedia.alpha, automationName: uiautomator2, bstack:options: {appiumVersion: 1.17.0, buildIdentifier: #38, hostName: ZIL1280, localIdentifier: 18_Dec_1814_ZIL1280_HpYf}, chromeOptions: {args: [--no-sandbox, --window-size=1920x1080, --start-maximized, --disable-dev-shm-usage, --disable-popup-blocking, --remote-allow-origins=*, user-agent=test-automation-..., --ignore-certificate-errors]}, chromedriverPort: 18083, chromedriverPorts: [[18133, 18143]], deviceName: Android, disableSuppressAccessibilityService: true, goog:chromeOptions: {args: [--no-sandbox, --window-size=1920x1080, --start-maximized, --disable-dev-shm-usage, --disable-popup-blocking, --remote-allow-origins=*, user-agent=test-automation-..., --ignore-certificate-errors]}, nativeWebScreenshot: true, newCommandTimeout: 0, platformName: Android, skipServerInstallation: true, systemPort: 8203, udid: R5CT238SA7H}, deviceApiLevel: 31, deviceManufacturer: samsung, deviceModel: SM-S908E, deviceName: R5CT238SA7H, deviceScreenDensity: 450, deviceScreenSize: 1080x2316, deviceUDID: R5CT238SA7H, disableSuppressAccessibilityService: true, goog:chromeOptions: {args: [--no-sandbox, --window-size=1920x1080, --start-maximized, --disable-dev-shm-usage, --disable-popup-blocking, --remote-allow-origins=*, user-agent=test-automation-..., --ignore-certificate-errors]}, javascriptEnabled: true, locationContextEnabled: false, nativeWebScreenshot: true, networkConnectionEnabled: true, newCommandTimeout: 0, optimalHubUrl: hub-aps.browserstack.com, pixelRatio: 2.8125, platform: LINUX, platformName: ANDROID, platformVersion: 12, skipServerInstallation: true, statBarHeight: 75, systemPort: 8203, takesScreenshot: true, udid: R5CT238SA7H, viewportRect: {height: 2031, left: 0, top: 75, width: 1080}, warnings: {}, webStorageEnabled: false}&#10;Session ID: f4a668b44615bd0b3cf6005311b11cff484bf37b"/>
    <system-err><![CDATA[Dec 18, 2023 6:19:22 PM com.perficient.testCases.Desktop.purdy.Verify_Login_Page_with_valid_credentials afterMethod
INFO: customerLogin : pass
]]></system-err>
  </testcase>
  <testcase name="redirectToLoginPage" classname="com.perficient.testCases.Desktop.purdy.Verify_Login_Page_with_valid_credentials" time="0">
    <skipped message="{&quot;value&quot;:{&quot;error&quot;:&quot;unknown method&quot;,&quot;message&quot;:&quot;Not implemented yet for pageLoad.&quot;,&quot;stacktrace&quot;:&quot;NotImplementedError: Not implemented yet for pageLoad.\n    at AndroidUiautomator2Driver.pageLoadTimeoutW3C (/nix/store/a4f03fnyb1njsg95d11hrirds8hfjsc1-appium-1.17.0/node_modules/appium-uiautomator2-driver/node_modules/appium-base-driver/lib/basedriver/commands/timeout.js:83:9)\n    at AndroidUiautomator2Driver.timeouts (/nix/store/a4f03fnyb1njsg95d11hrirds8hfjsc1-appium-1.17.0/node_modules/appium-uiautomator2-driver/node_modules/appium-base-driver/lib/basedriver/commands/timeout.js:40:16)\n    at commandExecutor (/nix/store/a4f03fnyb1njsg95d11hrirds8hfjsc1-appium-1.17.0/node_modules/appium-uiautomator2-driver/node_modules/appium-base-driver/lib/basedriver/driver.js:330:9)\n    at /nix/store/a4f03fnyb1njsg95d11hrirds8hfjsc1-appium-1.17.0/node_modules/appium-uiautomator2-driver/node_modules/async-lock/lib/index.js:125:12\n    at AsyncLock._promiseTry (/nix/store/a4f03fnyb1njsg95d11hrirds8hfjsc1-appium-1.17.0/node_modules/appium-uiautomator2-driver/node_modules/async-lock/lib/index.js:249:31)\n    at exec (/nix/store/a4f03fnyb1njsg95d11hrirds8hfjsc1-appium-1.17.0/node_modules/appium-uiautomator2-driver/node_modules/async-lock/lib/index.js:124:9)\n    at AsyncLock.acquire (/nix/store/a4f03fnyb1njsg95d11hrirds8hfjsc1-appium-1.17.0/node_modules/appium-uiautomator2-driver/node_modules/async-lock/lib/index.js:140:3)\n    at AndroidUiautomator2Driver.executeCommand (/nix/store/a4f03fnyb1njsg95d11hrirds8hfjsc1-appium-1.17.0/node_modules/appium-uiautomator2-driver/node_modules/appium-base-driver/lib/basedriver/driver.js:343:39)\n    at AppiumDriver.executeCommand (/nix/store/a4f03fnyb1njsg95d11hrirds8hfjsc1-appium-1.17.0/lib/appium.js:534:36)\n    at processTicksAndRejections (internal/process/task_queues.js:97:5)\n    at asyncHandler (/nix/store/a4f03fnyb1njsg95d11hrirds8hfjsc1-appium-1.17.0/node_modules/appium-base-driver/lib/protocol/protocol.js:309:21)&quot;}}&#10;Command duration or timeout: 204 milliseconds&#10;Build info: version: &apos;4.6.0&apos;, revision: &apos;79f1c02ae20&apos;&#10;System info: os.name: &apos;Windows 10&apos;, os.arch: &apos;amd64&apos;, os.version: &apos;10.0&apos;, java.version: &apos;17.0.6&apos;&#10;Driver info: org.openqa.selenium.chrome.ChromeDriver&#10;Command: [a29dd1f03c8c751d9fa76878e8616b899b1a6045, setTimeout {pageLoad=50000}]&#10;Capabilities {acceptInsecureCerts: true, appActivity: org.wikipedia.main.MainActi..., appPackage: org.wikipedia.alpha, automationName: uiautomator2, bstack:options: {appiumVersion: 1.17.0, buildIdentifier: #38, hostName: ZIL1280, localIdentifier: 18_Dec_1814_ZIL1280_HpYf}, chromeOptions: {args: [--no-sandbox, --window-size=1920x1080, --start-maximized, --disable-dev-shm-usage, --disable-popup-blocking, --remote-allow-origins=*, user-agent=test-automation-..., --ignore-certificate-errors]}, chromedriverPort: 8085, chromedriverPorts: [[18155, 18165]], databaseEnabled: false, desired: {acceptInsecureCerts: true, appActivity: org.wikipedia.main.MainActi..., appPackage: org.wikipedia.alpha, automationName: uiautomator2, bstack:options: {appiumVersion: 1.17.0, buildIdentifier: #38, hostName: ZIL1280, localIdentifier: 18_Dec_1814_ZIL1280_HpYf}, chromeOptions: {args: [--no-sandbox, --window-size=1920x1080, --start-maximized, --disable-dev-shm-usage, --disable-popup-blocking, --remote-allow-origins=*, user-agent=test-automation-..., --ignore-certificate-errors]}, chromedriverPort: 8085, chromedriverPorts: [[18155, 18165]], deviceName: Android, disableSuppressAccessibilityService: true, goog:chromeOptions: {args: [--no-sandbox, --window-size=1920x1080, --start-maximized, --disable-dev-shm-usage, --disable-popup-blocking, --remote-allow-origins=*, user-agent=test-automation-..., --ignore-certificate-errors]}, nativeWebScreenshot: true, newCommandTimeout: 0, platformName: Android, skipServerInstallation: true, systemPort: 8205, udid: a68008dd}, deviceApiLevel: 30, deviceManufacturer: OnePlus, deviceModel: LE2113, deviceName: a68008dd, deviceScreenDensity: 450, deviceScreenSize: 1080x2400, deviceUDID: a68008dd, disableSuppressAccessibilityService: true, goog:chromeOptions: {args: [--no-sandbox, --window-size=1920x1080, --start-maximized, --disable-dev-shm-usage, --disable-popup-blocking, --remote-allow-origins=*, user-agent=test-automation-..., --ignore-certificate-errors]}, javascriptEnabled: true, locationContextEnabled: false, nativeWebScreenshot: true, networkConnectionEnabled: true, newCommandTimeout: 0, optimalHubUrl: hub-euw.browserstack.com, pixelRatio: 2.8125, platform: LINUX, platformName: ANDROID, platformVersion: 11, skipServerInstallation: true, statBarHeight: 104, systemPort: 8205, takesScreenshot: true, udid: a68008dd, viewportRect: {height: 2058, left: 0, top: 104, width: 1080}, warnings: {}, webStorageEnabled: false}&#10;Session ID: a29dd1f03c8c751d9fa76878e8616b899b1a6045"/>
    <system-err><![CDATA[Dec 18, 2023 6:19:26 PM com.perficient.testCases.Desktop.purdy.Verify_Login_Page_with_valid_credentials afterMethod
INFO: customerLogin : pass
]]></system-err>
  </testcase>
  <testcase name="homePageValidationAfterLogin" classname="com.perficient.testCases.Desktop.purdy.Verify_Login_Page_with_valid_credentials" time="0">
    <skipped message="{&quot;value&quot;:{&quot;error&quot;:&quot;unknown method&quot;,&quot;message&quot;:&quot;Not implemented yet for pageLoad.&quot;,&quot;stacktrace&quot;:&quot;NotImplementedError: Not implemented yet for pageLoad.\n    at AndroidUiautomator2Driver.pageLoadTimeoutW3C (/nix/store/a4f03fnyb1njsg95d11hrirds8hfjsc1-appium-1.17.0/node_modules/appium-uiautomator2-driver/node_modules/appium-base-driver/lib/basedriver/commands/timeout.js:83:9)\n    at AndroidUiautomator2Driver.timeouts (/nix/store/a4f03fnyb1njsg95d11hrirds8hfjsc1-appium-1.17.0/node_modules/appium-uiautomator2-driver/node_modules/appium-base-driver/lib/basedriver/commands/timeout.js:40:16)\n    at commandExecutor (/nix/store/a4f03fnyb1njsg95d11hrirds8hfjsc1-appium-1.17.0/node_modules/appium-uiautomator2-driver/node_modules/appium-base-driver/lib/basedriver/driver.js:330:9)\n    at /nix/store/a4f03fnyb1njsg95d11hrirds8hfjsc1-appium-1.17.0/node_modules/appium-uiautomator2-driver/node_modules/async-lock/lib/index.js:125:12\n    at AsyncLock._promiseTry (/nix/store/a4f03fnyb1njsg95d11hrirds8hfjsc1-appium-1.17.0/node_modules/appium-uiautomator2-driver/node_modules/async-lock/lib/index.js:249:31)\n    at exec (/nix/store/a4f03fnyb1njsg95d11hrirds8hfjsc1-appium-1.17.0/node_modules/appium-uiautomator2-driver/node_modules/async-lock/lib/index.js:124:9)\n    at AsyncLock.acquire (/nix/store/a4f03fnyb1njsg95d11hrirds8hfjsc1-appium-1.17.0/node_modules/appium-uiautomator2-driver/node_modules/async-lock/lib/index.js:140:3)\n    at AndroidUiautomator2Driver.executeCommand (/nix/store/a4f03fnyb1njsg95d11hrirds8hfjsc1-appium-1.17.0/node_modules/appium-uiautomator2-driver/node_modules/appium-base-driver/lib/basedriver/driver.js:343:39)\n    at AppiumDriver.executeCommand (/nix/store/a4f03fnyb1njsg95d11hrirds8hfjsc1-appium-1.17.0/lib/appium.js:534:36)\n    at runMicrotasks (&lt;anonymous&gt;)\n    at processTicksAndRejections (internal/process/task_queues.js:97:5)\n    at asyncHandler (/nix/store/a4f03fnyb1njsg95d11hrirds8hfjsc1-appium-1.17.0/node_modules/appium-base-driver/lib/protocol/protocol.js:309:21)&quot;}}&#10;Command duration or timeout: 53 milliseconds&#10;Build info: version: &apos;4.6.0&apos;, revision: &apos;79f1c02ae20&apos;&#10;System info: os.name: &apos;Windows 10&apos;, os.arch: &apos;amd64&apos;, os.version: &apos;10.0&apos;, java.version: &apos;17.0.6&apos;&#10;Driver info: org.openqa.selenium.chrome.ChromeDriver&#10;Command: [307b2860512b0e8748c6346fcecc0cc57a861024, setTimeout {pageLoad=50000}]&#10;Capabilities {acceptInsecureCerts: true, appActivity: org.wikipedia.main.MainActi..., appPackage: org.wikipedia.alpha, automationName: uiautomator2, bstack:options: {appiumVersion: 1.17.0, buildIdentifier: #38, hostName: ZIL1280, localIdentifier: 18_Dec_1814_ZIL1280_HpYf}, chromeOptions: {args: [--no-sandbox, --window-size=1920x1080, --start-maximized, --disable-dev-shm-usage, --disable-popup-blocking, --remote-allow-origins=*, user-agent=test-automation-..., --ignore-certificate-errors]}, chromedriverArgs: [--adb-port=5038], chromedriverPort: 18080, chromedriverPorts: [[18100, 18110]], databaseEnabled: false, desired: {acceptInsecureCerts: true, appActivity: org.wikipedia.main.MainActi..., appPackage: org.wikipedia.alpha, automationName: uiautomator2, bstack:options: {appiumVersion: 1.17.0, buildIdentifier: #38, hostName: ZIL1280, localIdentifier: 18_Dec_1814_ZIL1280_HpYf}, chromeOptions: {args: [--no-sandbox, --window-size=1920x1080, --start-maximized, --disable-dev-shm-usage, --disable-popup-blocking, --remote-allow-origins=*, user-agent=test-automation-..., --ignore-certificate-errors]}, chromedriverArgs: [--adb-port=5038], chromedriverPort: 18080, chromedriverPorts: [[18100, 18110]], deviceName: Android, disableSuppressAccessibilityService: true, goog:chromeOptions: {args: [--no-sandbox, --window-size=1920x1080, --start-maximized, --disable-dev-shm-usage, --disable-popup-blocking, --remote-allow-origins=*, user-agent=test-automation-..., --ignore-certificate-errors]}, nativeWebScreenshot: true, newCommandTimeout: 0, platformName: Android, skipServerInstallation: true, systemPort: 8200, udid: 28201FDH300JRK}, deviceApiLevel: 33, deviceManufacturer: Google, deviceModel: Pixel 7 Pro, deviceName: 28201FDH300JRK, deviceScreenDensity: 420, deviceScreenSize: 1080x2340, deviceUDID: 28201FDH300JRK, disableSuppressAccessibilityService: true, goog:chromeOptions: {args: [--no-sandbox, --window-size=1920x1080, --start-maximized, --disable-dev-shm-usage, --disable-popup-blocking, --remote-allow-origins=*, user-agent=test-automation-..., --ignore-certificate-errors]}, javascriptEnabled: true, locationContextEnabled: false, nativeWebScreenshot: true, networkConnectionEnabled: true, newCommandTimeout: 0, optimalHubUrl: hub-aps.browserstack.com, pixelRatio: 2.625, platform: LINUX, platformName: ANDROID, platformVersion: 13, skipServerInstallation: true, statBarHeight: 130, systemPort: 8200, takesScreenshot: true, udid: 28201FDH300JRK, viewportRect: {height: 2049, left: 0, top: 130, width: 1080}, warnings: {}, webStorageEnabled: false}&#10;Session ID: 307b2860512b0e8748c6346fcecc0cc57a861024"/>
    <system-err><![CDATA[Dec 18, 2023 6:19:23 PM com.perficient.testCases.Desktop.purdy.Verify_Login_Page_with_valid_credentials afterMethod
INFO: redirectToLoginPage : pass
Dec 18, 2023 6:19:23 PM com.perficient.testCases.Desktop.purdy.Verify_Login_Page_with_valid_credentials afterMethod
INFO: redirectToLoginPage : pass
]]></system-err>
  </testcase>
  <testcase name="homePageValidationAfterLogin" classname="com.perficient.testCases.Desktop.purdy.Verify_Login_Page_with_valid_credentials" time="0">
    <skipped message="{&quot;value&quot;:{&quot;error&quot;:&quot;unknown method&quot;,&quot;message&quot;:&quot;Not implemented yet for pageLoad.&quot;,&quot;stacktrace&quot;:&quot;NotImplementedError: Not implemented yet for pageLoad.\n    at AndroidUiautomator2Driver.pageLoadTimeoutW3C (/nix/store/a4f03fnyb1njsg95d11hrirds8hfjsc1-appium-1.17.0/node_modules/appium-uiautomator2-driver/node_modules/appium-base-driver/lib/basedriver/commands/timeout.js:83:9)\n    at AndroidUiautomator2Driver.timeouts (/nix/store/a4f03fnyb1njsg95d11hrirds8hfjsc1-appium-1.17.0/node_modules/appium-uiautomator2-driver/node_modules/appium-base-driver/lib/basedriver/commands/timeout.js:40:16)\n    at commandExecutor (/nix/store/a4f03fnyb1njsg95d11hrirds8hfjsc1-appium-1.17.0/node_modules/appium-uiautomator2-driver/node_modules/appium-base-driver/lib/basedriver/driver.js:330:9)\n    at /nix/store/a4f03fnyb1njsg95d11hrirds8hfjsc1-appium-1.17.0/node_modules/appium-uiautomator2-driver/node_modules/async-lock/lib/index.js:125:12\n    at AsyncLock._promiseTry (/nix/store/a4f03fnyb1njsg95d11hrirds8hfjsc1-appium-1.17.0/node_modules/appium-uiautomator2-driver/node_modules/async-lock/lib/index.js:249:31)\n    at exec (/nix/store/a4f03fnyb1njsg95d11hrirds8hfjsc1-appium-1.17.0/node_modules/appium-uiautomator2-driver/node_modules/async-lock/lib/index.js:124:9)\n    at AsyncLock.acquire (/nix/store/a4f03fnyb1njsg95d11hrirds8hfjsc1-appium-1.17.0/node_modules/appium-uiautomator2-driver/node_modules/async-lock/lib/index.js:140:3)\n    at AndroidUiautomator2Driver.executeCommand (/nix/store/a4f03fnyb1njsg95d11hrirds8hfjsc1-appium-1.17.0/node_modules/appium-uiautomator2-driver/node_modules/appium-base-driver/lib/basedriver/driver.js:343:39)\n    at AppiumDriver.executeCommand (/nix/store/a4f03fnyb1njsg95d11hrirds8hfjsc1-appium-1.17.0/lib/appium.js:534:36)\n    at runMicrotasks (&lt;anonymous&gt;)\n    at processTicksAndRejections (internal/process/task_queues.js:97:5)\n    at asyncHandler (/nix/store/a4f03fnyb1njsg95d11hrirds8hfjsc1-appium-1.17.0/node_modules/appium-base-driver/lib/protocol/protocol.js:309:21)&quot;}}&#10;Command duration or timeout: 55 milliseconds&#10;Build info: version: &apos;4.6.0&apos;, revision: &apos;79f1c02ae20&apos;&#10;System info: os.name: &apos;Windows 10&apos;, os.arch: &apos;amd64&apos;, os.version: &apos;10.0&apos;, java.version: &apos;17.0.6&apos;&#10;Driver info: org.openqa.selenium.chrome.ChromeDriver&#10;Command: [f4a668b44615bd0b3cf6005311b11cff484bf37b, setTimeout {pageLoad=50000}]&#10;Capabilities {acceptInsecureCerts: true, appActivity: org.wikipedia.main.MainActi..., appPackage: org.wikipedia.alpha, automationName: uiautomator2, bstack:options: {appiumVersion: 1.17.0, buildIdentifier: #38, hostName: ZIL1280, localIdentifier: 18_Dec_1814_ZIL1280_HpYf}, chromeOptions: {args: [--no-sandbox, --window-size=1920x1080, --start-maximized, --disable-dev-shm-usage, --disable-popup-blocking, --remote-allow-origins=*, user-agent=test-automation-..., --ignore-certificate-errors]}, chromedriverPort: 18083, chromedriverPorts: [[18133, 18143]], databaseEnabled: false, desired: {acceptInsecureCerts: true, appActivity: org.wikipedia.main.MainActi..., appPackage: org.wikipedia.alpha, automationName: uiautomator2, bstack:options: {appiumVersion: 1.17.0, buildIdentifier: #38, hostName: ZIL1280, localIdentifier: 18_Dec_1814_ZIL1280_HpYf}, chromeOptions: {args: [--no-sandbox, --window-size=1920x1080, --start-maximized, --disable-dev-shm-usage, --disable-popup-blocking, --remote-allow-origins=*, user-agent=test-automation-..., --ignore-certificate-errors]}, chromedriverPort: 18083, chromedriverPorts: [[18133, 18143]], deviceName: Android, disableSuppressAccessibilityService: true, goog:chromeOptions: {args: [--no-sandbox, --window-size=1920x1080, --start-maximized, --disable-dev-shm-usage, --disable-popup-blocking, --remote-allow-origins=*, user-agent=test-automation-..., --ignore-certificate-errors]}, nativeWebScreenshot: true, newCommandTimeout: 0, platformName: Android, skipServerInstallation: true, systemPort: 8203, udid: R5CT238SA7H}, deviceApiLevel: 31, deviceManufacturer: samsung, deviceModel: SM-S908E, deviceName: R5CT238SA7H, deviceScreenDensity: 450, deviceScreenSize: 1080x2316, deviceUDID: R5CT238SA7H, disableSuppressAccessibilityService: true, goog:chromeOptions: {args: [--no-sandbox, --window-size=1920x1080, --start-maximized, --disable-dev-shm-usage, --disable-popup-blocking, --remote-allow-origins=*, user-agent=test-automation-..., --ignore-certificate-errors]}, javascriptEnabled: true, locationContextEnabled: false, nativeWebScreenshot: true, networkConnectionEnabled: true, newCommandTimeout: 0, optimalHubUrl: hub-aps.browserstack.com, pixelRatio: 2.8125, platform: LINUX, platformName: ANDROID, platformVersion: 12, skipServerInstallation: true, statBarHeight: 75, systemPort: 8203, takesScreenshot: true, udid: R5CT238SA7H, viewportRect: {height: 2031, left: 0, top: 75, width: 1080}, warnings: {}, webStorageEnabled: false}&#10;Session ID: f4a668b44615bd0b3cf6005311b11cff484bf37b"/>
  </testcase>
  <testcase name="homePageValidationAfterLogin" classname="com.perficient.testCases.Desktop.purdy.Verify_Login_Page_with_valid_credentials" time="0">
    <skipped message="{&quot;value&quot;:{&quot;error&quot;:&quot;unknown method&quot;,&quot;message&quot;:&quot;Not implemented yet for pageLoad.&quot;,&quot;stacktrace&quot;:&quot;NotImplementedError: Not implemented yet for pageLoad.\n    at AndroidUiautomator2Driver.pageLoadTimeoutW3C (/nix/store/a4f03fnyb1njsg95d11hrirds8hfjsc1-appium-1.17.0/node_modules/appium-uiautomator2-driver/node_modules/appium-base-driver/lib/basedriver/commands/timeout.js:83:9)\n    at AndroidUiautomator2Driver.timeouts (/nix/store/a4f03fnyb1njsg95d11hrirds8hfjsc1-appium-1.17.0/node_modules/appium-uiautomator2-driver/node_modules/appium-base-driver/lib/basedriver/commands/timeout.js:40:16)\n    at commandExecutor (/nix/store/a4f03fnyb1njsg95d11hrirds8hfjsc1-appium-1.17.0/node_modules/appium-uiautomator2-driver/node_modules/appium-base-driver/lib/basedriver/driver.js:330:9)\n    at /nix/store/a4f03fnyb1njsg95d11hrirds8hfjsc1-appium-1.17.0/node_modules/appium-uiautomator2-driver/node_modules/async-lock/lib/index.js:125:12\n    at AsyncLock._promiseTry (/nix/store/a4f03fnyb1njsg95d11hrirds8hfjsc1-appium-1.17.0/node_modules/appium-uiautomator2-driver/node_modules/async-lock/lib/index.js:249:31)\n    at exec (/nix/store/a4f03fnyb1njsg95d11hrirds8hfjsc1-appium-1.17.0/node_modules/appium-uiautomator2-driver/node_modules/async-lock/lib/index.js:124:9)\n    at AsyncLock.acquire (/nix/store/a4f03fnyb1njsg95d11hrirds8hfjsc1-appium-1.17.0/node_modules/appium-uiautomator2-driver/node_modules/async-lock/lib/index.js:140:3)\n    at AndroidUiautomator2Driver.executeCommand (/nix/store/a4f03fnyb1njsg95d11hrirds8hfjsc1-appium-1.17.0/node_modules/appium-uiautomator2-driver/node_modules/appium-base-driver/lib/basedriver/driver.js:343:39)\n    at AppiumDriver.executeCommand (/nix/store/a4f03fnyb1njsg95d11hrirds8hfjsc1-appium-1.17.0/lib/appium.js:534:36)\n    at processTicksAndRejections (internal/process/task_queues.js:97:5)\n    at asyncHandler (/nix/store/a4f03fnyb1njsg95d11hrirds8hfjsc1-appium-1.17.0/node_modules/appium-base-driver/lib/protocol/protocol.js:309:21)&quot;}}&#10;Command duration or timeout: 204 milliseconds&#10;Build info: version: &apos;4.6.0&apos;, revision: &apos;79f1c02ae20&apos;&#10;System info: os.name: &apos;Windows 10&apos;, os.arch: &apos;amd64&apos;, os.version: &apos;10.0&apos;, java.version: &apos;17.0.6&apos;&#10;Driver info: org.openqa.selenium.chrome.ChromeDriver&#10;Command: [a29dd1f03c8c751d9fa76878e8616b899b1a6045, setTimeout {pageLoad=50000}]&#10;Capabilities {acceptInsecureCerts: true, appActivity: org.wikipedia.main.MainActi..., appPackage: org.wikipedia.alpha, automationName: uiautomator2, bstack:options: {appiumVersion: 1.17.0, buildIdentifier: #38, hostName: ZIL1280, localIdentifier: 18_Dec_1814_ZIL1280_HpYf}, chromeOptions: {args: [--no-sandbox, --window-size=1920x1080, --start-maximized, --disable-dev-shm-usage, --disable-popup-blocking, --remote-allow-origins=*, user-agent=test-automation-..., --ignore-certificate-errors]}, chromedriverPort: 8085, chromedriverPorts: [[18155, 18165]], databaseEnabled: false, desired: {acceptInsecureCerts: true, appActivity: org.wikipedia.main.MainActi..., appPackage: org.wikipedia.alpha, automationName: uiautomator2, bstack:options: {appiumVersion: 1.17.0, buildIdentifier: #38, hostName: ZIL1280, localIdentifier: 18_Dec_1814_ZIL1280_HpYf}, chromeOptions: {args: [--no-sandbox, --window-size=1920x1080, --start-maximized, --disable-dev-shm-usage, --disable-popup-blocking, --remote-allow-origins=*, user-agent=test-automation-..., --ignore-certificate-errors]}, chromedriverPort: 8085, chromedriverPorts: [[18155, 18165]], deviceName: Android, disableSuppressAccessibilityService: true, goog:chromeOptions: {args: [--no-sandbox, --window-size=1920x1080, --start-maximized, --disable-dev-shm-usage, --disable-popup-blocking, --remote-allow-origins=*, user-agent=test-automation-..., --ignore-certificate-errors]}, nativeWebScreenshot: true, newCommandTimeout: 0, platformName: Android, skipServerInstallation: true, systemPort: 8205, udid: a68008dd}, deviceApiLevel: 30, deviceManufacturer: OnePlus, deviceModel: LE2113, deviceName: a68008dd, deviceScreenDensity: 450, deviceScreenSize: 1080x2400, deviceUDID: a68008dd, disableSuppressAccessibilityService: true, goog:chromeOptions: {args: [--no-sandbox, --window-size=1920x1080, --start-maximized, --disable-dev-shm-usage, --disable-popup-blocking, --remote-allow-origins=*, user-agent=test-automation-..., --ignore-certificate-errors]}, javascriptEnabled: true, locationContextEnabled: false, nativeWebScreenshot: true, networkConnectionEnabled: true, newCommandTimeout: 0, optimalHubUrl: hub-euw.browserstack.com, pixelRatio: 2.8125, platform: LINUX, platformName: ANDROID, platformVersion: 11, skipServerInstallation: true, statBarHeight: 104, systemPort: 8205, takesScreenshot: true, udid: a68008dd, viewportRect: {height: 2058, left: 0, top: 104, width: 1080}, warnings: {}, webStorageEnabled: false}&#10;Session ID: a29dd1f03c8c751d9fa76878e8616b899b1a6045"/>
    <system-err><![CDATA[Dec 18, 2023 6:19:27 PM com.perficient.testCases.Desktop.purdy.Verify_Login_Page_with_valid_credentials afterMethod
INFO: redirectToLoginPage : pass
]]></system-err>
  </testcase>
</testsuite>